--------------------------------------------------------------------------------
JobId          : 465dee9c-1e5a-11f1-97bd-bcfce71846e6
Name           : pharm_hypo_bedroc_screens
Program        : phase_screen
ClientVersion  : 2026-1 build 136
Host           : panacea
Dir            : /home/nbhatta1/.schrodinger/tmp/nbhatta1/jobs/3856b81d-1e5a-11f1-b817-bcfce71846e6
HostEntry      : localhost
JobHost        : panacea
JobDir         : /home/nbhatta1/.schrodinger/tmp/nbhatta1/jobs/465dee9c-1e5a-11f1-97bd-bcfce71846e6
JobSchrodinger : /opt/schrodinger/schrodinger2026-1
Commandline    : /opt/schrodinger/schrodinger2026-1/phase_screen pharm_hypo_bedroc_proj.list /home/nbhatta1/.schrodinger/tmp/nbhatta1/jobs/3856b81d-1e5a-11f1-b817-bcfce71846e6/pharm_hypo_bedroc_hypotheses.zip pharm_hypo_bedroc_screens -d 2.0 -aw 1 -vw 1 -volw 1 -nosort -HOST localhost:10 -WAIT
StartTime      : 2026-03-12-17:27:30
Version        : 2026-1 build 136
--------------------------------------------------------------------------------

phase_screen: Thu Mar 12 17:27:30 2026

Screening structures in:
pharm_hypo_actives/actives.phzip
pharm_hypo_decoys/pharma_decoys.phzip
Hypotheses:
hypo_1 (feature types = AHHR)
hypo_2 (feature types = AHHR)
hypo_3 (feature types = AHHR)
hypo_4 (feature types = AHHR)
hypo_5 (feature types = AHHR)
hypo_6 (feature types = AHHR)
hypo_7 (feature types = AHHR)
hypo_8 (feature types = AHHR)
hypo_9 (feature types = HHHR)
hypo_10 (feature types = HHHR)
Job name: pharm_hypo_bedroc_screens
Options:
-d 2.0
-nosort
-aw 1.0
-vw 1.0
-volw 1.0

Running subjobs on hosts:
  localhost (Max: 10)
Number of jobs:       10
Max retries per job:  3
Max allowed failures: unlimited
Verbosity:            normal

Starting JobDJ...

Keep one job on driver host: False
JobDJ columns:
  C: Number of completed subjobs
  A: Number of active subjobs (e.g., submitted, running)
  W: Number of waiting/pending subjobs

 C  A  W | Activity  JobId  JobName  JobHost
-- -- -- | --------- -----------------------
 0  1  9 | launched  46f15585-1e5a-11f1-ad08-bcfce71846e6 pharm_hypo_bedroc_screens_sub_1 localhost [panacea]
 0  2  8 | launched  46f12fc7-1e5a-11f1-856c-bcfce71846e6 pharm_hypo_bedroc_screens_sub_2 localhost [panacea]
 0  3  7 | launched  46f15085-1e5a-11f1-be0b-bcfce71846e6 pharm_hypo_bedroc_screens_sub_3 localhost [panacea]
 0  4  6 | launched  46f12c3f-1e5a-11f1-94f6-bcfce71846e6 pharm_hypo_bedroc_screens_sub_4 localhost [panacea]
 0  5  5 | launched  46f164d4-1e5a-11f1-b0e2-bcfce71846e6 pharm_hypo_bedroc_screens_sub_5 localhost [panacea]
 0  6  4 | launched  46f12e52-1e5a-11f1-8add-bcfce71846e6 pharm_hypo_bedroc_screens_sub_6 localhost [panacea]
 0  7  3 | launched  46f153c5-1e5a-11f1-a56a-bcfce71846e6 pharm_hypo_bedroc_screens_sub_7 localhost [panacea]
 0  8  2 | launched  46f15ab7-1e5a-11f1-b089-bcfce71846e6 pharm_hypo_bedroc_screens_sub_8 localhost [panacea]
 0  9  1 | launched  475becfd-1e5a-11f1-9f58-bcfce71846e6 pharm_hypo_bedroc_screens_sub_9 localhost [panacea]
 0 10  0 | launched  4757afdb-1e5a-11f1-966a-bcfce71846e6 pharm_hypo_bedroc_screens_sub_10 localhost [panacea]
 1  9  0 | finished  46f15585-1e5a-11f1-ad08-bcfce71846e6 pharm_hypo_bedroc_screens_sub_1 localhost [panacea]
 2  8  0 | finished  46f12fc7-1e5a-11f1-856c-bcfce71846e6 pharm_hypo_bedroc_screens_sub_2 localhost [panacea]
 3  7  0 | finished  46f15085-1e5a-11f1-be0b-bcfce71846e6 pharm_hypo_bedroc_screens_sub_3 localhost [panacea]
 4  6  0 | finished  46f12c3f-1e5a-11f1-94f6-bcfce71846e6 pharm_hypo_bedroc_screens_sub_4 localhost [panacea]
 5  5  0 | finished  46f164d4-1e5a-11f1-b0e2-bcfce71846e6 pharm_hypo_bedroc_screens_sub_5 localhost [panacea]
 6  4  0 | finished  46f12e52-1e5a-11f1-8add-bcfce71846e6 pharm_hypo_bedroc_screens_sub_6 localhost [panacea]
 7  3  0 | finished  46f153c5-1e5a-11f1-a56a-bcfce71846e6 pharm_hypo_bedroc_screens_sub_7 localhost [panacea]
 8  2  0 | finished  46f15ab7-1e5a-11f1-b089-bcfce71846e6 pharm_hypo_bedroc_screens_sub_8 localhost [panacea]
 9  1  0 | finished  475becfd-1e5a-11f1-9f58-bcfce71846e6 pharm_hypo_bedroc_screens_sub_9 localhost [panacea]
10  0  0 | finished  4757afdb-1e5a-11f1-966a-bcfce71846e6 pharm_hypo_bedroc_screens_sub_10 localhost [panacea]

All jobs have completed.

10 of 10 job(s) succeeded; 0 job(s) failed.

Combining subjob log files

*** Contents of pharm_hypo_bedroc_screens_sub_1.log ***

--------------------------------------------------------------------------------
JobId          : 46f15585-1e5a-11f1-ad08-bcfce71846e6
Name           : pharm_hypo_bedroc_screens_sub_1
Program        : phase_screen
ClientVersion  : 2026-1 build 136
Host           : panacea
Dir            : /home/nbhatta1/.schrodinger/tmp/nbhatta1/jobs/465dee9c-1e5a-11f1-97bd-bcfce71846e6
HostEntry      : localhost
JobHost        : panacea
JobDir         : /home/nbhatta1/.schrodinger/tmp/nbhatta1/jobs/46f15585-1e5a-11f1-ad08-bcfce71846e6
JobSchrodinger : /opt/schrodinger/schrodinger2026-1
Commandline    : /opt/schrodinger/schrodinger2026-1/phase_screen pharm_hypo_bedroc_proj.list pharm_hypo_bedroc_screens_hypo_files/pharm_hypo_bedroc_screens_sub_1_hypos.zip pharm_hypo_bedroc_screens_sub_1 -subjob -d 2.0 -nosort -aw 1.0 -vw 1.0 -volw 1.0 -HOST localhost
StartTime      : 2026-03-12-17:27:31
Version        : 2026-1 build 136
--------------------------------------------------------------------------------

Screening: pharm_hypo_actives/actives.phzip (project 1 of 2)
Hypothesis: hypo_1 (1 of 1)

Pre-screening 11 database records using 2D/3D index . . .
Number of records matched = 10
Pre-screen CPU time = 0.00 sec

Finding hits to hypo_1 . . .

ID,#Confs,#Matches,#Screened
mol_1,100,163,1
mol_2,100,183,2
mol_3,100,184,3
mol_4,100,182,4
mol_5,100,60,5
mol_6,99,180,6
mol_7,100,160,7
mol_8,100,181,8
mol_9,100,223,9
mol_10,100,188,10

Finished screening current batch of 10 molecules

Cumulative totals for pharm_hypo_bedroc_screens_sub_1:
Number of molecules screened = 10
Number of conformers screened = 999
Number of matches found = 1704
Number of molecules that produced matches = 10
Number of hits processed = 10

CPU time = 0.13 sec

--------------------------------------------------------------------------------

Screening: pharm_hypo_decoys/pharma_decoys.phzip (project 2 of 2)
Hypothesis: hypo_1 (1 of 1)

Pre-screening 1000 database records using 2D/3D index . . .
Number of records matched = 323
Pre-screen CPU time = 0.01 sec

Finding hits to hypo_1 . . .

ID,#Confs,#Matches,#Screened
mol_62,25,1,11
mol_69,1,2,12
mol_82,70,4,16
mol_83,70,3,17
mol_114,36,24,20
mol_127,50,37,22
mol_130,32,10,23
mol_146,18,47,25
mol_147,1,1,26
mol_155,30,29,27
mol_167,48,3,29
mol_186,10,1,30
mol_190,60,453,32
mol_204,40,19,35
mol_206,50,4,36
mol_217,78,78,37
mol_219,68,50,38
mol_231,12,12,42
mol_239,18,8,44
mol_251,10,10,45
mol_257,50,9,46
mol_259,50,79,47
mol_265,6,9,48
mol_268,8,16,49
mol_273,35,26,50
mol_275,15,10,51
mol_279,11,6,52
mol_286,24,56,54
mol_299,12,12,58
mol_301,5,3,59
mol_318,16,32,61
mol_322,3,12,63
mol_324,68,68,64
mol_326,50,15,65
mol_331,12,7,67
mol_334,80,3,69
mol_350,40,26,73
mol_363,11,8,76
mol_366,23,15,78
mol_374,78,93,80
mol_386,80,8,81
mol_392,90,7,84
mol_405,80,2,86
mol_425,70,67,87
mol_427,24,20,88
mol_429,80,80,89
mol_433,50,91,91
mol_438,50,11,93
mol_450,80,86,94
mol_451,75,1,95
mol_454,90,79,96
mol_469,80,5,100
mol_483,60,51,104
mol_486,90,223,106
mol_488,80,91,107
mol_498,70,56,111
mol_499,11,2,112
mol_513,40,4,117
mol_520,70,31,120
mol_521,70,33,121
mol_529,20,10,124
mol_534,24,48,128
mol_538,56,44,129
mol_547,70,21,132
mol_569,100,102,140
mol_573,3,3,142
mol_575,100,7,143
mol_580,70,18,144
mol_581,90,2,145
mol_582,90,208,146
mol_584,58,1,147
mol_585,24,50,148
mol_589,100,196,149
mol_594,98,74,150
mol_596,100,4,151
mol_599,2,2,154
mol_603,4,4,156
mol_610,60,46,158
mol_611,36,29,159
mol_621,70,17,161
mol_625,40,70,162
mol_627,80,67,163
mol_629,100,6,164
mol_631,60,49,166
mol_648,100,1,169
mol_653,80,3,171
mol_674,50,170,178
mol_675,4,16,179
mol_677,70,1,181
mol_684,50,26,183
mol_686,70,120,184
mol_688,88,176,186
mol_691,42,36,189
mol_696,70,19,191
mol_697,1,1,192
mol_702,80,77,193
mol_705,50,200,195
mol_706,56,98,196
mol_707,80,135,197
mol_711,3,1,198
mol_727,50,32,200
mol_733,75,26,202
mol_737,60,276,204
mol_740,90,30,206
mol_741,98,282,207
mol_745,100,2,208
mol_746,100,83,209
mol_747,60,1,210
mol_755,33,63,213
mol_756,90,59,214
mol_760,90,88,216
mol_767,6,6,218
mol_768,100,17,219
mol_774,65,269,221
mol_781,14,8,225
mol_793,60,85,228
mol_794,60,15,229
mol_806,100,29,234
mol_808,70,72,235
mol_813,90,36,237
mol_820,90,9,241
mol_821,80,70,242
mol_828,34,142,244
mol_830,90,39,245
mol_838,88,71,247
mol_839,36,54,248
mol_843,70,36,249
mol_848,80,36,251
mol_852,100,84,253
mol_853,90,26,254
mol_854,100,15,255
mol_855,80,80,256
mol_862,100,24,258
mol_864,100,347,259
mol_867,100,13,261
mol_871,40,74,262
mol_872,80,440,263
mol_874,37,8,264
mol_877,80,1,265
mol_878,80,90,266
mol_879,100,38,267
mol_882,100,305,268
mol_887,80,160,270
mol_890,70,4,272
mol_892,100,5,273
mol_893,80,2,274
mol_894,100,24,275
mol_903,80,106,276
mol_907,90,198,278
mol_912,100,21,282
mol_913,80,70,283
mol_918,100,207,287
mol_926,90,100,290
mol_929,100,121,291
mol_933,90,13,293
mol_934,80,19,294
mol_936,100,1,295
mol_937,100,3,296
mol_939,100,4,297
mol_942,100,70,298
mol_943,87,4,299
mol_945,100,705,300
mol_946,100,7,301
mol_950,100,18,302
mol_954,80,11,304
mol_962,98,98,308
mol_963,100,1,309
mol_965,100,144,311
mol_966,100,14,312
mol_969,60,67,313
mol_970,100,6,314
mol_971,100,2,315
mol_975,100,56,317
mol_976,100,138,318
mol_977,100,1,319
mol_979,90,160,320
mol_981,100,10,321
mol_982,80,62,322
mol_987,100,88,325
mol_989,90,119,326
mol_991,100,97,327
mol_997,100,160,330
mol_998,100,4,331
mol_1000,100,100,333

Finished screening current batch of 323 molecules

Cumulative totals for pharm_hypo_bedroc_screens_sub_1:
Number of molecules screened = 333
Number of conformers screened = 21606
Number of matches found = 12792
Number of molecules that produced matches = 194
Number of hits processed = 194

CPU time = 1.89 sec

--------------------------------------------------------------------------------

Current time: Thu Mar 12 17:27:33 2026
Elapsed time: 0:00:02.04
phase_screen successfully completed.


*** End of pharm_hypo_bedroc_screens_sub_1.log ***

*** Contents of pharm_hypo_bedroc_screens_sub_2.log ***

--------------------------------------------------------------------------------
JobId          : 46f12fc7-1e5a-11f1-856c-bcfce71846e6
Name           : pharm_hypo_bedroc_screens_sub_2
Program        : phase_screen
ClientVersion  : 2026-1 build 136
Host           : panacea
Dir            : /home/nbhatta1/.schrodinger/tmp/nbhatta1/jobs/465dee9c-1e5a-11f1-97bd-bcfce71846e6
HostEntry      : localhost
JobHost        : panacea
JobDir         : /home/nbhatta1/.schrodinger/tmp/nbhatta1/jobs/46f12fc7-1e5a-11f1-856c-bcfce71846e6
JobSchrodinger : /opt/schrodinger/schrodinger2026-1
Commandline    : /opt/schrodinger/schrodinger2026-1/phase_screen pharm_hypo_bedroc_proj.list pharm_hypo_bedroc_screens_hypo_files/pharm_hypo_bedroc_screens_sub_2_hypos.zip pharm_hypo_bedroc_screens_sub_2 -subjob -d 2.0 -nosort -aw 1.0 -vw 1.0 -volw 1.0 -HOST localhost
StartTime      : 2026-03-12-17:27:31
Version        : 2026-1 build 136
--------------------------------------------------------------------------------

Screening: pharm_hypo_actives/actives.phzip (project 1 of 2)
Hypothesis: hypo_2 (1 of 1)

Pre-screening 11 database records using 2D/3D index . . .
Number of records matched = 10
Pre-screen CPU time = 0.00 sec

Finding hits to hypo_2 . . .

ID,#Confs,#Matches,#Screened
mol_1,100,163,1
mol_2,100,183,2
mol_3,100,184,3
mol_4,100,182,4
mol_5,100,62,5
mol_6,99,180,6
mol_7,100,160,7
mol_8,100,181,8
mol_9,100,220,9
mol_10,100,188,10

Finished screening current batch of 10 molecules

Cumulative totals for pharm_hypo_bedroc_screens_sub_2:
Number of molecules screened = 10
Number of conformers screened = 999
Number of matches found = 1703
Number of molecules that produced matches = 10
Number of hits processed = 10

CPU time = 0.14 sec

--------------------------------------------------------------------------------

Screening: pharm_hypo_decoys/pharma_decoys.phzip (project 2 of 2)
Hypothesis: hypo_2 (1 of 1)

Pre-screening 1000 database records using 2D/3D index . . .
Number of records matched = 323
Pre-screen CPU time = 0.01 sec

Finding hits to hypo_2 . . .

ID,#Confs,#Matches,#Screened
mol_62,25,1,11
mol_69,1,2,12
mol_82,70,8,16
mol_83,70,4,17
mol_114,36,24,20
mol_127,50,37,22
mol_130,32,12,23
mol_146,18,48,25
mol_155,30,25,27
mol_167,48,3,29
mol_186,10,1,30
mol_190,60,463,32
mol_204,40,25,35
mol_206,50,4,36
mol_217,78,74,37
mol_219,68,42,38
mol_231,12,27,42
mol_239,18,12,44
mol_251,10,6,45
mol_257,50,6,46
mol_259,50,81,47
mol_265,6,9,48
mol_268,8,20,49
mol_273,35,28,50
mol_275,15,5,51
mol_279,11,6,52
mol_286,24,58,54
mol_301,5,5,59
mol_318,16,32,61
mol_322,3,9,63
mol_324,68,61,64
mol_326,50,17,65
mol_331,12,7,67
mol_334,80,5,69
mol_336,40,1,70
mol_350,40,14,73
mol_363,11,8,76
mol_366,23,23,78
mol_374,78,46,80
mol_386,80,8,81
mol_392,90,5,84
mol_405,80,2,86
mol_425,70,62,87
mol_427,24,20,88
mol_429,80,95,89
mol_433,50,108,91
mol_438,50,10,93
mol_450,80,86,94
mol_451,75,2,95
mol_454,90,94,96
mol_469,80,5,100
mol_483,60,50,104
mol_486,90,237,106
mol_488,80,107,107
mol_498,70,53,111
mol_499,11,2,112
mol_509,50,1,115
mol_513,40,6,117
mol_520,70,36,120
mol_521,70,39,121
mol_529,20,20,124
mol_534,24,36,128
mol_538,56,41,129
mol_547,70,22,132
mol_569,100,105,140
mol_573,3,3,142
mol_575,100,7,143
mol_580,70,21,144
mol_581,90,2,145
mol_582,90,199,146
mol_584,58,3,147
mol_585,24,52,148
mol_589,100,196,149
mol_594,98,55,150
mol_596,100,3,151
mol_599,2,3,154
mol_603,4,4,156
mol_610,60,40,158
mol_611,36,19,159
mol_621,70,10,161
mol_625,40,72,162
mol_627,80,45,163
mol_629,100,6,164
mol_653,80,3,171
mol_674,50,160,178
mol_675,4,14,179
mol_677,70,1,181
mol_684,50,29,183
mol_686,70,120,184
mol_688,88,165,186
mol_691,42,36,189
mol_696,70,19,191
mol_697,1,1,192
mol_702,80,78,193
mol_705,50,200,195
mol_706,56,98,196
mol_707,80,135,197
mol_711,3,2,198
mol_727,50,32,200
mol_733,75,14,202
mol_737,60,276,204
mol_740,90,30,206
mol_741,98,252,207
mol_746,100,83,209
mol_747,60,1,210
mol_755,33,66,213
mol_756,90,52,214
mol_760,90,104,216
mol_768,100,16,219
mol_772,100,2,220
mol_774,65,263,221
mol_781,14,14,225
mol_793,60,91,228
mol_794,60,13,229
mol_806,100,25,234
mol_808,70,55,235
mol_813,90,31,237
mol_820,90,26,241
mol_821,80,88,242
mol_828,34,142,244
mol_830,90,51,245
mol_838,88,76,247
mol_839,36,54,248
mol_843,70,37,249
mol_848,80,36,251
mol_852,100,88,253
mol_853,90,25,254
mol_854,100,15,255
mol_855,80,97,256
mol_862,100,23,258
mol_864,100,355,259
mol_867,100,14,261
mol_871,40,74,262
mol_872,80,504,263
mol_874,37,8,264
mol_877,80,5,265
mol_878,80,102,266
mol_879,100,38,267
mol_882,100,279,268
mol_887,80,160,270
mol_890,70,3,272
mol_892,100,5,273
mol_893,80,2,274
mol_894,100,27,275
mol_903,80,106,276
mol_907,90,187,278
mol_912,100,9,282
mol_913,80,72,283
mol_918,100,201,287
mol_926,90,91,290
mol_929,100,138,291
mol_933,90,13,293
mol_934,80,25,294
mol_937,100,3,296
mol_939,100,4,297
mol_942,100,45,298
mol_943,87,4,299
mol_945,100,719,300
mol_946,100,2,301
mol_950,100,20,302
mol_954,80,7,304
mol_962,98,98,308
mol_963,100,2,309
mol_965,100,127,311
mol_966,100,15,312
mol_969,60,87,313
mol_970,100,7,314
mol_972,40,2,316
mol_975,100,60,317
mol_976,100,99,318
mol_977,100,1,319
mol_979,90,251,320
mol_981,100,7,321
mol_982,80,62,322
mol_987,100,88,325
mol_989,90,197,326
mol_991,100,75,327
mol_997,100,146,330
mol_998,100,1,331
mol_1000,100,100,333

Finished screening current batch of 323 molecules

Cumulative totals for pharm_hypo_bedroc_screens_sub_2:
Number of molecules screened = 333
Number of conformers screened = 21606
Number of matches found = 12840
Number of molecules that produced matches = 190
Number of hits processed = 190

CPU time = 1.95 sec

--------------------------------------------------------------------------------

Current time: Thu Mar 12 17:27:33 2026
Elapsed time: 0:00:02.10
phase_screen successfully completed.


*** End of pharm_hypo_bedroc_screens_sub_2.log ***

*** Contents of pharm_hypo_bedroc_screens_sub_3.log ***

--------------------------------------------------------------------------------
JobId          : 46f15085-1e5a-11f1-be0b-bcfce71846e6
Name           : pharm_hypo_bedroc_screens_sub_3
Program        : phase_screen
ClientVersion  : 2026-1 build 136
Host           : panacea
Dir            : /home/nbhatta1/.schrodinger/tmp/nbhatta1/jobs/465dee9c-1e5a-11f1-97bd-bcfce71846e6
HostEntry      : localhost
JobHost        : panacea
JobDir         : /home/nbhatta1/.schrodinger/tmp/nbhatta1/jobs/46f15085-1e5a-11f1-be0b-bcfce71846e6
JobSchrodinger : /opt/schrodinger/schrodinger2026-1
Commandline    : /opt/schrodinger/schrodinger2026-1/phase_screen pharm_hypo_bedroc_proj.list pharm_hypo_bedroc_screens_hypo_files/pharm_hypo_bedroc_screens_sub_3_hypos.zip pharm_hypo_bedroc_screens_sub_3 -subjob -d 2.0 -nosort -aw 1.0 -vw 1.0 -volw 1.0 -HOST localhost
StartTime      : 2026-03-12-17:27:31
Version        : 2026-1 build 136
--------------------------------------------------------------------------------

Screening: pharm_hypo_actives/actives.phzip (project 1 of 2)
Hypothesis: hypo_3 (1 of 1)

Pre-screening 11 database records using 2D/3D index . . .
Number of records matched = 10
Pre-screen CPU time = 0.00 sec

Finding hits to hypo_3 . . .

ID,#Confs,#Matches,#Screened
mol_1,100,141,1
mol_2,100,163,2
mol_3,100,160,3
mol_4,100,187,4
mol_5,100,44,5
mol_6,99,186,6
mol_7,100,172,7
mol_8,100,187,8
mol_9,100,221,9
mol_10,100,191,10

Finished screening current batch of 10 molecules

Cumulative totals for pharm_hypo_bedroc_screens_sub_3:
Number of molecules screened = 10
Number of conformers screened = 999
Number of matches found = 1652
Number of molecules that produced matches = 10
Number of hits processed = 10

CPU time = 0.13 sec

--------------------------------------------------------------------------------

Screening: pharm_hypo_decoys/pharma_decoys.phzip (project 2 of 2)
Hypothesis: hypo_3 (1 of 1)

Pre-screening 1000 database records using 2D/3D index . . .
Number of records matched = 331
Pre-screen CPU time = 0.01 sec

Finding hits to hypo_3 . . .

ID,#Confs,#Matches,#Screened
mol_62,25,1,11
mol_69,1,2,12
mol_82,70,6,16
mol_83,70,5,17
mol_85,70,16,18
mol_114,36,24,20
mol_127,50,44,22
mol_130,32,11,23
mol_146,18,39,25
mol_147,1,1,26
mol_155,30,30,27
mol_167,48,8,29
mol_186,10,3,30
mol_190,60,467,32
mol_204,40,59,35
mol_206,50,4,36
mol_217,78,72,37
mol_219,68,45,38
mol_231,12,15,42
mol_239,18,15,44
mol_251,10,10,46
mol_257,50,6,48
mol_259,50,82,49
mol_265,6,6,50
mol_268,8,20,51
mol_273,35,28,52
mol_275,15,10,54
mol_279,11,8,55
mol_286,24,72,57
mol_299,12,6,61
mol_301,5,3,62
mol_322,3,9,66
mol_324,68,54,67
mol_326,50,16,68
mol_331,12,10,70
mol_334,80,6,72
mol_336,40,2,73
mol_350,40,26,76
mol_363,11,8,79
mol_366,23,33,81
mol_374,78,44,83
mol_386,80,9,84
mol_392,90,5,87
mol_405,80,2,91
mol_425,70,75,92
mol_427,24,24,93
mol_429,80,89,94
mol_433,50,117,96
mol_438,50,11,98
mol_450,80,86,99
mol_451,75,2,100
mol_454,90,121,101
mol_469,80,5,105
mol_473,30,15,108
mol_483,60,53,109
mol_486,90,222,111
mol_488,80,123,112
mol_498,70,56,116
mol_499,11,2,117
mol_500,54,28,118
mol_509,50,1,120
mol_513,40,7,122
mol_520,70,35,126
mol_521,70,35,127
mol_529,20,30,130
mol_538,56,38,135
mol_543,80,2,136
mol_547,70,31,138
mol_569,100,78,146
mol_573,3,3,148
mol_575,100,11,149
mol_580,70,25,150
mol_581,90,2,151
mol_582,90,176,152
mol_584,58,6,153
mol_585,24,40,154
mol_589,100,203,155
mol_594,98,55,156
mol_596,100,4,157
mol_599,2,3,160
mol_603,4,6,162
mol_610,60,54,164
mol_611,36,24,165
mol_621,70,10,167
mol_625,40,82,168
mol_627,80,52,169
mol_629,100,7,170
mol_631,60,73,172
mol_653,80,3,177
mol_674,50,114,185
mol_675,4,14,186
mol_676,24,2,187
mol_677,70,1,188
mol_684,50,29,190
mol_686,70,120,191
mol_688,88,164,193
mol_691,42,40,196
mol_696,70,26,198
mol_697,1,1,199
mol_702,80,78,200
mol_705,50,224,202
mol_706,56,98,203
mol_707,80,135,204
mol_711,3,4,205
mol_725,90,2,207
mol_727,50,40,208
mol_733,75,19,210
mol_737,60,246,212
mol_740,90,32,214
mol_741,98,243,215
mol_745,100,4,216
mol_746,100,83,217
mol_747,60,1,218
mol_755,33,66,221
mol_756,90,59,222
mol_760,90,96,224
mol_768,100,23,227
mol_772,100,2,228
mol_774,65,240,229
mol_781,14,6,233
mol_793,60,80,236
mol_794,60,12,237
mol_806,100,28,242
mol_808,70,122,243
mol_813,90,61,245
mol_820,90,10,249
mol_821,80,111,250
mol_828,34,142,252
mol_830,90,95,253
mol_838,88,79,255
mol_839,36,54,256
mol_843,70,37,257
mol_848,80,36,259
mol_852,100,97,261
mol_853,90,27,262
mol_854,100,16,263
mol_855,80,107,264
mol_862,100,27,266
mol_864,100,346,267
mol_867,100,16,269
mol_871,40,100,270
mol_872,80,460,271
mol_874,37,8,272
mol_877,80,4,273
mol_878,80,98,274
mol_879,100,38,275
mol_882,100,257,276
mol_887,80,160,278
mol_890,70,3,280
mol_892,100,5,281
mol_893,80,5,282
mol_894,100,25,283
mol_903,80,106,284
mol_907,90,191,286
mol_912,100,30,290
mol_913,80,78,291
mol_918,100,205,295
mol_926,90,124,298
mol_929,100,200,299
mol_933,90,30,301
mol_934,80,43,302
mol_936,100,2,303
mol_937,100,3,304
mol_939,100,4,305
mol_942,100,66,306
mol_943,87,4,307
mol_945,100,678,308
mol_946,100,4,309
mol_950,100,21,310
mol_954,80,8,312
mol_962,98,98,316
mol_963,100,2,317
mol_965,100,171,319
mol_966,100,18,320
mol_969,60,104,321
mol_970,100,8,322
mol_971,100,5,323
mol_972,40,4,324
mol_975,100,59,325
mol_976,100,154,326
mol_977,100,2,327
mol_979,90,276,328
mol_981,100,31,329
mol_982,80,77,330
mol_983,70,1,331
mol_987,100,93,333
mol_989,90,209,334
mol_991,100,99,335
mol_997,100,187,338
mol_998,100,2,339
mol_1000,100,200,341

Finished screening current batch of 331 molecules

Cumulative totals for pharm_hypo_bedroc_screens_sub_3:
Number of molecules screened = 341
Number of conformers screened = 21991
Number of matches found = 13594
Number of molecules that produced matches = 201
Number of hits processed = 201

CPU time = 1.96 sec

--------------------------------------------------------------------------------

Current time: Thu Mar 12 17:27:33 2026
Elapsed time: 0:00:02.10
phase_screen successfully completed.


*** End of pharm_hypo_bedroc_screens_sub_3.log ***

*** Contents of pharm_hypo_bedroc_screens_sub_4.log ***

--------------------------------------------------------------------------------
JobId          : 46f12c3f-1e5a-11f1-94f6-bcfce71846e6
Name           : pharm_hypo_bedroc_screens_sub_4
Program        : phase_screen
ClientVersion  : 2026-1 build 136
Host           : panacea
Dir            : /home/nbhatta1/.schrodinger/tmp/nbhatta1/jobs/465dee9c-1e5a-11f1-97bd-bcfce71846e6
HostEntry      : localhost
JobHost        : panacea
JobDir         : /home/nbhatta1/.schrodinger/tmp/nbhatta1/jobs/46f12c3f-1e5a-11f1-94f6-bcfce71846e6
JobSchrodinger : /opt/schrodinger/schrodinger2026-1
Commandline    : /opt/schrodinger/schrodinger2026-1/phase_screen pharm_hypo_bedroc_proj.list pharm_hypo_bedroc_screens_hypo_files/pharm_hypo_bedroc_screens_sub_4_hypos.zip pharm_hypo_bedroc_screens_sub_4 -subjob -d 2.0 -nosort -aw 1.0 -vw 1.0 -volw 1.0 -HOST localhost
StartTime      : 2026-03-12-17:27:31
Version        : 2026-1 build 136
--------------------------------------------------------------------------------

Screening: pharm_hypo_actives/actives.phzip (project 1 of 2)
Hypothesis: hypo_4 (1 of 1)

Pre-screening 11 database records using 2D/3D index . . .
Number of records matched = 10
Pre-screen CPU time = 0.00 sec

Finding hits to hypo_4 . . .

ID,#Confs,#Matches,#Screened
mol_1,100,177,1
mol_2,100,192,2
mol_3,100,192,3
mol_4,100,182,4
mol_5,100,75,5
mol_6,99,180,6
mol_7,100,160,7
mol_8,100,181,8
mol_9,100,222,9
mol_10,100,188,10

Finished screening current batch of 10 molecules

Cumulative totals for pharm_hypo_bedroc_screens_sub_4:
Number of molecules screened = 10
Number of conformers screened = 999
Number of matches found = 1749
Number of molecules that produced matches = 10
Number of hits processed = 10

CPU time = 0.15 sec

--------------------------------------------------------------------------------

Screening: pharm_hypo_decoys/pharma_decoys.phzip (project 2 of 2)
Hypothesis: hypo_4 (1 of 1)

Pre-screening 1000 database records using 2D/3D index . . .
Number of records matched = 320
Pre-screen CPU time = 0.01 sec

Finding hits to hypo_4 . . .

ID,#Confs,#Matches,#Screened
mol_62,25,1,11
mol_69,1,1,12
mol_82,70,6,16
mol_83,70,4,17
mol_114,36,24,20
mol_127,50,39,22
mol_130,32,12,23
mol_146,18,50,25
mol_155,30,26,27
mol_167,48,2,28
mol_186,10,1,29
mol_190,60,463,31
mol_204,40,28,34
mol_206,50,2,35
mol_217,78,70,36
mol_219,68,45,37
mol_231,12,24,41
mol_239,18,12,43
mol_251,10,6,44
mol_257,50,7,45
mol_259,50,78,46
mol_265,6,6,47
mol_268,8,16,48
mol_273,35,29,49
mol_275,15,5,50
mol_279,11,6,51
mol_286,24,52,53
mol_299,12,12,57
mol_301,5,3,58
mol_318,16,16,60
mol_322,3,9,62
mol_324,68,63,63
mol_326,50,15,64
mol_331,12,4,66
mol_334,80,3,68
mol_336,40,1,69
mol_350,40,14,72
mol_363,11,5,75
mol_366,23,16,77
mol_374,78,67,79
mol_386,80,6,80
mol_392,90,13,83
mol_405,80,2,85
mol_425,70,46,86
mol_427,24,20,87
mol_429,80,93,88
mol_433,50,59,90
mol_438,50,9,92
mol_450,80,86,93
mol_451,75,1,94
mol_454,90,79,95
mol_469,80,5,99
mol_483,60,49,102
mol_486,90,234,104
mol_488,80,103,105
mol_498,70,54,109
mol_499,11,2,110
mol_513,40,3,115
mol_520,70,37,118
mol_521,70,35,119
mol_529,20,10,122
mol_534,24,24,126
mol_538,56,46,127
mol_547,70,19,130
mol_569,100,75,138
mol_573,3,3,140
mol_575,100,1,141
mol_580,70,16,142
mol_581,90,2,143
mol_582,90,199,144
mol_584,58,1,145
mol_585,24,46,146
mol_589,100,196,147
mol_594,98,70,148
mol_596,100,2,149
mol_599,2,4,152
mol_603,4,4,154
mol_610,60,34,156
mol_611,36,19,157
mol_625,40,54,160
mol_627,80,38,161
mol_629,100,5,162
mol_648,100,1,167
mol_653,80,3,169
mol_674,50,160,176
mol_675,4,16,177
mol_684,50,26,181
mol_686,70,118,182
mol_688,88,170,184
mol_691,42,24,187
mol_696,70,8,189
mol_697,1,1,190
mol_702,80,77,191
mol_705,50,200,192
mol_706,56,96,193
mol_707,80,131,194
mol_711,3,1,195
mol_727,50,32,197
mol_733,75,19,199
mol_737,60,276,201
mol_740,90,28,203
mol_741,98,253,204
mol_745,100,1,205
mol_746,100,53,206
mol_747,60,1,207
mol_755,33,66,210
mol_756,90,46,211
mol_760,90,99,213
mol_767,6,6,215
mol_768,100,16,216
mol_774,65,260,218
mol_781,14,10,222
mol_793,60,53,225
mol_794,60,13,226
mol_806,100,26,231
mol_808,70,84,232
mol_813,90,34,234
mol_820,90,31,238
mol_821,80,57,239
mol_828,34,143,241
mol_830,90,46,242
mol_838,88,51,244
mol_839,36,54,245
mol_843,70,36,246
mol_848,80,21,248
mol_852,100,74,250
mol_853,90,24,251
mol_854,100,13,252
mol_855,80,39,253
mol_862,100,24,255
mol_864,100,354,256
mol_867,100,18,258
mol_871,40,74,259
mol_872,80,360,260
mol_877,80,1,262
mol_878,80,99,263
mol_879,100,19,264
mol_882,100,284,265
mol_887,80,160,267
mol_890,70,3,269
mol_892,100,5,270
mol_893,80,1,271
mol_894,100,22,272
mol_903,80,158,273
mol_907,90,174,275
mol_912,100,11,279
mol_913,80,65,280
mol_918,100,197,284
mol_926,90,85,287
mol_929,100,112,288
mol_933,90,13,290
mol_934,80,19,291
mol_936,100,1,292
mol_939,100,2,294
mol_942,100,22,295
mol_943,87,4,296
mol_945,100,642,297
mol_946,100,2,298
mol_950,100,6,299
mol_954,80,10,301
mol_963,100,1,306
mol_965,100,120,308
mol_966,100,11,309
mol_969,60,40,310
mol_970,100,4,311
mol_971,100,2,312
mol_972,40,2,313
mol_975,100,60,314
mol_976,100,93,315
mol_977,100,1,316
mol_979,90,70,317
mol_982,80,38,319
mol_983,70,1,320
mol_987,100,88,322
mol_989,90,5,323
mol_991,100,56,324
mol_997,100,132,327
mol_998,100,4,328
mol_1000,100,100,330

Finished screening current batch of 320 molecules

Cumulative totals for pharm_hypo_bedroc_screens_sub_4:
Number of molecules screened = 330
Number of conformers screened = 21455
Number of matches found = 11568
Number of molecules that produced matches = 189
Number of hits processed = 189

CPU time = 1.80 sec

--------------------------------------------------------------------------------

Current time: Thu Mar 12 17:27:33 2026
Elapsed time: 0:00:01.96
phase_screen successfully completed.


*** End of pharm_hypo_bedroc_screens_sub_4.log ***

*** Contents of pharm_hypo_bedroc_screens_sub_5.log ***

--------------------------------------------------------------------------------
JobId          : 46f164d4-1e5a-11f1-b0e2-bcfce71846e6
Name           : pharm_hypo_bedroc_screens_sub_5
Program        : phase_screen
ClientVersion  : 2026-1 build 136
Host           : panacea
Dir            : /home/nbhatta1/.schrodinger/tmp/nbhatta1/jobs/465dee9c-1e5a-11f1-97bd-bcfce71846e6
HostEntry      : localhost
JobHost        : panacea
JobDir         : /home/nbhatta1/.schrodinger/tmp/nbhatta1/jobs/46f164d4-1e5a-11f1-b0e2-bcfce71846e6
JobSchrodinger : /opt/schrodinger/schrodinger2026-1
Commandline    : /opt/schrodinger/schrodinger2026-1/phase_screen pharm_hypo_bedroc_proj.list pharm_hypo_bedroc_screens_hypo_files/pharm_hypo_bedroc_screens_sub_5_hypos.zip pharm_hypo_bedroc_screens_sub_5 -subjob -d 2.0 -nosort -aw 1.0 -vw 1.0 -volw 1.0 -HOST localhost
StartTime      : 2026-03-12-17:27:31
Version        : 2026-1 build 136
--------------------------------------------------------------------------------

Screening: pharm_hypo_actives/actives.phzip (project 1 of 2)
Hypothesis: hypo_5 (1 of 1)

Pre-screening 11 database records using 2D/3D index . . .
Number of records matched = 10
Pre-screen CPU time = 0.00 sec

Finding hits to hypo_5 . . .

ID,#Confs,#Matches,#Screened
mol_1,100,200,1
mol_2,100,200,2
mol_3,100,200,3
mol_4,100,163,4
mol_5,100,86,5
mol_6,99,172,6
mol_7,100,140,7
mol_8,100,161,8
mol_9,100,216,9
mol_10,100,180,10

Finished screening current batch of 10 molecules

Cumulative totals for pharm_hypo_bedroc_screens_sub_5:
Number of molecules screened = 10
Number of conformers screened = 999
Number of matches found = 1718
Number of molecules that produced matches = 10
Number of hits processed = 10

CPU time = 0.14 sec

--------------------------------------------------------------------------------

Screening: pharm_hypo_decoys/pharma_decoys.phzip (project 2 of 2)
Hypothesis: hypo_5 (1 of 1)

Pre-screening 1000 database records using 2D/3D index . . .
Number of records matched = 317
Pre-screen CPU time = 0.01 sec

Finding hits to hypo_5 . . .

ID,#Confs,#Matches,#Screened
mol_114,36,20,19
mol_127,50,30,21
mol_130,32,5,22
mol_146,18,36,24
mol_147,1,1,25
mol_155,30,21,26
mol_167,48,2,27
mol_190,60,433,30
mol_204,40,7,33
mol_206,50,1,34
mol_217,78,70,35
mol_219,68,48,36
mol_231,12,12,40
mol_239,18,4,42
mol_251,10,5,43
mol_257,50,7,44
mol_259,50,41,45
mol_265,6,3,46
mol_268,8,12,47
mol_273,35,27,48
mol_275,15,5,49
mol_279,11,4,50
mol_286,24,40,52
mol_299,12,6,56
mol_301,5,3,57
mol_318,16,32,59
mol_322,3,15,61
mol_324,68,68,62
mol_326,50,13,63
mol_331,12,4,65
mol_334,80,1,67
mol_350,40,14,71
mol_366,23,12,75
mol_374,78,54,77
mol_386,80,3,78
mol_405,80,2,83
mol_425,70,55,84
mol_427,24,8,85
mol_429,80,86,86
mol_433,50,81,88
mol_438,50,9,90
mol_450,80,43,91
mol_454,90,10,93
mol_469,80,4,97
mol_483,60,43,100
mol_486,90,229,102
mol_488,80,10,103
mol_498,70,47,107
mol_499,11,1,108
mol_513,40,2,112
mol_520,70,14,115
mol_521,70,13,116
mol_529,20,10,119
mol_534,24,36,123
mol_538,56,41,124
mol_547,70,17,127
mol_569,100,95,135
mol_573,3,3,137
mol_575,100,1,138
mol_580,70,3,139
mol_581,90,2,140
mol_582,90,213,141
mol_584,58,2,142
mol_585,24,20,143
mol_589,100,195,144
mol_594,98,81,145
mol_596,100,2,146
mol_599,2,2,149
mol_603,4,4,151
mol_610,60,30,153
mol_611,36,11,154
mol_625,40,54,157
mol_627,80,52,158
mol_629,100,4,159
mol_648,100,1,163
mol_653,80,3,165
mol_674,50,167,172
mol_675,4,12,173
mol_684,50,14,177
mol_686,70,118,178
mol_688,88,176,180
mol_691,42,24,183
mol_696,70,8,185
mol_705,50,150,189
mol_706,56,96,190
mol_707,80,131,191
mol_711,3,1,192
mol_727,50,19,194
mol_733,75,16,196
mol_737,60,276,198
mol_740,90,25,200
mol_741,98,284,201
mol_746,100,66,203
mol_755,33,36,207
mol_756,90,46,208
mol_760,90,88,210
mol_767,6,6,212
mol_768,100,15,213
mol_774,65,269,215
mol_781,14,8,219
mol_793,60,54,222
mol_794,60,11,223
mol_806,100,23,228
mol_808,70,9,229
mol_813,90,8,231
mol_820,90,26,235
mol_821,80,21,236
mol_828,34,102,238
mol_830,90,37,239
mol_838,88,17,241
mol_839,36,54,242
mol_843,70,20,243
mol_848,80,36,245
mol_852,100,72,247
mol_853,90,3,248
mol_854,100,10,249
mol_855,80,20,250
mol_862,100,21,252
mol_864,100,335,253
mol_867,100,18,255
mol_871,40,74,256
mol_872,80,328,257
mol_877,80,1,259
mol_878,80,86,260
mol_879,100,19,261
mol_882,100,311,262
mol_887,80,160,264
mol_890,70,6,266
mol_893,80,3,268
mol_894,100,22,269
mol_903,80,158,270
mol_907,90,150,272
mol_912,100,16,276
mol_913,80,60,277
mol_918,100,197,281
mol_926,90,86,284
mol_929,100,40,285
mol_933,90,13,287
mol_934,80,3,288
mol_942,100,22,292
mol_943,87,4,293
mol_945,100,541,294
mol_950,100,9,296
mol_954,80,1,298
mol_962,98,98,302
mol_963,100,1,303
mol_965,100,94,305
mol_966,100,8,306
mol_969,60,28,307
mol_970,100,2,308
mol_975,100,55,311
mol_976,100,101,312
mol_977,100,1,313
mol_979,90,8,314
mol_981,100,10,315
mol_982,80,37,316
mol_987,100,60,319
mol_989,90,2,320
mol_991,100,67,321
mol_997,100,132,324
mol_998,100,2,325
mol_1000,100,100,327

Finished screening current batch of 317 molecules

Cumulative totals for pharm_hypo_bedroc_screens_sub_5:
Number of molecules screened = 327
Number of conformers screened = 21499
Number of matches found = 10380
Number of molecules that produced matches = 172
Number of hits processed = 172

CPU time = 1.76 sec

--------------------------------------------------------------------------------

Current time: Thu Mar 12 17:27:33 2026
Elapsed time: 0:00:01.91
phase_screen successfully completed.


*** End of pharm_hypo_bedroc_screens_sub_5.log ***

*** Contents of pharm_hypo_bedroc_screens_sub_6.log ***

--------------------------------------------------------------------------------
JobId          : 46f12e52-1e5a-11f1-8add-bcfce71846e6
Name           : pharm_hypo_bedroc_screens_sub_6
Program        : phase_screen
ClientVersion  : 2026-1 build 136
Host           : panacea
Dir            : /home/nbhatta1/.schrodinger/tmp/nbhatta1/jobs/465dee9c-1e5a-11f1-97bd-bcfce71846e6
HostEntry      : localhost
JobHost        : panacea
JobDir         : /home/nbhatta1/.schrodinger/tmp/nbhatta1/jobs/46f12e52-1e5a-11f1-8add-bcfce71846e6
JobSchrodinger : /opt/schrodinger/schrodinger2026-1
Commandline    : /opt/schrodinger/schrodinger2026-1/phase_screen pharm_hypo_bedroc_proj.list pharm_hypo_bedroc_screens_hypo_files/pharm_hypo_bedroc_screens_sub_6_hypos.zip pharm_hypo_bedroc_screens_sub_6 -subjob -d 2.0 -nosort -aw 1.0 -vw 1.0 -volw 1.0 -HOST localhost
StartTime      : 2026-03-12-17:27:31
Version        : 2026-1 build 136
--------------------------------------------------------------------------------

Screening: pharm_hypo_actives/actives.phzip (project 1 of 2)
Hypothesis: hypo_6 (1 of 1)

Pre-screening 11 database records using 2D/3D index . . .
Number of records matched = 10
Pre-screen CPU time = 0.00 sec

Finding hits to hypo_6 . . .

ID,#Confs,#Matches,#Screened
mol_1,100,135,1
mol_2,100,154,2
mol_3,100,149,3
mol_4,100,187,4
mol_5,100,42,5
mol_6,99,186,6
mol_7,100,172,7
mol_8,100,187,8
mol_9,100,223,9
mol_10,100,191,10

Finished screening current batch of 10 molecules

Cumulative totals for pharm_hypo_bedroc_screens_sub_6:
Number of molecules screened = 10
Number of conformers screened = 999
Number of matches found = 1626
Number of molecules that produced matches = 10
Number of hits processed = 10

CPU time = 0.13 sec

--------------------------------------------------------------------------------

Screening: pharm_hypo_decoys/pharma_decoys.phzip (project 2 of 2)
Hypothesis: hypo_6 (1 of 1)

Pre-screening 1000 database records using 2D/3D index . . .
Number of records matched = 332
Pre-screen CPU time = 0.01 sec

Finding hits to hypo_6 . . .

ID,#Confs,#Matches,#Screened
mol_62,25,1,11
mol_69,1,2,12
mol_82,70,8,16
mol_83,70,4,17
mol_85,70,16,18
mol_114,36,24,21
mol_127,50,45,23
mol_130,32,11,24
mol_146,18,108,26
mol_147,1,1,27
mol_155,30,29,28
mol_167,48,6,30
mol_186,10,3,31
mol_190,60,459,33
mol_203,100,1,35
mol_204,40,64,36
mol_206,50,4,37
mol_217,78,72,38
mol_219,68,54,39
mol_231,12,15,43
mol_239,18,15,45
mol_251,10,10,47
mol_257,50,8,49
mol_259,50,84,50
mol_265,6,3,51
mol_268,8,20,52
mol_273,35,28,53
mol_275,15,10,55
mol_279,11,8,56
mol_286,24,70,58
mol_299,12,12,62
mol_301,5,3,63
mol_322,3,9,67
mol_324,68,58,68
mol_326,50,16,69
mol_331,12,10,71
mol_334,80,6,73
mol_336,40,2,74
mol_350,40,26,77
mol_363,11,8,80
mol_366,23,31,82
mol_374,78,66,84
mol_386,80,7,85
mol_392,90,6,88
mol_393,7,1,89
mol_405,80,2,92
mol_425,70,75,93
mol_427,24,24,94
mol_429,80,84,95
mol_433,50,102,97
mol_438,50,11,99
mol_450,80,86,100
mol_451,75,1,101
mol_454,90,115,102
mol_469,80,5,106
mol_473,30,21,109
mol_483,60,63,110
mol_486,90,222,112
mol_488,80,117,113
mol_498,70,56,117
mol_499,11,2,118
mol_500,54,28,119
mol_509,50,3,121
mol_513,40,6,123
mol_520,70,33,127
mol_521,70,36,128
mol_529,20,20,131
mol_534,24,6,135
mol_538,56,48,136
mol_543,80,2,137
mol_547,70,34,139
mol_569,100,69,147
mol_573,3,3,149
mol_575,100,11,150
mol_580,70,16,151
mol_581,90,2,152
mol_582,90,172,153
mol_584,58,7,154
mol_585,24,44,155
mol_589,100,203,156
mol_594,98,69,157
mol_596,100,3,158
mol_599,2,6,161
mol_603,4,6,163
mol_610,60,69,165
mol_611,36,27,166
mol_621,70,16,168
mol_625,40,85,169
mol_627,80,37,170
mol_629,100,7,171
mol_631,60,73,173
mol_648,100,1,176
mol_653,80,3,178
mol_674,50,114,186
mol_675,4,16,187
mol_676,24,2,188
mol_677,70,1,189
mol_684,50,26,191
mol_686,70,120,192
mol_688,88,161,194
mol_691,42,40,197
mol_695,71,1,198
mol_696,70,26,199
mol_697,1,2,200
mol_702,80,78,201
mol_705,50,225,203
mol_706,56,98,204
mol_707,80,135,205
mol_711,3,4,206
mol_725,90,9,208
mol_727,50,40,209
mol_733,75,25,211
mol_737,60,252,213
mol_740,90,35,215
mol_741,98,239,216
mol_745,100,4,217
mol_746,100,83,218
mol_747,60,1,219
mol_755,33,63,222
mol_756,90,59,223
mol_760,90,84,225
mol_768,100,23,228
mol_774,65,246,230
mol_781,14,8,234
mol_793,60,80,237
mol_794,60,12,238
mol_806,100,32,243
mol_808,70,118,244
mol_813,90,58,246
mol_820,90,15,250
mol_821,80,111,251
mol_828,34,143,253
mol_830,90,132,254
mol_838,88,74,256
mol_839,36,54,257
mol_843,70,36,258
mol_848,80,21,260
mol_852,100,84,262
mol_853,90,67,263
mol_854,100,15,264
mol_855,80,101,265
mol_862,100,27,267
mol_864,100,345,268
mol_867,100,14,270
mol_871,40,100,271
mol_872,80,444,272
mol_874,37,8,273
mol_877,80,4,274
mol_878,80,103,275
mol_879,100,38,276
mol_882,100,251,277
mol_887,80,160,279
mol_890,70,3,281
mol_892,100,5,282
mol_893,80,5,283
mol_894,100,25,284
mol_903,80,106,285
mol_907,90,197,287
mol_912,100,34,291
mol_913,80,60,292
mol_918,100,205,296
mol_926,90,113,299
mol_929,100,210,300
mol_933,90,21,302
mol_934,80,39,303
mol_936,100,2,304
mol_937,100,3,305
mol_939,100,4,306
mol_942,100,73,307
mol_943,87,4,308
mol_945,100,682,309
mol_946,100,7,310
mol_950,100,23,311
mol_954,80,11,313
mol_962,98,98,317
mol_963,100,1,318
mol_965,100,171,320
mol_966,100,18,321
mol_969,60,104,322
mol_970,100,8,323
mol_971,100,5,324
mol_972,40,4,325
mol_975,100,59,326
mol_976,100,143,327
mol_977,100,2,328
mol_979,90,284,329
mol_981,100,29,330
mol_982,80,75,331
mol_983,70,1,332
mol_987,100,93,334
mol_989,90,209,335
mol_991,100,93,336
mol_997,100,205,339
mol_998,100,6,340
mol_1000,100,200,342

Finished screening current batch of 332 molecules

Cumulative totals for pharm_hypo_bedroc_screens_sub_6:
Number of molecules screened = 342
Number of conformers screened = 21994
Number of matches found = 13708
Number of molecules that produced matches = 205
Number of hits processed = 205

CPU time = 1.96 sec

--------------------------------------------------------------------------------

Current time: Thu Mar 12 17:27:33 2026
Elapsed time: 0:00:02.10
phase_screen successfully completed.


*** End of pharm_hypo_bedroc_screens_sub_6.log ***

*** Contents of pharm_hypo_bedroc_screens_sub_7.log ***

--------------------------------------------------------------------------------
JobId          : 46f153c5-1e5a-11f1-a56a-bcfce71846e6
Name           : pharm_hypo_bedroc_screens_sub_7
Program        : phase_screen
ClientVersion  : 2026-1 build 136
Host           : panacea
Dir            : /home/nbhatta1/.schrodinger/tmp/nbhatta1/jobs/465dee9c-1e5a-11f1-97bd-bcfce71846e6
HostEntry      : localhost
JobHost        : panacea
JobDir         : /home/nbhatta1/.schrodinger/tmp/nbhatta1/jobs/46f153c5-1e5a-11f1-a56a-bcfce71846e6
JobSchrodinger : /opt/schrodinger/schrodinger2026-1
Commandline    : /opt/schrodinger/schrodinger2026-1/phase_screen pharm_hypo_bedroc_proj.list pharm_hypo_bedroc_screens_hypo_files/pharm_hypo_bedroc_screens_sub_7_hypos.zip pharm_hypo_bedroc_screens_sub_7 -subjob -d 2.0 -nosort -aw 1.0 -vw 1.0 -volw 1.0 -HOST localhost
StartTime      : 2026-03-12-17:27:31
Version        : 2026-1 build 136
--------------------------------------------------------------------------------

Screening: pharm_hypo_actives/actives.phzip (project 1 of 2)
Hypothesis: hypo_7 (1 of 1)

Pre-screening 11 database records using 2D/3D index . . .
Number of records matched = 10
Pre-screen CPU time = 0.00 sec

Finding hits to hypo_7 . . .

ID,#Confs,#Matches,#Screened
mol_1,100,200,1
mol_2,100,200,2
mol_3,100,200,3
mol_4,100,174,4
mol_5,100,79,5
mol_6,99,175,6
mol_7,100,150,7
mol_8,100,171,8
mol_9,100,219,9
mol_10,100,185,10

Finished screening current batch of 10 molecules

Cumulative totals for pharm_hypo_bedroc_screens_sub_7:
Number of molecules screened = 10
Number of conformers screened = 999
Number of matches found = 1753
Number of molecules that produced matches = 10
Number of hits processed = 10

CPU time = 0.14 sec

--------------------------------------------------------------------------------

Screening: pharm_hypo_decoys/pharma_decoys.phzip (project 2 of 2)
Hypothesis: hypo_7 (1 of 1)

Pre-screening 1000 database records using 2D/3D index . . .
Number of records matched = 318
Pre-screen CPU time = 0.01 sec

Finding hits to hypo_7 . . .

ID,#Confs,#Matches,#Screened
mol_114,36,24,19
mol_127,50,32,21
mol_130,32,8,22
mol_146,18,42,24
mol_147,1,1,25
mol_155,30,21,26
mol_167,48,2,27
mol_190,60,442,30
mol_204,40,8,33
mol_206,50,2,34
mol_217,78,74,35
mol_219,68,52,36
mol_231,12,9,40
mol_239,18,8,42
mol_251,10,5,43
mol_257,50,6,44
mol_259,50,55,45
mol_265,6,3,46
mol_268,8,12,47
mol_273,35,25,48
mol_275,15,5,49
mol_279,11,6,50
mol_286,24,42,52
mol_301,5,3,57
mol_318,16,32,59
mol_322,3,15,61
mol_324,68,68,62
mol_326,50,14,63
mol_331,12,4,65
mol_350,40,14,71
mol_366,23,13,75
mol_374,78,65,77
mol_386,80,3,78
mol_405,80,2,83
mol_425,70,55,84
mol_427,24,8,85
mol_429,80,87,86
mol_433,50,81,88
mol_438,50,9,90
mol_450,80,43,91
mol_451,75,1,92
mol_454,90,12,93
mol_469,80,4,97
mol_483,60,48,100
mol_486,90,224,102
mol_488,80,20,103
mol_498,70,41,107
mol_499,11,1,108
mol_513,40,2,113
mol_520,70,16,116
mol_521,70,17,117
mol_529,20,10,120
mol_534,24,48,124
mol_538,56,38,125
mol_547,70,16,128
mol_569,100,96,136
mol_573,3,3,138
mol_575,100,1,139
mol_580,70,3,140
mol_581,90,2,141
mol_582,90,214,142
mol_584,58,3,143
mol_585,24,16,144
mol_589,100,196,145
mol_594,98,81,146
mol_596,100,2,147
mol_599,2,2,150
mol_603,4,4,152
mol_610,60,25,154
mol_611,36,11,155
mol_625,40,54,158
mol_627,80,58,159
mol_629,100,6,160
mol_631,60,49,162
mol_648,100,1,164
mol_653,80,3,166
mol_674,50,150,173
mol_675,4,12,174
mol_684,50,14,178
mol_686,70,118,179
mol_688,88,176,181
mol_691,42,24,184
mol_696,70,8,186
mol_697,1,1,187
mol_705,50,150,190
mol_706,56,96,191
mol_707,80,131,192
mol_711,3,2,193
mol_727,50,19,195
mol_733,75,16,197
mol_737,60,276,199
mol_740,90,25,201
mol_741,98,285,202
mol_746,100,66,204
mol_755,33,64,208
mol_756,90,37,209
mol_760,90,87,211
mol_768,100,15,214
mol_774,65,269,216
mol_781,14,8,220
mol_793,60,55,223
mol_794,60,11,224
mol_806,100,23,229
mol_808,70,9,230
mol_813,90,8,232
mol_820,90,27,236
mol_821,80,22,237
mol_828,34,104,239
mol_838,88,21,242
mol_839,36,54,243
mol_843,70,20,244
mol_848,80,36,246
mol_852,100,73,248
mol_853,90,3,249
mol_854,100,12,250
mol_855,80,14,251
mol_862,100,21,253
mol_864,100,345,254
mol_867,100,17,256
mol_871,40,74,257
mol_872,80,328,258
mol_877,80,1,260
mol_878,80,82,261
mol_879,100,19,262
mol_882,100,310,263
mol_887,80,160,265
mol_890,70,5,267
mol_893,80,2,269
mol_894,100,20,270
mol_903,80,158,271
mol_907,90,160,273
mol_912,100,17,277
mol_913,80,63,278
mol_918,100,197,282
mol_926,90,90,285
mol_929,100,67,286
mol_933,90,13,288
mol_934,80,3,289
mol_942,100,22,293
mol_943,87,4,294
mol_945,100,600,295
mol_950,100,1,297
mol_954,80,1,299
mol_962,98,98,303
mol_963,100,2,304
mol_965,100,89,306
mol_966,100,9,307
mol_969,60,28,308
mol_970,100,3,309
mol_975,100,51,312
mol_976,100,104,313
mol_979,90,8,315
mol_981,100,10,316
mol_982,80,40,317
mol_987,100,64,320
mol_989,90,5,321
mol_991,100,70,322
mol_997,100,135,325
mol_998,100,2,326
mol_1000,100,100,328

Finished screening current batch of 318 molecules

Cumulative totals for pharm_hypo_bedroc_screens_sub_7:
Number of molecules screened = 328
Number of conformers screened = 21507
Number of matches found = 10620
Number of molecules that produced matches = 170
Number of hits processed = 170

CPU time = 1.78 sec

--------------------------------------------------------------------------------

Current time: Thu Mar 12 17:27:33 2026
Elapsed time: 0:00:01.93
phase_screen successfully completed.


*** End of pharm_hypo_bedroc_screens_sub_7.log ***

*** Contents of pharm_hypo_bedroc_screens_sub_8.log ***

--------------------------------------------------------------------------------
JobId          : 46f15ab7-1e5a-11f1-b089-bcfce71846e6
Name           : pharm_hypo_bedroc_screens_sub_8
Program        : phase_screen
ClientVersion  : 2026-1 build 136
Host           : panacea
Dir            : /home/nbhatta1/.schrodinger/tmp/nbhatta1/jobs/465dee9c-1e5a-11f1-97bd-bcfce71846e6
HostEntry      : localhost
JobHost        : panacea
JobDir         : /home/nbhatta1/.schrodinger/tmp/nbhatta1/jobs/46f15ab7-1e5a-11f1-b089-bcfce71846e6
JobSchrodinger : /opt/schrodinger/schrodinger2026-1
Commandline    : /opt/schrodinger/schrodinger2026-1/phase_screen pharm_hypo_bedroc_proj.list pharm_hypo_bedroc_screens_hypo_files/pharm_hypo_bedroc_screens_sub_8_hypos.zip pharm_hypo_bedroc_screens_sub_8 -subjob -d 2.0 -nosort -aw 1.0 -vw 1.0 -volw 1.0 -HOST localhost
StartTime      : 2026-03-12-17:27:31
Version        : 2026-1 build 136
--------------------------------------------------------------------------------

Screening: pharm_hypo_actives/actives.phzip (project 1 of 2)
Hypothesis: hypo_8 (1 of 1)

Pre-screening 11 database records using 2D/3D index . . .
Number of records matched = 10
Pre-screen CPU time = 0.00 sec

Finding hits to hypo_8 . . .

ID,#Confs,#Matches,#Screened
mol_1,100,199,1
mol_2,100,196,2
mol_3,100,193,3
mol_4,100,178,4
mol_5,100,78,5
mol_6,99,180,6
mol_7,100,154,7
mol_8,100,175,8
mol_9,100,221,9
mol_10,100,186,10

Finished screening current batch of 10 molecules

Cumulative totals for pharm_hypo_bedroc_screens_sub_8:
Number of molecules screened = 10
Number of conformers screened = 999
Number of matches found = 1760
Number of molecules that produced matches = 10
Number of hits processed = 10

CPU time = 0.15 sec

--------------------------------------------------------------------------------

Screening: pharm_hypo_decoys/pharma_decoys.phzip (project 2 of 2)
Hypothesis: hypo_8 (1 of 1)

Pre-screening 1000 database records using 2D/3D index . . .
Number of records matched = 318
Pre-screen CPU time = 0.01 sec

Finding hits to hypo_8 . . .

ID,#Confs,#Matches,#Screened
mol_69,1,1,12
mol_82,70,7,16
mol_83,70,3,17
mol_114,36,24,20
mol_127,50,38,22
mol_130,32,11,23
mol_146,18,36,25
mol_155,30,24,27
mol_190,60,449,31
mol_204,40,19,34
mol_206,50,2,35
mol_217,78,71,36
mol_219,68,45,37
mol_231,12,27,41
mol_239,18,16,43
mol_251,10,5,44
mol_257,50,6,45
mol_259,50,62,46
mol_265,6,3,47
mol_268,8,20,48
mol_273,35,28,49
mol_275,15,5,50
mol_279,11,6,51
mol_286,24,52,53
mol_301,5,5,58
mol_318,16,16,60
mol_322,3,9,62
mol_324,68,63,63
mol_326,50,15,64
mol_331,12,4,66
mol_334,80,3,68
mol_336,40,1,69
mol_350,40,14,72
mol_366,23,16,76
mol_374,78,71,78
mol_386,80,6,79
mol_392,90,5,82
mol_405,80,2,84
mol_425,70,41,85
mol_427,24,14,86
mol_429,80,96,87
mol_433,50,64,89
mol_438,50,9,91
mol_450,80,55,92
mol_451,75,2,93
mol_454,90,77,94
mol_469,80,5,98
mol_483,60,48,101
mol_486,90,233,103
mol_488,80,91,104
mol_498,70,52,108
mol_499,11,1,109
mol_513,40,4,114
mol_520,70,31,117
mol_521,70,35,118
mol_529,20,10,121
mol_534,24,24,125
mol_538,56,42,126
mol_547,70,18,129
mol_569,100,117,137
mol_573,3,3,139
mol_575,100,1,140
mol_580,70,16,141
mol_581,90,2,142
mol_582,90,198,143
mol_584,58,2,144
mol_585,24,44,145
mol_589,100,196,146
mol_594,98,75,147
mol_596,100,1,148
mol_599,2,2,151
mol_603,4,4,153
mol_610,60,26,155
mol_611,36,1,156
mol_625,40,54,159
mol_627,80,44,160
mol_629,100,4,161
mol_648,100,1,165
mol_653,80,3,167
mol_674,50,160,174
mol_675,4,15,175
mol_677,70,1,177
mol_684,50,16,179
mol_686,70,118,180
mol_688,88,167,182
mol_691,42,24,185
mol_696,70,8,187
mol_697,1,1,188
mol_702,80,77,189
mol_705,50,200,190
mol_706,56,96,191
mol_707,80,131,192
mol_711,3,2,193
mol_727,50,31,195
mol_733,75,16,197
mol_737,60,276,199
mol_740,90,28,201
mol_741,98,253,202
mol_746,100,83,204
mol_747,60,1,205
mol_755,33,38,208
mol_756,90,46,209
mol_760,90,102,211
mol_768,100,16,214
mol_774,65,260,216
mol_781,14,14,220
mol_793,60,55,223
mol_794,60,10,224
mol_806,100,16,229
mol_808,70,45,230
mol_813,90,18,232
mol_820,90,30,236
mol_821,80,49,237
mol_828,34,142,239
mol_830,90,42,240
mol_838,88,66,242
mol_839,36,72,243
mol_843,70,21,244
mol_848,80,11,246
mol_852,100,73,248
mol_853,90,24,249
mol_854,100,14,250
mol_855,80,37,251
mol_862,100,24,253
mol_864,100,346,254
mol_867,100,16,256
mol_871,40,74,257
mol_872,80,324,258
mol_877,80,2,260
mol_878,80,99,261
mol_879,100,19,262
mol_882,100,284,263
mol_887,80,160,265
mol_890,70,3,267
mol_892,100,5,268
mol_893,80,2,269
mol_894,100,22,270
mol_903,80,158,271
mol_907,90,174,273
mol_912,100,8,277
mol_913,80,70,278
mol_918,100,198,282
mol_926,90,84,285
mol_929,100,105,286
mol_933,90,13,288
mol_934,80,12,289
mol_939,100,2,292
mol_942,100,22,293
mol_943,87,4,294
mol_945,100,621,295
mol_946,100,2,296
mol_950,100,8,297
mol_954,80,7,299
mol_962,98,90,303
mol_963,100,2,304
mol_965,100,103,306
mol_966,100,12,307
mol_969,60,26,308
mol_970,100,4,309
mol_972,40,2,311
mol_975,100,56,312
mol_976,100,87,313
mol_979,90,26,315
mol_981,100,7,316
mol_982,80,27,317
mol_987,100,85,320
mol_989,90,5,321
mol_991,100,59,322
mol_997,100,114,325
mol_998,100,2,326
mol_1000,100,100,328

Finished screening current batch of 318 molecules

Cumulative totals for pharm_hypo_bedroc_screens_sub_8:
Number of molecules screened = 328
Number of conformers screened = 21438
Number of matches found = 11276
Number of molecules that produced matches = 181
Number of hits processed = 181

CPU time = 1.86 sec

--------------------------------------------------------------------------------

Current time: Thu Mar 12 17:27:33 2026
Elapsed time: 0:00:02.02
phase_screen successfully completed.


*** End of pharm_hypo_bedroc_screens_sub_8.log ***

*** Contents of pharm_hypo_bedroc_screens_sub_9.log ***

--------------------------------------------------------------------------------
JobId          : 475becfd-1e5a-11f1-9f58-bcfce71846e6
Name           : pharm_hypo_bedroc_screens_sub_9
Program        : phase_screen
ClientVersion  : 2026-1 build 136
Host           : panacea
Dir            : /home/nbhatta1/.schrodinger/tmp/nbhatta1/jobs/465dee9c-1e5a-11f1-97bd-bcfce71846e6
HostEntry      : localhost
JobHost        : panacea
JobDir         : /home/nbhatta1/.schrodinger/tmp/nbhatta1/jobs/475becfd-1e5a-11f1-9f58-bcfce71846e6
JobSchrodinger : /opt/schrodinger/schrodinger2026-1
Commandline    : /opt/schrodinger/schrodinger2026-1/phase_screen pharm_hypo_bedroc_proj.list pharm_hypo_bedroc_screens_hypo_files/pharm_hypo_bedroc_screens_sub_9_hypos.zip pharm_hypo_bedroc_screens_sub_9 -subjob -d 2.0 -nosort -aw 1.0 -vw 1.0 -volw 1.0 -HOST localhost
StartTime      : 2026-03-12-17:27:31
Version        : 2026-1 build 136
--------------------------------------------------------------------------------

Screening: pharm_hypo_actives/actives.phzip (project 1 of 2)
Hypothesis: hypo_9 (1 of 1)

Pre-screening 11 database records using 2D/3D index . . .
Number of records matched = 10
Pre-screen CPU time = 0.00 sec

Finding hits to hypo_9 . . .

ID,#Confs,#Matches,#Screened
mol_1,100,125,1
mol_2,100,126,2
mol_3,100,124,3
mol_4,100,97,4
mol_5,100,123,5
mol_6,99,1,6
mol_7,100,84,7
mol_8,100,181,8
mol_9,100,159,9
mol_10,100,95,10

Finished screening current batch of 10 molecules

Cumulative totals for pharm_hypo_bedroc_screens_sub_9:
Number of molecules screened = 10
Number of conformers screened = 999
Number of matches found = 1115
Number of molecules that produced matches = 10
Number of hits processed = 10

CPU time = 0.12 sec

--------------------------------------------------------------------------------

Screening: pharm_hypo_decoys/pharma_decoys.phzip (project 2 of 2)
Hypothesis: hypo_9 (1 of 1)

Pre-screening 1000 database records using 2D/3D index . . .
Number of records matched = 421
Pre-screen CPU time = 0.01 sec

Finding hits to hypo_9 . . .

ID,#Confs,#Matches,#Screened
mol_7,2,4,11
mol_39,2,2,16
mol_42,50,31,17
mol_61,9,21,21
mol_100,50,3,27
mol_109,10,10,29
mol_111,12,24,30
mol_113,10,11,32
mol_114,36,12,33
mol_119,6,6,34
mol_127,50,66,36
mol_128,70,508,37
mol_130,32,44,38
mol_133,90,138,39
mol_153,40,116,44
mol_166,23,61,47
mol_167,48,11,48
mol_183,70,31,49
mol_204,40,95,54
mol_206,50,55,55
mol_212,80,64,56
mol_222,90,74,60
mol_224,46,26,61
mol_230,1,1,64
mol_236,70,542,66
mol_239,18,66,68
mol_240,44,70,69
mol_256,16,1,72
mol_257,50,15,73
mol_265,6,3,74
mol_270,80,18,76
mol_273,35,33,77
mol_274,70,22,78
mol_275,15,14,79
mol_288,100,43,83
mol_294,28,24,85
mol_295,28,24,86
mol_301,5,1,88
mol_314,24,125,93
mol_322,3,6,95
mol_324,68,90,96
mol_326,50,13,97
mol_328,60,165,98
mol_336,40,2,102
mol_346,70,398,105
mol_350,40,12,108
mol_354,100,11,109
mol_357,70,70,110
mol_363,11,33,112
mol_368,12,16,114
mol_369,50,24,115
mol_371,60,622,116
mol_391,6,6,121
mol_392,90,52,122
mol_396,36,108,124
mol_427,24,6,129
mol_429,80,36,130
mol_437,24,4,134
mol_438,50,4,135
mol_444,70,102,138
mol_449,6,18,140
mol_451,75,3,142
mol_452,49,208,143
mol_454,90,3,144
mol_462,90,156,148
mol_465,4,6,149
mol_466,12,14,150
mol_470,34,4,151
mol_473,30,4,152
mol_483,60,63,155
mol_484,40,166,156
mol_486,90,231,157
mol_489,70,2,158
mol_491,40,117,159
mol_497,16,120,161
mol_498,70,4,162
mol_500,54,8,163
mol_509,50,25,166
mol_512,60,20,167
mol_519,70,619,171
mol_520,70,42,172
mol_521,70,40,173
mol_526,50,159,174
mol_527,54,36,175
mol_533,12,46,179
mol_538,56,45,180
mol_543,80,2,182
mol_546,80,4,183
mol_547,70,37,184
mol_553,20,8,186
mol_565,8,24,189
mol_569,100,4,190
mol_570,24,1,191
mol_573,3,3,192
mol_575,100,2,193
mol_580,70,32,195
mol_581,90,4,196
mol_584,58,12,197
mol_585,24,4,198
mol_589,100,4,199
mol_596,100,46,203
mol_599,2,14,206
mol_600,70,64,207
mol_603,4,16,209
mol_610,60,8,212
mol_611,36,66,213
mol_621,70,28,218
mol_627,80,642,220
mol_629,100,4,221
mol_631,60,17,223
mol_650,16,22,228
mol_654,90,323,230
mol_655,90,139,231
mol_667,50,63,234
mol_668,50,68,235
mol_669,80,10,236
mol_675,4,15,238
mol_676,24,11,239
mol_687,90,36,244
mol_688,88,176,245
mol_690,40,202,246
mol_691,42,14,247
mol_695,71,2,249
mol_697,1,3,250
mol_702,80,13,251
mol_703,80,50,252
mol_706,56,172,255
mol_707,80,331,256
mol_711,3,11,258
mol_722,80,16,263
mol_724,60,418,265
mol_731,36,87,270
mol_733,75,18,272
mol_738,70,127,274
mol_740,90,2,275
mol_741,98,196,276
mol_745,100,4,280
mol_747,60,5,282
mol_748,60,681,283
mol_755,33,107,286
mol_756,90,287,287
mol_758,100,1,288
mol_767,6,12,293
mol_768,100,30,294
mol_774,65,25,296
mol_781,14,28,298
mol_793,60,19,303
mol_794,60,19,304
mol_797,14,14,306
mol_803,100,867,309
mol_806,100,58,310
mol_808,70,70,311
mol_813,90,22,314
mol_816,1,5,315
mol_817,100,197,316
mol_820,90,18,318
mol_821,80,250,319
mol_828,34,293,322
mol_830,90,134,324
mol_838,88,67,327
mol_839,36,105,328
mol_848,80,138,331
mol_853,90,40,334
mol_855,80,426,335
mol_864,100,40,337
mol_866,80,2,339
mol_867,100,3,340
mol_872,80,462,341
mol_877,80,53,344
mol_878,80,110,345
mol_879,100,8,346
mol_882,100,200,348
mol_887,80,357,350
mol_889,100,17,351
mol_892,100,1,353
mol_894,100,15,355
mol_903,80,240,360
mol_906,40,121,362
mol_907,90,273,363
mol_909,100,7,364
mol_910,60,65,365
mol_911,60,65,366
mol_912,100,53,367
mol_913,80,75,368
mol_914,100,97,369
mol_915,100,42,370
mol_918,100,174,372
mol_926,90,228,377
mol_929,100,37,379
mol_930,70,627,380
mol_933,90,40,381
mol_934,80,9,382
mol_936,100,93,383
mol_937,100,22,384
mol_942,100,40,387
mol_943,87,6,388
mol_945,100,236,390
mol_950,100,195,393
mol_952,100,400,395
mol_954,80,12,397
mol_961,100,4,401
mol_966,100,15,405
mol_969,60,331,407
mol_970,100,3,408
mol_971,100,5,409
mol_972,40,4,410
mol_975,100,73,412
mol_976,100,99,413
mol_979,90,133,416
mol_981,100,105,417
mol_982,80,7,418
mol_987,100,35,421
mol_989,90,92,422
mol_991,100,17,424
mol_995,100,67,426
mol_997,100,222,428
mol_998,100,5,429
mol_999,80,252,430
mol_1000,100,63,431

Finished screening current batch of 421 molecules

Cumulative totals for pharm_hypo_bedroc_screens_sub_9:
Number of molecules screened = 431
Number of conformers screened = 26574
Number of matches found = 20919
Number of molecules that produced matches = 229
Number of hits processed = 229

CPU time = 2.30 sec

--------------------------------------------------------------------------------

Current time: Thu Mar 12 17:27:34 2026
Elapsed time: 0:00:02.44
phase_screen successfully completed.


*** End of pharm_hypo_bedroc_screens_sub_9.log ***

*** Contents of pharm_hypo_bedroc_screens_sub_10.log ***

--------------------------------------------------------------------------------
JobId          : 4757afdb-1e5a-11f1-966a-bcfce71846e6
Name           : pharm_hypo_bedroc_screens_sub_10
Program        : phase_screen
ClientVersion  : 2026-1 build 136
Host           : panacea
Dir            : /home/nbhatta1/.schrodinger/tmp/nbhatta1/jobs/465dee9c-1e5a-11f1-97bd-bcfce71846e6
HostEntry      : localhost
JobHost        : panacea
JobDir         : /home/nbhatta1/.schrodinger/tmp/nbhatta1/jobs/4757afdb-1e5a-11f1-966a-bcfce71846e6
JobSchrodinger : /opt/schrodinger/schrodinger2026-1
Commandline    : /opt/schrodinger/schrodinger2026-1/phase_screen pharm_hypo_bedroc_proj.list pharm_hypo_bedroc_screens_hypo_files/pharm_hypo_bedroc_screens_sub_10_hypos.zip pharm_hypo_bedroc_screens_sub_10 -subjob -d 2.0 -nosort -aw 1.0 -vw 1.0 -volw 1.0 -HOST localhost
StartTime      : 2026-03-12-17:27:31
Version        : 2026-1 build 136
--------------------------------------------------------------------------------

Screening: pharm_hypo_actives/actives.phzip (project 1 of 2)
Hypothesis: hypo_10 (1 of 1)

Pre-screening 11 database records using 2D/3D index . . .
Number of records matched = 10
Pre-screen CPU time = 0.00 sec

Finding hits to hypo_10 . . .

ID,#Confs,#Matches,#Screened
mol_1,100,141,1
mol_2,100,148,2
mol_3,100,140,3
mol_4,100,93,4
mol_5,100,143,5
mol_6,99,1,6
mol_7,100,74,7
mol_8,100,187,8
mol_9,100,177,9
mol_10,100,95,10

Finished screening current batch of 10 molecules

Cumulative totals for pharm_hypo_bedroc_screens_sub_10:
Number of molecules screened = 10
Number of conformers screened = 999
Number of matches found = 1199
Number of molecules that produced matches = 10
Number of hits processed = 10

CPU time = 0.12 sec

--------------------------------------------------------------------------------

Screening: pharm_hypo_decoys/pharma_decoys.phzip (project 2 of 2)
Hypothesis: hypo_10 (1 of 1)

Pre-screening 1000 database records using 2D/3D index . . .
Number of records matched = 421
Pre-screen CPU time = 0.01 sec

Finding hits to hypo_10 . . .

ID,#Confs,#Matches,#Screened
mol_7,2,4,11
mol_39,2,4,16
mol_42,50,27,17
mol_61,9,36,21
mol_73,24,24,24
mol_75,18,18,25
mol_109,10,10,29
mol_111,12,12,30
mol_113,10,11,32
mol_114,36,24,33
mol_119,6,3,34
mol_127,50,46,36
mol_128,70,492,37
mol_130,32,41,38
mol_133,90,175,39
mol_153,40,80,44
mol_166,23,53,47
mol_167,48,16,48
mol_183,70,69,49
mol_204,40,79,54
mol_206,50,61,55
mol_212,80,25,56
mol_222,90,54,60
mol_230,1,2,64
mol_236,70,509,66
mol_239,18,18,68
mol_240,44,16,69
mol_256,16,1,72
mol_257,50,14,73
mol_270,80,27,76
mol_273,35,22,77
mol_274,70,26,78
mol_280,41,41,80
mol_285,30,30,82
mol_288,100,51,83
mol_294,28,20,85
mol_295,28,20,86
mol_299,12,6,87
mol_301,5,1,88
mol_311,40,4,91
mol_314,24,58,93
mol_322,3,6,95
mol_324,68,38,96
mol_326,50,19,97
mol_328,60,102,98
mol_336,40,1,102
mol_346,70,232,105
mol_350,40,1,108
mol_354,100,18,109
mol_357,70,70,110
mol_363,11,9,112
mol_368,12,16,114
mol_371,60,517,116
mol_391,6,6,121
mol_392,90,50,122
mol_393,7,2,123
mol_396,36,60,124
mol_427,24,16,129
mol_429,80,82,130
mol_438,50,1,135
mol_444,70,64,138
mol_449,6,24,140
mol_451,75,4,142
mol_452,49,192,143
mol_454,90,4,144
mol_462,90,170,148
mol_465,4,12,149
mol_466,12,32,150
mol_473,30,4,152
mol_474,100,1,153
mol_483,60,60,155
mol_484,40,98,156
mol_486,90,233,157
mol_489,70,1,158
mol_491,40,89,159
mol_497,16,68,161
mol_498,70,3,162
mol_500,54,50,163
mol_509,50,13,166
mol_512,60,18,167
mol_519,70,413,171
mol_520,70,83,172
mol_521,70,79,173
mol_526,50,66,174
mol_533,12,60,179
mol_538,56,94,180
mol_543,80,2,182
mol_546,80,1,183
mol_547,70,31,184
mol_553,20,6,186
mol_565,8,24,189
mol_570,24,1,191
mol_573,3,3,192
mol_580,70,50,195
mol_581,90,2,196
mol_584,58,17,197
mol_585,24,16,198
mol_589,100,3,199
mol_596,100,60,203
mol_599,2,13,206
mol_600,70,90,207
mol_603,4,8,209
mol_610,60,8,212
mol_611,36,60,213
mol_621,70,10,218
mol_625,40,80,219
mol_627,80,459,220
mol_629,100,2,221
mol_650,16,30,228
mol_654,90,219,230
mol_655,90,160,231
mol_667,50,62,234
mol_668,50,64,235
mol_675,4,11,238
mol_676,24,7,239
mol_687,90,18,244
mol_688,88,6,245
mol_690,40,128,246
mol_691,42,16,247
mol_697,1,2,250
mol_702,80,20,251
mol_703,80,30,252
mol_706,56,112,255
mol_707,80,198,256
mol_711,3,7,258
mol_722,80,80,263
mol_724,60,326,265
mol_727,50,1,267
mol_731,36,66,270
mol_733,75,38,272
mol_735,100,1,273
mol_738,70,107,274
mol_740,90,19,275
mol_741,98,22,276
mol_747,60,5,282
mol_748,60,558,283
mol_755,33,91,286
mol_756,90,210,287
mol_758,100,14,288
mol_760,90,34,289
mol_767,6,9,293
mol_768,100,23,294
mol_781,14,28,298
mol_787,100,16,300
mol_793,60,61,303
mol_794,60,19,304
mol_797,14,14,306
mol_803,100,559,309
mol_806,100,60,310
mol_813,90,7,314
mol_816,1,5,315
mol_817,100,188,316
mol_820,90,16,318
mol_821,80,246,319
mol_828,34,230,322
mol_830,90,170,324
mol_838,88,113,327
mol_839,36,96,328
mol_848,80,145,331
mol_853,90,40,334
mol_855,80,308,335
mol_864,100,31,337
mol_866,80,2,339
mol_867,100,9,340
mol_872,80,503,341
mol_877,80,35,344
mol_878,80,92,345
mol_879,100,10,346
mol_882,100,22,348
mol_887,80,345,350
mol_889,100,34,351
mol_892,100,5,353
mol_894,100,5,355
mol_903,80,200,360
mol_906,40,90,362
mol_907,90,253,363
mol_909,100,5,364
mol_910,60,60,365
mol_911,60,60,366
mol_912,100,48,367
mol_913,80,57,368
mol_914,100,82,369
mol_915,100,36,370
mol_918,100,199,372
mol_926,90,176,377
mol_929,100,27,379
mol_930,70,521,380
mol_933,90,22,381
mol_934,80,3,382
mol_936,100,107,383
mol_937,100,26,384
mol_942,100,54,387
mol_943,87,6,388
mol_945,100,207,390
mol_946,100,1,391
mol_950,100,213,393
mol_952,100,384,395
mol_954,80,13,397
mol_961,100,6,401
mol_962,98,98,402
mol_966,100,17,405
mol_969,60,307,407
mol_970,100,2,408
mol_971,100,5,409
mol_972,40,2,410
mol_975,100,61,412
mol_976,100,125,413
mol_979,90,101,416
mol_981,100,61,417
mol_982,80,8,418
mol_987,100,15,421
mol_989,90,85,422
mol_991,100,14,424
mol_995,100,33,426
mol_997,100,168,428
mol_998,100,3,429
mol_999,80,312,430
mol_1000,100,150,431

Finished screening current batch of 421 molecules

Cumulative totals for pharm_hypo_bedroc_screens_sub_10:
Number of molecules screened = 431
Number of conformers screened = 26574
Number of matches found = 18087
Number of molecules that produced matches = 228
Number of hits processed = 228

CPU time = 2.03 sec

--------------------------------------------------------------------------------

Current time: Thu Mar 12 17:27:34 2026
Elapsed time: 0:00:02.16
phase_screen successfully completed.


*** End of pharm_hypo_bedroc_screens_sub_10.log ***

Combining hits from successful subjobs

All subjobs completed normally

Current time: Thu Mar 12 17:27:46 2026
Elapsed time: 0:00:16.10
phase_screen successfully completed.

