17:16:11 [INFO] Starting pharmacophore pipeline runner…
17:16:11 [INFO] Importing pharmacophore_pipeline…
17:16:11 [INFO] Note: NumExpr detected 24 cores but "NUMEXPR_MAX_THREADS" not set, so enforcing safe limit of 8.
17:16:11 [INFO] NumExpr defaulting to 8 threads.
17:16:11 [INFO] Import OK, loading data…
17:16:11 [INFO] Loaded 182 compounds from pharm_input.csv
17:16:11 [INFO] Series value_counts:
Series A       117
Series B        37
non_numeric     12
Series E         6
Series C         5
Series D         5
17:16:11 [INFO] =======================================================
17:16:11 [INFO] PHARMACOPHORE PIPELINE STARTED
17:16:11 [INFO] Output directory: /home/nbhatta1/Desktop/qsar-project-Tzu/pharm_outputs
17:16:11 [INFO] =======================================================
17:16:11 [INFO] [1/7] Balancing dataset…
17:16:11 [INFO] Actives: 11  |  Available inactives: 12
17:16:11 [INFO] Balanced dataset: 11 actives + 11 inactives = 22 total
17:16:11 [INFO] Balanced dataset saved: pharm_outputs/balanced_dataset.csv
17:16:11 [INFO] [2/7] Converting SMILES to Schrödinger structures…
17:16:11 [WARNING] SMILES conversion failed for 'CCCCCCC#CC1=CN=CC(C(N2C3CC3)=NN=C2SCC4=CC=C([N+]([O-])=O)O4)=C1.[HCl]': [17:16:11] SMILES Parse Error: syntax error while parsing: CCCCCCC#CC1=CN=CC(C(N2C3CC3)=NN=C2SCC4=CC=C([N+]([O-])=O)O4)=C1.[HCl]
[17:16:11] SMILES Parse Error: check for mistakes around position 68:
[17:16:11] ]([O-])=O)O4)=C1.[HCl]
[17:16:11] ~~~~~~~~~~~~~~~~~~~~^
[17:16:11] SMILES Parse Error: Failed parsing SMILES 'CCCCCCC#CC1=CN=CC(C(N2C3CC3)=NN=C2SCC4=CC=C([N+]([O-])=O)O4)=C1.[HCl]' for input: 'CCCCCCC#CC1=CN=CC(C(N2C3CC3)=NN=C2SCC4=CC=C([N+]([O-])=O)O4)=C1.[HCl]'

17:16:11 [INFO] Structures written: 21  |  Failed: 1  →  pharm_outputs/01_raw_structures.mae
17:16:11 [INFO] [3/7] LigPrep: 3D coordinates + OPLS optimization…
17:16:11 [INFO] Running LigPrep: pharm_outputs/01_raw_structures.mae → pharm_outputs/02_prepared.mae
17:16:11 [INFO] LigPrep using 24 local CPU cores
17:16:11 [INFO] Running: /opt/schrodinger/schrodinger2026-1/ligprep -imae pharm_outputs/01_raw_structures.mae -omae pharm_outputs/02_prepared.mae -ph 7.0 -pht 2.0 -s 1 -NJOBS 24 -HOST localhost -WAIT -NOJOBID  [LigPrep]
17:21:28 [INFO] LigPrep complete: pharm_outputs/02_prepared.mae
17:21:28 [INFO] [4/7] ConfGen: generating conformers…
17:21:28 [INFO] Running ConfGen: pharm_outputs/02_prepared.mae → pharm_outputs/03_conformers.mae
17:21:28 [INFO] ConfGen using 24 local CPU cores
17:21:28 [INFO] Running: /opt/schrodinger/schrodinger2026-1/confgenx /home/nbhatta1/Desktop/qsar-project-Tzu/pharm_outputs/02_prepared.mae -m 100 -optimize -force_field OPLS_2005 -NJOBS 24 -HOST localhost -WAIT -NOJOBID  [ConfGen]
17:27:01 [INFO] Copied ConfGen output: /home/nbhatta1/Desktop/qsar-project-Tzu/02_prepared-out.maegz → pharm_outputs/03_conformers.mae
17:27:01 [INFO] ConfGen complete: pharm_outputs/03_conformers.mae
17:27:01 [INFO] [5/7] Phase CPH: building pharmacophore hypotheses…
17:27:01 [INFO] Filtered actives: 752 structures → pharm_outputs/04_actives_conformers.mae
17:27:01 [INFO] Building pharmacophore hypotheses from: pharm_outputs/04_actives_conformers.mae
17:27:01 [INFO] Feature types: D, A, H, R, P, N  |  Sites: 4–6
17:27:01 [INFO] Creating Phase project: /opt/schrodinger/schrodinger2026-1/utilities/phase_project pharm_outputs/hypotheses/pharm_hypo.phprj import -i /home/nbhatta1/Desktop/qsar-project-Tzu/pharm_outputs/04_actives_conformers.mae -new -act i_user_activity -fmt single
17:27:03 [INFO] Phase project created: pharm_outputs/hypotheses/pharm_hypo.phprj
17:27:03 [INFO] Creating pharmacophore sites: /opt/schrodinger/schrodinger2026-1/utilities/phase_project pharm_outputs/hypotheses/pharm_hypo.phprj revise -sites
17:27:06 [INFO] Pharmacophore sites created for project: pharm_outputs/hypotheses/pharm_hypo.phprj
17:27:06 [INFO] Archiving Phase project: /opt/schrodinger/schrodinger2026-1/utilities/phase_project pharm_outputs/hypotheses/pharm_hypo.phprj archive
17:27:06 [INFO] Moved .phzip from /home/nbhatta1/Desktop/qsar-project-Tzu/pharm_hypo.phzip → pharm_outputs/hypotheses/pharm_hypo.phzip
17:27:06 [INFO] Phase archive: pharm_outputs/hypotheses/pharm_hypo.phzip
17:27:06 [INFO] Phase find_common using 24 local CPU cores
17:27:06 [INFO] Running phase_find_common: /opt/schrodinger/schrodinger2026-1/phase_find_common pharm_outputs/hypotheses/pharm_hypo.phzip -sites 4:6 -HOST localhost:24 -LOCAL -WAIT
17:27:56 [INFO] Extracted find_common results to: pharm_outputs/hypotheses/pharm_hypo_find_common
17:27:56 [INFO] Using nested find_common results directory: pharm_outputs/hypotheses/pharm_hypo_find_common/pharm_hypo_find_common
17:27:56 [INFO] Phase scores:
   HypoID  Survival    Site  Vector  Volume  Select  Matches  Inactive  Adjusted  BEDROC  RefLig
0  AHHR_1    4.9072  0.8765  0.9775  0.6458  1.4074       10       0.0    4.9072  0.8768   mol_7
1  AHHR_2    4.9044  0.8597  0.9648  0.6746  1.4054       10       0.0    4.9044  0.8951   mol_6
2  AHHR_3    4.8992  0.8462  0.9793  0.6695  1.4042       10       0.0    4.8992  0.8814  mol_10
3  AHHR_4    4.8694  0.8521  0.9645  0.6470  1.4058       10       0.0    4.8694  0.8743   mol_7
4  AHHR_5    4.8596  0.8619  0.9578  0.6311  1.4088       10       0.0    4.8596  0.8831   mol_7
5  AHHR_6    4.8513  0.8495  0.9523  0.6451  1.4044       10       0.0    4.8513  0.8596   mol_7
6  AHHR_7    4.8421  0.8246  0.9751  0.6334  1.4089       10       0.0    4.8421  0.8751   mol_7
7  AHHR_8    4.8097  0.8398  0.9278  0.6357  1.4064       10       0.0    4.8097  0.8768   mol_7
8  HHHR_1    4.7759  0.7775  0.9461  0.6469  1.4513        9       0.0    4.7759  0.8234   mol_8
9  HHHR_2    4.7518  0.7102  0.9936  0.6429  1.4509        9       0.0    4.7518  0.8143  mol_10
17:27:56 [INFO] Pharmacophore hypotheses generated: 10
17:27:56 [INFO] Best hypothesis: AHHR_1  (survival score = 4.9072)
17:27:56 [INFO] Best hypothesis: pharm_outputs/hypotheses/pharm_hypo_find_common/pharm_hypo_find_common/hypotheses/AHHR_1.phypo
17:27:56 [INFO] [6/7] Validating pharmacophore against balanced dataset…
17:27:56 [INFO] Screening dataset against: pharm_outputs/hypotheses/pharm_hypo_find_common/pharm_hypo_find_common/hypotheses/AHHR_1.phypo
17:27:56 [INFO] Phase screen using 24 local CPU cores
17:27:56 [INFO] Running phase_screen: /opt/schrodinger/schrodinger2026-1/phase_screen /home/nbhatta1/Desktop/qsar-project-Tzu/pharm_outputs/03_conformers.mae /home/nbhatta1/Desktop/qsar-project-Tzu/pharm_outputs/hypotheses/pharm_hypo_find_common/pharm_hypo_find_common/hypotheses/AHHR_1.phypo pharm_outputs/screening/pharm_screen -distinct -HOST localhost:24 -NJOBS 24
17:27:56 [WARNING] No phase_screen hits file found. Assuming no matches.
17:27:56 [INFO] Loaded truth labels for 1536 structures
17:27:56 [WARNING] No hits found from phase_screen.
17:27:56 [INFO] Screen results saved: pharm_outputs/screening/pharm_screen_results.csv
17:27:56 [INFO] ───────────────────────────────────────────────────────
17:27:56 [INFO] VALIDATION METRICS
17:27:56 [INFO] ───────────────────────────────────────────────────────
17:27:56 [INFO]   ROC-AUC            : 0.5000
17:27:56 [INFO]   EF @  1%           : 0.133
17:27:56 [INFO]   EF @  5%           : 0.027
17:27:56 [INFO]   EF @ 10%           : 0.013
17:27:56 [INFO]   Confusion matrix:
[[784   0]
 [752   0]]
17:27:56 [INFO] ───────────────────────────────────────────────────────
17:27:56 [INFO] [7/7] Saving final summary…
17:27:56 [INFO] =======================================================
17:27:56 [INFO] PIPELINE COMPLETE
17:27:56 [INFO]   Best hypothesis : pharm_outputs/hypotheses/pharm_hypo_find_common/pharm_hypo_find_common/hypotheses/AHHR_1.phypo
17:27:56 [INFO]   ROC-AUC         : 0.5000
17:27:56 [INFO]   EF @ 1%         : 0.133
17:27:56 [INFO]   EF @ 5%         : 0.027
17:27:56 [INFO]   EF @ 10%        : 0.013
17:27:56 [INFO]   Output dir      : /home/nbhatta1/Desktop/qsar-project-Tzu/pharm_outputs
17:27:56 [INFO] =======================================================
17:27:56 [INFO] Pipeline returned metrics: {'roc_auc': 0.5, 'confusion_matrix': array([[784,   0],
       [752,   0]]), 'n_total': 1536, 'n_actives': 752, 'n_inactives': 784, 'EF_1pct': 0.13297872340425532, 'EF_5pct': 0.026595744680851064, 'EF_10pct': 0.013297872340425532}
17:27:56 [INFO] Done.
