Driver script for phase_find_common job pharm_hypo
Current time: Thu Mar 12 17:27:07 2026
Host name: panacea.uthsc.edu
Number of CPUs requested = 24
SCHRODINGER=/opt/schrodinger/schrodinger2026-1
SCHRODINGER_JOBID=3856b81d-1e5a-11f1-b817-bcfce71846e6
MMSHARE_EXEC=/opt/schrodinger/schrodinger2026-1/mmshare-v7.3/bin/Linux-x86_64

Invoking phase_find_common binary to do initial setup:
phase_find_common pharm_outputs/hypotheses/pharm_hypo.phzip -JOB pharm_hypo -JOBHOST localhost:24 -sites 4:6 -setup

********************************************************************************

Host name: panacea
SCHRODINGER=/opt/schrodinger/schrodinger2026-1
SCHRODINGER_JOBID=3856b81d-1e5a-11f1-b817-bcfce71846e6
MMSHARE_EXEC=/opt/schrodinger/schrodinger2026-1/mmshare-v7.3/bin/Linux-x86_64

********************************************************************************

phase_find_common: Thu Mar 12 17:27:07 2026

Project archive = "pharm_outputs/hypotheses/pharm_hypo.phzip"
Options:
-JOB pharm_hypo
-JOBHOST localhost:24
-setup
-sites 4:6

Doing setup for subjobs

Unzipping pharm_outputs/hypotheses/pharm_hypo.phzip to directory pharm_hypo_setup . . .

Number of actives = 11
Number of active groups = 11
Maximum allowed misses = 5
Number of reference ligands = 11
Number of CPUs requested = 24
*** Reducing number of CPUs to 11 ***
Writing subjob template lists to pharm_hypo_templates.csv

Removing directory pharm_hypo_setup

CPU time = 0.01 sec
Elapsed time = 0.00 sec

phase_find_common successfully completed
Control returned to phase_find_common driver script

Launching phase_find_common subjobs . . .


Running subjobs on hosts:
  localhost (Max: 24)
Number of jobs:       11
Max retries per job:  3
Max allowed failures: unlimited
Verbosity:            normal

Starting JobDJ...

Keep one job on driver host: False
JobDJ columns:
  C: Number of completed subjobs
  A: Number of active subjobs (e.g., submitted, running)
  W: Number of waiting/pending subjobs

 C  A  W | Activity  JobId  JobName  JobHost
-- -- -- | --------- -----------------------
 0  1 10 | launched  38d59193-1e5a-11f1-bfd0-bcfce71846e6 pharm_hypo_sub_1 localhost [panacea]
 0  2  9 | launched  38d586c9-1e5a-11f1-944c-bcfce71846e6 pharm_hypo_sub_2 localhost [panacea]
 0  3  8 | launched  38d59282-1e5a-11f1-b9a3-bcfce71846e6 pharm_hypo_sub_3 localhost [panacea]
 0  4  7 | launched  38d588f4-1e5a-11f1-bc44-bcfce71846e6 pharm_hypo_sub_4 localhost [panacea]
 0  5  6 | launched  38d57ad2-1e5a-11f1-9f56-bcfce71846e6 pharm_hypo_sub_5 localhost [panacea]
 0  6  5 | launched  38d57a7b-1e5a-11f1-a9d9-bcfce71846e6 pharm_hypo_sub_6 localhost [panacea]
 0  7  4 | launched  38d59181-1e5a-11f1-8c5c-bcfce71846e6 pharm_hypo_sub_7 localhost [panacea]
 0  8  3 | launched  38d58d15-1e5a-11f1-b052-bcfce71846e6 pharm_hypo_sub_8 localhost [panacea]
 0  9  2 | launched  39029367-1e5a-11f1-970c-bcfce71846e6 pharm_hypo_sub_9 localhost [panacea]
 0 10  1 | launched  390524b2-1e5a-11f1-b93e-bcfce71846e6 pharm_hypo_sub_10 localhost [panacea]
 0 11  0 | launched  38fe0133-1e5a-11f1-98f4-bcfce71846e6 pharm_hypo_sub_11 localhost [panacea]
 1 10  0 | finished  38d59193-1e5a-11f1-bfd0-bcfce71846e6 pharm_hypo_sub_1 localhost [panacea]
 2  9  0 | finished  38d586c9-1e5a-11f1-944c-bcfce71846e6 pharm_hypo_sub_2 localhost [panacea]
 3  8  0 | finished  38d59282-1e5a-11f1-b9a3-bcfce71846e6 pharm_hypo_sub_3 localhost [panacea]
 4  7  0 | finished  38d588f4-1e5a-11f1-bc44-bcfce71846e6 pharm_hypo_sub_4 localhost [panacea]
 5  6  0 | finished  38d57ad2-1e5a-11f1-9f56-bcfce71846e6 pharm_hypo_sub_5 localhost [panacea]
 6  5  0 | finished  38d57a7b-1e5a-11f1-a9d9-bcfce71846e6 pharm_hypo_sub_6 localhost [panacea]
 7  4  0 | finished  38d59181-1e5a-11f1-8c5c-bcfce71846e6 pharm_hypo_sub_7 localhost [panacea]
 8  3  0 | finished  38d58d15-1e5a-11f1-b052-bcfce71846e6 pharm_hypo_sub_8 localhost [panacea]
 9  2  0 | finished  39029367-1e5a-11f1-970c-bcfce71846e6 pharm_hypo_sub_9 localhost [panacea]
10  1  0 | finished  390524b2-1e5a-11f1-b93e-bcfce71846e6 pharm_hypo_sub_10 localhost [panacea]
11  0  0 | finished  38fe0133-1e5a-11f1-98f4-bcfce71846e6 pharm_hypo_sub_11 localhost [panacea]

All jobs have completed.

11 of 11 job(s) succeeded; 0 job(s) failed.


Invoking phase_find_common binary to combine subjobs:
phase_find_common pharm_outputs/hypotheses/pharm_hypo.phzip -JOB pharm_hypo -JOBHOST localhost:24 -sites 4:6 -cleanup

********************************************************************************

Host name: panacea
SCHRODINGER=/opt/schrodinger/schrodinger2026-1
SCHRODINGER_JOBID=3856b81d-1e5a-11f1-b817-bcfce71846e6
MMSHARE_EXEC=/opt/schrodinger/schrodinger2026-1/mmshare-v7.3/bin/Linux-x86_64

********************************************************************************

phase_find_common: Thu Mar 12 17:27:23 2026

Project archive = "pharm_outputs/hypotheses/pharm_hypo.phzip"
Options:
-JOB pharm_hypo
-JOBHOST localhost:24
-cleanup
-sites 4:6

Combining results of completed subjobs . . .

*** Contents of pharm_hypo_sub_1.log ***

Driver script for phase_find_common subjob pharm_hypo_sub_1
Current time: Thu Mar 12 17:27:07 2026
Host name: panacea.uthsc.edu
Number of CPUs requested = 1
SCHRODINGER=/opt/schrodinger/schrodinger2026-1
SCHRODINGER_JOBID=38d59193-1e5a-11f1-bfd0-bcfce71846e6
MMSHARE_EXEC=/opt/schrodinger/schrodinger2026-1/mmshare-v7.3/bin/Linux-x86_64

Invoking phase_find_common binary to find and score common pharmacophores:
phase_find_common pharm_outputs/hypotheses/pharm_hypo.phzip -JOB pharm_hypo -sites 4:6 -subjob pharm_hypo_sub_1

********************************************************************************

Host name: panacea
SCHRODINGER=/opt/schrodinger/schrodinger2026-1
SCHRODINGER_JOBID=38d59193-1e5a-11f1-bfd0-bcfce71846e6
MMSHARE_EXEC=/opt/schrodinger/schrodinger2026-1/mmshare-v7.3/bin/Linux-x86_64

********************************************************************************

phase_find_common: Thu Mar 12 17:27:08 2026

Project archive = "pharm_outputs/hypotheses/pharm_hypo.phzip"
Options:
-JOB pharm_hypo
-sites 4:6
-subjob pharm_hypo_sub_1

Unzipping pharm_outputs/hypotheses/pharm_hypo.phzip to directory pharm_hypo_sub_1_project . . .

********************************************************************************

Aligning actives to 54 conformers of reference ligand mol_11 (1 of 1) . . .
10% complete
20% complete
30% complete
40% complete
50% complete
60% complete
70% complete
80% complete
90% complete
100% complete

Searching for pharmacophores that match at least 11 active groups . . .
Searching for pharmacophores that match at least 10 active groups . . .
Searching for pharmacophores that match at least 9 active groups . . .
Searching for pharmacophores that match at least 8 active groups . . .
Searching for pharmacophores that match at least 7 active groups . . .
Searching for pharmacophores that match at least 6 active groups . . .

Surviving common pharmacophore counts for reference ligand mol_11:
4-point: 0
5-point: 0
6-point: 0
  Total: 0

Running totals for all reference ligands assigned to this subjob:
4-point: 0
5-point: 0
6-point: 0
  Total: 0

********************************************************************************

All reference ligands assigned to this subjob have been processed.

Total number of active --> reference alignments performed = 37692

Final surviving common pharmacophore counts:
4-point: 0
5-point: 0
6-point: 0
  Total: 0
Zipping pharm_hypo_sub_1_hypotheses to pharm_hypo_sub_1_hypotheses.zip . . .
Removing directory pharm_hypo_sub_1_hypotheses
Removing directory pharm_hypo_sub_1_project

CPU time = 0.80 sec
Elapsed time = 0.00 sec

phase_find_common successfully completed

Driver script for phase_find_common subjob pharm_hypo_sub_1 finished
Current time: Thu Mar 12 17:27:08 2026
Elapsed time = 0:00:01.03
phase_find_common results for pharm_hypo_sub_1 are complete

*** End of pharm_hypo_sub_1.log ***

*** Contents of pharm_hypo_sub_2.log ***

Driver script for phase_find_common subjob pharm_hypo_sub_2
Current time: Thu Mar 12 17:27:07 2026
Host name: panacea.uthsc.edu
Number of CPUs requested = 1
SCHRODINGER=/opt/schrodinger/schrodinger2026-1
SCHRODINGER_JOBID=38d586c9-1e5a-11f1-944c-bcfce71846e6
MMSHARE_EXEC=/opt/schrodinger/schrodinger2026-1/mmshare-v7.3/bin/Linux-x86_64

Invoking phase_find_common binary to find and score common pharmacophores:
phase_find_common pharm_outputs/hypotheses/pharm_hypo.phzip -JOB pharm_hypo -sites 4:6 -subjob pharm_hypo_sub_2

********************************************************************************

Host name: panacea
SCHRODINGER=/opt/schrodinger/schrodinger2026-1
SCHRODINGER_JOBID=38d586c9-1e5a-11f1-944c-bcfce71846e6
MMSHARE_EXEC=/opt/schrodinger/schrodinger2026-1/mmshare-v7.3/bin/Linux-x86_64

********************************************************************************

phase_find_common: Thu Mar 12 17:27:08 2026

Project archive = "pharm_outputs/hypotheses/pharm_hypo.phzip"
Options:
-JOB pharm_hypo
-sites 4:6
-subjob pharm_hypo_sub_2

Unzipping pharm_outputs/hypotheses/pharm_hypo.phzip to directory pharm_hypo_sub_2_project . . .

********************************************************************************

Aligning actives to 55 conformers of reference ligand mol_7 (1 of 1) . . .
10% complete
20% complete
30% complete
40% complete
50% complete
60% complete
70% complete
80% complete
90% complete
100% complete

Searching for pharmacophores that match at least 11 active groups . . .
Searching for pharmacophores that match at least 10 active groups . . .
Searching for pharmacophores that match at least 9 active groups . . .

Refining matches and alignments . . .
10% complete
20% complete
30% complete
40% complete
50% complete
60% complete
70% complete
80% complete
90% complete
100% complete

Surviving common pharmacophore counts for reference ligand mol_7:
4-point: 10
5-point: 0
6-point: 0
  Total: 10

Running totals for all reference ligands assigned to this subjob:
4-point: 10
5-point: 0
6-point: 0
  Total: 10

********************************************************************************

All reference ligands assigned to this subjob have been processed.

Total number of active --> reference alignments performed = 38335

Final surviving common pharmacophore counts:
4-point: 10
5-point: 0
6-point: 0
  Total: 10

Saving common pharmacophores to directory pharm_hypo_sub_2_hypotheses . . .
Zipping pharm_hypo_sub_2_hypotheses to pharm_hypo_sub_2_hypotheses.zip . . .
Removing directory pharm_hypo_sub_2_hypotheses
Removing directory pharm_hypo_sub_2_project

CPU time = 2.81 sec
Elapsed time = 2.00 sec

phase_find_common successfully completed

Driver script for phase_find_common subjob pharm_hypo_sub_2 finished
Current time: Thu Mar 12 17:27:10 2026
Elapsed time = 0:00:03.04
phase_find_common results for pharm_hypo_sub_2 are complete

*** End of pharm_hypo_sub_2.log ***

*** Contents of pharm_hypo_sub_3.log ***

Driver script for phase_find_common subjob pharm_hypo_sub_3
Current time: Thu Mar 12 17:27:07 2026
Host name: panacea.uthsc.edu
Number of CPUs requested = 1
SCHRODINGER=/opt/schrodinger/schrodinger2026-1
SCHRODINGER_JOBID=38d59282-1e5a-11f1-b9a3-bcfce71846e6
MMSHARE_EXEC=/opt/schrodinger/schrodinger2026-1/mmshare-v7.3/bin/Linux-x86_64

Invoking phase_find_common binary to find and score common pharmacophores:
phase_find_common pharm_outputs/hypotheses/pharm_hypo.phzip -JOB pharm_hypo -sites 4:6 -subjob pharm_hypo_sub_3

********************************************************************************

Host name: panacea
SCHRODINGER=/opt/schrodinger/schrodinger2026-1
SCHRODINGER_JOBID=38d59282-1e5a-11f1-b9a3-bcfce71846e6
MMSHARE_EXEC=/opt/schrodinger/schrodinger2026-1/mmshare-v7.3/bin/Linux-x86_64

********************************************************************************

phase_find_common: Thu Mar 12 17:27:08 2026

Project archive = "pharm_outputs/hypotheses/pharm_hypo.phzip"
Options:
-JOB pharm_hypo
-sites 4:6
-subjob pharm_hypo_sub_3

Unzipping pharm_outputs/hypotheses/pharm_hypo.phzip to directory pharm_hypo_sub_3_project . . .

********************************************************************************

Aligning actives to 59 conformers of reference ligand mol_10 (1 of 1) . . .
10% complete
20% complete
30% complete
40% complete
50% complete
60% complete
70% complete
80% complete
90% complete
100% complete

Searching for pharmacophores that match at least 11 active groups . . .
Searching for pharmacophores that match at least 10 active groups . . .
Searching for pharmacophores that match at least 9 active groups . . .

Refining matches and alignments . . .
10% complete
20% complete
30% complete
40% complete
50% complete
60% complete
70% complete
80% complete
90% complete
100% complete

Surviving common pharmacophore counts for reference ligand mol_10:
4-point: 10
5-point: 0
6-point: 0
  Total: 10

Running totals for all reference ligands assigned to this subjob:
4-point: 10
5-point: 0
6-point: 0
  Total: 10

********************************************************************************

All reference ligands assigned to this subjob have been processed.

Total number of active --> reference alignments performed = 40887

Final surviving common pharmacophore counts:
4-point: 10
5-point: 0
6-point: 0
  Total: 10

Saving common pharmacophores to directory pharm_hypo_sub_3_hypotheses . . .
Zipping pharm_hypo_sub_3_hypotheses to pharm_hypo_sub_3_hypotheses.zip . . .
Removing directory pharm_hypo_sub_3_hypotheses
Removing directory pharm_hypo_sub_3_project

CPU time = 2.76 sec
Elapsed time = 2.00 sec

phase_find_common successfully completed

Driver script for phase_find_common subjob pharm_hypo_sub_3 finished
Current time: Thu Mar 12 17:27:10 2026
Elapsed time = 0:00:03.00
phase_find_common results for pharm_hypo_sub_3 are complete

*** End of pharm_hypo_sub_3.log ***

*** Contents of pharm_hypo_sub_4.log ***

Driver script for phase_find_common subjob pharm_hypo_sub_4
Current time: Thu Mar 12 17:27:07 2026
Host name: panacea.uthsc.edu
Number of CPUs requested = 1
SCHRODINGER=/opt/schrodinger/schrodinger2026-1
SCHRODINGER_JOBID=38d588f4-1e5a-11f1-bc44-bcfce71846e6
MMSHARE_EXEC=/opt/schrodinger/schrodinger2026-1/mmshare-v7.3/bin/Linux-x86_64

Invoking phase_find_common binary to find and score common pharmacophores:
phase_find_common pharm_outputs/hypotheses/pharm_hypo.phzip -JOB pharm_hypo -sites 4:6 -subjob pharm_hypo_sub_4

********************************************************************************

Host name: panacea
SCHRODINGER=/opt/schrodinger/schrodinger2026-1
SCHRODINGER_JOBID=38d588f4-1e5a-11f1-bc44-bcfce71846e6
MMSHARE_EXEC=/opt/schrodinger/schrodinger2026-1/mmshare-v7.3/bin/Linux-x86_64

********************************************************************************

phase_find_common: Thu Mar 12 17:27:08 2026

Project archive = "pharm_outputs/hypotheses/pharm_hypo.phzip"
Options:
-JOB pharm_hypo
-sites 4:6
-subjob pharm_hypo_sub_4

Unzipping pharm_outputs/hypotheses/pharm_hypo.phzip to directory pharm_hypo_sub_4_project . . .

********************************************************************************

Aligning actives to 61 conformers of reference ligand mol_6 (1 of 1) . . .
10% complete
20% complete
30% complete
40% complete
50% complete
60% complete
70% complete
80% complete
90% complete
100% complete

Searching for pharmacophores that match at least 11 active groups . . .
Searching for pharmacophores that match at least 10 active groups . . .
Searching for pharmacophores that match at least 9 active groups . . .

Refining matches and alignments . . .
10% complete
20% complete
30% complete
40% complete
50% complete
60% complete
70% complete
80% complete
90% complete
100% complete

Surviving common pharmacophore counts for reference ligand mol_6:
4-point: 10
5-point: 0
6-point: 0
  Total: 10

Running totals for all reference ligands assigned to this subjob:
4-point: 10
5-point: 0
6-point: 0
  Total: 10

********************************************************************************

All reference ligands assigned to this subjob have been processed.

Total number of active --> reference alignments performed = 42151

Final surviving common pharmacophore counts:
4-point: 10
5-point: 0
6-point: 0
  Total: 10

Saving common pharmacophores to directory pharm_hypo_sub_4_hypotheses . . .
Zipping pharm_hypo_sub_4_hypotheses to pharm_hypo_sub_4_hypotheses.zip . . .
Removing directory pharm_hypo_sub_4_hypotheses
Removing directory pharm_hypo_sub_4_project

CPU time = 3.00 sec
Elapsed time = 3.00 sec

phase_find_common successfully completed

Driver script for phase_find_common subjob pharm_hypo_sub_4 finished
Current time: Thu Mar 12 17:27:11 2026
Elapsed time = 0:00:03.31
phase_find_common results for pharm_hypo_sub_4 are complete

*** End of pharm_hypo_sub_4.log ***

*** Contents of pharm_hypo_sub_5.log ***

Driver script for phase_find_common subjob pharm_hypo_sub_5
Current time: Thu Mar 12 17:27:07 2026
Host name: panacea.uthsc.edu
Number of CPUs requested = 1
SCHRODINGER=/opt/schrodinger/schrodinger2026-1
SCHRODINGER_JOBID=38d57ad2-1e5a-11f1-9f56-bcfce71846e6
MMSHARE_EXEC=/opt/schrodinger/schrodinger2026-1/mmshare-v7.3/bin/Linux-x86_64

Invoking phase_find_common binary to find and score common pharmacophores:
phase_find_common pharm_outputs/hypotheses/pharm_hypo.phzip -JOB pharm_hypo -sites 4:6 -subjob pharm_hypo_sub_5

********************************************************************************

Host name: panacea
SCHRODINGER=/opt/schrodinger/schrodinger2026-1
SCHRODINGER_JOBID=38d57ad2-1e5a-11f1-9f56-bcfce71846e6
MMSHARE_EXEC=/opt/schrodinger/schrodinger2026-1/mmshare-v7.3/bin/Linux-x86_64

********************************************************************************

phase_find_common: Thu Mar 12 17:27:08 2026

Project archive = "pharm_outputs/hypotheses/pharm_hypo.phzip"
Options:
-JOB pharm_hypo
-sites 4:6
-subjob pharm_hypo_sub_5

Unzipping pharm_outputs/hypotheses/pharm_hypo.phzip to directory pharm_hypo_sub_5_project . . .

********************************************************************************

Aligning actives to 64 conformers of reference ligand mol_4 (1 of 1) . . .
10% complete
20% complete
30% complete
40% complete
50% complete
60% complete
70% complete
80% complete
90% complete
100% complete

Searching for pharmacophores that match at least 11 active groups . . .
Searching for pharmacophores that match at least 10 active groups . . .
Searching for pharmacophores that match at least 9 active groups . . .

Refining matches and alignments . . .
10% complete
20% complete
30% complete
40% complete
50% complete
60% complete
70% complete
80% complete
90% complete
100% complete

Surviving common pharmacophore counts for reference ligand mol_4:
4-point: 10
5-point: 0
6-point: 0
  Total: 10

Running totals for all reference ligands assigned to this subjob:
4-point: 10
5-point: 0
6-point: 0
  Total: 10

********************************************************************************

All reference ligands assigned to this subjob have been processed.

Total number of active --> reference alignments performed = 44032

Final surviving common pharmacophore counts:
4-point: 10
5-point: 0
6-point: 0
  Total: 10

Saving common pharmacophores to directory pharm_hypo_sub_5_hypotheses . . .
Zipping pharm_hypo_sub_5_hypotheses to pharm_hypo_sub_5_hypotheses.zip . . .
Removing directory pharm_hypo_sub_5_hypotheses
Removing directory pharm_hypo_sub_5_project

CPU time = 3.27 sec
Elapsed time = 3.00 sec

phase_find_common successfully completed

Driver script for phase_find_common subjob pharm_hypo_sub_5 finished
Current time: Thu Mar 12 17:27:11 2026
Elapsed time = 0:00:03.49
phase_find_common results for pharm_hypo_sub_5 are complete

*** End of pharm_hypo_sub_5.log ***

*** Contents of pharm_hypo_sub_6.log ***

Driver script for phase_find_common subjob pharm_hypo_sub_6
Current time: Thu Mar 12 17:27:07 2026
Host name: panacea.uthsc.edu
Number of CPUs requested = 1
SCHRODINGER=/opt/schrodinger/schrodinger2026-1
SCHRODINGER_JOBID=38d57a7b-1e5a-11f1-a9d9-bcfce71846e6
MMSHARE_EXEC=/opt/schrodinger/schrodinger2026-1/mmshare-v7.3/bin/Linux-x86_64

Invoking phase_find_common binary to find and score common pharmacophores:
phase_find_common pharm_outputs/hypotheses/pharm_hypo.phzip -JOB pharm_hypo -sites 4:6 -subjob pharm_hypo_sub_6

********************************************************************************

Host name: panacea
SCHRODINGER=/opt/schrodinger/schrodinger2026-1
SCHRODINGER_JOBID=38d57a7b-1e5a-11f1-a9d9-bcfce71846e6
MMSHARE_EXEC=/opt/schrodinger/schrodinger2026-1/mmshare-v7.3/bin/Linux-x86_64

********************************************************************************

phase_find_common: Thu Mar 12 17:27:08 2026

Project archive = "pharm_outputs/hypotheses/pharm_hypo.phzip"
Options:
-JOB pharm_hypo
-sites 4:6
-subjob pharm_hypo_sub_6

Unzipping pharm_outputs/hypotheses/pharm_hypo.phzip to directory pharm_hypo_sub_6_project . . .

********************************************************************************

Aligning actives to 69 conformers of reference ligand mol_1 (1 of 1) . . .
10% complete
20% complete
30% complete
40% complete
50% complete
60% complete
70% complete
80% complete
90% complete
100% complete

Searching for pharmacophores that match at least 11 active groups . . .
Searching for pharmacophores that match at least 10 active groups . . .
Searching for pharmacophores that match at least 9 active groups . . .

Refining matches and alignments . . .
10% complete
20% complete
30% complete
40% complete
50% complete
60% complete
70% complete
80% complete
90% complete
100% complete

Surviving common pharmacophore counts for reference ligand mol_1:
4-point: 10
5-point: 0
6-point: 0
  Total: 10

Running totals for all reference ligands assigned to this subjob:
4-point: 10
5-point: 0
6-point: 0
  Total: 10

********************************************************************************

All reference ligands assigned to this subjob have been processed.

Total number of active --> reference alignments performed = 47127

Final surviving common pharmacophore counts:
4-point: 10
5-point: 0
6-point: 0
  Total: 10

Saving common pharmacophores to directory pharm_hypo_sub_6_hypotheses . . .
Zipping pharm_hypo_sub_6_hypotheses to pharm_hypo_sub_6_hypotheses.zip . . .
Removing directory pharm_hypo_sub_6_hypotheses
Removing directory pharm_hypo_sub_6_project

CPU time = 2.72 sec
Elapsed time = 2.00 sec

phase_find_common successfully completed

Driver script for phase_find_common subjob pharm_hypo_sub_6 finished
Current time: Thu Mar 12 17:27:10 2026
Elapsed time = 0:00:02.94
phase_find_common results for pharm_hypo_sub_6 are complete

*** End of pharm_hypo_sub_6.log ***

*** Contents of pharm_hypo_sub_7.log ***

Driver script for phase_find_common subjob pharm_hypo_sub_7
Current time: Thu Mar 12 17:27:07 2026
Host name: panacea.uthsc.edu
Number of CPUs requested = 1
SCHRODINGER=/opt/schrodinger/schrodinger2026-1
SCHRODINGER_JOBID=38d59181-1e5a-11f1-8c5c-bcfce71846e6
MMSHARE_EXEC=/opt/schrodinger/schrodinger2026-1/mmshare-v7.3/bin/Linux-x86_64

Invoking phase_find_common binary to find and score common pharmacophores:
phase_find_common pharm_outputs/hypotheses/pharm_hypo.phzip -JOB pharm_hypo -sites 4:6 -subjob pharm_hypo_sub_7

********************************************************************************

Host name: panacea
SCHRODINGER=/opt/schrodinger/schrodinger2026-1
SCHRODINGER_JOBID=38d59181-1e5a-11f1-8c5c-bcfce71846e6
MMSHARE_EXEC=/opt/schrodinger/schrodinger2026-1/mmshare-v7.3/bin/Linux-x86_64

********************************************************************************

phase_find_common: Thu Mar 12 17:27:08 2026

Project archive = "pharm_outputs/hypotheses/pharm_hypo.phzip"
Options:
-JOB pharm_hypo
-sites 4:6
-subjob pharm_hypo_sub_7

Unzipping pharm_outputs/hypotheses/pharm_hypo.phzip to directory pharm_hypo_sub_7_project . . .

********************************************************************************

Aligning actives to 69 conformers of reference ligand mol_9 (1 of 1) . . .
10% complete
20% complete
30% complete
40% complete
50% complete
60% complete
70% complete
80% complete
90% complete
100% complete

Searching for pharmacophores that match at least 11 active groups . . .
Searching for pharmacophores that match at least 10 active groups . . .
Searching for pharmacophores that match at least 9 active groups . . .

Refining matches and alignments . . .
10% complete
20% complete
30% complete
40% complete
50% complete
60% complete
70% complete
80% complete
90% complete
100% complete

Surviving common pharmacophore counts for reference ligand mol_9:
4-point: 10
5-point: 0
6-point: 0
  Total: 10

Running totals for all reference ligands assigned to this subjob:
4-point: 10
5-point: 0
6-point: 0
  Total: 10

********************************************************************************

All reference ligands assigned to this subjob have been processed.

Total number of active --> reference alignments performed = 47127

Final surviving common pharmacophore counts:
4-point: 10
5-point: 0
6-point: 0
  Total: 10

Saving common pharmacophores to directory pharm_hypo_sub_7_hypotheses . . .
Zipping pharm_hypo_sub_7_hypotheses to pharm_hypo_sub_7_hypotheses.zip . . .
Removing directory pharm_hypo_sub_7_hypotheses
Removing directory pharm_hypo_sub_7_project

CPU time = 2.93 sec
Elapsed time = 2.00 sec

phase_find_common successfully completed

Driver script for phase_find_common subjob pharm_hypo_sub_7 finished
Current time: Thu Mar 12 17:27:11 2026
Elapsed time = 0:00:03.15
phase_find_common results for pharm_hypo_sub_7 are complete

*** End of pharm_hypo_sub_7.log ***

*** Contents of pharm_hypo_sub_8.log ***

Driver script for phase_find_common subjob pharm_hypo_sub_8
Current time: Thu Mar 12 17:27:07 2026
Host name: panacea.uthsc.edu
Number of CPUs requested = 1
SCHRODINGER=/opt/schrodinger/schrodinger2026-1
SCHRODINGER_JOBID=38d58d15-1e5a-11f1-b052-bcfce71846e6
MMSHARE_EXEC=/opt/schrodinger/schrodinger2026-1/mmshare-v7.3/bin/Linux-x86_64

Invoking phase_find_common binary to find and score common pharmacophores:
phase_find_common pharm_outputs/hypotheses/pharm_hypo.phzip -JOB pharm_hypo -sites 4:6 -subjob pharm_hypo_sub_8

********************************************************************************

Host name: panacea
SCHRODINGER=/opt/schrodinger/schrodinger2026-1
SCHRODINGER_JOBID=38d58d15-1e5a-11f1-b052-bcfce71846e6
MMSHARE_EXEC=/opt/schrodinger/schrodinger2026-1/mmshare-v7.3/bin/Linux-x86_64

********************************************************************************

phase_find_common: Thu Mar 12 17:27:08 2026

Project archive = "pharm_outputs/hypotheses/pharm_hypo.phzip"
Options:
-JOB pharm_hypo
-sites 4:6
-subjob pharm_hypo_sub_8

Unzipping pharm_outputs/hypotheses/pharm_hypo.phzip to directory pharm_hypo_sub_8_project . . .

********************************************************************************

Aligning actives to 74 conformers of reference ligand mol_2 (1 of 1) . . .
10% complete
20% complete
30% complete
40% complete
50% complete
60% complete
70% complete
80% complete
90% complete
100% complete

Searching for pharmacophores that match at least 11 active groups . . .
Searching for pharmacophores that match at least 10 active groups . . .
Searching for pharmacophores that match at least 9 active groups . . .

Refining matches and alignments . . .
10% complete
20% complete
30% complete
40% complete
50% complete
60% complete
70% complete
80% complete
90% complete
100% complete

Surviving common pharmacophore counts for reference ligand mol_2:
4-point: 10
5-point: 0
6-point: 0
  Total: 10

Running totals for all reference ligands assigned to this subjob:
4-point: 10
5-point: 0
6-point: 0
  Total: 10

********************************************************************************

All reference ligands assigned to this subjob have been processed.

Total number of active --> reference alignments performed = 50172

Final surviving common pharmacophore counts:
4-point: 10
5-point: 0
6-point: 0
  Total: 10

Saving common pharmacophores to directory pharm_hypo_sub_8_hypotheses . . .
Zipping pharm_hypo_sub_8_hypotheses to pharm_hypo_sub_8_hypotheses.zip . . .
Removing directory pharm_hypo_sub_8_hypotheses
Removing directory pharm_hypo_sub_8_project

CPU time = 2.87 sec
Elapsed time = 2.00 sec

phase_find_common successfully completed

Driver script for phase_find_common subjob pharm_hypo_sub_8 finished
Current time: Thu Mar 12 17:27:10 2026
Elapsed time = 0:00:03.09
phase_find_common results for pharm_hypo_sub_8 are complete

*** End of pharm_hypo_sub_8.log ***

*** Contents of pharm_hypo_sub_9.log ***

Driver script for phase_find_common subjob pharm_hypo_sub_9
Current time: Thu Mar 12 17:27:08 2026
Host name: panacea.uthsc.edu
Number of CPUs requested = 1
SCHRODINGER=/opt/schrodinger/schrodinger2026-1
SCHRODINGER_JOBID=39029367-1e5a-11f1-970c-bcfce71846e6
MMSHARE_EXEC=/opt/schrodinger/schrodinger2026-1/mmshare-v7.3/bin/Linux-x86_64

Invoking phase_find_common binary to find and score common pharmacophores:
phase_find_common pharm_outputs/hypotheses/pharm_hypo.phzip -JOB pharm_hypo -sites 4:6 -subjob pharm_hypo_sub_9

********************************************************************************

Host name: panacea
SCHRODINGER=/opt/schrodinger/schrodinger2026-1
SCHRODINGER_JOBID=39029367-1e5a-11f1-970c-bcfce71846e6
MMSHARE_EXEC=/opt/schrodinger/schrodinger2026-1/mmshare-v7.3/bin/Linux-x86_64

********************************************************************************

phase_find_common: Thu Mar 12 17:27:08 2026

Project archive = "pharm_outputs/hypotheses/pharm_hypo.phzip"
Options:
-JOB pharm_hypo
-sites 4:6
-subjob pharm_hypo_sub_9

Unzipping pharm_outputs/hypotheses/pharm_hypo.phzip to directory pharm_hypo_sub_9_project . . .

********************************************************************************

Aligning actives to 80 conformers of reference ligand mol_3 (1 of 1) . . .
10% complete
20% complete
30% complete
40% complete
50% complete
60% complete
70% complete
80% complete
90% complete
100% complete

Searching for pharmacophores that match at least 11 active groups . . .
Searching for pharmacophores that match at least 10 active groups . . .
Searching for pharmacophores that match at least 9 active groups . . .

Refining matches and alignments . . .
10% complete
20% complete
30% complete
40% complete
50% complete
60% complete
70% complete
80% complete
90% complete
100% complete

Surviving common pharmacophore counts for reference ligand mol_3:
4-point: 10
5-point: 0
6-point: 0
  Total: 10

Running totals for all reference ligands assigned to this subjob:
4-point: 10
5-point: 0
6-point: 0
  Total: 10

********************************************************************************

All reference ligands assigned to this subjob have been processed.

Total number of active --> reference alignments performed = 53760

Final surviving common pharmacophore counts:
4-point: 10
5-point: 0
6-point: 0
  Total: 10

Saving common pharmacophores to directory pharm_hypo_sub_9_hypotheses . . .
Zipping pharm_hypo_sub_9_hypotheses to pharm_hypo_sub_9_hypotheses.zip . . .
Removing directory pharm_hypo_sub_9_hypotheses
Removing directory pharm_hypo_sub_9_project

CPU time = 3.21 sec
Elapsed time = 3.00 sec

phase_find_common successfully completed

Driver script for phase_find_common subjob pharm_hypo_sub_9 finished
Current time: Thu Mar 12 17:27:11 2026
Elapsed time = 0:00:03.46
phase_find_common results for pharm_hypo_sub_9 are complete

*** End of pharm_hypo_sub_9.log ***

*** Contents of pharm_hypo_sub_10.log ***

Driver script for phase_find_common subjob pharm_hypo_sub_10
Current time: Thu Mar 12 17:27:08 2026
Host name: panacea.uthsc.edu
Number of CPUs requested = 1
SCHRODINGER=/opt/schrodinger/schrodinger2026-1
SCHRODINGER_JOBID=390524b2-1e5a-11f1-b93e-bcfce71846e6
MMSHARE_EXEC=/opt/schrodinger/schrodinger2026-1/mmshare-v7.3/bin/Linux-x86_64

Invoking phase_find_common binary to find and score common pharmacophores:
phase_find_common pharm_outputs/hypotheses/pharm_hypo.phzip -JOB pharm_hypo -sites 4:6 -subjob pharm_hypo_sub_10

********************************************************************************

Host name: panacea
SCHRODINGER=/opt/schrodinger/schrodinger2026-1
SCHRODINGER_JOBID=390524b2-1e5a-11f1-b93e-bcfce71846e6
MMSHARE_EXEC=/opt/schrodinger/schrodinger2026-1/mmshare-v7.3/bin/Linux-x86_64

********************************************************************************

phase_find_common: Thu Mar 12 17:27:08 2026

Project archive = "pharm_outputs/hypotheses/pharm_hypo.phzip"
Options:
-JOB pharm_hypo
-sites 4:6
-subjob pharm_hypo_sub_10

Unzipping pharm_outputs/hypotheses/pharm_hypo.phzip to directory pharm_hypo_sub_10_project . . .

********************************************************************************

Aligning actives to 80 conformers of reference ligand mol_8 (1 of 1) . . .
10% complete
20% complete
30% complete
40% complete
50% complete
60% complete
70% complete
80% complete
90% complete
100% complete

Searching for pharmacophores that match at least 11 active groups . . .
Searching for pharmacophores that match at least 10 active groups . . .
Searching for pharmacophores that match at least 9 active groups . . .

Refining matches and alignments . . .
10% complete
20% complete
30% complete
40% complete
50% complete
60% complete
70% complete
80% complete
90% complete
100% complete

Surviving common pharmacophore counts for reference ligand mol_8:
4-point: 10
5-point: 0
6-point: 0
  Total: 10

Running totals for all reference ligands assigned to this subjob:
4-point: 10
5-point: 0
6-point: 0
  Total: 10

********************************************************************************

All reference ligands assigned to this subjob have been processed.

Total number of active --> reference alignments performed = 53760

Final surviving common pharmacophore counts:
4-point: 10
5-point: 0
6-point: 0
  Total: 10

Saving common pharmacophores to directory pharm_hypo_sub_10_hypotheses . . .
Zipping pharm_hypo_sub_10_hypotheses to pharm_hypo_sub_10_hypotheses.zip . . .
Removing directory pharm_hypo_sub_10_hypotheses
Removing directory pharm_hypo_sub_10_project

CPU time = 3.69 sec
Elapsed time = 4.00 sec

phase_find_common successfully completed

Driver script for phase_find_common subjob pharm_hypo_sub_10 finished
Current time: Thu Mar 12 17:27:12 2026
Elapsed time = 0:00:03.93
phase_find_common results for pharm_hypo_sub_10 are complete

*** End of pharm_hypo_sub_10.log ***

*** Contents of pharm_hypo_sub_11.log ***

Driver script for phase_find_common subjob pharm_hypo_sub_11
Current time: Thu Mar 12 17:27:08 2026
Host name: panacea.uthsc.edu
Number of CPUs requested = 1
SCHRODINGER=/opt/schrodinger/schrodinger2026-1
SCHRODINGER_JOBID=38fe0133-1e5a-11f1-98f4-bcfce71846e6
MMSHARE_EXEC=/opt/schrodinger/schrodinger2026-1/mmshare-v7.3/bin/Linux-x86_64

Invoking phase_find_common binary to find and score common pharmacophores:
phase_find_common pharm_outputs/hypotheses/pharm_hypo.phzip -JOB pharm_hypo -sites 4:6 -subjob pharm_hypo_sub_11

********************************************************************************

Host name: panacea
SCHRODINGER=/opt/schrodinger/schrodinger2026-1
SCHRODINGER_JOBID=38fe0133-1e5a-11f1-98f4-bcfce71846e6
MMSHARE_EXEC=/opt/schrodinger/schrodinger2026-1/mmshare-v7.3/bin/Linux-x86_64

********************************************************************************

phase_find_common: Thu Mar 12 17:27:08 2026

Project archive = "pharm_outputs/hypotheses/pharm_hypo.phzip"
Options:
-JOB pharm_hypo
-sites 4:6
-subjob pharm_hypo_sub_11

Unzipping pharm_outputs/hypotheses/pharm_hypo.phzip to directory pharm_hypo_sub_11_project . . .

********************************************************************************

Aligning actives to 87 conformers of reference ligand mol_5 (1 of 1) . . .
10% complete
20% complete
30% complete
40% complete
50% complete
60% complete
70% complete
80% complete
90% complete
100% complete

Searching for pharmacophores that match at least 11 active groups . . .
Searching for pharmacophores that match at least 10 active groups . . .
Searching for pharmacophores that match at least 9 active groups . . .

Refining matches and alignments . . .
20% complete
40% complete
60% complete
80% complete
100% complete

Surviving common pharmacophore counts for reference ligand mol_5:
4-point: 9
5-point: 0
6-point: 0
  Total: 9

Running totals for all reference ligands assigned to this subjob:
4-point: 9
5-point: 0
6-point: 0
  Total: 9

********************************************************************************

All reference ligands assigned to this subjob have been processed.

Total number of active --> reference alignments performed = 57855

Final surviving common pharmacophore counts:
4-point: 9
5-point: 0
6-point: 0
  Total: 9

Saving common pharmacophores to directory pharm_hypo_sub_11_hypotheses . . .
Zipping pharm_hypo_sub_11_hypotheses to pharm_hypo_sub_11_hypotheses.zip . . .
Removing directory pharm_hypo_sub_11_hypotheses
Removing directory pharm_hypo_sub_11_project

CPU time = 2.35 sec
Elapsed time = 2.00 sec

phase_find_common successfully completed

Driver script for phase_find_common subjob pharm_hypo_sub_11 finished
Current time: Thu Mar 12 17:27:10 2026
Elapsed time = 0:00:02.60
phase_find_common results for pharm_hypo_sub_11 are complete

*** End of pharm_hypo_sub_11.log ***

Unzipping pharm_outputs/hypotheses/pharm_hypo.phzip to directory pharm_hypo_cleanup . . .

Processing pharm_hypo_sub_1 results . . .
Unzipping pharm_hypo_sub_1_hypotheses.zip . . .
Removing directory pharm_hypo_sub_1_hypotheses

Processing pharm_hypo_sub_2 results . . .
Unzipping pharm_hypo_sub_2_hypotheses.zip . . .
Importing pharmacophores from pharm_hypo_sub_2_hypotheses/template_6.pharm . . .
Removing directory pharm_hypo_sub_2_hypotheses

Processing pharm_hypo_sub_3 results . . .
Unzipping pharm_hypo_sub_3_hypotheses.zip . . .
Importing pharmacophores from pharm_hypo_sub_3_hypotheses/template_9.pharm . . .
Removing directory pharm_hypo_sub_3_hypotheses

Processing pharm_hypo_sub_4 results . . .
Unzipping pharm_hypo_sub_4_hypotheses.zip . . .
Importing pharmacophores from pharm_hypo_sub_4_hypotheses/template_5.pharm . . .
Removing directory pharm_hypo_sub_4_hypotheses

Processing pharm_hypo_sub_5 results . . .
Unzipping pharm_hypo_sub_5_hypotheses.zip . . .
Importing pharmacophores from pharm_hypo_sub_5_hypotheses/template_3.pharm . . .
Removing directory pharm_hypo_sub_5_hypotheses

Processing pharm_hypo_sub_6 results . . .
Unzipping pharm_hypo_sub_6_hypotheses.zip . . .
Importing pharmacophores from pharm_hypo_sub_6_hypotheses/template_0.pharm . . .
Removing directory pharm_hypo_sub_6_hypotheses

Processing pharm_hypo_sub_7 results . . .
Unzipping pharm_hypo_sub_7_hypotheses.zip . . .
Importing pharmacophores from pharm_hypo_sub_7_hypotheses/template_8.pharm . . .
Removing directory pharm_hypo_sub_7_hypotheses

Processing pharm_hypo_sub_8 results . . .
Unzipping pharm_hypo_sub_8_hypotheses.zip . . .
Importing pharmacophores from pharm_hypo_sub_8_hypotheses/template_1.pharm . . .
Removing directory pharm_hypo_sub_8_hypotheses

Processing pharm_hypo_sub_9 results . . .
Unzipping pharm_hypo_sub_9_hypotheses.zip . . .
Importing pharmacophores from pharm_hypo_sub_9_hypotheses/template_2.pharm . . .
Removing directory pharm_hypo_sub_9_hypotheses

Processing pharm_hypo_sub_10 results . . .
Unzipping pharm_hypo_sub_10_hypotheses.zip . . .
Importing pharmacophores from pharm_hypo_sub_10_hypotheses/template_7.pharm . . .
Removing directory pharm_hypo_sub_10_hypotheses

Processing pharm_hypo_sub_11 results . . .
Unzipping pharm_hypo_sub_11_hypotheses.zip . . .
Importing pharmacophores from pharm_hypo_sub_11_hypotheses/template_4.pharm . . .
Removing directory pharm_hypo_sub_11_hypotheses

Merging pharmacophores from all subjobs . . .

Final surviving common pharmacophore counts:
4-point: 10
5-point: 0
6-point: 0
  Total: 10

Preparing short virtual screens to compute PhaseHypoScore for 10 surviving common pharmacophore hypotheses . . .

Creating pharm_hypo_actives/actives.phprj with default conformers . . .

Unzipping decoys archive /opt/schrodinger/schrodinger2026-1/internal/data/phase/pharma_decoys.phzip to directory pharm_hypo_decoys . . .
Writing hypotheses to pharm_hypo_bedroc_hypotheses . . .
Zipping hypotheses to "/home/nbhatta1/.schrodinger/tmp/nbhatta1/jobs/3856b81d-1e5a-11f1-b817-bcfce71846e6/pharm_hypo_bedroc_hypotheses.zip" . . . 

Running short virtual screens for PhaseHypoScore:
"/opt/schrodinger/schrodinger2026-1/phase_screen" "pharm_hypo_bedroc_proj.list" "/home/nbhatta1/.schrodinger/tmp/nbhatta1/jobs/3856b81d-1e5a-11f1-b817-bcfce71846e6/pharm_hypo_bedroc_hypotheses.zip" pharm_hypo_bedroc_screens -d 2.0 -aw 1 -vw 1 -volw 1 -nosort -HOST "localhost:10" -WAIT . . .
JobId: 465dee9c-1e5a-11f1-97bd-bcfce71846e6

Short virtual screens for PhaseHypoScore completed. Processing hits . . .

Computing BEDROC for PhaseHypoScore . . .

Removing directory pharm_hypo_actives
Removing directory pharm_hypo_decoys

Elapsed time to perform active/decoy screens = 28.00 sec

Compiling final results and writing to directory pharm_hypo_find_common . . .
20% complete
40% complete
60% complete
80% complete
100% complete

Zipping pharm_hypo_find_common to pharm_hypo_find_common.zip . . .
Removing directory pharm_hypo_find_common
Removing directory pharm_hypo_cleanup

CPU time = 1.86 sec
Elapsed time = 29.00 sec

phase_find_common successfully completed

Driver script for phase_find_common job pharm_hypo finished
Current time: Thu Mar 12 17:27:52 2026
Elapsed time = 0:00:45.09
phase_find_common results for pharm_hypo are complete
