20:41:08 <INFO> Started REINVENT 4.7.15 (C) AstraZeneca 2017, 2023 on 2026-03-12
20:41:08 <INFO> Command line: /home/nbhatta1/Desktop/qsar-project-Tzu/.venv/bin/reinvent -l reinvent_integration/results/initial_sampling.log reinvent_integration/configs/reinvent_sampling_initial.toml
20:41:08 <INFO> Reading run configuration from /home/nbhatta1/Desktop/qsar-project-Tzu/reinvent_integration/configs/reinvent_sampling_initial.toml using format toml
20:41:08 <INFO> User nbhatta1 on host panacea
20:41:08 <INFO> Python version 3.11.13
20:41:08 <INFO> PyTorch version 2.9.1+cu128, git 5811a8d7da873dd699ff6687092c225caffcf1bb
20:41:08 <INFO> PyTorch compiled with CUDA version 12.8
20:41:08 <INFO> RDKit version 2025.09.6
20:41:08 <INFO> Platform Linux-5.14.0-611.30.1.el9_7.x86_64-x86_64-with-glibc2.34
20:41:09 <INFO> CUDA driver version 590.48.01
20:41:09 <INFO> Number of PyTorch CUDA devices 1
20:41:09 <WARN> 'use_cuda' is deprecated, use 'device' instead
20:41:09 <INFO> Using CPU x86_64
20:41:09 <INFO> Starting Sampling
20:41:09 <INFO> /home/nbhatta1/Desktop/qsar-project-Tzu/reinvent_integration/results/series_ce_tuned_reinvent.model has valid hash:
{ 'comments': ['Seed prior created for initial generation preview', 'TL'],
  'creation_date': 1773362251.738379,
  'date_format': 'UNIX epoch',
  'hash_id': '9866c0e3dc886be0850990877defab15',
  'hash_id_format': 'xxhash.xxh3_128_hex 3.6.0',
  'model_id': UUID('a741a011-321f-4c53-95c6-aeadc7aa23a4'),
  'model_id_format': 'uuid.uuid4 3.11.13',
  'origina_data_source': 'TB Project QSAR Series C/E',
  'updates': [1773362299.80581]}
20:41:09 <INFO> Number of network parameters: 5,796,374
20:41:09 <INFO> Network architecture:
RNN(
  (_embedding): Embedding(22, 256)
  (_rnn): LSTM(256, 512, num_layers=3, batch_first=True)
  (_linear): Linear(in_features=512, out_features=22, bias=True)
)
20:41:09 <INFO> Using generator Reinvent
20:41:09 <INFO> Writing sampled SMILES to CSV file reinvent_integration/results/initial_samples.csv
20:41:09 <INFO> Sampling 500 SMILES from model reinvent_integration/results/series_ce_tuned_reinvent.model
20:41:10 <INFO> Sampled SMILES [N+][nH][O-][N+] failed to sanitize.
20:41:10 <INFO> Sampled SMILES Fn-FBr[nH][N+]#[nH]F failed to sanitize.
20:41:10 <INFO> Sampled SMILES [nH] failed to sanitize.
20:41:10 <INFO> Sampled SMILES CBrNNBr failed to sanitize.
20:41:10 <INFO> Sampled SMILES N-[O-]cnN[O-] failed to sanitize.
20:41:10 <INFO> Sampled SMILES nC failed to sanitize.
20:41:10 <INFO> Sampled SMILES [O-][nH]BrcBrc failed to sanitize.
20:41:10 <INFO> Sampled SMILES n[O-]C failed to sanitize.
20:41:10 <INFO> Sampled SMILES CBrO failed to sanitize.
20:41:10 <INFO> Sampled SMILES [nH] failed to sanitize.
20:41:10 <INFO> Sampled SMILES nN[N+] failed to sanitize.
20:41:10 <INFO> Peak main memory usage: 936.562 MiB
20:41:10 <INFO> Finished REINVENT on 2026-03-12
