16:27:09 <INFO> Started REINVENT 4.7.15 (C) AstraZeneca 2017, 2023 on 2026-03-13
16:27:09 <INFO> Command line: .venv/bin/reinvent -l reinvent_integration/results/sampling_guided_quick_rerun.log reinvent_integration/configs/reinvent_sampling_guided_quick.toml
16:27:09 <INFO> Reading run configuration from /home/nbhatta1/Desktop/qsar-project-Tzu/reinvent_integration/configs/reinvent_sampling_guided_quick.toml using format toml
16:27:09 <INFO> User nbhatta1 on host panacea
16:27:09 <INFO> Python version 3.11.13
16:27:09 <INFO> PyTorch version 2.9.1+cu128, git 5811a8d7da873dd699ff6687092c225caffcf1bb
16:27:09 <INFO> PyTorch compiled with CUDA version 12.8
16:27:09 <INFO> RDKit version 2025.09.6
16:27:09 <INFO> Platform Linux-5.14.0-611.30.1.el9_7.x86_64-x86_64-with-glibc2.34
16:27:09 <INFO> CUDA driver version 590.48.01
16:27:09 <INFO> Number of PyTorch CUDA devices 1
16:27:09 <WARN> 'use_cuda' is deprecated, use 'device' instead
16:27:09 <INFO> Using CPU x86_64
16:27:09 <INFO> Starting Sampling
16:27:09 <INFO> /home/nbhatta1/Desktop/qsar-project-Tzu/reinvent_integration/results/reinvent_series_ce_guided_quick.chkpt has valid hash:
{ 'comments': [ 'Seed prior created for initial generation preview',
                'TL',
                'RL',
                'RL'],
  'creation_date': 1773362251.738379,
  'date_format': 'UNIX epoch',
  'hash_id': '2093721dc1f0c62212b8fe49d49ed6aa',
  'hash_id_format': 'xxhash.xxh3_128_hex 3.6.0',
  'model_id': UUID('a741a011-321f-4c53-95c6-aeadc7aa23a4'),
  'model_id_format': 'uuid.uuid4 3.11.13',
  'origina_data_source': 'TB Project QSAR Series C/E',
  'updates': [1773362299.1355045, 1773363291.1358783, 1773363291.1535065]}
16:27:09 <INFO> Number of network parameters: 5,796,374
16:27:09 <INFO> Network architecture:
RNN(
  (_embedding): Embedding(22, 256)
  (_rnn): LSTM(256, 512, num_layers=3, batch_first=True)
  (_linear): Linear(in_features=512, out_features=22, bias=True)
)
16:27:09 <INFO> Using generator Reinvent
16:27:09 <INFO> Writing sampled SMILES to CSV file reinvent_integration/results/initial_samples_guided_quick.csv
16:27:09 <INFO> Sampling 1000 SMILES from model reinvent_integration/results/reinvent_series_ce_guided_quick.chkpt
16:27:11 <INFO> Sampled SMILES [O-]FO[N+] failed to sanitize.
16:27:11 <INFO> Sampled SMILES CCc failed to sanitize.
16:27:11 <INFO> Sampled SMILES C[nH]2[N+]n5N2(O5)[O-] failed to sanitize.
16:27:11 <INFO> Sampled SMILES [nH] failed to sanitize.
16:27:11 <INFO> Sampled SMILES [O-]-Cc[nH]c failed to sanitize.
16:27:11 <INFO> Sampled SMILES Fn[nH][O-] failed to sanitize.
16:27:11 <INFO> Sampled SMILES Br[O-]=n[O-] failed to sanitize.
16:27:11 <INFO> Sampled SMILES [N+]#c failed to sanitize.
16:27:11 <INFO> Sampled SMILES Brn[N+]n(n[nH]) failed to sanitize.
16:27:11 <INFO> Sampled SMILES c failed to sanitize.
16:27:11 <INFO> Sampled SMILES Oc failed to sanitize.
16:27:11 <INFO> Sampled SMILES CBr[N+] failed to sanitize.
16:27:11 <INFO> Sampled SMILES c(N) failed to sanitize.
16:27:11 <INFO> Sampled SMILES BrCN[O-]C failed to sanitize.
16:27:11 <INFO> Sampled SMILES n[O-] failed to sanitize.
16:27:11 <INFO> Sampled SMILES F[nH]#[nH] failed to sanitize.
16:27:11 <INFO> Sampled SMILES C-n[nH]F failed to sanitize.
16:27:11 <INFO> Sampled SMILES [nH] failed to sanitize.
16:27:11 <INFO> Sampled SMILES cO failed to sanitize.
16:27:11 <INFO> Sampled SMILES c[N+] failed to sanitize.
16:27:11 <INFO> Sampled SMILES CcBr failed to sanitize.
16:27:11 <INFO> Sampled SMILES n failed to sanitize.
16:27:11 <INFO> Sampled SMILES [N+]nF failed to sanitize.
16:27:11 <INFO> Sampled SMILES F#[N+] failed to sanitize.
16:27:11 <INFO> Sampled SMILES c failed to sanitize.
16:27:11 <INFO> Sampled SMILES cF failed to sanitize.
16:27:11 <INFO> Sampled SMILES [nH] failed to sanitize.
16:27:11 <INFO> Sampled SMILES [N+]nBr failed to sanitize.
16:27:11 <INFO> Peak main memory usage: 957.312 MiB
16:27:11 <INFO> Finished REINVENT on 2026-03-13
