21:11:50 <INFO> Started REINVENT 4.7.15 (C) AstraZeneca 2017, 2023 on 2026-03-12
21:11:50 <INFO> Command line: ./.venv/bin/reinvent -l reinvent_integration/results/sampling_similarity.log reinvent_integration/configs/reinvent_sampling_similarity.toml
21:11:50 <INFO> Reading run configuration from /home/nbhatta1/Desktop/qsar-project-Tzu/reinvent_integration/configs/reinvent_sampling_similarity.toml using format toml
21:11:50 <INFO> User nbhatta1 on host panacea
21:11:50 <INFO> Python version 3.11.13
21:11:50 <INFO> PyTorch version 2.9.1+cu128, git 5811a8d7da873dd699ff6687092c225caffcf1bb
21:11:50 <INFO> PyTorch compiled with CUDA version 12.8
21:11:50 <INFO> RDKit version 2025.09.6
21:11:50 <INFO> Platform Linux-5.14.0-611.30.1.el9_7.x86_64-x86_64-with-glibc2.34
21:11:50 <INFO> CUDA driver version 590.48.01
21:11:50 <INFO> Number of PyTorch CUDA devices 1
21:11:50 <WARN> 'use_cuda' is deprecated, use 'device' instead
21:11:50 <INFO> Using CPU x86_64
21:11:50 <INFO> Starting Sampling
21:11:50 <INFO> /home/nbhatta1/Desktop/qsar-project-Tzu/reinvent_integration/results/reinvent_series_ce_similarity.chkpt has valid hash:
{ 'comments': [ 'Seed prior created for initial generation preview',
                'TL',
                'RL',
                'RL'],
  'creation_date': 1773362251.738379,
  'date_format': 'UNIX epoch',
  'hash_id': '8f809347f3650f261cc60b4a583eea9d',
  'hash_id_format': 'xxhash.xxh3_128_hex 3.6.0',
  'model_id': UUID('a741a011-321f-4c53-95c6-aeadc7aa23a4'),
  'model_id_format': 'uuid.uuid4 3.11.13',
  'origina_data_source': 'TB Project QSAR Series C/E',
  'updates': [1773362299.1355045, 1773363885.3210208, 1773363885.3430154]}
21:11:50 <INFO> Number of network parameters: 5,796,374
21:11:50 <INFO> Network architecture:
RNN(
  (_embedding): Embedding(22, 256)
  (_rnn): LSTM(256, 512, num_layers=3, batch_first=True)
  (_linear): Linear(in_features=512, out_features=22, bias=True)
)
21:11:50 <INFO> Using generator Reinvent
21:11:50 <INFO> Writing sampled SMILES to CSV file reinvent_integration/results/samples_similarity_guided.csv
21:11:50 <INFO> Sampling 1000 SMILES from model reinvent_integration/results/reinvent_series_ce_similarity.chkpt
21:11:53 <INFO> Sampled SMILES c[N+]CBr failed to sanitize.
21:11:53 <INFO> Sampled SMILES [nH] failed to sanitize.
21:11:53 <INFO> Sampled SMILES NF[nH]Fc failed to sanitize.
21:11:53 <INFO> Sampled SMILES n failed to sanitize.
21:11:53 <INFO> Sampled SMILES FNOOn failed to sanitize.
21:11:53 <INFO> Sampled SMILES nc#C failed to sanitize.
21:11:53 <INFO> Sampled SMILES ccCBr failed to sanitize.
21:11:53 <INFO> Sampled SMILES CCcF[O-] failed to sanitize.
21:11:53 <INFO> Sampled SMILES [nH] failed to sanitize.
21:11:53 <INFO> Sampled SMILES [nH] failed to sanitize.
21:11:53 <INFO> Sampled SMILES CnOF failed to sanitize.
21:11:53 <INFO> Sampled SMILES cF failed to sanitize.
21:11:53 <INFO> Sampled SMILES [N+]#n[nH]Br failed to sanitize.
21:11:53 <INFO> Sampled SMILES n#Br[O-]#C failed to sanitize.
21:11:53 <INFO> Sampled SMILES [O-]FO failed to sanitize.
21:11:53 <INFO> Sampled SMILES [O-]nCcc[nH] failed to sanitize.
21:11:53 <INFO> Sampled SMILES FN[nH] failed to sanitize.
21:11:53 <INFO> Sampled SMILES OF[nH] failed to sanitize.
21:11:53 <INFO> Sampled SMILES n failed to sanitize.
21:11:53 <INFO> Sampled SMILES nc failed to sanitize.
21:11:53 <INFO> Sampled SMILES O[O-]Br failed to sanitize.
21:11:53 <INFO> Sampled SMILES c[N+] failed to sanitize.
21:11:53 <INFO> Sampled SMILES c failed to sanitize.
21:11:53 <INFO> Sampled SMILES [nH]NBr failed to sanitize.
21:11:53 <INFO> Sampled SMILES nn failed to sanitize.
21:11:53 <INFO> Sampled SMILES BrBr[nH]=BrBrN1F[N+][N+]1[nH] failed to sanitize.
21:11:53 <INFO> Sampled SMILES BrC[nH]N failed to sanitize.
21:11:53 <INFO> Sampled SMILES Nc failed to sanitize.
21:11:53 <INFO> Sampled SMILES nOF failed to sanitize.
21:11:53 <INFO> Sampled SMILES N[nH] failed to sanitize.
21:11:53 <INFO> Sampled SMILES nCccN[nH] failed to sanitize.
21:11:53 <INFO> Sampled SMILES F[N+][nH]c-[O-]N[nH] failed to sanitize.
21:11:53 <INFO> Sampled SMILES [O-]4C[nH]4 failed to sanitize.
21:11:53 <INFO> Sampled SMILES Cc[N+]Ncc failed to sanitize.
21:11:53 <INFO> Sampled SMILES F[nH]BrF failed to sanitize.
21:11:53 <INFO> Peak main memory usage: 971.402 MiB
21:11:53 <INFO> Finished REINVENT on 2026-03-12
