21:26:35 <INFO> Started REINVENT 4.7.15 (C) AstraZeneca 2017, 2023 on 2026-03-12
21:26:35 <INFO> Command line: ./.venv/bin/reinvent -l reinvent_integration/results/sampling_hop_v2.log reinvent_integration/configs/reinvent_sampling_scaffold_hopping.toml
21:26:35 <INFO> Reading run configuration from /home/nbhatta1/Desktop/qsar-project-Tzu/reinvent_integration/configs/reinvent_sampling_scaffold_hopping.toml using format toml
21:26:35 <INFO> User nbhatta1 on host panacea
21:26:35 <INFO> Python version 3.11.13
21:26:35 <INFO> PyTorch version 2.9.1+cu128, git 5811a8d7da873dd699ff6687092c225caffcf1bb
21:26:35 <INFO> PyTorch compiled with CUDA version 12.8
21:26:35 <INFO> RDKit version 2025.09.6
21:26:35 <INFO> Platform Linux-5.14.0-611.30.1.el9_7.x86_64-x86_64-with-glibc2.34
21:26:35 <INFO> CUDA driver version 590.48.01
21:26:35 <INFO> Number of PyTorch CUDA devices 1
21:26:35 <WARN> 'use_cuda' is deprecated, use 'device' instead
21:26:35 <INFO> Using CPU x86_64
21:26:35 <INFO> Starting Sampling
21:26:35 <INFO> /home/nbhatta1/Desktop/qsar-project-Tzu/reinvent_integration/results/reinvent_series_ce_scaffold_hopping.chkpt has valid hash:
{ 'comments': [ 'Seed prior created for initial generation preview',
                'TL',
                'RL',
                'RL'],
  'creation_date': 1773362251.738379,
  'date_format': 'UNIX epoch',
  'hash_id': 'af2431fff3d091350b8779841a5f5cd4',
  'hash_id_format': 'xxhash.xxh3_128_hex 3.6.0',
  'model_id': UUID('a741a011-321f-4c53-95c6-aeadc7aa23a4'),
  'model_id_format': 'uuid.uuid4 3.11.13',
  'origina_data_source': 'TB Project QSAR Series C/E',
  'updates': [1773364863.6984305, 1773365035.153078, 1773365035.174078]}
21:26:35 <INFO> Number of network parameters: 5,796,374
21:26:35 <INFO> Network architecture:
RNN(
  (_embedding): Embedding(22, 256)
  (_rnn): LSTM(256, 512, num_layers=3, batch_first=True)
  (_linear): Linear(in_features=512, out_features=22, bias=True)
)
21:26:35 <INFO> Using generator Reinvent
21:26:35 <INFO> Writing sampled SMILES to CSV file reinvent_integration/results/samples_scaffold_hopping_v2.csv
21:26:35 <INFO> Sampling 1000 SMILES from model reinvent_integration/results/reinvent_series_ce_scaffold_hopping.chkpt
21:26:38 <INFO> Sampled SMILES OFOBrOO failed to sanitize.
21:26:38 <INFO> Sampled SMILES cBr failed to sanitize.
21:26:38 <INFO> Sampled SMILES n failed to sanitize.
21:26:38 <INFO> Sampled SMILES [nH] failed to sanitize.
21:26:38 <INFO> Sampled SMILES [O-][nH] failed to sanitize.
21:26:38 <INFO> Sampled SMILES [nH]F failed to sanitize.
21:26:38 <INFO> Sampled SMILES nn[nH]NO failed to sanitize.
21:26:38 <INFO> Sampled SMILES n failed to sanitize.
21:26:38 <INFO> Sampled SMILES OFN failed to sanitize.
21:26:38 <INFO> Sampled SMILES cBr failed to sanitize.
21:26:38 <INFO> Sampled SMILES O#n[O-]n45FN5[O-]4 failed to sanitize.
21:26:38 <INFO> Sampled SMILES F-N[O-]C failed to sanitize.
21:26:38 <INFO> Sampled SMILES FF[O-]n[O-] failed to sanitize.
21:26:38 <INFO> Sampled SMILES cBrBr[nH]CBr failed to sanitize.
21:26:38 <INFO> Sampled SMILES n[O-][nH] failed to sanitize.
21:26:38 <INFO> Sampled SMILES c failed to sanitize.
21:26:38 <INFO> Sampled SMILES CcN failed to sanitize.
21:26:38 <INFO> Sampled SMILES F#F[N+]#cN failed to sanitize.
21:26:38 <INFO> Sampled SMILES [nH] failed to sanitize.
21:26:38 <INFO> Sampled SMILES [O-]Br[O-]F failed to sanitize.
21:26:38 <INFO> Sampled SMILES [nH] failed to sanitize.
21:26:38 <INFO> Sampled SMILES nFBrC failed to sanitize.
21:26:38 <INFO> Sampled SMILES F[O-]cCc failed to sanitize.
21:26:38 <INFO> Peak main memory usage: 965.004 MiB
21:26:38 <INFO> Finished REINVENT on 2026-03-12
