21:12:04 <INFO> Started REINVENT 4.7.15 (C) AstraZeneca 2017, 2023 on 2026-03-12
21:12:04 <INFO> Command line: ./.venv/bin/reinvent -l reinvent_integration/results/sampling_scaffold_generation.log reinvent_integration/configs/reinvent_sampling_scaffold_generation.toml
21:12:04 <INFO> Reading run configuration from /home/nbhatta1/Desktop/qsar-project-Tzu/reinvent_integration/configs/reinvent_sampling_scaffold_generation.toml using format toml
21:12:04 <INFO> User nbhatta1 on host panacea
21:12:04 <INFO> Python version 3.11.13
21:12:04 <INFO> PyTorch version 2.9.1+cu128, git 5811a8d7da873dd699ff6687092c225caffcf1bb
21:12:04 <INFO> PyTorch compiled with CUDA version 12.8
21:12:04 <INFO> RDKit version 2025.09.6
21:12:04 <INFO> Platform Linux-5.14.0-611.30.1.el9_7.x86_64-x86_64-with-glibc2.34
21:12:04 <INFO> CUDA driver version 590.48.01
21:12:04 <INFO> Number of PyTorch CUDA devices 1
21:12:04 <WARN> 'use_cuda' is deprecated, use 'device' instead
21:12:04 <INFO> Using CPU x86_64
21:12:04 <INFO> Starting Sampling
21:12:04 <INFO> /home/nbhatta1/Desktop/qsar-project-Tzu/reinvent_integration/results/reinvent_series_ce_scaffold_generation.chkpt has valid hash:
{ 'comments': [ 'Seed prior created for initial generation preview',
                'TL',
                'RL',
                'RL'],
  'creation_date': 1773362251.738379,
  'date_format': 'UNIX epoch',
  'hash_id': 'df2c59ec77672e477e555b92041f581a',
  'hash_id_format': 'xxhash.xxh3_128_hex 3.6.0',
  'model_id': UUID('a741a011-321f-4c53-95c6-aeadc7aa23a4'),
  'model_id_format': 'uuid.uuid4 3.11.13',
  'origina_data_source': 'TB Project QSAR Series C/E',
  'updates': [1773362299.1355045, 1773364281.8468559, 1773364281.8692226]}
21:12:04 <INFO> Number of network parameters: 5,796,374
21:12:04 <INFO> Network architecture:
RNN(
  (_embedding): Embedding(22, 256)
  (_rnn): LSTM(256, 512, num_layers=3, batch_first=True)
  (_linear): Linear(in_features=512, out_features=22, bias=True)
)
21:12:04 <INFO> Using generator Reinvent
21:12:04 <INFO> Writing sampled SMILES to CSV file reinvent_integration/results/samples_scaffold_generation.csv
21:12:04 <INFO> Sampling 1000 SMILES from model reinvent_integration/results/reinvent_series_ce_scaffold_generation.chkpt
21:12:06 <INFO> Sampled SMILES cc failed to sanitize.
21:12:06 <INFO> Sampled SMILES [nH] failed to sanitize.
21:12:06 <INFO> Sampled SMILES [nH] failed to sanitize.
21:12:06 <INFO> Sampled SMILES [nH] failed to sanitize.
21:12:06 <INFO> Sampled SMILES [nH]c failed to sanitize.
21:12:06 <INFO> Sampled SMILES n#C failed to sanitize.
21:12:06 <INFO> Sampled SMILES C[nH] failed to sanitize.
21:12:06 <INFO> Sampled SMILES Fc[nH]c=NcF[N+]CcF failed to sanitize.
21:12:06 <INFO> Sampled SMILES c failed to sanitize.
21:12:06 <INFO> Sampled SMILES nBr-Br failed to sanitize.
21:12:06 <INFO> Sampled SMILES c failed to sanitize.
21:12:06 <INFO> Sampled SMILES F[N+]F-F failed to sanitize.
21:12:06 <INFO> Sampled SMILES Oc failed to sanitize.
21:12:06 <INFO> Sampled SMILES Brc failed to sanitize.
21:12:06 <INFO> Sampled SMILES [N+]FBrBrFCBr failed to sanitize.
21:12:06 <INFO> Sampled SMILES cOBrC failed to sanitize.
21:12:06 <INFO> Sampled SMILES O-cC failed to sanitize.
21:12:06 <INFO> Sampled SMILES c failed to sanitize.
21:12:06 <INFO> Sampled SMILES [nH]O failed to sanitize.
21:12:06 <INFO> Sampled SMILES n=Br[nH] failed to sanitize.
21:12:06 <INFO> Sampled SMILES O=Oc#F failed to sanitize.
21:12:06 <INFO> Sampled SMILES BrnnBr failed to sanitize.
21:12:06 <INFO> Sampled SMILES F[O-]n failed to sanitize.
21:12:06 <INFO> Sampled SMILES n failed to sanitize.
21:12:06 <INFO> Sampled SMILES [O-]FO failed to sanitize.
21:12:06 <INFO> Sampled SMILES Br(Br#cO)[nH]-FCNN failed to sanitize.
21:12:06 <INFO> Sampled SMILES [O-][nH]OC[nH]-N failed to sanitize.
21:12:06 <INFO> Sampled SMILES [N+]Nc failed to sanitize.
21:12:06 <INFO> Sampled SMILES F[O-]cO failed to sanitize.
21:12:06 <INFO> Sampled SMILES [N+]cCC[N+] failed to sanitize.
21:12:06 <INFO> Sampled SMILES n failed to sanitize.
21:12:06 <INFO> Sampled SMILES Cc#[O-] failed to sanitize.
21:12:06 <INFO> Peak main memory usage: 971.605 MiB
21:12:06 <INFO> Finished REINVENT on 2026-03-12
