20:48:53 <INFO> Started REINVENT 4.7.15 (C) AstraZeneca 2017, 2023 on 2026-03-12
20:48:53 <INFO> Command line: ./.venv/bin/reinvent -l reinvent_integration/results/sampling_motif_focus.log reinvent_integration/configs/reinvent_sampling_initial.toml
20:48:53 <INFO> Reading run configuration from /home/nbhatta1/Desktop/qsar-project-Tzu/reinvent_integration/configs/reinvent_sampling_initial.toml using format toml
20:48:53 <INFO> User nbhatta1 on host panacea
20:48:53 <INFO> Python version 3.11.13
20:48:53 <INFO> PyTorch version 2.9.1+cu128, git 5811a8d7da873dd699ff6687092c225caffcf1bb
20:48:53 <INFO> PyTorch compiled with CUDA version 12.8
20:48:53 <INFO> RDKit version 2025.09.6
20:48:53 <INFO> Platform Linux-5.14.0-611.30.1.el9_7.x86_64-x86_64-with-glibc2.34
20:48:53 <INFO> CUDA driver version 590.48.01
20:48:53 <INFO> Number of PyTorch CUDA devices 1
20:48:53 <WARN> 'use_cuda' is deprecated, use 'device' instead
20:48:53 <INFO> Using CPU x86_64
20:48:53 <INFO> Starting Sampling
20:48:53 <INFO> /home/nbhatta1/Desktop/qsar-project-Tzu/reinvent_integration/results/series_ce_tuned_reinvent.model.8.chkpt has valid hash:
{ 'comments': ['Seed prior created for initial generation preview', 'TL'],
  'creation_date': 1773362251.738379,
  'date_format': 'UNIX epoch',
  'hash_id': 'bfb414829fecebae68ed9bfa9d3d05a5',
  'hash_id_format': 'xxhash.xxh3_128_hex 3.6.0',
  'model_id': UUID('a741a011-321f-4c53-95c6-aeadc7aa23a4'),
  'model_id_format': 'uuid.uuid4 3.11.13',
  'origina_data_source': 'TB Project QSAR Series C/E',
  'updates': [1773362299.1355045]}
20:48:53 <INFO> Number of network parameters: 5,796,374
20:48:53 <INFO> Network architecture:
RNN(
  (_embedding): Embedding(22, 256)
  (_rnn): LSTM(256, 512, num_layers=3, batch_first=True)
  (_linear): Linear(in_features=512, out_features=22, bias=True)
)
20:48:53 <INFO> Using generator Reinvent
20:48:53 <INFO> Writing sampled SMILES to CSV file reinvent_integration/results/initial_samples_motif_focus.csv
20:48:53 <INFO> Sampling 1000 SMILES from model reinvent_integration/results/series_ce_tuned_reinvent.model.8.chkpt
20:48:57 <INFO> Sampled SMILES c failed to sanitize.
20:48:57 <INFO> Sampled SMILES cN[O-] failed to sanitize.
20:48:57 <INFO> Sampled SMILES c failed to sanitize.
20:48:57 <INFO> Sampled SMILES Br#c failed to sanitize.
20:48:57 <INFO> Sampled SMILES [nH] failed to sanitize.
20:48:57 <INFO> Sampled SMILES n failed to sanitize.
20:48:57 <INFO> Sampled SMILES nc[N+]N4BrF[nH]-OF[N+]4cO failed to sanitize.
20:48:57 <INFO> Sampled SMILES [N+]-BrFO failed to sanitize.
20:48:57 <INFO> Sampled SMILES CBrBrF[N+] failed to sanitize.
20:48:57 <INFO> Sampled SMILES FBrcC failed to sanitize.
20:48:57 <INFO> Sampled SMILES [nH] failed to sanitize.
20:48:57 <INFO> Sampled SMILES Br=O failed to sanitize.
20:48:57 <INFO> Sampled SMILES FcBrBrcc failed to sanitize.
20:48:57 <INFO> Sampled SMILES [O-][O-]n[O-]OC failed to sanitize.
20:48:57 <INFO> Sampled SMILES [nH][N+][nH]Br[N+] failed to sanitize.
20:48:57 <INFO> Sampled SMILES n[nH]Brc failed to sanitize.
20:48:57 <INFO> Sampled SMILES [nH] failed to sanitize.
20:48:57 <INFO> Sampled SMILES Nn failed to sanitize.
20:48:57 <INFO> Sampled SMILES C[nH] failed to sanitize.
20:48:57 <INFO> Sampled SMILES cO[O-]n failed to sanitize.
20:48:57 <INFO> Sampled SMILES n[nH]Br failed to sanitize.
20:48:57 <INFO> Sampled SMILES C2F[nH][nH]O2Br failed to sanitize.
20:48:57 <INFO> Sampled SMILES N[O-]NC#N failed to sanitize.
20:48:57 <INFO> Sampled SMILES F[N+][O-]C failed to sanitize.
20:48:57 <INFO> Sampled SMILES c[N+]O failed to sanitize.
20:48:57 <INFO> Sampled SMILES c failed to sanitize.
20:48:57 <INFO> Sampled SMILES c failed to sanitize.
20:48:57 <INFO> Sampled SMILES CCBrC failed to sanitize.
20:48:57 <INFO> Sampled SMILES cBr failed to sanitize.
20:48:57 <INFO> Sampled SMILES BrcC failed to sanitize.
20:48:57 <INFO> Sampled SMILES n#NF failed to sanitize.
20:48:57 <INFO> Sampled SMILES n failed to sanitize.
20:48:57 <INFO> Sampled SMILES c[nH][nH]=Oc failed to sanitize.
20:48:57 <INFO> Sampled SMILES cN failed to sanitize.
20:48:57 <INFO> Sampled SMILES FBr[nH] failed to sanitize.
20:48:57 <INFO> Sampled SMILES n[O-][nH] failed to sanitize.
20:48:57 <INFO> Sampled SMILES c-[N+]n failed to sanitize.
20:48:57 <INFO> Sampled SMILES c#n[O-] failed to sanitize.
20:48:57 <INFO> Sampled SMILES [O-][N+][O-]N failed to sanitize.
20:48:57 <INFO> Peak main memory usage: 959.938 MiB
20:48:57 <INFO> Finished REINVENT on 2026-03-12
