21:26:30 <INFO> Started REINVENT 4.7.15 (C) AstraZeneca 2017, 2023 on 2026-03-12
21:26:30 <INFO> Command line: ./.venv/bin/reinvent -l reinvent_integration/results/sampling_sim_v2.log reinvent_integration/configs/reinvent_sampling_similarity.toml
21:26:30 <INFO> Reading run configuration from /home/nbhatta1/Desktop/qsar-project-Tzu/reinvent_integration/configs/reinvent_sampling_similarity.toml using format toml
21:26:30 <INFO> User nbhatta1 on host panacea
21:26:30 <INFO> Python version 3.11.13
21:26:30 <INFO> PyTorch version 2.9.1+cu128, git 5811a8d7da873dd699ff6687092c225caffcf1bb
21:26:30 <INFO> PyTorch compiled with CUDA version 12.8
21:26:30 <INFO> RDKit version 2025.09.6
21:26:30 <INFO> Platform Linux-5.14.0-611.30.1.el9_7.x86_64-x86_64-with-glibc2.34
21:26:30 <INFO> CUDA driver version 590.48.01
21:26:30 <INFO> Number of PyTorch CUDA devices 1
21:26:30 <WARN> 'use_cuda' is deprecated, use 'device' instead
21:26:30 <INFO> Using CPU x86_64
21:26:30 <INFO> Starting Sampling
21:26:30 <INFO> /home/nbhatta1/Desktop/qsar-project-Tzu/reinvent_integration/results/reinvent_series_ce_similarity.chkpt has valid hash:
{ 'comments': [ 'Seed prior created for initial generation preview',
                'TL',
                'RL',
                'RL'],
  'creation_date': 1773362251.738379,
  'date_format': 'UNIX epoch',
  'hash_id': '48f0f547d8112a268c16fb82b8376cb3',
  'hash_id_format': 'xxhash.xxh3_128_hex 3.6.0',
  'model_id': UUID('a741a011-321f-4c53-95c6-aeadc7aa23a4'),
  'model_id_format': 'uuid.uuid4 3.11.13',
  'origina_data_source': 'TB Project QSAR Series C/E',
  'updates': [1773364863.6984305, 1773364957.2225134, 1773364957.2438805]}
21:26:30 <INFO> Number of network parameters: 5,796,374
21:26:30 <INFO> Network architecture:
RNN(
  (_embedding): Embedding(22, 256)
  (_rnn): LSTM(256, 512, num_layers=3, batch_first=True)
  (_linear): Linear(in_features=512, out_features=22, bias=True)
)
21:26:30 <INFO> Using generator Reinvent
21:26:30 <INFO> Writing sampled SMILES to CSV file reinvent_integration/results/samples_similarity_v2.csv
21:26:30 <INFO> Sampling 1000 SMILES from model reinvent_integration/results/reinvent_series_ce_similarity.chkpt
21:26:33 <INFO> Sampled SMILES Nc=Br=[nH][O-] failed to sanitize.
21:26:33 <INFO> Sampled SMILES cnc failed to sanitize.
21:26:33 <INFO> Sampled SMILES Brc failed to sanitize.
21:26:33 <INFO> Sampled SMILES c failed to sanitize.
21:26:33 <INFO> Sampled SMILES ncNF#[N+]NcCNNF failed to sanitize.
21:26:33 <INFO> Sampled SMILES [O-]BrNN[N+] failed to sanitize.
21:26:33 <INFO> Sampled SMILES BrnF failed to sanitize.
21:26:33 <INFO> Sampled SMILES n failed to sanitize.
21:26:33 <INFO> Sampled SMILES [O-]#BrBr failed to sanitize.
21:26:33 <INFO> Sampled SMILES [nH] failed to sanitize.
21:26:33 <INFO> Sampled SMILES F#O failed to sanitize.
21:26:33 <INFO> Sampled SMILES cBrN[N+] failed to sanitize.
21:26:33 <INFO> Sampled SMILES [O-]c failed to sanitize.
21:26:33 <INFO> Sampled SMILES [N+]c[O-] failed to sanitize.
21:26:33 <INFO> Sampled SMILES O#n failed to sanitize.
21:26:33 <INFO> Sampled SMILES O[nH]OC2F=4F[N+]C[nH][N+]n(c41c32[N+]c5cCc-3C51)c failed to sanitize.
21:26:33 <INFO> Sampled SMILES n[N+]NBr failed to sanitize.
21:26:33 <INFO> Sampled SMILES F[N+]=Br-Br failed to sanitize.
21:26:33 <INFO> Sampled SMILES n failed to sanitize.
21:26:33 <INFO> Sampled SMILES nFFBr failed to sanitize.
21:26:33 <INFO> Sampled SMILES [N+]FN failed to sanitize.
21:26:33 <INFO> Sampled SMILES F[nH] failed to sanitize.
21:26:33 <INFO> Sampled SMILES c-n failed to sanitize.
21:26:33 <INFO> Sampled SMILES [O-]n failed to sanitize.
21:26:33 <INFO> Peak main memory usage: 976.938 MiB
21:26:33 <INFO> Finished REINVENT on 2026-03-12
