21:26:40 <INFO> Started REINVENT 4.7.15 (C) AstraZeneca 2017, 2023 on 2026-03-12
21:26:40 <INFO> Command line: ./.venv/bin/reinvent -l reinvent_integration/results/sampling_gen_v2.log reinvent_integration/configs/reinvent_sampling_scaffold_generation.toml
21:26:40 <INFO> Reading run configuration from /home/nbhatta1/Desktop/qsar-project-Tzu/reinvent_integration/configs/reinvent_sampling_scaffold_generation.toml using format toml
21:26:40 <INFO> User nbhatta1 on host panacea
21:26:40 <INFO> Python version 3.11.13
21:26:40 <INFO> PyTorch version 2.9.1+cu128, git 5811a8d7da873dd699ff6687092c225caffcf1bb
21:26:40 <INFO> PyTorch compiled with CUDA version 12.8
21:26:40 <INFO> RDKit version 2025.09.6
21:26:40 <INFO> Platform Linux-5.14.0-611.30.1.el9_7.x86_64-x86_64-with-glibc2.34
21:26:40 <INFO> CUDA driver version 590.48.01
21:26:40 <INFO> Number of PyTorch CUDA devices 1
21:26:40 <WARN> 'use_cuda' is deprecated, use 'device' instead
21:26:40 <INFO> Using CPU x86_64
21:26:40 <INFO> Starting Sampling
21:26:40 <INFO> /home/nbhatta1/Desktop/qsar-project-Tzu/reinvent_integration/results/reinvent_series_ce_scaffold_generation.chkpt has valid hash:
{ 'comments': [ 'Seed prior created for initial generation preview',
                'TL',
                'RL',
                'RL'],
  'creation_date': 1773362251.738379,
  'date_format': 'UNIX epoch',
  'hash_id': '9196046b16cb2bcb463fb365084483c1',
  'hash_id_format': 'xxhash.xxh3_128_hex 3.6.0',
  'model_id': UUID('a741a011-321f-4c53-95c6-aeadc7aa23a4'),
  'model_id_format': 'uuid.uuid4 3.11.13',
  'origina_data_source': 'TB Project QSAR Series C/E',
  'updates': [1773364863.6984305, 1773365148.3397877, 1773365148.3651595]}
21:26:40 <INFO> Number of network parameters: 5,796,374
21:26:40 <INFO> Network architecture:
RNN(
  (_embedding): Embedding(22, 256)
  (_rnn): LSTM(256, 512, num_layers=3, batch_first=True)
  (_linear): Linear(in_features=512, out_features=22, bias=True)
)
21:26:40 <INFO> Using generator Reinvent
21:26:40 <INFO> Writing sampled SMILES to CSV file reinvent_integration/results/samples_scaffold_generation_v2.csv
21:26:40 <INFO> Sampling 1000 SMILES from model reinvent_integration/results/reinvent_series_ce_scaffold_generation.chkpt
21:26:43 <INFO> Sampled SMILES Br#nOO failed to sanitize.
21:26:43 <INFO> Sampled SMILES [nH]F failed to sanitize.
21:26:43 <INFO> Sampled SMILES [nH]BrFC failed to sanitize.
21:26:43 <INFO> Sampled SMILES F[nH] failed to sanitize.
21:26:43 <INFO> Sampled SMILES cOcncCBrc failed to sanitize.
21:26:43 <INFO> Sampled SMILES [nH]F failed to sanitize.
21:26:43 <INFO> Sampled SMILES Br[O-]C failed to sanitize.
21:26:43 <INFO> Sampled SMILES [N+]NO=c failed to sanitize.
21:26:43 <INFO> Sampled SMILES cnO failed to sanitize.
21:26:43 <INFO> Sampled SMILES Br#[O-]n[O-] failed to sanitize.
21:26:43 <INFO> Sampled SMILES [N+]N[O-]F[nH][N+][nH]c[N+]C failed to sanitize.
21:26:43 <INFO> Sampled SMILES [nH] failed to sanitize.
21:26:43 <INFO> Sampled SMILES cNnN-c-c failed to sanitize.
21:26:43 <INFO> Sampled SMILES nN failed to sanitize.
21:26:43 <INFO> Sampled SMILES [nH] failed to sanitize.
21:26:43 <INFO> Sampled SMILES c failed to sanitize.
21:26:43 <INFO> Sampled SMILES nO[N+] failed to sanitize.
21:26:43 <INFO> Sampled SMILES [nH] failed to sanitize.
21:26:43 <INFO> Sampled SMILES OCCc failed to sanitize.
21:26:43 <INFO> Sampled SMILES N[O-]n failed to sanitize.
21:26:43 <INFO> Sampled SMILES [nH]O failed to sanitize.
21:26:43 <INFO> Sampled SMILES BrC[nH] failed to sanitize.
21:26:43 <INFO> Sampled SMILES Cc failed to sanitize.
21:26:43 <INFO> Sampled SMILES cO-n failed to sanitize.
21:26:43 <INFO> Sampled SMILES Br#[O-] failed to sanitize.
21:26:43 <INFO> Sampled SMILES NF[nH] failed to sanitize.
21:26:43 <INFO> Sampled SMILES [O-]cN failed to sanitize.
21:26:43 <INFO> Sampled SMILES nBr failed to sanitize.
21:26:43 <INFO> Sampled SMILES [O-]n failed to sanitize.
21:26:43 <INFO> Sampled SMILES O[nH][nH] failed to sanitize.
21:26:43 <INFO> Sampled SMILES [nH]Br failed to sanitize.
21:26:43 <INFO> Sampled SMILES c[N+][N+]C[nH]C1C(Br1c)c failed to sanitize.
21:26:43 <INFO> Sampled SMILES CFn failed to sanitize.
21:26:43 <INFO> Sampled SMILES Br-[nH]BrN failed to sanitize.
21:26:43 <INFO> Sampled SMILES c failed to sanitize.
21:26:43 <INFO> Peak main memory usage: 979.230 MiB
21:26:43 <INFO> Finished REINVENT on 2026-03-12
