20:55:06 <INFO> Started REINVENT 4.7.15 (C) AstraZeneca 2017, 2023 on 2026-03-12
20:55:06 <INFO> Command line: ./.venv/bin/reinvent -l reinvent_integration/results/sampling_guided_quick.log reinvent_integration/configs/reinvent_sampling_guided_quick.toml
20:55:06 <INFO> Reading run configuration from /home/nbhatta1/Desktop/qsar-project-Tzu/reinvent_integration/configs/reinvent_sampling_guided_quick.toml using format toml
20:55:06 <INFO> User nbhatta1 on host panacea
20:55:06 <INFO> Python version 3.11.13
20:55:06 <INFO> PyTorch version 2.9.1+cu128, git 5811a8d7da873dd699ff6687092c225caffcf1bb
20:55:06 <INFO> PyTorch compiled with CUDA version 12.8
20:55:06 <INFO> RDKit version 2025.09.6
20:55:06 <INFO> Platform Linux-5.14.0-611.30.1.el9_7.x86_64-x86_64-with-glibc2.34
20:55:06 <INFO> CUDA driver version 590.48.01
20:55:06 <INFO> Number of PyTorch CUDA devices 1
20:55:06 <WARN> 'use_cuda' is deprecated, use 'device' instead
20:55:06 <INFO> Using CPU x86_64
20:55:06 <INFO> Starting Sampling
20:55:06 <INFO> /home/nbhatta1/Desktop/qsar-project-Tzu/reinvent_integration/results/reinvent_series_ce_guided_quick.chkpt has valid hash:
{ 'comments': [ 'Seed prior created for initial generation preview',
                'TL',
                'RL',
                'RL'],
  'creation_date': 1773362251.738379,
  'date_format': 'UNIX epoch',
  'hash_id': '2093721dc1f0c62212b8fe49d49ed6aa',
  'hash_id_format': 'xxhash.xxh3_128_hex 3.6.0',
  'model_id': UUID('a741a011-321f-4c53-95c6-aeadc7aa23a4'),
  'model_id_format': 'uuid.uuid4 3.11.13',
  'origina_data_source': 'TB Project QSAR Series C/E',
  'updates': [1773362299.1355045, 1773363291.1358783, 1773363291.1535065]}
20:55:06 <INFO> Number of network parameters: 5,796,374
20:55:06 <INFO> Network architecture:
RNN(
  (_embedding): Embedding(22, 256)
  (_rnn): LSTM(256, 512, num_layers=3, batch_first=True)
  (_linear): Linear(in_features=512, out_features=22, bias=True)
)
20:55:06 <INFO> Using generator Reinvent
20:55:06 <INFO> Writing sampled SMILES to CSV file reinvent_integration/results/initial_samples_guided_quick.csv
20:55:06 <INFO> Sampling 1000 SMILES from model reinvent_integration/results/reinvent_series_ce_guided_quick.chkpt
20:55:08 <INFO> Sampled SMILES O[N+]ONc failed to sanitize.
20:55:08 <INFO> Sampled SMILES C#[nH][O-]C-[O-]c failed to sanitize.
20:55:08 <INFO> Sampled SMILES OBr[O-] failed to sanitize.
20:55:08 <INFO> Sampled SMILES n failed to sanitize.
20:55:08 <INFO> Sampled SMILES c failed to sanitize.
20:55:08 <INFO> Sampled SMILES n failed to sanitize.
20:55:08 <INFO> Sampled SMILES nBrON failed to sanitize.
20:55:08 <INFO> Sampled SMILES c[nH]C failed to sanitize.
20:55:08 <INFO> Sampled SMILES CBr[nH] failed to sanitize.
20:55:08 <INFO> Sampled SMILES n failed to sanitize.
20:55:08 <INFO> Sampled SMILES n[O-]n[N+][N+] failed to sanitize.
20:55:08 <INFO> Sampled SMILES Fnn failed to sanitize.
20:55:08 <INFO> Sampled SMILES F[O-]F failed to sanitize.
20:55:08 <INFO> Sampled SMILES BrBr[O-] failed to sanitize.
20:55:08 <INFO> Sampled SMILES [nH] failed to sanitize.
20:55:08 <INFO> Sampled SMILES c failed to sanitize.
20:55:08 <INFO> Sampled SMILES n-C failed to sanitize.
20:55:08 <INFO> Sampled SMILES [nH] failed to sanitize.
20:55:08 <INFO> Sampled SMILES [nH] failed to sanitize.
20:55:08 <INFO> Sampled SMILES c failed to sanitize.
20:55:08 <INFO> Sampled SMILES Cc[O-]cCNcC failed to sanitize.
20:55:08 <INFO> Sampled SMILES n failed to sanitize.
20:55:08 <INFO> Sampled SMILES cCn failed to sanitize.
20:55:08 <INFO> Sampled SMILES nOON failed to sanitize.
20:55:08 <INFO> Sampled SMILES Br#c failed to sanitize.
20:55:08 <INFO> Sampled SMILES O[O-]Cn-n failed to sanitize.
20:55:08 <INFO> Sampled SMILES c failed to sanitize.
20:55:08 <INFO> Sampled SMILES O[N+]NCncN failed to sanitize.
20:55:08 <INFO> Sampled SMILES nCn failed to sanitize.
20:55:08 <INFO> Sampled SMILES c failed to sanitize.
20:55:08 <INFO> Sampled SMILES C[nH]NBr failed to sanitize.
20:55:08 <INFO> Sampled SMILES cC3c[N+]=3c failed to sanitize.
20:55:08 <INFO> Sampled SMILES [N+]OBrN failed to sanitize.
20:55:08 <INFO> Peak main memory usage: 961.316 MiB
20:55:08 <INFO> Finished REINVENT on 2026-03-12
