21:11:58 <INFO> Started REINVENT 4.7.15 (C) AstraZeneca 2017, 2023 on 2026-03-12
21:11:58 <INFO> Command line: ./.venv/bin/reinvent -l reinvent_integration/results/sampling_scaffold_hopping.log reinvent_integration/configs/reinvent_sampling_scaffold_hopping.toml
21:11:58 <INFO> Reading run configuration from /home/nbhatta1/Desktop/qsar-project-Tzu/reinvent_integration/configs/reinvent_sampling_scaffold_hopping.toml using format toml
21:11:58 <INFO> User nbhatta1 on host panacea
21:11:58 <INFO> Python version 3.11.13
21:11:58 <INFO> PyTorch version 2.9.1+cu128, git 5811a8d7da873dd699ff6687092c225caffcf1bb
21:11:58 <INFO> PyTorch compiled with CUDA version 12.8
21:11:58 <INFO> RDKit version 2025.09.6
21:11:58 <INFO> Platform Linux-5.14.0-611.30.1.el9_7.x86_64-x86_64-with-glibc2.34
21:11:58 <INFO> CUDA driver version 590.48.01
21:11:58 <INFO> Number of PyTorch CUDA devices 1
21:11:58 <WARN> 'use_cuda' is deprecated, use 'device' instead
21:11:58 <INFO> Using CPU x86_64
21:11:58 <INFO> Starting Sampling
21:11:58 <INFO> /home/nbhatta1/Desktop/qsar-project-Tzu/reinvent_integration/results/reinvent_series_ce_scaffold_hopping.chkpt has valid hash:
{ 'comments': [ 'Seed prior created for initial generation preview',
                'TL',
                'RL',
                'RL'],
  'creation_date': 1773362251.738379,
  'date_format': 'UNIX epoch',
  'hash_id': '6cc822897fe2a3984bb9a0ce0a3f8fee',
  'hash_id_format': 'xxhash.xxh3_128_hex 3.6.0',
  'model_id': UUID('a741a011-321f-4c53-95c6-aeadc7aa23a4'),
  'model_id_format': 'uuid.uuid4 3.11.13',
  'origina_data_source': 'TB Project QSAR Series C/E',
  'updates': [1773362299.1355045, 1773364048.1453958, 1773364048.168578]}
21:11:58 <INFO> Number of network parameters: 5,796,374
21:11:58 <INFO> Network architecture:
RNN(
  (_embedding): Embedding(22, 256)
  (_rnn): LSTM(256, 512, num_layers=3, batch_first=True)
  (_linear): Linear(in_features=512, out_features=22, bias=True)
)
21:11:58 <INFO> Using generator Reinvent
21:11:58 <INFO> Writing sampled SMILES to CSV file reinvent_integration/results/samples_scaffold_hopping.csv
21:11:58 <INFO> Sampling 1000 SMILES from model reinvent_integration/results/reinvent_series_ce_scaffold_hopping.chkpt
21:12:01 <INFO> Sampled SMILES [nH]#F failed to sanitize.
21:12:01 <INFO> Sampled SMILES NCNc failed to sanitize.
21:12:01 <INFO> Sampled SMILES [N+][O-]1BrC1 failed to sanitize.
21:12:01 <INFO> Sampled SMILES BrnBr[O-] failed to sanitize.
21:12:01 <INFO> Sampled SMILES [O-]-n failed to sanitize.
21:12:01 <INFO> Sampled SMILES Cn failed to sanitize.
21:12:01 <INFO> Sampled SMILES BrBrc failed to sanitize.
21:12:01 <INFO> Sampled SMILES [nH] failed to sanitize.
21:12:01 <INFO> Sampled SMILES [N+]cc failed to sanitize.
21:12:01 <INFO> Sampled SMILES O4Brc[O-]4Br[O-]NBrC failed to sanitize.
21:12:01 <INFO> Sampled SMILES c[nH]ccn failed to sanitize.
21:12:01 <INFO> Sampled SMILES nNN failed to sanitize.
21:12:01 <INFO> Sampled SMILES nO=[nH]FO failed to sanitize.
21:12:01 <INFO> Sampled SMILES BrOc failed to sanitize.
21:12:01 <INFO> Sampled SMILES F[O-]Br failed to sanitize.
21:12:01 <INFO> Sampled SMILES c failed to sanitize.
21:12:01 <INFO> Sampled SMILES [O-][nH]n failed to sanitize.
21:12:01 <INFO> Sampled SMILES nn failed to sanitize.
21:12:01 <INFO> Sampled SMILES [nH][N+] failed to sanitize.
21:12:01 <INFO> Sampled SMILES [nH]OO[nH]CC failed to sanitize.
21:12:01 <INFO> Sampled SMILES [nH]n failed to sanitize.
21:12:01 <INFO> Sampled SMILES [N+]n[N+][O-] failed to sanitize.
21:12:01 <INFO> Sampled SMILES cN failed to sanitize.
21:12:01 <INFO> Sampled SMILES [N+]N3[O-]O-NNBr3 failed to sanitize.
21:12:01 <INFO> Sampled SMILES cC failed to sanitize.
21:12:01 <INFO> Sampled SMILES c failed to sanitize.
21:12:01 <INFO> Sampled SMILES [nH]NFCncOC failed to sanitize.
21:12:01 <INFO> Sampled SMILES [O-]n([O-]) failed to sanitize.
21:12:01 <INFO> Sampled SMILES n failed to sanitize.
21:12:01 <INFO> Sampled SMILES O=Oc failed to sanitize.
21:12:01 <INFO> Sampled SMILES [nH] failed to sanitize.
21:12:01 <INFO> Sampled SMILES [nH] failed to sanitize.
21:12:01 <INFO> Sampled SMILES n failed to sanitize.
21:12:01 <INFO> Sampled SMILES [nH]N failed to sanitize.
21:12:01 <INFO> Sampled SMILES n failed to sanitize.
21:12:01 <INFO> Peak main memory usage: 1005.539 MiB
21:12:01 <INFO> Finished REINVENT on 2026-03-12
