20:38:15 <INFO> Started REINVENT 4.7.15 (C) AstraZeneca 2017, 2023 on 2026-03-12
20:38:15 <INFO> Command line: /home/nbhatta1/Desktop/qsar-project-Tzu/.venv/bin/reinvent -l reinvent_integration/results/tl_series_ce.log reinvent_integration/configs/reinvent_transfer_series_ce.toml
20:38:15 <INFO> Reading run configuration from /home/nbhatta1/Desktop/qsar-project-Tzu/reinvent_integration/configs/reinvent_transfer_series_ce.toml using format toml
20:38:15 <INFO> User nbhatta1 on host panacea
20:38:15 <INFO> Python version 3.11.13
20:38:15 <INFO> PyTorch version 2.9.1+cu128, git 5811a8d7da873dd699ff6687092c225caffcf1bb
20:38:15 <INFO> PyTorch compiled with CUDA version 12.8
20:38:15 <INFO> RDKit version 2025.09.6
20:38:15 <INFO> Platform Linux-5.14.0-611.30.1.el9_7.x86_64-x86_64-with-glibc2.34
20:38:15 <INFO> CUDA driver version 590.48.01
20:38:15 <INFO> Number of PyTorch CUDA devices 1
20:38:15 <WARN> 'use_cuda' is deprecated, use 'device' instead
20:38:15 <INFO> Using CPU x86_64
20:38:15 <INFO> Writing TensorBoard summary to /home/nbhatta1/Desktop/qsar-project-Tzu/reinvent_integration/results/tb_transfer_series_ce
20:38:15 <INFO> Starting Transfer Learning
20:38:15 <WARN> /home/nbhatta1/Desktop/qsar-project-Tzu/reinvent_integration/results/series_ce_seed_prior.model does not contain a hash ID
20:38:16 <INFO> Number of network parameters: 5,796,374
20:38:16 <INFO> Network architecture:
RNN(
  (_embedding): Embedding(22, 256)
  (_rnn): LSTM(256, 512, num_layers=3, batch_first=True)
  (_linear): Linear(in_features=512, out_features=22, bias=True)
)
20:38:16 <INFO> Using generator Reinvent
20:38:16 <INFO> Applying filter default to input SMILES
20:38:16 <INFO> Read 13 input SMILES from /home/nbhatta1/Desktop/qsar-project-Tzu/reinvent_integration/data/series_ce_unique.smi
20:38:16 <INFO> Read 13 validation SMILES from /home/nbhatta1/Desktop/qsar-project-Tzu/reinvent_integration/data/series_ce_unique.smi
20:38:17 <INFO> Sampled SMILES c failed to sanitize.
20:38:17 <INFO> Sampled SMILES N-[N+][nH] failed to sanitize.
20:38:17 <INFO> Sampled SMILES Oc failed to sanitize.
20:38:17 <INFO> Sampled SMILES CCnnc failed to sanitize.
20:38:17 <INFO> Sampled SMILES [nH]#n[nH] failed to sanitize.
20:38:17 <INFO> Sampled SMILES OF[nH] failed to sanitize.
20:38:17 <INFO> Sampled SMILES c[O-][nH]BrBr failed to sanitize.
20:38:18 <INFO> Sampled SMILES Nn[O-] failed to sanitize.
20:38:18 <INFO> Sampled SMILES [nH] failed to sanitize.
20:38:19 <INFO> Sampled SMILES [nH]N[N+] failed to sanitize.
20:38:19 <INFO> Sampled SMILES N-[nH]FBrCCF#[O-]Br[nH] failed to sanitize.
20:38:19 <INFO> Sampled SMILES O[nH]cF failed to sanitize.
20:38:19 <INFO> Sampled SMILES c failed to sanitize.
20:38:19 <INFO> Sampled SMILES [nH][N+] failed to sanitize.
20:38:19 <INFO> Sampled SMILES BrCBr[O-]COO failed to sanitize.
20:38:19 <INFO> Best validation loss (199.509) was at epoch 8
20:38:19 <WARN> No clear minimum found in validation loss. Consider training your model for additional epochs.
20:38:19 <INFO> Peak main memory usage: 1225.773 MiB
20:38:19 <INFO> Finished REINVENT on 2026-03-12
