16:49:50 <INFO> Started REINVENT 4.7.15 (C) AstraZeneca 2017, 2023 on 2026-03-13
16:49:50 <INFO> Command line: .venv/bin/reinvent -l reinvent_integration/results/tuned_sampling.log reinvent_integration/configs/sample_series_ce_tuned.toml
16:49:50 <INFO> Reading run configuration from /home/nbhatta1/Desktop/qsar-project-Tzu/reinvent_integration/configs/sample_series_ce_tuned.toml using format toml
16:49:50 <INFO> User nbhatta1 on host panacea
16:49:50 <INFO> Python version 3.11.13
16:49:50 <INFO> PyTorch version 2.9.1+cu128, git 5811a8d7da873dd699ff6687092c225caffcf1bb
16:49:50 <INFO> PyTorch compiled with CUDA version 12.8
16:49:50 <INFO> RDKit version 2025.09.6
16:49:50 <INFO> Platform Linux-5.14.0-611.30.1.el9_7.x86_64-x86_64-with-glibc2.34
16:49:50 <INFO> CUDA driver version 590.48.01
16:49:50 <INFO> Number of PyTorch CUDA devices 1
16:49:50 <WARN> 'use_cuda' is deprecated, use 'device' instead
16:49:50 <INFO> Using CPU x86_64
16:49:50 <INFO> Starting Sampling
16:49:50 <INFO> /home/nbhatta1/Desktop/qsar-project-Tzu/reinvent_integration/results/series_ce_tuned_reinvent.model has valid hash:
{ 'comments': ['Seed prior created for initial generation preview', 'TL'],
  'creation_date': 1773362251.738379,
  'date_format': 'UNIX epoch',
  'hash_id': '9866c0e3dc886be0850990877defab15',
  'hash_id_format': 'xxhash.xxh3_128_hex 3.6.0',
  'model_id': UUID('a741a011-321f-4c53-95c6-aeadc7aa23a4'),
  'model_id_format': 'uuid.uuid4 3.11.13',
  'origina_data_source': 'TB Project QSAR Series C/E',
  'updates': [1773362299.80581]}
16:49:50 <INFO> Number of network parameters: 5,796,374
16:49:50 <INFO> Network architecture:
RNN(
  (_embedding): Embedding(22, 256)
  (_rnn): LSTM(256, 512, num_layers=3, batch_first=True)
  (_linear): Linear(in_features=512, out_features=22, bias=True)
)
16:49:50 <INFO> Using generator Reinvent
16:49:50 <INFO> Writing sampled SMILES to CSV file reinvent_integration/results/series_ce_tuned_raw_samples.csv
16:49:50 <INFO> Sampling 5000 SMILES from model reinvent_integration/results/series_ce_tuned_reinvent.model
16:50:01 <INFO> Sampled SMILES C[nH]c failed to sanitize.
16:50:01 <INFO> Sampled SMILES c failed to sanitize.
16:50:01 <INFO> Sampled SMILES NCFC failed to sanitize.
16:50:01 <INFO> Sampled SMILES CBrcFCN failed to sanitize.
16:50:01 <INFO> Sampled SMILES BrN-OFN#BrNFFC failed to sanitize.
16:50:01 <INFO> Sampled SMILES CFC failed to sanitize.
16:50:01 <INFO> Sampled SMILES n failed to sanitize.
16:50:01 <INFO> Sampled SMILES c failed to sanitize.
16:50:01 <INFO> Sampled SMILES [nH]Nc=CO failed to sanitize.
16:50:01 <INFO> Sampled SMILES c failed to sanitize.
16:50:01 <INFO> Sampled SMILES n failed to sanitize.
16:50:01 <INFO> Sampled SMILES c=[nH][O-] failed to sanitize.
16:50:01 <INFO> Sampled SMILES n-n failed to sanitize.
16:50:01 <INFO> Sampled SMILES [nH] failed to sanitize.
16:50:01 <INFO> Sampled SMILES c failed to sanitize.
16:50:01 <INFO> Sampled SMILES n failed to sanitize.
16:50:01 <INFO> Sampled SMILES [nH][nH][O-] failed to sanitize.
16:50:01 <INFO> Sampled SMILES [N+]nFF failed to sanitize.
16:50:01 <INFO> Sampled SMILES [nH] failed to sanitize.
16:50:01 <INFO> Sampled SMILES [nH]cBrBr[N+] failed to sanitize.
16:50:01 <INFO> Sampled SMILES n failed to sanitize.
16:50:01 <INFO> Sampled SMILES [nH][nH]=C failed to sanitize.
16:50:01 <INFO> Sampled SMILES n failed to sanitize.
16:50:01 <INFO> Sampled SMILES [N+]n[nH]n failed to sanitize.
16:50:01 <INFO> Sampled SMILES c failed to sanitize.
16:50:01 <INFO> Sampled SMILES O[O-]Br[O-]c[O-]CN failed to sanitize.
16:50:01 <INFO> Sampled SMILES CFOBr failed to sanitize.
16:50:01 <INFO> Sampled SMILES BrF[O-] failed to sanitize.
16:50:01 <INFO> Sampled SMILES [nH] failed to sanitize.
16:50:01 <INFO> Sampled SMILES c failed to sanitize.
16:50:01 <INFO> Sampled SMILES N#F failed to sanitize.
16:50:01 <INFO> Sampled SMILES N#c failed to sanitize.
16:50:01 <INFO> Sampled SMILES [nH]O failed to sanitize.
16:50:01 <INFO> Sampled SMILES n failed to sanitize.
16:50:01 <INFO> Sampled SMILES nBrC failed to sanitize.
16:50:01 <INFO> Sampled SMILES nBr-[nH]=OCc[nH]F failed to sanitize.
16:50:01 <INFO> Sampled SMILES [nH] failed to sanitize.
16:50:01 <INFO> Sampled SMILES F[N+]n failed to sanitize.
16:50:01 <INFO> Sampled SMILES [nH]BrBrOcBr failed to sanitize.
16:50:01 <INFO> Sampled SMILES c failed to sanitize.
16:50:01 <INFO> Sampled SMILES c failed to sanitize.
16:50:01 <INFO> Sampled SMILES [O-]Cc failed to sanitize.
16:50:01 <INFO> Sampled SMILES On failed to sanitize.
16:50:01 <INFO> Sampled SMILES c[O-] failed to sanitize.
16:50:01 <INFO> Sampled SMILES CCnNC failed to sanitize.
16:50:01 <INFO> Sampled SMILES [nH] failed to sanitize.
16:50:01 <INFO> Sampled SMILES n failed to sanitize.
16:50:01 <INFO> Sampled SMILES C-[N+]-[O-]N failed to sanitize.
16:50:01 <INFO> Sampled SMILES n-O failed to sanitize.
16:50:01 <INFO> Sampled SMILES CFC failed to sanitize.
16:50:01 <INFO> Sampled SMILES c failed to sanitize.
16:50:01 <INFO> Sampled SMILES On failed to sanitize.
16:50:01 <INFO> Sampled SMILES NnN[nH]Br failed to sanitize.
16:50:01 <INFO> Sampled SMILES FC[nH][nH] failed to sanitize.
16:50:01 <INFO> Sampled SMILES [N+][nH] failed to sanitize.
16:50:01 <INFO> Sampled SMILES [nH]NC failed to sanitize.
16:50:01 <INFO> Sampled SMILES [nH][N+]C failed to sanitize.
16:50:01 <INFO> Sampled SMILES [nH][O-] failed to sanitize.
16:50:01 <INFO> Sampled SMILES nBr[nH][O-]Br[O-][O-]Onc5nC5[nH] failed to sanitize.
16:50:01 <INFO> Sampled SMILES NC[O-]Br failed to sanitize.
16:50:01 <INFO> Sampled SMILES [nH] failed to sanitize.
16:50:01 <INFO> Sampled SMILES Br[nH]Nc failed to sanitize.
16:50:01 <INFO> Sampled SMILES n failed to sanitize.
16:50:01 <INFO> Sampled SMILES n#O failed to sanitize.
16:50:01 <INFO> Sampled SMILES n failed to sanitize.
16:50:01 <INFO> Sampled SMILES ONc failed to sanitize.
16:50:01 <INFO> Sampled SMILES F[nH] failed to sanitize.
16:50:01 <INFO> Sampled SMILES O-F[O-] failed to sanitize.
16:50:01 <INFO> Sampled SMILES n[nH]N failed to sanitize.
16:50:01 <INFO> Sampled SMILES [nH]N#[nH]C failed to sanitize.
16:50:01 <INFO> Sampled SMILES C[nH]NcC failed to sanitize.
16:50:01 <INFO> Sampled SMILES Br=c failed to sanitize.
16:50:01 <INFO> Sampled SMILES [nH][nH][N+] failed to sanitize.
16:50:01 <INFO> Sampled SMILES N-[O-]Cc[nH]#Nn failed to sanitize.
16:50:01 <INFO> Sampled SMILES nF failed to sanitize.
16:50:01 <INFO> Sampled SMILES CFN[O-][nH] failed to sanitize.
16:50:01 <INFO> Sampled SMILES BrC-NNFFn#Cn failed to sanitize.
16:50:01 <INFO> Sampled SMILES nC failed to sanitize.
16:50:01 <INFO> Sampled SMILES [nH] failed to sanitize.
16:50:01 <INFO> Sampled SMILES c failed to sanitize.
16:50:01 <INFO> Sampled SMILES Br=nc failed to sanitize.
16:50:01 <INFO> Sampled SMILES [O-]BrON failed to sanitize.
16:50:01 <INFO> Sampled SMILES c[N+] failed to sanitize.
16:50:01 <INFO> Sampled SMILES [nH]Br[nH] failed to sanitize.
16:50:01 <INFO> Sampled SMILES [N+][nH]CBrBr failed to sanitize.
16:50:01 <INFO> Sampled SMILES cCC failed to sanitize.
16:50:01 <INFO> Sampled SMILES c(CBrc)CON failed to sanitize.
16:50:01 <INFO> Sampled SMILES [nH]#[O-] failed to sanitize.
16:50:01 <INFO> Sampled SMILES [nH] failed to sanitize.
16:50:01 <INFO> Sampled SMILES [O-]OF#Br failed to sanitize.
16:50:01 <INFO> Sampled SMILES [nH] failed to sanitize.
16:50:01 <INFO> Sampled SMILES [nH] failed to sanitize.
16:50:01 <INFO> Sampled SMILES n[O-]n failed to sanitize.
16:50:01 <INFO> Sampled SMILES N[N+]NF[O-]C[N+]C failed to sanitize.
16:50:01 <INFO> Sampled SMILES nO failed to sanitize.
16:50:01 <INFO> Sampled SMILES [nH][nH]Fc failed to sanitize.
16:50:01 <INFO> Sampled SMILES NcBrcc[N+]c failed to sanitize.
16:50:01 <INFO> Sampled SMILES cc[N+] failed to sanitize.
16:50:01 <INFO> Sampled SMILES c failed to sanitize.
16:50:01 <INFO> Sampled SMILES n failed to sanitize.
16:50:01 <INFO> Sampled SMILES NcO failed to sanitize.
16:50:01 <INFO> Sampled SMILES cBrn failed to sanitize.
16:50:01 <INFO> Sampled SMILES cO failed to sanitize.
16:50:01 <INFO> Sampled SMILES nFC[O-][nH]=3Brc3 failed to sanitize.
16:50:01 <INFO> Sampled SMILES [nH] failed to sanitize.
16:50:01 <INFO> Sampled SMILES [nH] failed to sanitize.
16:50:01 <INFO> Sampled SMILES [nH][N+] failed to sanitize.
16:50:01 <INFO> Sampled SMILES Brn failed to sanitize.
16:50:01 <INFO> Sampled SMILES On failed to sanitize.
16:50:01 <INFO> Sampled SMILES O#N[O-] failed to sanitize.
16:50:01 <INFO> Sampled SMILES [N+][O-][O-]n failed to sanitize.
16:50:01 <INFO> Sampled SMILES n failed to sanitize.
16:50:01 <INFO> Sampled SMILES n[N+]F failed to sanitize.
16:50:01 <INFO> Sampled SMILES nN failed to sanitize.
16:50:01 <INFO> Sampled SMILES C[O-]c failed to sanitize.
16:50:01 <INFO> Sampled SMILES [nH]#O failed to sanitize.
16:50:01 <INFO> Sampled SMILES [nH][nH]-[N+]NF failed to sanitize.
16:50:01 <INFO> Sampled SMILES [nH] failed to sanitize.
16:50:01 <INFO> Sampled SMILES Br[nH]n=F=c failed to sanitize.
16:50:01 <INFO> Sampled SMILES c failed to sanitize.
16:50:01 <INFO> Sampled SMILES Br=C failed to sanitize.
16:50:01 <INFO> Sampled SMILES OnBr failed to sanitize.
16:50:01 <INFO> Sampled SMILES c[N+]#O failed to sanitize.
16:50:01 <INFO> Sampled SMILES [N+]#[nH]#[O-]Br[nH] failed to sanitize.
16:50:01 <INFO> Sampled SMILES [nH] failed to sanitize.
16:50:01 <INFO> Sampled SMILES n failed to sanitize.
16:50:01 <INFO> Sampled SMILES n failed to sanitize.
16:50:01 <INFO> Sampled SMILES cn failed to sanitize.
16:50:01 <INFO> Sampled SMILES C#[O-]N failed to sanitize.
16:50:01 <INFO> Sampled SMILES n=c failed to sanitize.
16:50:01 <INFO> Sampled SMILES OnF([O-]) failed to sanitize.
16:50:01 <INFO> Sampled SMILES [nH][O-] failed to sanitize.
16:50:01 <INFO> Sampled SMILES cc failed to sanitize.
16:50:01 <INFO> Sampled SMILES CNc failed to sanitize.
16:50:01 <INFO> Sampled SMILES C=[O-]-Br failed to sanitize.
16:50:01 <INFO> Sampled SMILES [nH] failed to sanitize.
16:50:01 <INFO> Sampled SMILES n-[N+]=[nH] failed to sanitize.
16:50:01 <INFO> Sampled SMILES n failed to sanitize.
16:50:01 <INFO> Sampled SMILES [N+]c failed to sanitize.
16:50:01 <INFO> Sampled SMILES [nH] failed to sanitize.
16:50:01 <INFO> Sampled SMILES nnNF failed to sanitize.
16:50:01 <INFO> Sampled SMILES Brn failed to sanitize.
16:50:01 <INFO> Sampled SMILES nFC4[N+]c4=N failed to sanitize.
16:50:01 <INFO> Sampled SMILES n failed to sanitize.
16:50:01 <INFO> Sampled SMILES [N+]C[nH][N+] failed to sanitize.
16:50:01 <INFO> Sampled SMILES n failed to sanitize.
16:50:01 <INFO> Sampled SMILES c failed to sanitize.
16:50:01 <INFO> Sampled SMILES ncNn[O-] failed to sanitize.
16:50:01 <INFO> Sampled SMILES c failed to sanitize.
16:50:01 <INFO> Sampled SMILES [N+]CBrn[N+]c-O failed to sanitize.
16:50:01 <INFO> Sampled SMILES [O-]FNcc failed to sanitize.
16:50:01 <INFO> Peak main memory usage: 976.586 MiB
16:50:01 <INFO> Finished REINVENT on 2026-03-13
