16:47:18 <INFO> Started REINVENT 4.7.15 (C) AstraZeneca 2017, 2023 on 2026-03-13
16:47:18 <INFO> Command line: .venv/bin/reinvent -l reinvent_integration/results/generated_scaffold_generation/sampling.log reinvent_integration/configs/sample_series_ce_scaffold_generation.toml
16:47:18 <INFO> Reading run configuration from /home/nbhatta1/Desktop/qsar-project-Tzu/reinvent_integration/configs/sample_series_ce_scaffold_generation.toml using format toml
16:47:18 <INFO> User nbhatta1 on host panacea
16:47:18 <INFO> Python version 3.11.13
16:47:18 <INFO> PyTorch version 2.9.1+cu128, git 5811a8d7da873dd699ff6687092c225caffcf1bb
16:47:18 <INFO> PyTorch compiled with CUDA version 12.8
16:47:18 <INFO> RDKit version 2025.09.6
16:47:18 <INFO> Platform Linux-5.14.0-611.30.1.el9_7.x86_64-x86_64-with-glibc2.34
16:47:18 <INFO> CUDA driver version 590.48.01
16:47:18 <INFO> Number of PyTorch CUDA devices 1
16:47:18 <WARN> 'use_cuda' is deprecated, use 'device' instead
16:47:18 <INFO> Using CPU x86_64
16:47:18 <INFO> Starting Sampling
16:47:18 <INFO> /home/nbhatta1/Desktop/qsar-project-Tzu/reinvent_integration/results/reinvent_series_ce_scaffold_generation.chkpt has valid hash:
{ 'comments': [ 'Seed prior created for initial generation preview',
                'TL',
                'RL',
                'RL'],
  'creation_date': 1773362251.738379,
  'date_format': 'UNIX epoch',
  'hash_id': '754817e0d1c64b3d6af6ffbb3f31824e',
  'hash_id_format': 'xxhash.xxh3_128_hex 3.6.0',
  'model_id': UUID('a741a011-321f-4c53-95c6-aeadc7aa23a4'),
  'model_id_format': 'uuid.uuid4 3.11.13',
  'origina_data_source': 'TB Project QSAR Series C/E',
  'updates': [1773364863.6984305, 1773367974.805053, 1773367974.8336973]}
16:47:18 <INFO> Number of network parameters: 5,796,374
16:47:18 <INFO> Network architecture:
RNN(
  (_embedding): Embedding(22, 256)
  (_rnn): LSTM(256, 512, num_layers=3, batch_first=True)
  (_linear): Linear(in_features=512, out_features=22, bias=True)
)
16:47:18 <INFO> Using generator Reinvent
16:47:18 <INFO> Writing sampled SMILES to CSV file reinvent_integration/results/generated_scaffold_generation/samples_scaffold_generation.csv
16:47:18 <INFO> Sampling 2000 SMILES from model reinvent_integration/results/reinvent_series_ce_scaffold_generation.chkpt
16:47:22 <INFO> Sampled SMILES c failed to sanitize.
16:47:22 <INFO> Sampled SMILES [O-][N+]FNCN[nH]CCc failed to sanitize.
16:47:22 <INFO> Sampled SMILES C-O[O-]Br failed to sanitize.
16:47:22 <INFO> Sampled SMILES OcNF failed to sanitize.
16:47:22 <INFO> Sampled SMILES [nH] failed to sanitize.
16:47:22 <INFO> Sampled SMILES BrBrc failed to sanitize.
16:47:22 <INFO> Sampled SMILES c failed to sanitize.
16:47:22 <INFO> Sampled SMILES nBrO failed to sanitize.
16:47:22 <INFO> Sampled SMILES n failed to sanitize.
16:47:22 <INFO> Sampled SMILES n failed to sanitize.
16:47:22 <INFO> Sampled SMILES cN=F[N+][nH] failed to sanitize.
16:47:22 <INFO> Sampled SMILES Brc failed to sanitize.
16:47:22 <INFO> Sampled SMILES [nH]Fc=CO failed to sanitize.
16:47:22 <INFO> Sampled SMILES c failed to sanitize.
16:47:22 <INFO> Sampled SMILES FBr[N+][O-] failed to sanitize.
16:47:22 <INFO> Sampled SMILES C[O-][N+]N failed to sanitize.
16:47:22 <INFO> Sampled SMILES CnnC failed to sanitize.
16:47:22 <INFO> Sampled SMILES [O-][N+]n failed to sanitize.
16:47:22 <INFO> Sampled SMILES CBrC failed to sanitize.
16:47:22 <INFO> Sampled SMILES ON=BrBr failed to sanitize.
16:47:22 <INFO> Sampled SMILES n failed to sanitize.
16:47:22 <INFO> Sampled SMILES [N+][O-]#O[O-]CBr failed to sanitize.
16:47:22 <INFO> Sampled SMILES FN[N+]c failed to sanitize.
16:47:22 <INFO> Sampled SMILES c failed to sanitize.
16:47:22 <INFO> Sampled SMILES CFn failed to sanitize.
16:47:22 <INFO> Sampled SMILES n failed to sanitize.
16:47:22 <INFO> Sampled SMILES BrCFNCc failed to sanitize.
16:47:22 <INFO> Sampled SMILES C[O-]Br[nH]3[O-]cCO3 failed to sanitize.
16:47:22 <INFO> Sampled SMILES n failed to sanitize.
16:47:22 <INFO> Sampled SMILES Fc failed to sanitize.
16:47:22 <INFO> Sampled SMILES [nH]Oc failed to sanitize.
16:47:22 <INFO> Sampled SMILES NBrc[nH]C failed to sanitize.
16:47:22 <INFO> Sampled SMILES n failed to sanitize.
16:47:22 <INFO> Sampled SMILES [O-]FN failed to sanitize.
16:47:22 <INFO> Sampled SMILES n failed to sanitize.
16:47:22 <INFO> Sampled SMILES c#[N+] failed to sanitize.
16:47:22 <INFO> Sampled SMILES [N+]BrF failed to sanitize.
16:47:22 <INFO> Sampled SMILES c failed to sanitize.
16:47:22 <INFO> Sampled SMILES [O-]-Br[N+]c failed to sanitize.
16:47:22 <INFO> Sampled SMILES c failed to sanitize.
16:47:22 <INFO> Sampled SMILES NCFF failed to sanitize.
16:47:22 <INFO> Peak main memory usage: 976.855 MiB
16:47:22 <INFO> Finished REINVENT on 2026-03-13
