16:46:59 <INFO> Started REINVENT 4.7.15 (C) AstraZeneca 2017, 2023 on 2026-03-13
16:46:59 <INFO> Command line: .venv/bin/reinvent -l reinvent_integration/results/generated_scaffold_hopping/sampling.log reinvent_integration/configs/sample_series_ce_scaffold_hopping.toml
16:46:59 <INFO> Reading run configuration from /home/nbhatta1/Desktop/qsar-project-Tzu/reinvent_integration/configs/sample_series_ce_scaffold_hopping.toml using format toml
16:46:59 <INFO> User nbhatta1 on host panacea
16:46:59 <INFO> Python version 3.11.13
16:46:59 <INFO> PyTorch version 2.9.1+cu128, git 5811a8d7da873dd699ff6687092c225caffcf1bb
16:46:59 <INFO> PyTorch compiled with CUDA version 12.8
16:46:59 <INFO> RDKit version 2025.09.6
16:46:59 <INFO> Platform Linux-5.14.0-611.30.1.el9_7.x86_64-x86_64-with-glibc2.34
16:46:59 <INFO> CUDA driver version 590.48.01
16:46:59 <INFO> Number of PyTorch CUDA devices 1
16:46:59 <WARN> 'use_cuda' is deprecated, use 'device' instead
16:46:59 <INFO> Using CPU x86_64
16:46:59 <INFO> Starting Sampling
16:46:59 <INFO> /home/nbhatta1/Desktop/qsar-project-Tzu/reinvent_integration/results/reinvent_series_ce_scaffold_hopping.chkpt has valid hash:
{ 'comments': ['Seed prior created for initial generation preview', 'TL', 'RL'],
  'creation_date': 1773362251.738379,
  'date_format': 'UNIX epoch',
  'hash_id': 'c2717597e56b3519ff29ef25a51cb145',
  'hash_id_format': 'xxhash.xxh3_128_hex 3.6.0',
  'model_id': UUID('a741a011-321f-4c53-95c6-aeadc7aa23a4'),
  'model_id_format': 'uuid.uuid4 3.11.13',
  'origina_data_source': 'TB Project QSAR Series C/E',
  'updates': [1773364863.6984305, 1773369792.0066397]}
16:46:59 <INFO> Number of network parameters: 5,796,374
16:46:59 <INFO> Network architecture:
RNN(
  (_embedding): Embedding(22, 256)
  (_rnn): LSTM(256, 512, num_layers=3, batch_first=True)
  (_linear): Linear(in_features=512, out_features=22, bias=True)
)
16:46:59 <INFO> Using generator Reinvent
16:46:59 <INFO> Writing sampled SMILES to CSV file reinvent_integration/results/generated_scaffold_hopping/samples_scaffold_hopping.csv
16:46:59 <INFO> Sampling 2000 SMILES from model reinvent_integration/results/reinvent_series_ce_scaffold_hopping.chkpt
16:47:05 <INFO> Sampled SMILES BrBrON failed to sanitize.
16:47:05 <INFO> Sampled SMILES [N+]nN-[N+]nn5C-N[N+]5 failed to sanitize.
16:47:05 <INFO> Sampled SMILES [nH]F failed to sanitize.
16:47:05 <INFO> Sampled SMILES cn[N+] failed to sanitize.
16:47:05 <INFO> Sampled SMILES n failed to sanitize.
16:47:05 <INFO> Sampled SMILES cnN failed to sanitize.
16:47:05 <INFO> Sampled SMILES [N+]O1O[N+]Ccn1[O-] failed to sanitize.
16:47:05 <INFO> Sampled SMILES n[N+][nH]N failed to sanitize.
16:47:05 <INFO> Sampled SMILES N=[nH]n failed to sanitize.
16:47:05 <INFO> Sampled SMILES n failed to sanitize.
16:47:05 <INFO> Sampled SMILES c#N[O-] failed to sanitize.
16:47:05 <INFO> Sampled SMILES n[O-]O failed to sanitize.
16:47:05 <INFO> Sampled SMILES [O-][nH] failed to sanitize.
16:47:05 <INFO> Sampled SMILES n failed to sanitize.
16:47:05 <INFO> Sampled SMILES c failed to sanitize.
16:47:05 <INFO> Sampled SMILES N[O-]n[nH] failed to sanitize.
16:47:05 <INFO> Sampled SMILES c failed to sanitize.
16:47:05 <INFO> Sampled SMILES [O-][nH][nH]n failed to sanitize.
16:47:05 <INFO> Sampled SMILES Brcn failed to sanitize.
16:47:05 <INFO> Sampled SMILES CO=CF[nH]O failed to sanitize.
16:47:05 <INFO> Sampled SMILES [nH] failed to sanitize.
16:47:05 <INFO> Sampled SMILES BrBrc failed to sanitize.
16:47:05 <INFO> Sampled SMILES N2CNccF2 failed to sanitize.
16:47:05 <INFO> Sampled SMILES n failed to sanitize.
16:47:05 <INFO> Sampled SMILES [O-]OFc failed to sanitize.
16:47:05 <INFO> Sampled SMILES BrBrNnC failed to sanitize.
16:47:05 <INFO> Sampled SMILES [nH] failed to sanitize.
16:47:05 <INFO> Sampled SMILES [O-][O-]CBrc[N+]n failed to sanitize.
16:47:05 <INFO> Sampled SMILES [O-]O#c2nC#N2 failed to sanitize.
16:47:05 <INFO> Sampled SMILES n[O-] failed to sanitize.
16:47:05 <INFO> Sampled SMILES c failed to sanitize.
16:47:05 <INFO> Sampled SMILES cF failed to sanitize.
16:47:05 <INFO> Sampled SMILES nOFF[nH]C failed to sanitize.
16:47:05 <INFO> Sampled SMILES c=[O-]C failed to sanitize.
16:47:05 <INFO> Sampled SMILES [nH]c failed to sanitize.
16:47:05 <INFO> Sampled SMILES [nH] failed to sanitize.
16:47:05 <INFO> Sampled SMILES cN failed to sanitize.
16:47:05 <INFO> Sampled SMILES F[nH]OBr failed to sanitize.
16:47:05 <INFO> Sampled SMILES nNN failed to sanitize.
16:47:05 <INFO> Sampled SMILES O#C failed to sanitize.
16:47:05 <INFO> Sampled SMILES nc#c-Br failed to sanitize.
16:47:05 <INFO> Sampled SMILES n[N+][N+] failed to sanitize.
16:47:05 <INFO> Sampled SMILES BrBrc[nH] failed to sanitize.
16:47:05 <INFO> Sampled SMILES [N+][O-]nBrF failed to sanitize.
16:47:05 <INFO> Sampled SMILES F#N failed to sanitize.
16:47:05 <INFO> Sampled SMILES [nH]F failed to sanitize.
16:47:05 <INFO> Sampled SMILES c failed to sanitize.
16:47:05 <INFO> Sampled SMILES cBr failed to sanitize.
16:47:05 <INFO> Sampled SMILES [O-]4nn4[N+]ccc[O-]N failed to sanitize.
16:47:05 <INFO> Sampled SMILES FFn failed to sanitize.
16:47:05 <INFO> Sampled SMILES [nH]Br failed to sanitize.
16:47:05 <INFO> Sampled SMILES n failed to sanitize.
16:47:05 <INFO> Sampled SMILES c[N+]N[nH]O[nH]cC failed to sanitize.
16:47:05 <INFO> Sampled SMILES [N+]O[N+][nH] failed to sanitize.
16:47:05 <INFO> Sampled SMILES n failed to sanitize.
16:47:05 <INFO> Sampled SMILES Br[nH] failed to sanitize.
16:47:05 <INFO> Sampled SMILES [O-]=[O-]-ON=C failed to sanitize.
16:47:05 <INFO> Sampled SMILES C=O[nH]c[N+]FOFF failed to sanitize.
16:47:05 <INFO> Sampled SMILES [O-][N+][O-][nH] failed to sanitize.
16:47:05 <INFO> Sampled SMILES [nH]=[nH]c failed to sanitize.
16:47:05 <INFO> Sampled SMILES CN[nH] failed to sanitize.
16:47:05 <INFO> Sampled SMILES O#1n[O-]1 failed to sanitize.
16:47:05 <INFO> Sampled SMILES n failed to sanitize.
16:47:05 <INFO> Sampled SMILES n failed to sanitize.
16:47:05 <INFO> Sampled SMILES [nH] failed to sanitize.
16:47:05 <INFO> Sampled SMILES CO[nH] failed to sanitize.
16:47:05 <INFO> Sampled SMILES n failed to sanitize.
16:47:05 <INFO> Sampled SMILES nC1[N+][O-]n1 failed to sanitize.
16:47:05 <INFO> Peak main memory usage: 967.496 MiB
16:47:05 <INFO> Finished REINVENT on 2026-03-13
