12:55:00 <INFO> Started REINVENT 4.7.15 (C) AstraZeneca 2017, 2023 on 2026-03-15
12:55:00 <INFO> Command line: /home/nbhatta1/Desktop/qsar-project-Tzu/.venv/bin/reinvent -l reinvent_integration/logs/libinvent_rl_sample_manual.log /tmp/libinvent_rl_sample_manual.toml
12:55:00 <INFO> Reading run configuration from /tmp/libinvent_rl_sample_manual.toml using format toml
12:55:00 <INFO> User nbhatta1 on host panacea
12:55:00 <INFO> Python version 3.11.13
12:55:00 <INFO> PyTorch version 2.9.1+cu128, git 5811a8d7da873dd699ff6687092c225caffcf1bb
12:55:00 <INFO> PyTorch compiled with CUDA version 12.8
12:55:00 <INFO> RDKit version 2025.09.6
12:55:00 <INFO> Platform Linux-5.14.0-611.30.1.el9_7.x86_64-x86_64-with-glibc2.34
12:55:01 <INFO> CUDA driver version 590.48.01
12:55:01 <INFO> Number of PyTorch CUDA devices 1
12:55:01 <WARN> 'use_cuda' is deprecated, use 'device' instead
12:55:01 <INFO> Using GPU device:0 NVIDIA RTX PRO 5000 Blackwell
12:55:01 <INFO> GPU memory: 46014 MiB free, 48400 MiB total
12:55:01 <INFO> Starting Sampling
12:55:01 <INFO> /home/nbhatta1/Desktop/qsar-project-Tzu/reinvent_integration/results/libinvent_rl_adme/libinvent_rl.chkpt has valid hash:
{ 'comments': ['RL'],
  'creation_date': 0,
  'date_format': 'UNIX epoch',
  'hash_id': '5fe9742c94c6266681517c6a12fcd211',
  'hash_id_format': 'xxhash.xxh3_128_hex 3.6.0',
  'model_id': '558e4fbd038c4b0ba67b03a025e657c4',
  'model_id_format': 'uuid.uuid4 3.10.12',
  'origina_data_source': 'ChEMBL 27',
  'updates': [1773593698.5162692]}
12:55:01 <INFO> Number of network parameters: 23,686,692
12:55:01 <INFO> Network architecture:
Decorator(
  (_encoder): Encoder(
    (_embedding): Sequential(
      (0): Embedding(38, 512)
      (1): Dropout(p=0.2, inplace=False)
    )
    (_rnn): LSTM(512, 512, num_layers=3, batch_first=True, dropout=0.2, bidirectional=True)
  )
  (_decoder): Decoder(
    (_embedding): Sequential(
      (0): Embedding(36, 512)
      (1): Dropout(p=0.2, inplace=False)
    )
    (_rnn): LSTM(512, 512, num_layers=3, batch_first=True, dropout=0.2)
    (_attention): AttentionLayer(
      (_attention_linear): Sequential(
        (0): Linear(in_features=1024, out_features=512, bias=True)
        (1): Tanh()
      )
    )
    (_linear): Linear(in_features=512, out_features=36, bias=True)
  )
)
12:55:01 <INFO> Using generator Libinvent
12:55:01 <INFO> Writing sampled SMILES to CSV file reinvent_integration/results/libinvent_rl/samples.csv
12:55:01 <INFO> Sampling 260 SMILES from model reinvent_integration/results/libinvent_rl_adme/libinvent_rl.chkpt
12:55:02 <WARN> reinvent_plugins.normalizers.rdkit_smiles: c1cc(CCO)ccc1CC(=O)Nc1nc(C)c(N(C(c2cc3c(cc2)nnc(C)n3CC)=O)CCC(Cl)(C)C)c(C(=O)N2CCC(C(=O)N)(C(=O)OCC)CC2)c1CCC#Cc1ccc(CCCCC(=O)O)cc1C(=O)c1cncc(CCCCOc2cc(CCC(=O)O)ccc2CCCCC(=O)NCc2ccc(C(CCCCC)=O)cc2)c1C(=O)OCC(N1CCC(C(=O)O)CC1)=O)CCC(C)C could not be converted
12:55:02 <WARN> reinvent_plugins.normalizers.rdkit_smiles: Fc1cc(F)c(NC(=O)N2CC(NC(c3cc(Br)cs3)CCS(=O)(CCC3CC3)=O)(=O)C2)cc1C(N1C(C(C)C)C(=O)N(CCCC)CC1CCC(C(C)C)C(=O)N1CCCCC1C(OCC(Nc1ccc(CC(C(OC(C)(C)C)=O)NC(=O)C)cc1)=O)=O)C(NC(C(=O)OC)CC(C)COC(=O)NC1C(O)C(O)C(C(O)=O)C(CCCC(=O)CCCCC(=O)NCCCCC(=O)N(C)CCCC(O)C(=O)*) could not be converted
12:55:02 <WARN> reinvent_plugins.normalizers.rdkit_smiles: O=C(O)C=CC(Nc1cc([N+](=O)[O-])cc(S(=O)(=O)N(C)C2C(O)C(O)C(O)C(C(O)=O)O2)c1)CC(=O)NC(CCCCN)C(NCCCC(C(=O)O)NC(CCC(C(=O)O)NC(CCC(O)=O)=O)=O)=O)C(NC(CCCCN)C(=O)NCCc1ccc(OCCOCCC(O)=O)c(CCCC(O)=O)c1)C(C)C(=O)OCCCC(C)C* could not be converted
12:55:02 <WARN> reinvent_plugins.normalizers.rdkit_smiles: C(#C)CCC1(CCC#C)N=N12CCCN2C(=O)CCCOc1ccc(CCCC(NCCCC(N2CCC(CCCC#C)CC2)=O)CCC(=O)N2CCCC2COC(CCCC#C)=O)c(CO)c1N(C)CCNC(=O)c1c(OC)cc(NCCC(N)C(=O)N)c(C#CCCCC#C)c1NCCCCN1CCCC1CNC(CCCCC#C)=O)OCCCCn1nc(C#CCC)c(N2CCCC2)c1C(=O)N could not be converted
12:55:02 <WARN> reinvent_plugins.normalizers.rdkit_smiles: c1ccc(NC(C)=O)c(OC)c1Br)C=CC#N could not be converted
12:55:02 <WARN> reinvent_plugins.normalizers.rdkit_smiles: c1occ(C=CC(OCC)=O)c1C(=O)N1CCN(C(=O)CCC#Cc2ccc(OCC3CC3)c(OC)c2)C(CC)C1C(=O)NCCCCC(C(C(=O)O)O)NC(CCCCC(NCCOCCOCCNC(=O)CCCC#C)=O)C(=O)NC(CC(C)C)C(=O)NC(Cc1ccccc1)C(=O)OC(C(=O)O)CCC(NCCCCOCCCCOC(CCCC(=O)NCC(=O)NCCCOc1cc(CCC#C)c(OCC(CNC(C)(C)CC#C)CN(C)CC(O)CO could not be converted
12:55:02 <WARN> reinvent_plugins.normalizers.rdkit_smiles: C1N(C(c2cc(-c3ccncc3)ccc2)=O)CCC1C(=O)NC(CC(C)C)C(NC(C(=O)O)CCC(NCCNC(=O)CCC(=O)N)=O)CCCC#CC#CC#CC#CC#CCCC(NCCCN(C)CCC#CC#CCCCCC)=O)OCCN1CCCC1COCCC(=O)NCCNC(=O)c1ccc(N2C(=O)OC(CNC(=O)C)C2)cc1C(=O)NCCCCC(N)C(O)=O)CCCC#CC#CC#CC#CC#CC#CCOC(=O)CCCCC1C2NC(=O)N could not be converted
12:55:02 <WARN> reinvent_plugins.normalizers.rdkit_smiles: C(c1ncsc1)Oc1c(OC)c2c(cc1)CCC(N(C)C(CC#CCOC(=O)CCCCC(C)CCOC(C)=O)CCC(O)C(CC(C)C)NC(=O)CCCC(C(O)=O)NC(CCCC(NCCOCCOCCOCCOCCCC(=O)NC(C(N)=O)CCCC(NCCCCC(NC(=O)CCCC(NCCCOc1ccc(CC(C(C)C)CC(O)=O)cc1)=O)=O)NC(=O)CCCC(=O)NCC(O)C(NC(=O)CCC(N)C(=O)O)C(NCCCCC(N*)C(=O could not be converted
12:55:02 <WARN> reinvent_plugins.normalizers.rdkit_smiles: C1C(C(NC(=O)c2nc(C)n(-c3ccc(F)cc3)n2)C(CO)CC)CCC(C(N2CC3C(C2)CN(C(=O)CC)c3ccccc2)=O)C1NC(C(C)OCC(C(N)C(=O)CCC(=O)OCC)C(=O)NCCCCC#CCC(=O)N(CCC)CCCc1ccc(NC(=O)CCCC(C(=O)O)(C)C)cc1)=O)CCCCC(=O)N1CC(F)CC1 could not be converted
12:55:02 <WARN> reinvent_plugins.normalizers.rdkit_smiles: O=C1N(CC)c2c(cc(F)c(CC#CC(O)CN(C)C)c2)C12CCN(C(C)C)CC2CNCCC#CC(C)CCc1c(F)cc(OC)c(C2CC(CN)CC2CC2CCC(C)CC2)c1NC(=O)CCCC#CCNC(C(F)(F)F)=O)C#CCCCCO could not be converted
12:55:02 <WARN> reinvent_plugins.normalizers.rdkit_smiles: C(=O)(O)CCC(C(O)=O)NC(=O)c1ccc(C(N)CCCCN(C)C)c(C#CC2CCCC2)c1CN(C(=O)CCCCN)C(=O)COCCOCCOCCNC(CC#CC#CC(C)(O)C)CCC(=O)NCCNC(CCCC#CC(=O)NCCO)=O)OCCNC(=O)CCCCC#CC#CCC(O)C(C)C(=O)NCCOCCOCCOCC#C could not be converted
12:55:02 <WARN> reinvent_plugins.normalizers.rdkit_smiles: O=C(Nc1ccc(CCCCC)cc1)CCCC#Cc1c(CCCC#C)nc(N2CC(CC)C(C(=O)O)C2)nc1N1CC(CC)C(CCCC)C1=O)CCCC(=O)NCCCCC(NC(OC(C)(C)C)=O)C(=O)OCC#CC#CCCCC(O)=O could not be converted
12:55:02 <WARN> reinvent_plugins.normalizers.rdkit_smiles: C(NC(C)=O)C1CCC(CN(CC)CC)C(C(OC)=O)C1C(=O)CCC(C(C)C)C(=O)NCCS(=O)(=O)CCOCCOCCOCCOCCNC(=O)CCCCC1C2C(NC(=O)N2)CS1)CCCC(C(O)=O)NC(=O)CN(C)C could not be converted
12:55:02 <WARN> reinvent_plugins.normalizers.rdkit_smiles: n12cc(C(N3CC(C)OC(C)C3)=O)nc1n(C)c(C(=O)NC1(C#C)CC(N)CC1)c2CCCCC(O)C(CC1CCCCC1)NC(=O)CCCCC(O)=O)CCOc1ccc(F)c(CC2(CCC#C)NC(=O)N(CCCCC(=O)NCCCCC(C)(C)C)C2)c1CCC(O)=O could not be converted
12:55:02 <WARN> reinvent_plugins.normalizers.rdkit_smiles: C(O)C(N)C(CC(F)(F)F)Oc1cc(C(=O)COCC)c(OCC2CCC(CNC(C)=O)CC2)c(CCS(CCC(C)C)(=O)=O)c1)CCC(C)C(=O)CCCOC(=O)CCC(C(=O)O)NC(=O)C(CC(O)=O)NC(CCCC(=O)NCCC(=O)C(C(C)C)NC(=O)CCCC(=O)NCC(O)=O)=O could not be converted
12:55:02 <WARN> reinvent_plugins.normalizers.rdkit_smiles: c1(Cl)ccc(-c2oc(C(=O)N3c3cc(C)c(S(=O)(=O)C(C)C)cc3)c(Cl)c2)cc1OCCCCNC(=O)CCCC(C(=O)O)NC(=O)C1CCCC(CCCCC(=O)N)C1C(NC(C(=O)O)CCC(=O)O)=O could not be converted
12:55:02 <WARN> reinvent_plugins.normalizers.rdkit_smiles: O=C(C1(C#N)CC1)NCCN(CC)C(=O)Cn1nc(CC(CC)C(=O)NCCCCC)n(CCCC)c1=O)C(=O)OCCNC could not be converted
12:55:02 <WARN> reinvent_plugins.normalizers.rdkit_smiles: C1C(C(OCC(NC)=O)=O)C1C(C)C(OC(CCCC#C)C(NC(C(=O)N)(C)C)=O)C(CCSC)C(NCC#CCOC(CCCCC#CC#CC(C)C(C)C(=O)NCC(C)CC)=O)CCNS(=O)(CCC(C(OC)=O)N(C(=O)OC(C)(C)C)CCC(C)C(CCC(=O)NCCc1ccc(N(C)C)cc1)NC(CCCC(=O)OCCOCCOCC#CC#CC#CC#CCCCC)=O)C(NC(C(C)C)C(=O)OCCCCN(C)C)=O)C(F) could not be converted
12:55:02 <WARN> reinvent_plugins.normalizers.rdkit_smiles: FC(c1nnc2ccc(N3CC(CC)N(C(N(C)C)=O)C(CNC(=O)c4c(C)cc(CCC)cc4CCCC(=O)NCCC(NC(=O)c4ccc(CC(C(=O)O)C(O)=O)cc4)(CCS(=O)(=O)N(C(=O)NCCCCC)CCC)C3)CCCC(=O)O)c2c1)(C(NCCOS(NCCCCC(NC(=O)OC(C)(C)C)C)=O)=O)nc1 could not be converted
12:55:02 <WARN> reinvent_plugins.normalizers.rdkit_smiles: C(O)c1cc(NC(C=C)=O)ncc1CCCC(NCCOCCOCCOCCOCCNC(=O)CCCCC(NC(=O)c1nnc(CC(C)C)o1)C(=O)O)C(CCCCN)C(N1CCC(CC(C(N)=O)CCCC(=O)NCCCC(C(=O)N)NC(=O)C(NC(=O)OC(C)(C)C)Cc2ccc(OCC3(OC)CCC3)cc2)CC1)CCC(C(CC(F)(F)F)C(O)=O)NC(=O)CCC(NCCNC(=O)CCCCC(NC(CCC(=O)O)=O)C(=O)NC(C could not be converted
12:55:02 <WARN> reinvent_plugins.normalizers.rdkit_smiles: C(F)(F)(C(F)(F)C)CCC(=O)N1C(c2oc(C(C)(C)C)cn2)CC(C(O)=O)C1CCCC(C(=O)NCCC)C(CC1CCCCC1)NC(CCC(C(C)C)C(=O)N1CCCC1C(=O)NC(C(=O)N)CC(C)C)=O)CCCCS(=O)(=O)NC(C(C)C)C(=O)CCCCN* could not be converted
12:55:02 <WARN> reinvent_plugins.normalizers.rdkit_smiles: C1(CN2CC3C(CC3C(N2C)=O)CC2)C2CC(C23CC3)C1C(NCc1ccc(Cl)c(C(C#N)CCC(O)C(CC2CC2)C2CCCCC2)c1-c1ccc(CCCOCCCC#CC#CC#Cc2ccc(C(CO)NC(CCCCN3CCC(CCN)C(C=C)C3)=O)c(OC)c2)cc1COC(=O)CCC#CC#CC=CCCCC(C#CC)(C(NCCN(C)C)=O)CCNC(=O)c1ccc(CCCC#C)c2c1CN(CCCCNCC(=O)OCC#CC#CCCCC could not be converted
12:55:02 <WARN> reinvent_plugins.normalizers.rdkit_smiles: C1CC1C(=O)c1ccc(OCC(O)CNC(C)C(O)CO)c(OCCCCC)c1CCCC#Cc1ccc(C(=O)C(NC(=O)C)C(CC)C)c(C(O)=O)c1N(C(O)=O)Cc1ccc(OCCCC#C)c(C(NCC(CCCC)CCC#C)=O)c1CC=CCCC(O)=O)COCCNC(C(Cc1nc[nH]c1)NC(=O)C(C)CCC(C(C)C)C(CC(C)C)O)=O could not be converted
12:55:02 <WARN> reinvent_plugins.normalizers.rdkit_smiles: C(C(C)C)C(C)(O)C#Cc1ccc(OCCCCOC2CCN(CC#Cc3ccc(OC4CC4CN(C)CC5)cc3)CC2)c(OCCCCN(C)C(CCCCC(=O)NCC(C(=O)N)NC(CCC(=O)N2CCC3C(CCCC3)C2CCCC(C#CC)(C)C)=O)NC(=O)CCCCOc2ccc(CCNC(=O)CCC#C)c(COC(CCC(O)=O)=O)c2CCC(C)C(O)=O)c1CCC#CC=CCCCC(=O)NCCNC(=O)CCCC#CC#CCCCC(O)=O could not be converted
12:55:02 <WARN> reinvent_plugins.normalizers.rdkit_smiles: CC(C)CCC(CS(C)(=O)=O)NC(c1nnsc1)=O)C(N1CC(C)C(COC2CNC(=O)C2)C1)C(=O)NC(C(=O)N)CCCC(=O)N(C(C(N)=O)C(C)O)Cc1ccc(OCCCC(c2ccc(NC(CCC(N3CCN(C(=O)OC(C)(C)C)CC3)=O)CCC(C(N3C4CCC3CC4C(NC(C(=O)O)CCCC3CC3)=O)=O)CCC(=O)N)cc2)=O)cc1C#CCCCC(N)=O could not be converted
12:55:02 <WARN> reinvent_plugins.normalizers.rdkit_smiles: c1(C#C)ccc(N2CC(O)C2)nc1Nc1cccc(F)c1CCN1CCCC(NC(=O)CCCC(=O)c2ncc(Cl)cc2)C1=O)C(C(C(C)C)NC(OC(C)(C)C)=O)C(C)C(C(CC)C)C(=O)NCC(C(=O)O)CC(C)C could not be converted
12:55:02 <WARN> reinvent_plugins.normalizers.rdkit_smiles: c1(C(NCC#N)=O)cc(Cl)c(NC(N)=O)nc1SCC(NCCCCC(C(=O)N)NC(=O)CCCC(=O)NCCOCCOCCOCCOCCN)C(NNC(=O)c1ccc(CCCCC(N)CC(=O)NCC(O)(F)CNC(=O)CCCCC(NCCOCCOCCOCCNC(CCCC(C(=O)N)=O)N)=O)cc1CCCC(N)C(=O)NCC(CCC(=O)N)NC(=O)OCC(C(O)=O)Cc1ccc(OCCCCOC(=O)CCCC2CCCC2)c(C(=O)CCCC#C) could not be converted
12:55:02 <WARN> reinvent_plugins.normalizers.rdkit_smiles: c1cc(C#N)cnc1C(NC1C(F)(F)CCN1C(=O)CC(C)O)CCN1CC(CN)CC(CN2CCCC2=O)(Nc2nc(C#C)cc(C#CCNC(C)=O)c2)C1COC(=O)NCCCCC(=O)NC(C(=O)C)C(=O)C(CCCCN)NC(=O)CCC(=O)N(CCC)CCC)Oc1cc(C#CCNCCCCN)ccc1C#CCNC(CCCCC#N)=O could not be converted
12:55:02 <WARN> reinvent_plugins.normalizers.rdkit_smiles: O=C(O)COc1cn(C2CCCC2)n2c(cc(CCCCC#C)n2)c1=O)C1CCN(C(C(CCC(=O)O)N)=O)C(C(=O)NCCN2CCCC(C(=O)O)C2CCCCNC(CCCC(=O)N2C3CCC(CC3)C2)=O)C1C(=O)NCc1ccc(C(=O)N)c(OC)c1CCCC1CCCCC1 could not be converted
12:55:02 <WARN> reinvent_plugins.normalizers.rdkit_smiles: C1(CCC#C)CCC(CN)CC1C(OCCC(c1c[n+]([O-])cc(C(=O)O)c1)=O)=O)CC(C(N)=O)NC(=O)c1ccc(CC(NC(=O)CC)C(=O)N2CCCC2C(=O)O)cc1C(O)=O)CCCC(=O)NCC(O)=O could not be converted
12:55:02 <WARN> reinvent_plugins.normalizers.rdkit_smiles: C1Cc2c(cnc(C(F)(F)F)c2)C(NC(=O)C2C(C)C2)c2oc3c(c21)ccc(OCC(C)(C(F)(F)F)C(F)(F)CNC(=O)c1oc(C#CCCCC#Cc2ccc(CCCC*)cc2)c3cc1)C could not be converted
12:55:02 <WARN> reinvent_plugins.normalizers.rdkit_smiles: C1(CO)CN(c2ccc(C(=O)OCC)c(NC(=O)CCC(C(O)=O)N)c2)CC1C(NC(C(=O)O)C(CCC(=O)O)NC(CCCC#C)=O)CC(C(=O)NCCOC)NC(OC(C)(C)C)=O)C(=O)NC(C(CC)C)C(=O)CCC(=O)NC(C(C)C)C(O)C(NC(CCSC)C(=O)OCC)=O could not be converted
12:55:02 <WARN> reinvent_plugins.normalizers.rdkit_smiles: c1c(Cl)c(Cl)cc(CC(C)NC(CC(O)=O)C(F)(F)C(OCC2C(C#C)CCC2)=O)c1OCCCCN1CCC(C(=O)O)(CCC(C(CCCC)C(=O)N2CC3(CCC2)OC3)CCNC(CCC(C)C)=O)CC1C(=O)NC1(C=CC#CC)CCN(CCC(c2ccccc2)COc2ccc(C(Cc3c4c(cccc4)[nH]c4cccc3)c3)c3ccc(CCC)cc32)CC1C(=O)NC could not be converted
12:55:02 <WARN> reinvent_plugins.normalizers.rdkit_smiles: C(C)(C(=O)NCc1csnn1)Oc1c(C2CC2)ccc(F)c1CCCCOc1ccc(C2CCC(CCCC(=O)O)CC2)cc1NC(=O)c1oc(CCCCC(NCCCCNc2ccc(CCCOC(=O)CCC(=O)O)cn2)=O)nc1C(NC(CCCCN)C(N1C(C(=O)O)CCC1)=O)=O)CCCCN could not be converted
12:55:02 <WARN> reinvent_plugins.normalizers.rdkit_smiles: C(c1c(=O)n(-c2ccccc2)n(C)c1C)OC(=O)CCC(=O)N(C=O)OC(C=CC(O)=O)=O)CCCC#CC#CC(O)(C)C(C)C(COC(=O)C)NC(=O)CCC(O)=O could not be converted
12:55:02 <WARN> reinvent_plugins.normalizers.rdkit_smiles: C1(CCCCC(COCCCC2CCCCC2)NC(=O)C2(O)C(C)CN(C(C)=O)CC2CCC(N2CCN(C(CCNC(=O)C=Cc3cccc(OC)c3OC)CCC(=O)O)C(O)C2)=O)CCC(CNC(C(O)CCCCN)=O)C1CC(C(O)=O)C(NCCN1CC(NC(=O)C=C)C(NC(C(CCCCN)N)=O)=N1)C(O)C(C(C)CCO)NC(OCCCCC1C2C(NC(=O)N2)CS1)=O)CCCC#C could not be converted
12:55:02 <WARN> reinvent_plugins.normalizers.rdkit_smiles: c1ncc(C(C)C(NC)=O)nc1N1CC2CC1CN2CC(=O)NCCC(O)C(CC(F)(F)F)C(F)(F)F)CN(C)C(=O)c1ccc(CN(C)C)c(CCCCC#CC#Cc2ccc(CCCC#C)cc2)c1C(=O)NCCCC could not be converted
12:55:02 <WARN> reinvent_plugins.normalizers.rdkit_smiles: c1c2c(ccc1)cc(C)[n+]([O-])c2CCCC(CCC(OC)=O)NC(c1scc(COc2ccc3nccc(NCCCN(C)C(CC#N)C3CC3)c2CCCC(C)C(N2CCN(CCCC#Cc3ccc(C(=C4CN(C(=O)OC)C5CCC5)cc4)=O)CC3)c2)N1C(CCC(=O)O)C(=O)NC(CCC(O)=O)C(NCCCCC(=O)NCCCCN1CCC(CCCC(N2CC(C(O)=O)CC2)=O)(CCC(C)C)CC1C(=O)c1ccc(CCCC(C(=O could not be converted
12:55:02 <WARN> reinvent_plugins.normalizers.rdkit_smiles: C1(CN2CCOCC2)(C(CC(C(=O)OCC)C)=O)CCC(C(C)(C)C)CC1C(=O)NC(C(C)C)C(=O)NCC(NC(C(=O)N)Cc1ccc(OCC(CF)N)cc1)=O)C(NC(C(O)CCCC)C(=O)NCC(C(O)C(=O)O)CCCC#CCCC(C(F)(F)F)(F)F)C(COC(=O)C(C)(C)C)CC(C)C could not be converted
12:55:02 <WARN> reinvent_plugins.normalizers.rdkit_smiles: C12CC(C=C1)CC2CCOc1c(OCC=C)c(OCC=C)c(C#N)c(C(=O)NCCCN2CCC(CNC(CCCC#C)=O)CC2)c1CCCOc1c(OC)cc(CCN(C)C(=O)CCCC#C)cc1CCCNC(CCCC#C)=O)CCCOc1ccc(CCCC#CC#CCNC(CCCCO)=O)cc1CCC(C)=CCCC(C)CCCC(=O)NCCOCCOCCOC(=O)CCC(C#N)NC(CC)=O could not be converted
12:55:02 <WARN> reinvent_plugins.normalizers.rdkit_smiles: c1cc(-c2ccc(C#N)cc2)cc[n+]1CCCC#CCC(C(=O)O)(C)Cc1ccc(OCC(O)(C(F)(F)F)C2CC2)cc1C(C)C(C#N)CCCC(C#CC)(C)C#CC(C)OC(C(C)O)=O)C#CCCC(=O)N could not be converted
12:55:02 <WARN> reinvent_plugins.normalizers.rdkit_smiles: N#Cc1c(Cl)cc(OCCCCOC(CCCC#C)=O)c(CN(CC#C)C(CCCC(NCCO)=O)=O)c1CS(CCC(C)C)(=O)=O)CCCC(O)=O could not be converted
12:55:02 <WARN> reinvent_plugins.normalizers.rdkit_smiles: O(C(C(C)(C)C)=O)CCC(C(F)(F)F)C(=O)NC1(C(=O)OCC)CCc2cc(NC(=O)CCCC(O)C(C(=O)OCC)CCCCC(=O)O)ccc2N1C(=O)CCC(C(=O)N)NC(=O)CCCC(=O)NC(CCCCN)C(=O)NCC(O)C(NC(=O)OC(C)(C)C)C(CC)C)C(N)C(C(O)C(O)C(N)CCCNC(=O)c1ccc(OCCCCC(=O)NCCCCNC(OC(C)(C)C)=O)nc1-c1cn(C)c(CCCCC(NC could not be converted
12:55:02 <WARN> reinvent_plugins.normalizers.rdkit_smiles: c1cccn2c(CCC)c(C(=O)O)nc12CCCC(NC(=O)OC(C)(C)C)C(O)C(CC1CCCCC1)NC(=O)CCC(C(=O)O)(C)C(=O)NC1C(C(C)C)CCC(C)C1OCCCC#Cc1ccc(C#CCCCC(O)=O)cc1CCCC(NCC(CC(C)C)COC(C)(C)C)=O could not be converted
12:55:02 <WARN> reinvent_plugins.normalizers.rdkit_smiles: C(N(C(C)C)C(C)C)CCl)CNC(C1(CCC#C)N=N1)=O)Oc1c(F)c(F)c(F)c(C(=O)N2C(CC)N(C(C)C)CC2CCC1NC(=O)CCC1CCN(CC2CCC(CCCC#Cc3ccc(C#CCN)c(F)c3F)(CCF)CC2)CC1CCCCNC(=O)C(C)(C)CNC(=O)CCC(C(N)=O)NC(=O)CCC(O)=O)NC(CCC)C(=O)C* could not be converted
12:55:02 <WARN> reinvent_plugins.normalizers.rdkit_smiles: N1(C)C(=O)COc2ccc(C=CC(NC3(C#C)CCOCC3)=O)c(C3CC3)c2C1=CC(NCCOCCOCCOCCN(C)C(=O)CCC(C(=O)N)NC(c1ccc(C)c(-c2oc(C)c(CCOC(=O)CCC(C(=O)O)NC(=O)CCCC#C)n2)c1)=O)C(=O)NCC(C)C(C(C)CC)C(O)=O)CCC(=O)O could not be converted
12:55:02 <WARN> reinvent_plugins.normalizers.rdkit_smiles: C(CC(O)=O)C(CNc1c(F)c(F)ccc1)CC(C(F)(F)F)(C(F)(F)F)OCc1cc(OC)c(C(NC2(C(=O)NC)CCN(CCC(COc3c(OC)ccc(C#N)c3)CC#C)CC2)CCN(C(=O)OC)CCCOc2c(OC)cc(CCCC#C)cc2OC)c(CC(C)C)c1CCC(=O)OCCOCCOCCNC(=O)CCCCC(C(=O)O)NC(=O)CCC(NC(=O)OC(C)(C)C)C(CCCCN)NC(CCCC#C)(C(CC#C)C)=O could not be converted
12:55:02 <WARN> reinvent_plugins.normalizers.rdkit_smiles: C(N1CCN(C)CC1)(=O)CN1C(=O)COc2c(CCC)c(OC)c(CCC3CCC(C(=O)OCCCC)N3C(=O)CCC#CC#CC#CCCCCCC3CCN(CCN(C)C)CC3)cc2c1NC(CCC(=O)NCCCCC(C)C)C(=O)OCC#CCCCC(=O)NCCC(C)C(N)C(O)C(C(C)C)CC#CC#CC#CC#CCCC(C)C could not be converted
12:55:02 <WARN> reinvent_plugins.normalizers.rdkit_smiles: O=C(OCC(Cl)(Cl)Cl)N1C(CCCC)CC(C(=O)CCC)C1c1sc(C)c(CCCCOC(CCC(C(C)=O)(C#N)CCCC#CC#CCCCC#CC#Cc2cc(NC(CC#CCOC(=O)CCC(O)C(CCCC)CCC#C)=O)cc2CCCC#CC#CCCCC(NCCCCC(C)C)=O)CCOC(=O)CCC(C)C(=O)CNC(CCCC2C2SCC2C2C(=O)NCC(C)C)NC(CCCC(C#CCCCC(C2C2)CCCCOCCCC#CC#CC#CCCCC)=O) could not be converted
12:55:02 <WARN> reinvent_plugins.normalizers.rdkit_smiles: C(O)(C)C(OCC(COC(=O)C)(C)C)CCCN(C)C(=O)CCC(NC(CCCN=C(N)N)C(NC(C(C)CC)C(NC(C(=O)O)C(C)CC)=O)=O)C(=O)NC(C)C(=O)NC(C(C)CC)C(NC(CC(C)C)C(=O)NCCCC(C(=O)N)NC(=O)CCC(=O)NC(C(C)CC)C(CCCC)C(NC1C(OCC(C(C)C)C(NCCCC)=O)OC(CCC(=O)NC(C(C)C)C(=O)NCC(C(O)C)=O)C(CCCC)C1)= could not be converted
12:55:02 <WARN> reinvent_plugins.normalizers.rdkit_smiles: C1C(C(NC2CC2)=O)(CNC(C2(C#N)CC2)=O)C1C(NC(C(=O)NC)Cc1cccc(OC)c1)C(NC(C)c1ccc(CC(C(O)=O)C(=O)O)cc1CCC(=O)NC(CC(C)C)COCCCCNC(CCSC)C(=O)NC(C(=O)N)Cc1cc(CCC(C(O)=O)NC(=O)CCCC(=O)NCCCCC(N)C(NC(C(=O)O)CCCCNC(CCCOc2nonc2C(N2CC(CC(C)C)CC(C(=O)NC(C(=O)N)CCCCN=C(N) could not be converted
12:55:02 <WARN> reinvent_plugins.normalizers.rdkit_smiles: c1c(Br)cnc2[nH]cc(CC(NC3CCC(N4CCCCC4)CC3)=O)c12Cc1onc(CCCCC(NCC(O)(C)CCN2C(=O)C(CCCC(C(=O)N3C(C)(C)SCC3)CC(NCCCC(C)C(N3C4C(OC3=O)CCCC4)=O)CCCCC(=O)NCCCCC(NC(c3cc(C(=O)O)c(C)c(C)c3)=O)(C)C)C2=O)=O)c1C(N)=O could not be converted
12:55:02 <WARN> reinvent_plugins.normalizers.rdkit_smiles: n1(CCC=C)c(=O)c2ccc(CCCC#N)cc2nc1SCC(=O)NC(CCC(O)=O)C(O)=O)CCCC(C(=O)NC(C(=O)N)Cc1ccccc1)CCCCNC(=O)CCCC(NC(C(O)=O)CCCC(NC(CC*)C(N)=O)=O)C(NC(C(N)=O)CO)=O could not be converted
12:55:02 <WARN> reinvent_plugins.normalizers.rdkit_smiles: CC(O)c1c(OC)cc(C=CC(CC)(C#CC)CC#CCC)c(-c2ccc(CNCc3cc(OC)c(OC5CCN(C(CC#C)C)CC3)c(F)c3)c(OCCN(CCOC)CCN(C(=O)C=C)C)c2)c1CCNCCCCN(C)CCCCNC(CCCCC1C2C(NC(=O)N2)CS1)=O)CCCC(=O)NCCOCCOCCNC(Cc1c(C#N)n(-c2ccc(Cl)cc2)nc1)=O could not be converted
12:55:02 <WARN> reinvent_plugins.normalizers.rdkit_smiles: c1(N)ncccn1CCCNCC(O)COc1ccc(C#CCN(C)C)cc1COCCOCCOCCNC(C=CC(NCC(C)C(O)COCCOCCOCCOCCOCCNC(=O)c1ccc2c(n1)N(c1c(OC)cc(OC)cc1)CCN(CC(O)C(O)C(O)CO)C2)CCOCCOCCNC(CCCC#C)=O)C(=O)CCC#CCOCCOCCOCCOCC#C could not be converted
12:55:02 <WARN> reinvent_plugins.normalizers.rdkit_smiles: C(c1ccccn1)(=O)NC1CCN(C2CCN(C(=O)C)CC2)C(C(=O)NCC#CC#CCCCCC(NCCNC(=O)C)=O)C1C(O)=O)CCC(NCCNC(=O)c1ccc(C#CCCCC(O)=O)c(Cl)c1)C(=O)NCC(=O)OCC(O)C(NC(c1c(OC)cc(OCC#CC(O)CCC#C)cc1)=O)CCSC(C(O)=O)C(C)C could not be converted
12:55:02 <WARN> reinvent_plugins.normalizers.rdkit_smiles: S(CCC)(=O)(N1CCN(C(=O)CCC(C(=O)O)NC(CCC(=O)N2CCCC2C(=O)O)=O)(CCCC(C)C)CC1)=O)NC(C(CC)CC)C(CCC(O)=O)NC(=O)CCC(=O)NC(C(=O)O)CCC(=O)NCC(O)C(C(C)CC)C(=O)N could not be converted
12:55:02 <WARN> reinvent_plugins.normalizers.rdkit_smiles: c1(C#N)ccc(CC(C(O)C(C2CCCCC2)N2C(=O)NC(CCCC)C2=O)NC(C(N)CC(C)C)=O)cc1C(CC(C(=O)O)Cc1ccccc1)=O)CCN(Cc1cn(C)cn1)C(=O)CCCCC1C2NC(=O)NC2CS1 could not be converted
12:55:02 <WARN> reinvent_plugins.normalizers.rdkit_smiles: CC(C)(OC(N1C2CCC1CC(COC(C)C)C2NC(=O)c1ccc(NC(=O)CCOC(CCOCCOC(=O)NCCCOCCCOCCOCCOCCNC(CCC(C(O)=O)N)=O)CNS(=O)(=O)c2ccc(CCCC(O)=O)cc2)cc1)=O)C(=O)NCCCCC(C(N)=O)NC(=O)CCCCC(=O)NCCS(=O)(=O)NC(=O)CCCC(=O)NCC(O)C(NC(=O)CCC(O)=O)C(=O)NCCCC(C(O)=O)NC(=O)CNC(=O)c1c could not be converted
12:55:02 <WARN> reinvent_plugins.normalizers.rdkit_smiles: C(C)(C)(C)OC(=O)N1C(C(N)=O)CC2CCC1C2OC(CC(COc1ccc(Cl)cc1)CC1C2CCCC2S(=O)(=O)C1)=O)CCCCC#CCOC(=O)CCC(NC(OC(C)(C)C)=O)C(=O)NC1(C#N)CC(C(=O)OC(C)(C)C)C(CCCCC(=O)NCCCC(C(=O)O)*)C1 could not be converted
12:55:02 <WARN> reinvent_plugins.normalizers.rdkit_smiles: C1CN(C(=O)C)CCN1C(COc1cc(Cl)c(C(O)=O)cc1C(=O)CCCCC1CCN(C(CCCN(C)C)=O)CC1C(Nc1onc(CCCC(OCCCCOc2ccc(CC#CCNCC(n3cc(CO)c(=O)[nH]c3=O)O)cc2)=O)c1CCCC(COC(C)=O)CCCCC(=O)O)=O)C(=O)NC(CC(C)C)C(O)=O)CCCOC(C)=O could not be converted
12:55:02 <WARN> reinvent_plugins.normalizers.rdkit_smiles: C(C)(C(O)=O)(C)C#Cc1n(-c2c(OC)cc(C#CCN(C(C)C)C(C)=O)n2)cc(C(=O)NCCC(N)=O)c1CCCCC#CC#CC#CCNC(CCCCC1SCC2CCC(NC(CCC(C(=O)O)NC(=O)CCCC(NCC#CCOCCOCCOCCN)=O)C2)C1)=O)C#CC#CC#CCCCCC could not be converted
12:55:02 <WARN> reinvent_plugins.normalizers.rdkit_smiles: O=S(N1C(CNc2ccc(CC(OC(C)C)=O)cc2)C(=O)NC1)(=O)Nc1cccc(CCC(C(O)=O)NC(c2[nH]c(=O)cc(CC(C(=O)N(Cc3cnccc2)CCCCC)O)CCCCC3C(Cc3ccccc3)NC(=O)CCCCC(=O)NC(C(N)=O)CC(C(=O)NCC#C)C2CCCCC2)C(NCCCCC(C(=O)N)=O)NC(=O)CCCC(=O)NCC(CCCC(N)=O)=O)c1 could not be converted
12:55:02 <WARN> reinvent_plugins.normalizers.rdkit_smiles: c1c2c(ccc1)CC(CC(O)=O)N(S(=O)(=O)CCCC(O)=O)C2CNC(CCCCC(=O)NS(=O)(=O)CCc1ccc(NC(CCCC(=O)NCc2ccc(-c3ccc(CCCCC(=O)NCCCCC(C(N)=O)NCCCCC(C(O)=O)N)cc3)nc2)NC(CCCC(NC(OC(C)(C)C)=O)C(NC(CCCCN)C(N)=O)=O)C(NCCCC(C)(C)CC(NCC(C(C)CC)N)=O)=O)c(C(=O)NC(C(=O)O)CCCCNC(=O could not be converted
12:55:02 <WARN> reinvent_plugins.normalizers.rdkit_smiles: CC(CC#CC#Cc1c2c(nc(C)c1)nc(C)n2C)(C)C#Cc1cc(C)c(C#CCCC(C)C(CN)(Br)C)c2c1nc(C#N)c(OCCC1CC1)n2CC#CCCCC(=O)OC1C(O)C(O)C(CO)O1C(CCC(C(F)(F)F)(F)F)=O)C(C(F)(F)F)(O)C(CCCC)C(C)CC(CC#N)CC=C could not be converted
12:55:02 <WARN> reinvent_plugins.normalizers.rdkit_smiles: O=S(=O)(C1CC1)CCNC(C1CCCN1C(=O)C)=O)Oc1c(Cl)cc(C#CC)c(C)c1CCCCN* could not be converted
12:55:02 <WARN> reinvent_plugins.normalizers.rdkit_smiles: COCCN(C(C)C)C(CCC(=O)N1CC2CC2C1C(O)C(NC(C)=O)C(CCCC)C(NC(C(C)C)C(=O)NCCOC(=O)CCC(C(=O)O)NC(=O)CCCCC#CC#CC#CC#CCC(O)COc1c(C#CCN(C)C)ccc(OCCC(O)=O)c1)=O)=O)CCCCC(=O)NC(CCC(=O)O)C(=O)NC(C(O)=O)CCCC#CC(C(C)C)Cc1ccccc1 could not be converted
12:55:02 <WARN> reinvent_plugins.normalizers.rdkit_smiles: n1(C2CCC2)nnc(C(N)CCCCC(N)C(NCCCCC(C(=O)O)=O)NC(=O)CCC(C(O)=O)NC(=O)CCC(C(=O)O)NC(=O)CCC(C(N)=O)NC(=O)CCCC#N)c1C(O)=O)CCCC#CC(NCC1CCCN1C(=O)CCCC#C)=O could not be converted
12:55:02 <WARN> reinvent_plugins.normalizers.rdkit_smiles: C1c2cc(-c3nc(NC(=O)C)c4scc(CCC(O)=O)c4n3)on2)C1CCC(C(N2C(C(NC(C(NCC#C)=O)CCCCN)=O)CC2)=O)CCC(=O)NC(C(C)CC)C(CC2CCCCC2)NC(=O)CCC(=O)C(=O)N1CC2C(C1CCCCC(=O)NCC#CC#CCC#CC#CC#CCCCCCCCC#Cc1cc(NC(OC3CC3)=O)ccc1CCCC(O)COCCCC#CC#CCCCC(CCCC(C)C)COC(=O)CCC(C)CCCC(C could not be converted
12:55:02 <WARN> reinvent_plugins.normalizers.rdkit_smiles: C(C(N)=O)NC(C(NC(=O)SC(C)C)C(O)C(CC)C)C(C)C(NC(=O)C(N)CCCCN)C(NC(C(=O)N)C(C)O)=O)C(CC(C)C)CC(=O)NCCCCC(NC(=O)C)C(=O)OC(C)(C)CCOCC#C could not be converted
12:55:02 <WARN> reinvent_plugins.normalizers.rdkit_smiles: S1(=O)(=O)CCN(C(c2ccc(CCCC(C3CC3)(NC(CCC(O)C(C(C)C)NC(=O)CCCCC#C)=O)CCCCC3=C(c3ccc(CCCCC(=O)NCCCCC(C(NCC#C)=O)N)cn3)=O)c3ccc(C#CCCCC(O)=O)cc32)CCC(=O)N2CCC(CCCC(=O)NCCOCC(=O)N3CCCC3C(=O)NCC(=O)NC(CCCC)C(=O)CCC(C(N)=O)NC(CCCCC(=O)NCCCCC(N)C(=O)NCCCC(C(=O)N could not be converted
12:55:02 <WARN> reinvent_plugins.normalizers.rdkit_smiles: C(C(O)=O)CC(C(O)=O)NC(c1csc(-c2noc(CCCC(C(O)=O)C(C(=O)NC3C(O)CCC3)=O)c2)n1)CCC(NCCCCC(C(=O)O)NC(=O)C(Cc1ccccc1)NC(CCCC(NCCCC(C(=O)O)NC(CCCC(C(O)=O)N)=O)=O)C(NCCCC(C(O)=O)NC(CCCC(O)=O)=O)=O)=O)CCC(C)(C(=O)NCC#C)C#CC(C)(C)CCCC(C)C(NC(C(=O)O)CCCCN)C(=O)NCCC( could not be converted
12:55:02 <WARN> reinvent_plugins.normalizers.rdkit_smiles: O(C)CCN(C(C)C)C(CC(C)CS(=O)(NC(C(O)=O)CCCC(CO[N+]([O-])=O)=O)O)C(CCCCN)C(N)=O)C#CCC(C)C(NC(CC(C)C)C(O)C(NC(=O)OCc1ccccc1)CCCCN(C)C(=O)CC#CCC(C)C(O)C(C(C)C)C#N)OCC(C(C)C)C#CC#CC#CCCC(O)=O could not be converted
12:55:02 <WARN> reinvent_plugins.normalizers.rdkit_smiles: C1CCCN(c2c(C#N)cc(C(=O)C)c(O)c2CCC)C1CC(NC(C(C)(C)C)C(=O)O)=O)CCS(=O)(=O)N1CCN(C(=O)CCCCC#C)CC1C(NC(C(O)=O)C(C)CC)=O could not be converted
12:55:02 <WARN> reinvent_plugins.normalizers.rdkit_smiles: O=C1NC(=O)C(CC(C)C)(C#N)N1CCS(=O)(=O)N(O)CCCCC(COc1ccc(C#CCN(C)C)cc1)NC(CCC(=O)O)=O)OCC#CC#CC#CC(C)(C(O)=O)C could not be converted
12:55:02 <WARN> reinvent_plugins.normalizers.rdkit_smiles: C(C)CCC(=O)OCCN1C(=O)c2c(c(CC=C)c(Sc3c(CCC(=O)OCC)c(OC)c(C#CCCCC#C)cc3)n2CCCC(NC(=O)CC#CC#CCCC)CCCC)C1=O)CCC(NC(CC(C)C)C(NC(C(=O)O)CCC(OCOCCN(C)C)=O)=O)C(=O)NCCCCC(C#N)NC(CCC)=O could not be converted
12:55:02 <WARN> reinvent_plugins.normalizers.rdkit_smiles: C1CC1S(Nc1cc(C(=O)N)ccc1C(O)C(c1ccc(F)cc1)CCCC(=O)CCC(C(=O)O)NC(CCCCC(NCC(C(=O)N)CCCC=C)=O)NC(=O)CCCC(NCCCCC(=O)NC(C(=O)NCCCC(C(=O)O)N)C(NCCCCC(N)C(=O)NCc1ccc(OCCCCC#C)cc1CCCC(=O)NCCC#CC(O)=O)=O)(CCCC(C(O)=O)NC(=O)CCC(N)C(=O)NCC(C(N)CCCCNC(=O)c1c(C)cc(C)c could not be converted
12:55:02 <WARN> reinvent_plugins.normalizers.rdkit_smiles: c1(Cl)cc2ncc(CCC(OC)=O)c(C3C4CC(C3NC(CCC4CCCC(=O)NCCCCC(NC(=O)OCc4ccccc4)=O)C(C(=O)O)C(=O)NCCN=[N+]=[N-])NC(=O)CCC(NC(=O)N)CCCC(NCCCCC(=O)NC(C(=O)O)C(=O)Nc2ccc(CCCC(*)C(=O)O)cc2)=O)c1 could not be converted
12:55:02 <WARN> reinvent_plugins.normalizers.rdkit_smiles: C1CC1(C#N)CC(C(F)(F)F)CNc1cc(F)c(C(C)(C)C#CC#CC#CC#Cc2ccc(N3CC(C)N(C(C)=O)CC3)c(=O)[nH]2)c(C(C)CCCC(C(=O)O)=C)c1OCCOCCOCCOCCOCCOCCN(C)C(=O)c1nnc(CCC(C)C)s1)CCCC(=O)NCCCC(O)=O could not be converted
12:55:02 <WARN> reinvent_plugins.normalizers.rdkit_smiles: C1CC(N2CCC(F)C2)CCN1C(CCCC=CCCCC(O)=O)=O)C(O)C(N)C(C)C(C(C)NC(=O)OC(C)(C)C)O)CNC(C(C)O)C(O)C(NCCCCC1C2N(C(=O)CCC2C(=O)NCCC(=O)O)=C(C(=O)O)N1C(=O)CCCc1ccccc1 could not be converted
12:55:02 <WARN> reinvent_plugins.normalizers.rdkit_smiles: c1ncc(NC(=O)C)c(OCCCCO)c1NC(CCCCC(=O)NCC(=O)O)=O)CCCC#CCOC(C=CCN(Cc1ccccc1)CCNC(=O)CCC(O)=O)=O could not be converted
12:55:02 <WARN> reinvent_plugins.normalizers.rdkit_smiles: c1ccccc1C1CC1C(=O)NC1(C(=O)O)CCN(CCC(C)C(CC#C)C(N2c3c(scc3CCC(C)C)CC2)=O)CC1CCCC1CCC(CC#CC#C)CN1C(CCCCC1CCCCC1)=O)CCCCC(=O)NCCCCC1CCCCC1 could not be converted
12:55:02 <WARN> reinvent_plugins.normalizers.rdkit_smiles: C1C(c2ccccc2)(C(=O)NCC#N)CCCN1C(=O)c1oc(C2CC2)c(C(=O)C)c1CCC(Nc1ccc(F)c(C(=O)NCCCCC(CC(=O)NCCCC)N)c1)=O)C(=O)N1CCC1C(CCCCN)NC(c1c(Cl)cccc1Cl)=O could not be converted
12:55:02 <WARN> reinvent_plugins.normalizers.rdkit_smiles: n1(C)c(CC(C(=O)N)NC(c2cc(Cl)cc(Cl)c2)=O)cnc1-c1ncc(Cl)c(CSCC(C)(C)C(=O)NC(C(C)C)C(CC(F)(F)C(F)(F)F)(CC(C)(O)C)CC#CC(C)(C(=O)O)CC(C(=O)O)C=CCOc2cc(F)c(CC(C(O)=O)C3CC3C(=O)C3C4C(N(C(=O)c3cccc(C#C)c4C(F)(F)F)CCCCC3)OCC(=O)NCC(C(F)(F)F)(C(F)(F)F)O)n2)c1-c1ccc(CC could not be converted
12:55:02 <WARN> reinvent_plugins.normalizers.rdkit_smiles: n1nnc(NC(C)c2ccccc2)n1-c1c(C)ccc(C(OCCCCC(OCC)=O)(C#Cc1ccc(OCCCCC#C)cc1)CCCC(N)C(=O)CCC(C)COC(=O)CCC(C#CC)CCCC#CC=CC(=O)CCC(C(N1CCOCC1)=O)C(C)C)C(=O)NC(CC(C)C)C(NCC(C(C)CC)C(=O)N1CCCC(CC(C(=O)OCc2ccccc2)CCCCC(=O)C(NC(=O)OC(C)(C)C)C(C)C)N1C(=O)CCCCOC(=O)CC could not be converted
12:55:02 <WARN> reinvent_plugins.normalizers.rdkit_smiles: C1SCCN(CCCc2ccc(F)cc2F)C1=CC(CCC#C)NC(CCC(C(=O)NO)N)=O)CCNC(=O)CCCC#CC#CCC(N)(CCCCO)CC#C could not be converted
12:55:02 <WARN> reinvent_plugins.normalizers.rdkit_smiles: CCOC(C1CCCN(C(=O)CCCC#CCCCC(=O)NCCCC#CC#CC(C)C)C1)C(C(C)C)C(O)=O)Oc1ccc(CCCC(=O)NCC#CC#CCCCCC(COC(=O)C)C(C)C)c(C(=O)NCC#CC#CC#Cc2cc(C(=O)O)c(OC)cc2)c1CCCC#CCC(=O)OCCOCCOCCOCCN(C(=O)C(CC(C)C)N)C(C)C(=O)NCCN(C(C)C)C(C)C(=O)NCCCC(C)C* could not be converted
12:55:02 <WARN> reinvent_plugins.normalizers.rdkit_smiles: OC(CCCCC1SCC2NC(=O)NC21)=O)CCCNC(C(NC(=O)CC*)CC(C)C)=O could not be converted
12:55:02 <WARN> reinvent_plugins.normalizers.rdkit_smiles: C1(C(=O)O)CN(C)CCN1C(Cc1cc(F)cc(F)c1)C(=O)NCCN1CC(C)N(C(=O)C)c2c1c(CCCNC(=O)c1nnc(-c3ccc(OCCCCC(O)=O)cc3)o1)ccc2CCCN(C)C(CCCCC(=O)O)=O)CCCC(O)=O could not be converted
12:55:02 <WARN> reinvent_plugins.normalizers.rdkit_smiles: C(=O)(CC)N1C2CC(C(=C2C(NCC(=O)O)=O)CC1)CC(CC=C)NC(=O)CCCC(C(=O)N)(CC)CCOc1cc(C#CCNC(=O)C)c(OCCCCOC)c(C#CCNC(=O)C)c1CCCCNC(CCCC(C#CC)(C)C(CCN(C=O)C)N)=O)C#CC#CC#CCCCCC could not be converted
12:55:02 <WARN> reinvent_plugins.normalizers.rdkit_smiles: C(O)(=O)c1sccc1-c1oc(C2C(C(=O)O)C3C(C(C2C#CC#CCCCCC(Nc3ccc(Cl)c(C#CC3CCC(CCCCC(NC(CCCC)CCC)=O)=O)C)CC3C)C(=O)NC(C)C)N2CCC(CCCC3CCC(C#CC#CC#CC#CC#CCCCCCCC#CCCCC)(CCCC)C3)C2)c(CCC(NCCCCC(C(=O)O)NC(=O)CCCC(=O)NCc2ccc(CCCC(=O)NCCCCC(C#N)(C(F)(F)F)COC(CCC)=O)cc could not be converted
12:55:02 <WARN> reinvent_plugins.normalizers.rdkit_smiles: O=S(=O)(C)CCC(N(CC)C1CC1)=O)c1cc(C(=O)NCCCC#C)ccc1C(CC(C)C)NC(CCC(=O)NC1C(O)C(O)C(O)C(COC(=O)C(CC(F)F)NC(C(C)CC)=O)C1CCCC(C(NCCC(C)C)=O)OCCOCCOCCC(C#N)NC(=O)CCCCC1SCC2NC(=O)NC21 could not be converted
12:55:02 <WARN> reinvent_plugins.normalizers.rdkit_smiles: C(N)(=O)CC1CCC(C#Cc2c(CCCCC)cc(C#N)c(OCCCCNC(CNC(=O)C)=O)c2CCCC2(CC#C)OCC(C)(C)C2)CC1NC(CCCC#CC#CCCCCC(=O)NCCNC(=O)CCCC1C2C(C(CC=CC(=O)O)N1C(=O)CCCC(C)COc1ccc(C#CCN(C)C)cc1)CCC2=O)C#Cc1c(OCCCCC2CC2)nc(N)nc1NCCCCC(C)C(=O)COCCN1CCN(C(=O)CCC#CC#CC#CC#CCCCC)C could not be converted
12:55:02 <WARN> reinvent_plugins.normalizers.rdkit_smiles: C(C(=O)O)C(C(=O)O)(C)Cc1ccc(NC(=O)CCCC#Cc2ccc(O)c(CCCC=C)c2CCCC(=O)NCC(O)C(O)C(=O)O)cc1C(=O)NC(C(O)=O)C(O)C(CC(C)C)C(C(CC)C)C(N)=O)C#CC(C)C(=O)NC(C(=O)C)C(C)CC#CCC(C)C(C)C could not be converted
12:55:02 <WARN> reinvent_plugins.normalizers.rdkit_smiles: CC(C)(C#N)c1ccc(OCCN(C)C)c(CCN(C)C(CC#N)Cc2ccc(OCC3CCCN3CCCC(=O)N3CCCN(CCCC3(O)CC3CC3)C(=O)NCCCC#CC=CCCCC(=O)N)cc2C(CCCC#C)NC(=O)CCCCC2CCC(CCCC3SCC4C(=O)N(C(CCC)C(C)=O)C(N)(C(C)C)C3O3)C2N2)c(CCCC(NCCCCC(NCCSCCCCC#CCNC(CCCCC(=O)NCC(=O)NCCCCNC(=O)CCCCC(O)=O could not be converted
12:55:02 <WARN> reinvent_plugins.normalizers.rdkit_smiles: C1(CCc2ccc(C#N)cc2)C(=O)N(CCCC)CCN1C(CCCC(=O)CCC(CC(C)C)COC(=O)CCC(C(=O)O)N)=O)CCCCC(=O)NCCCC(C(=O)O)NC(=O)CCC(=O)O could not be converted
12:55:02 <WARN> reinvent_plugins.normalizers.rdkit_smiles: C(N)(C1(C#N)(C(=O)N2CC(C#CC)C(CC#N)CC2COC(=O)CCCC#C)=C(C)C(CCC(=O)CCC(C(=O)O)NC(CCCCC(O)=O)=O)C1C(=O)N)C(C)C(O)C(CNC(CCCCC(=O)NCCCNC(CCCCC(NCCOCCOCCN(C)C)=O)=O)C(NC(C(=O)O)CCCC(CC(O)=O)NC(=O)CCCCC(NC(CCSC)C(=O)O)=O)=O)C(=O)NCCOCCOCCNC(=O)CCCCC1C2CC(CS2)NC could not be converted
12:55:02 <WARN> reinvent_plugins.normalizers.rdkit_smiles: C(C)(C)(OC(N1CC2C(C1)C2COc1ccc(C#CCCCC#N)cc1)CO)COCC1C(OC(C)=O)C(OC(CCC)=O)C(OC(C)=O)C(C(=O)O)O1)CCCC(C)C(=O)CC(C=CC(=O)OC1C(O)C(O)C(O)C(CO)O1)C(OC(C)=O)CC#CCCCC(=O)OC(C)COC(C)=O)C#CC(C(C)C)=O could not be converted
12:55:02 <WARN> reinvent_plugins.normalizers.rdkit_smiles: C(c1c[n+]([O-])ccc1)CC(C(O)=O)NC(=O)C(C)NC(CCC(=O)O)=O)COc1ccc(C=CC(c2cn(CCCCO)c(=O)[nH]2)=O)cc1CCCCN(C(C)C)C(CCCCN)C(NC(C(=O)O)CC(C)C)=O)C(NC(CC(C)C)C(O)=O)C(=O)NCC(CC)C could not be converted
12:55:02 <WARN> reinvent_plugins.normalizers.rdkit_smiles: C1CC1CCC(=O)N1CC2C(CN(C3CCCC3)C2)C1C(=O)Nc1ccc(S(=O)(=O)N(C)C2CCN(CCC3CCC32CC)C(CCC(C(O)=O)N)=O)cc1CC(=O)C(CCCCF)NC(=O)C(C)(CCCC=C)C#N)Oc1ccc(OCC2CO2)cc1CCN(C(C)C)CC1CC1 could not be converted
12:55:02 <WARN> reinvent_plugins.normalizers.rdkit_smiles: O=C(C1CC1)N1CCN(CC2CCCCC2)C(C(=O)N)C1CC(C(N)=O)NC(CCCCC(NCCOCCOCCOC(=O)CCCC(=O)NC(C(=O)N)Cc1ccc(O)c(OC)c1)=O)=O)C(NC(C(=O)O)C)=O)CCC(=O)C#CCC(C)C(NC(C(=O)O)CCCCN)=O could not be converted
12:55:02 <WARN> reinvent_plugins.normalizers.rdkit_smiles: c1(NC(C)=O)sc(CC(C)(C)C#CC#CC#Cc2ccc(C3=NC3(N)CC3)c(-c3c(Cl)cccc3)c2-c2nnn(CC(O)(C(F)(F)F)C#CC#CC=C)c2)nc1CCCC12CC3C(CC1C3)C2C(C=CC*)=O could not be converted
12:55:02 <WARN> reinvent_plugins.normalizers.rdkit_smiles: c1c2n(c(C)nc2)cc(N2CCC(C(=O)NC)CC2)c1-c1cc(C#N)cc(C)c1C1CC1CN1CCC(C(=O)N2CC(NC(=O)C)C2)C(C(=O)O)(C(=O)NCc2ccc(F)c(F)c2)C1CCCC(NCCCC(=O)N1CCN(C(=O)OCC)CC1)=O)C(C#C)CC1CCC(C*)CC1 could not be converted
12:55:02 <WARN> reinvent_plugins.normalizers.rdkit_smiles: C12C(C(CCCCC(=O)NCCCCC#C)NC1CCCCC(=O)NCCCCC(N)C(O)=O)C2C(O)=O)CCC(C)C(NC(CCC(=O)O)C(O)=O)=O could not be converted
12:55:02 <WARN> reinvent_plugins.normalizers.rdkit_smiles: C12CC3CC(C(C#CCCCC(=O)NC(O)(C(C)C)CCCC)(C(NC(=O)C=CCCC(C)C)C3C#CCC(CO)C(C)C)=O)C(C)(C(NC(CCCCC#CC(=O)OCC)=O)C1)C2CCCC(=O)NCCOC(CCCCC(=O)CCCCC(C)=CCCCC(C)=CCC(=O)CCC(C)C)(C)C#N could not be converted
12:55:02 <WARN> reinvent_plugins.normalizers.rdkit_smiles: C1C2C(NC(C)=O)C(CCCCC(NCCCC#Cc3ccc(C(=O)NCC[N+](CCOCCOCCOCCOCCOCCNc4ccc(C#CC#C)cc4OCCOC)O)cc3CCCC#CCCCC(C(NCCCCN(C)C)=O)NC(CCC3(CCCC#C)NC(=O)N(C(CC)CCCCC(NCCCNC(CCCCC(N)=O)=O)=O)C(CCCC(O)=O)C(C(CCCC(=O)O)NC(CCCCC(=O)NCCOCCOCCOCCOCC4CC5)=O)C(C(CCCC#N)C(C(O)=O could not be converted
12:55:02 <WARN> reinvent_plugins.normalizers.rdkit_smiles: C1CN(C2CC2)CCN1CCC(=O)NC(C)c1ccc(S(=O)(=O)N)cc1C(=O)CCCCC(=O)N1CC2CC(C1C(=O)N)CC2NC(CCCC(O)=O)=O)OCCOCCOCCN(C)C could not be converted
12:55:02 <WARN> reinvent_plugins.normalizers.rdkit_smiles: C(OCC)(=O)CCC(OCC)=O)NC(=O)C(c1ccc(OC)c2c1OCO2)CC(OCCCCOC(CCC#CC#CCOC(CCCC#CCOC(=O)CCCCC(=O)NCC#CC#CC#CCCCCC)=O)CCCC(=O)NCCOCCOCCNC(=O)CCCCC1CCC(N(C)C(=O)CCC(N)C(=O)NCC(=O)O)CC1C(=O)NCC#CC#Cc1cc(OC)c(OCCCC(=O)O)cc1C=CC(=O)NCCCCC(=O)NCCOCCOCCNC(C=CC(O)=O)= could not be converted
12:55:02 <WARN> reinvent_plugins.normalizers.rdkit_smiles: s1c(C(C2CC2)=O)ccc1CCC(C)C(C(F)(F)F)OCCOCCOCC#CC#Cc1c2c(n(C)n1)nc(C#N)n2CCCCC#Cc1cc(C#N)c(NC(CCCC(C)CC#C)COC(CC#CC(C)C)=O)c(C(CCCC(F)(F)F)(C(F)(F)F)CO*)c1=O could not be converted
12:55:02 <WARN> reinvent_plugins.normalizers.rdkit_smiles: n1c(C(F)(F)F)c(C(=O)OCC)cn1-c1ccc(C(C#N)(C)C)cc1C(NC(C(C)(C)C)COC)=O)CCCC(=O)N1CCC1CCCC(O)=O could not be converted
12:55:02 <WARN> reinvent_plugins.normalizers.rdkit_smiles: C(=O)(C1N(C(OC(C)(C)C)=O)C(C(F)(F)F)CCC1)NC(C(=O)O)CCC(O)=O)c1ccc(CCC(C)C(=O)NCCC(=O)NCCCc2ccc(CCC*)cc2)cc1 could not be converted
12:55:02 <WARN> reinvent_plugins.normalizers.rdkit_smiles: C1C2CC3(CCOC(=O)C)CC(C(=O)C2)CC1(C(CCCC=CCCCC(O)=O)C)O3)C(C)C(C(N)CCCCC#CCCCCNC(CCCCC(NC(CCCCN)C(=O)NCCCCC(=O)N)=O)C(=O)NC(C(=O)O)CCCC(NCCO)=O)C(C)C(O)C(CC*)C could not be converted
12:55:02 <WARN> reinvent_plugins.normalizers.rdkit_smiles: C(F)(F)(CCC1(C#N)CCC(C#C)(NC(=O)CC2(C#C)CCC(C#N)N2CC(=O)NCc2ccc(Cl)c(Cl)c2CCCC#CC#CC#CCCCC(F)(C#CC#CC(C)CCCC#C)OCC(CO*)O)CCC1 could not be converted
12:55:02 <WARN> reinvent_plugins.normalizers.rdkit_smiles: C(c1cc(OC)c(OC)cc1)C(Nc1cc(-c2onc(C3CC3C(NCCC)=O)n2)cc(CCCCC(N)C(=O)NCC(=O)NCC(N)C(=O)N)c1)C(=O)NCC(NC(OC(C)(C)C)=O)C(=O)CCCCNc1nc(C)c2c(n1)cc([N+](=O)[O-])c(CCCCC(NCC(=O)N1CCOCC1)CC(C(N)=O)NC(=O)CCC(=O)NCC(N1C(CC(=O)NC)(C(N)=O)CC(CCCC(=O)NCCOCCOCC(=O)NC3CCS(=O could not be converted
12:55:02 <WARN> reinvent_plugins.normalizers.rdkit_smiles: c1(C#N)c(S(=O)(NC(c2ccc(C)cc2)=O)CF)cc(NC(CCSCC(=O)C(=O)C(NC(=O)OC(C)(C)C)C(OC)=O)=O)cc1C(N1CCCC1C(NC(C(=O)OC)CCCCNC(=O)CC)=O)=O)CCOC could not be converted
12:55:02 <WARN> reinvent_plugins.normalizers.rdkit_smiles: O=C1N2C(CN(C(=O)COc3ccc(Cl)c(C#CCCCCCC3CC3)c3)CCC2)C23C(CC1CC2OC(CN1CC(CCCCC(=O)NCCCCC(NCCCCC(N)C(C)C)=O)C(C(=O)N)(CCC)CC1)C3)O)CN* could not be converted
12:55:02 <WARN> reinvent_plugins.normalizers.rdkit_smiles: Fc1ccc(N2CCOCC2)c(CCCOC(=O)CCC(=O)O)c1CCCC#CC#CCCCC(C#CC)(C(O)=O)C#Cc1c(OC)c(F)c(CN(C)C(CCCC(C(=O)N(C)C)(C)C)=O)c1OCCOCCOCCOCCOCCN(C(=O)CCC(=O)O)CC(C)C(C(O)C)C(C)C(NC(C(=O)O)CCCCN)=O could not be converted
12:55:02 <WARN> reinvent_plugins.normalizers.rdkit_smiles: c1cc(F)ccc1C(Nc1c(Cl)cncc1C(=O)NCC#CCN(C)C)=O)C(O)(C)C(=O)NC1CC2N(C(=O)C)C(C2)C1C(=O)OC1CC2N(C(=O)C(NC(=O)CCC(C)C)CCCCC(N)=O)C(C(O)C2CCCCC(=O)NCC#CCCCC(C(N)=O)CCCC(C)C(=O)NCCCCC(NC(CCC#C)=O)C(=O)NC(CC)C1C#CCCCC could not be converted
12:55:02 <WARN> reinvent_plugins.normalizers.rdkit_smiles: O(CC#C)c1ccc(CCC(=O)O)cc1CCCOc1ccc(CC(C(O)=O)(C(O)=O)NC(=O)C(CO)NC(CCC(C(=O)O)N)=O)c(CCCCC#C)c1NC(CCCC(=O)NCCN)=O)CCCCOc1cc(C#CCN2CCCCC2)c(C#CCNC(C)=O)cc1C(=O)NCCCCOCCOCCOCCNC(CCC(=O)N)=O)C#C could not be converted
12:55:02 <WARN> reinvent_plugins.normalizers.rdkit_smiles: C(C)(C1CCC(C)CC1O)(C#CCCC(C)C)CNC(C1C(C#CCCC#C)CC2C1(CC(O)CC2)C#CCCCC(=O)Nc1cccc2c1nc(C)c(C#N)c2CCC#CCCCC(C)CC#CCCCOCCOCCOCC#Cc1ccc(CNC(CCCCc2ccc(C#CCCCC#C)cc2)=O)cc1CCCC1CCCC1(O)C#CCC(C)Cc1ccc(OC)cc1CCCCOC(CCCC(CCC(O)=O)=O)=O)CCCC(NC(CCCC1CC1)C(=O)COCc1c could not be converted
12:55:02 <WARN> reinvent_plugins.normalizers.rdkit_smiles: c1c2c(nn1C)OC(CNC(=O)C)CN2c1ccc(NC(=O)CCC(C(N)=O)NC(CCCC2CCCCC2)=O)c(NC(=O)CCCC(NC(=O)CCCC(=O)NC(C(=O)N)COC)CCCC(C(O)=O)NC(=O)CCCC=CC(NC2CC3C(C3)C2C(=O)CCC(=O)NCCOc2ccc(CCC(=O)NC(C(=O)N)CCCCN)c(CCCCO)c2)C(=O)NCC(=O)NC(CC(C)C)C(=O)NCC(C(NCCCCC(N)=O)=O)NC(= could not be converted
12:55:02 <WARN> reinvent_plugins.normalizers.rdkit_smiles: c12ncccc1ncc(C1CCCN(c3ncc(F)c(N5CC(C(N)=O)(CCN4CCC4)CC3)S(=O)(C3CC3)=O)c1)c2N(C(OC(C(Cl)(F)F)C)=O)C1CCCCN1C(C(CCn1ncnc1)NC(CCCCC(=O)OCCOCCOCCNC(C(C(C)C)CC(C)C)O)=O)=O could not be converted
12:55:02 <WARN> reinvent_plugins.normalizers.rdkit_smiles: c1cc(OCC(C)C)cc(CC(COC)NC(=O)OC(C)(C)C)c1C1CC1C#CCCCCC(OC(C)(C)C)=O)CC(=O)NCCCCC(C(=O)NC(C=C)CC(F)(F)C(=O)OCC)* could not be converted
12:55:02 <WARN> reinvent_plugins.normalizers.rdkit_smiles: c1(Cl)ccc(CC2COC(=O)N2CC(N2CCC(N3CC(C(=O)N)(CC3CC3)CC2)C(=O)COC(=O)CC23CC(CCCC(O)CCC(NCCCCC(C3CC3)O)CCCC#CC(=O)NCC(F)(F)C(F)(F)F)=C2)CCOCCC#CC#CC#CC#CC#CCCCC1(O)CCC(CCC2CC2)C=CC1CCC1CCCC(NC(=O)CCC(O)=O)C(=O)NCC(O)C(CC(C)C)NC(=O)CCC(C(=O)O)NC(=O)CCC(=O)c1cc could not be converted
12:55:02 <WARN> reinvent_plugins.normalizers.rdkit_smiles: OC(=O)CC(C)(C)CNc1nc(-c2c(F)cc(F)cc2)c(F)c(CNC(CCCCNC(=O)C)=O)c1C#CCNC(=O)C(N)CCC(=O)NCCOCCOCCNC(=O)CCCCC1CCC(C#CC)N1C(=O)c1cc(Cl)c(NC(=O)CCCC#Cc2ccc(C#N)cc2CCCC#CC2CCCCC2)c1CCCC#CCNC(CCCC#C)=O could not be converted
12:55:02 <WARN> reinvent_plugins.normalizers.rdkit_smiles: O=C(N)C1CCN(C(CCC(O)=O)C(C(NCCC(N)=O)=O)CCC(C)C(O)=O)=NC1C(=O)NC(CC#N)C(C)C(C(N)C(O)CO)=O)N(C)C(=O)c1cc(OC)c(OC)c(OC)c1C#N could not be converted
12:55:02 <WARN> reinvent_plugins.normalizers.rdkit_smiles: C(CO)OC1C(O)C(O)C(CO)C(OCC2CC(O)C(N)CC2O)C1NC(=O)CC(C(O)=O)NC(C)C(=O)NCCC(=O)NC(CCCCN)C(=O)Nc1c2ccccc2c(OCCCC(=O)O)c(CCC#C)c1CCC(=O)N(C)CCOCCOCCN(C)C(C)=O)C#CCCCC1=CCN(C(N)=O)C1 could not be converted
12:55:02 <WARN> reinvent_plugins.normalizers.rdkit_smiles: C(CC)CC1C(C(OC(C)C)=O)CCC(C(O)=O)N1C(=O)CCC(C(O)=O)NC(=O)OC(C)(C)C)CN(C(=O)OC(C)(C)C)C(C(C)C)C(OCc1ccc(C(F)(F)F)cc1)CC#CCNC(CCC(C(O)=O)NC(=O)CCCCC(=O)NCCCC(C(=O)O)NC(=O)CCCCC(=O)NCCOCCOCCNC(C(CC(C)C)C(NCCOCCOCCOCCNC(=O)CCC(NC(CCC)=O)C(O)=O)=O)C(O)=O)CCCC( could not be converted
12:55:02 <INFO> Peak main memory usage: 1728.059 MiB
12:55:02 <INFO> Finished REINVENT on 2026-03-15
