12:52:49 <INFO> Started REINVENT 4.7.15 (C) AstraZeneca 2017, 2023 on 2026-03-15
12:52:49 <INFO> Command line: /home/nbhatta1/Desktop/qsar-project-Tzu/.venv/bin/reinvent -l reinvent_integration/logs/libinvent_transformer_pubchem_rl_sample_manual.log /tmp/libinvent_tp_rl_sample_manual.toml
12:52:49 <INFO> Reading run configuration from /tmp/libinvent_tp_rl_sample_manual.toml using format toml
12:52:49 <INFO> User nbhatta1 on host panacea
12:52:49 <INFO> Python version 3.11.13
12:52:49 <INFO> PyTorch version 2.9.1+cu128, git 5811a8d7da873dd699ff6687092c225caffcf1bb
12:52:49 <INFO> PyTorch compiled with CUDA version 12.8
12:52:49 <INFO> RDKit version 2025.09.6
12:52:49 <INFO> Platform Linux-5.14.0-611.30.1.el9_7.x86_64-x86_64-with-glibc2.34
12:52:49 <INFO> CUDA driver version 590.48.01
12:52:49 <INFO> Number of PyTorch CUDA devices 1
12:52:49 <WARN> 'use_cuda' is deprecated, use 'device' instead
12:52:49 <INFO> Using GPU device:0 NVIDIA RTX PRO 5000 Blackwell
12:52:49 <INFO> GPU memory: 46044 MiB free, 48400 MiB total
12:52:49 <INFO> Starting Sampling
12:52:49 <INFO> /home/nbhatta1/Desktop/qsar-project-Tzu/reinvent_integration/results/libinvent_transformer_pubchem_rl_adme/libinvent_transformer_pubchem_rl.chkpt has valid hash:
{ 'comments': ['Transformer Libinvent model', 'RL', 'RL'],
  'creation_date': 1719994341.467345,
  'date_format': 'UNIX epoch',
  'hash_id': 'bf73d0a1b1a54b239b1bf28741e91323',
  'hash_id_format': 'xxhash.xxh3_128_hex 3.6.0',
  'model_id': '7c8e104e81124bafb5f62d14c64ec9f9',
  'model_id_format': 'uuid.uuid4 3.10.12',
  'origina_data_source': 'PubChem',
  'updates': [1773593566.3893025, 1773593566.5423114]}
12:52:49 <INFO> Number of network parameters: 17,490,853
12:52:49 <INFO> Network architecture:
EncoderDecoder(
  (encoder): Encoder(
    (layers): ModuleList(
      (0-5): 6 x EncoderLayer(
        (self_attn): MultiHeadedAttention(
          (linears): ModuleList(
            (0-3): 4 x Linear(in_features=256, out_features=256, bias=True)
          )
          (dropout): Dropout(p=0.1, inplace=False)
        )
        (feed_forward): PositionwiseFeedForward(
          (w_1): Linear(in_features=256, out_features=2048, bias=True)
          (w_2): Linear(in_features=2048, out_features=256, bias=True)
          (dropout): Dropout(p=0.1, inplace=False)
        )
        (sublayer): ModuleList(
          (0-1): 2 x SublayerConnection(
            (norm): LayerNorm()
            (dropout): Dropout(p=0.1, inplace=False)
          )
        )
      )
    )
    (norm): LayerNorm()
  )
  (decoder): Decoder(
    (layers): ModuleList(
      (0-5): 6 x DecoderLayer(
        (self_attn): MultiHeadedAttention(
          (linears): ModuleList(
            (0-3): 4 x Linear(in_features=256, out_features=256, bias=True)
          )
          (dropout): Dropout(p=0.1, inplace=False)
        )
        (src_attn): MultiHeadedAttention(
          (linears): ModuleList(
            (0-3): 4 x Linear(in_features=256, out_features=256, bias=True)
          )
          (dropout): Dropout(p=0.1, inplace=False)
        )
        (feed_forward): PositionwiseFeedForward(
          (w_1): Linear(in_features=256, out_features=2048, bias=True)
          (w_2): Linear(in_features=2048, out_features=256, bias=True)
          (dropout): Dropout(p=0.1, inplace=False)
        )
        (sublayer): ModuleList(
          (0-2): 3 x SublayerConnection(
            (norm): LayerNorm()
            (dropout): Dropout(p=0.1, inplace=False)
          )
        )
      )
    )
    (norm): LayerNorm()
  )
  (src_embed): Sequential(
    (0): Embeddings(
      (lut): Embedding(165, 256)
    )
    (1): PositionalEncoding(
      (dropout): Dropout(p=0.1, inplace=False)
    )
  )
  (tgt_embed): Sequential(
    (0): Embeddings(
      (lut): Embedding(165, 256)
    )
    (1): PositionalEncoding(
      (dropout): Dropout(p=0.1, inplace=False)
    )
  )
  (generator): Generator(
    (proj): Linear(in_features=256, out_features=165, bias=True)
  )
)
12:52:49 <INFO> Using generator LibinventTransformer
12:52:49 <INFO> Writing sampled SMILES to CSV file reinvent_integration/results/libinvent_transformer_pubchem_rl/samples.csv
12:52:49 <WARN> randomize_smiles was set to True but the model was not trained with randomized SMILES.  Setting randomize_smiles to False.
12:52:49 <INFO> Sampling 260 SMILES from model reinvent_integration/results/libinvent_transformer_pubchem_rl_adme/libinvent_transformer_pubchem_rl.chkpt
12:52:50 <INFO> Peak main memory usage: 1726.938 MiB
12:52:50 <INFO> Finished REINVENT on 2026-03-15
