12:51:51 <INFO> Started REINVENT 4.7.15 (C) AstraZeneca 2017, 2023 on 2026-03-15
12:51:51 <INFO> Command line: /home/nbhatta1/Desktop/qsar-project-Tzu/.venv/bin/reinvent -l reinvent_integration/logs/linkinvent_transformer_pubchem_rl_sample_manual.log /tmp/linkinvent_tp_rl_sample_manual.toml
12:51:51 <INFO> Reading run configuration from /tmp/linkinvent_tp_rl_sample_manual.toml using format toml
12:51:51 <INFO> User nbhatta1 on host panacea
12:51:51 <INFO> Python version 3.11.13
12:51:51 <INFO> PyTorch version 2.9.1+cu128, git 5811a8d7da873dd699ff6687092c225caffcf1bb
12:51:51 <INFO> PyTorch compiled with CUDA version 12.8
12:51:51 <INFO> RDKit version 2025.09.6
12:51:51 <INFO> Platform Linux-5.14.0-611.30.1.el9_7.x86_64-x86_64-with-glibc2.34
12:51:51 <INFO> CUDA driver version 590.48.01
12:51:51 <INFO> Number of PyTorch CUDA devices 1
12:51:51 <WARN> 'use_cuda' is deprecated, use 'device' instead
12:51:51 <INFO> Using GPU device:0 NVIDIA RTX PRO 5000 Blackwell
12:51:51 <INFO> GPU memory: 46063 MiB free, 48400 MiB total
12:51:51 <INFO> Starting Sampling
12:51:51 <INFO> /home/nbhatta1/Desktop/qsar-project-Tzu/reinvent_integration/results/linkinvent_transformer_pubchem_rl_adme/linkinvent_transformer_pubchem_rl.chkpt has valid hash:
{ 'comments': ['Transformer Linkinvent model', 'RL', 'RL'],
  'creation_date': 1715609724.342211,
  'date_format': 'UNIX epoch',
  'hash_id': 'ca66baa627104d3bd45025f8296a98ad',
  'hash_id_format': 'xxhash.xxh3_128_hex 3.6.0',
  'model_id': '9ef8cd169df24d58a16ee58b882d20af',
  'model_id_format': 'uuid.uuid4 3.11.9',
  'origina_data_source': 'PubChem',
  'updates': [1773593508.5672104, 1773593508.708939]}
12:51:51 <INFO> Number of network parameters: 17,463,169
12:51:51 <INFO> Network architecture:
EncoderDecoder(
  (encoder): Encoder(
    (layers): ModuleList(
      (0-5): 6 x EncoderLayer(
        (self_attn): MultiHeadedAttention(
          (linears): ModuleList(
            (0-3): 4 x Linear(in_features=256, out_features=256, bias=True)
          )
          (dropout): Dropout(p=0.1, inplace=False)
        )
        (feed_forward): PositionwiseFeedForward(
          (w_1): Linear(in_features=256, out_features=2048, bias=True)
          (w_2): Linear(in_features=2048, out_features=256, bias=True)
          (dropout): Dropout(p=0.1, inplace=False)
        )
        (sublayer): ModuleList(
          (0-1): 2 x SublayerConnection(
            (norm): LayerNorm()
            (dropout): Dropout(p=0.1, inplace=False)
          )
        )
      )
    )
    (norm): LayerNorm()
  )
  (decoder): Decoder(
    (layers): ModuleList(
      (0-5): 6 x DecoderLayer(
        (self_attn): MultiHeadedAttention(
          (linears): ModuleList(
            (0-3): 4 x Linear(in_features=256, out_features=256, bias=True)
          )
          (dropout): Dropout(p=0.1, inplace=False)
        )
        (src_attn): MultiHeadedAttention(
          (linears): ModuleList(
            (0-3): 4 x Linear(in_features=256, out_features=256, bias=True)
          )
          (dropout): Dropout(p=0.1, inplace=False)
        )
        (feed_forward): PositionwiseFeedForward(
          (w_1): Linear(in_features=256, out_features=2048, bias=True)
          (w_2): Linear(in_features=2048, out_features=256, bias=True)
          (dropout): Dropout(p=0.1, inplace=False)
        )
        (sublayer): ModuleList(
          (0-2): 3 x SublayerConnection(
            (norm): LayerNorm()
            (dropout): Dropout(p=0.1, inplace=False)
          )
        )
      )
    )
    (norm): LayerNorm()
  )
  (src_embed): Sequential(
    (0): Embeddings(
      (lut): Embedding(129, 256)
    )
    (1): PositionalEncoding(
      (dropout): Dropout(p=0.1, inplace=False)
    )
  )
  (tgt_embed): Sequential(
    (0): Embeddings(
      (lut): Embedding(129, 256)
    )
    (1): PositionalEncoding(
      (dropout): Dropout(p=0.1, inplace=False)
    )
  )
  (generator): Generator(
    (proj): Linear(in_features=256, out_features=129, bias=True)
  )
)
12:51:51 <INFO> Using generator LinkinventTransformer
12:51:51 <INFO> Writing sampled SMILES to CSV file reinvent_integration/results/linkinvent_transformer_pubchem_rl/samples.csv
12:51:51 <WARN> randomize_smiles was set to True but the model was not trained with randomized SMILES.  Setting randomize_smiles to False.
12:51:51 <INFO> Sampling 260 SMILES from model reinvent_integration/results/linkinvent_transformer_pubchem_rl_adme/linkinvent_transformer_pubchem_rl.chkpt
12:51:55 <INFO> Peak main memory usage: 1737.652 MiB
12:51:55 <INFO> Finished REINVENT on 2026-03-15
