12:46:31 <INFO> Started REINVENT 4.7.15 (C) AstraZeneca 2017, 2023 on 2026-03-15
12:46:31 <INFO> Command line: /home/nbhatta1/Desktop/qsar-project-Tzu/.venv/bin/reinvent -l reinvent_integration/logs/linkinvent_cl_train_manual.log /tmp/linkinvent_cl_manual.toml
12:46:31 <INFO> Reading run configuration from /tmp/linkinvent_cl_manual.toml using format toml
12:46:31 <INFO> User nbhatta1 on host panacea
12:46:31 <INFO> Python version 3.11.13
12:46:31 <INFO> PyTorch version 2.9.1+cu128, git 5811a8d7da873dd699ff6687092c225caffcf1bb
12:46:31 <INFO> PyTorch compiled with CUDA version 12.8
12:46:31 <INFO> RDKit version 2025.09.6
12:46:31 <INFO> Platform Linux-5.14.0-611.30.1.el9_7.x86_64-x86_64-with-glibc2.34
12:46:31 <INFO> CUDA driver version 590.48.01
12:46:31 <INFO> Number of PyTorch CUDA devices 1
12:46:31 <WARN> 'use_cuda' is deprecated, use 'device' instead
12:46:31 <INFO> Using GPU device:0 NVIDIA RTX PRO 5000 Blackwell
12:46:31 <INFO> GPU memory: 46092 MiB free, 48400 MiB total
12:46:31 <INFO> Starting 1 stage of Reinforcement Learning
12:46:31 <INFO> /home/nbhatta1/Desktop/qsar-project-Tzu/reinvent_integration/priors/linkinvent.prior has valid hash:
{ 'comments': [],
  'creation_date': 0,
  'date_format': 'UNIX epoch',
  'hash_id': '5792256bf6777dd630ed9ec66fbb4bbc',
  'hash_id_format': 'xxhash.xxh3_128_hex 3.4.1',
  'model_id': '775a89b0b0ee42aaa7ec189c16614b4d',
  'model_id_format': 'uuid.uuid4 3.10.12',
  'origina_data_source': 'ChEMBL 27',
  'updates': []}
12:46:31 <INFO> Number of network parameters: 23,682,594
12:46:31 <INFO> Network architecture:
EncoderDecoder(
  (_encoder): Encoder(
    (_embedding): Sequential(
      (0): Embedding(34, 512)
      (1): Dropout(p=0, inplace=False)
    )
    (_rnn): LSTM(512, 512, num_layers=3, batch_first=True, bidirectional=True)
  )
  (_decoder): Decoder(
    (_embedding): Sequential(
      (0): Embedding(34, 512)
      (1): Dropout(p=0, inplace=False)
    )
    (_rnn): LSTM(512, 512, num_layers=3, batch_first=True)
    (_attention): AttentionLayer(
      (_attention_linear): Sequential(
        (0): Linear(in_features=1024, out_features=512, bias=True)
        (1): Tanh()
      )
    )
    (_linear): Linear(in_features=512, out_features=34, bias=True)
  )
)
12:46:31 <INFO> /home/nbhatta1/Desktop/qsar-project-Tzu/reinvent_integration/priors/linkinvent.prior has valid hash:
{ 'comments': [],
  'creation_date': 0,
  'date_format': 'UNIX epoch',
  'hash_id': '5792256bf6777dd630ed9ec66fbb4bbc',
  'hash_id_format': 'xxhash.xxh3_128_hex 3.4.1',
  'model_id': '775a89b0b0ee42aaa7ec189c16614b4d',
  'model_id_format': 'uuid.uuid4 3.10.12',
  'origina_data_source': 'ChEMBL 27',
  'updates': []}
12:46:31 <INFO> Number of network parameters: 23,682,594
12:46:31 <INFO> Network architecture:
EncoderDecoder(
  (_encoder): Encoder(
    (_embedding): Sequential(
      (0): Embedding(34, 512)
      (1): Dropout(p=0, inplace=False)
    )
    (_rnn): LSTM(512, 512, num_layers=3, batch_first=True, bidirectional=True)
  )
  (_decoder): Decoder(
    (_embedding): Sequential(
      (0): Embedding(34, 512)
      (1): Dropout(p=0, inplace=False)
    )
    (_rnn): LSTM(512, 512, num_layers=3, batch_first=True)
    (_attention): AttentionLayer(
      (_attention_linear): Sequential(
        (0): Linear(in_features=1024, out_features=512, bias=True)
        (1): Tanh()
      )
    )
    (_linear): Linear(in_features=512, out_features=34, bias=True)
  )
)
12:46:31 <INFO> Using generator Linkinvent
12:46:31 <INFO> Prior read from reinvent_integration/priors/linkinvent.prior
12:46:31 <INFO> Agent read from reinvent_integration/priors/linkinvent.prior
12:46:31 <INFO> Input molecules/fragments read from file reinvent_integration/data/warheads.smi
12:46:31 <INFO> Using reward strategy dap
12:46:31 <INFO> Using diversity filter IdenticalMurckoScaffold
12:46:31 <INFO> Purging diversity filter memories after each stage
12:46:31 <ERRO> Component reinvent_plugins.components.OpenEye.comp_rocs could not be imported: No module named 'openeye'
12:46:31 <INFO> Registered scoring component GroupCount
12:46:31 <INFO> Registered scoring component FragmentQed
12:46:31 <INFO> Registered scoring component FragmentSlogP
12:46:31 <INFO> Registered scoring component FragmentMolecularWeight
12:46:31 <INFO> Registered scoring component FragmentTPSA
12:46:31 <INFO> Registered scoring component FragmentDistanceMatrix
12:46:31 <INFO> Registered scoring component FragmentNumAtomStereoCenters
12:46:31 <INFO> Registered scoring component FragmentHBondAcceptors
12:46:31 <INFO> Registered scoring component FragmentHBondDonors
12:46:31 <INFO> Registered scoring component FragmentNumRotBond
12:46:31 <INFO> Registered scoring component FragmentCsp3
12:46:31 <INFO> Registered scoring component Fragmentnumsp
12:46:31 <INFO> Registered scoring component Fragmentnumsp2
12:46:31 <INFO> Registered scoring component Fragmentnumsp3
12:46:31 <INFO> Registered scoring component FragmentEffectiveLength
12:46:31 <INFO> Registered scoring component FragmentGraphLength
12:46:31 <INFO> Registered scoring component FragmentLengthRatio
12:46:31 <INFO> Registered scoring component FragmentNumHeavyAtoms
12:46:31 <INFO> Registered scoring component FragmentNumHeteroAtoms
12:46:31 <INFO> Registered scoring component FragmentNumRings
12:46:31 <INFO> Registered scoring component FragmentNumAromaticRings
12:46:31 <INFO> Registered scoring component FragmentNumAliphaticRings
12:46:31 <INFO> Registered scoring component FragmentSlogP
12:46:31 <INFO> Registered scoring component MatchingSubstructure
12:46:31 <INFO> Registered scoring component MolVolume
12:46:31 <INFO> Registered scoring component Qed
12:46:31 <INFO> Registered scoring component LargestRingSize
12:46:31 <INFO> Registered scoring component MolecularWeight
12:46:31 <INFO> Registered scoring component GraphLength
12:46:31 <INFO> Registered scoring component NumAtomStereoCenters
12:46:31 <INFO> Registered scoring component HBondAcceptors
12:46:31 <INFO> Registered scoring component HBondDonors
12:46:31 <INFO> Registered scoring component NumRotBond
12:46:31 <INFO> Registered scoring component Csp3
12:46:31 <INFO> Registered scoring component numsp
12:46:31 <INFO> Registered scoring component numsp2
12:46:31 <INFO> Registered scoring component numsp3
12:46:31 <INFO> Registered scoring component NumHeavyAtoms
12:46:31 <INFO> Registered scoring component NumHeteroAtoms
12:46:31 <INFO> Registered scoring component NumRings
12:46:31 <INFO> Registered scoring component NumAromaticRings
12:46:31 <INFO> Registered scoring component NumAliphaticRings
12:46:31 <INFO> Registered scoring component SlogP
12:46:31 <INFO> Registered scoring component LargestRingSize
12:46:31 <INFO> Registered scoring component PMI
12:46:31 <INFO> Registered scoring component RDKitDescriptors
12:46:31 <INFO> Registered scoring component TanimotoSimilarity
12:46:31 <INFO> Registered scoring component TanimotoDistance
12:46:31 <INFO> Registered scoring component TPSA
12:46:31 <INFO> Registered scoring component SAScore
12:46:32 <INFO> Registered scoring component ChemProp
12:46:32 <INFO> Registered scoring component CustomAlerts
12:46:32 <INFO> Registered scoring component DockStream
12:46:32 <INFO> Registered scoring component ExternalProcess
12:46:32 <INFO> Registered scoring component REST
12:46:32 <INFO> Registered scoring component Icolos
12:46:32 <INFO> Registered scoring component MMP
12:46:32 <INFO> Registered scoring component Qptuna
12:46:32 <INFO> Registered scoring component ReactionFilter
12:46:32 <INFO> Registered scoring component RingPrecedence
12:46:32 <INFO> Registered scoring component Maize
12:46:32 <INFO> Registered scoring component SynthSense
12:46:32 <INFO> Registered scoring component CAZP
12:46:32 <INFO> Creating scoring component ExternalProcess
12:46:32 <INFO> Writing tabular data for stage to linkinvent_cl_adme_1.csv
12:46:32 <INFO> Starting stage 1 <<<
12:46:32 <INFO> Current GPU memory usage: 2754 MiB used, 45646 MiB free
12:46:33 <INFO> Score: 0.00 Agent NLL: 14.55 Valid:   0% Step: 1
 | Agent Prior Target Score SMILES SMILES_state Warheads Linker Scaffold LINKINVENT_CL_Stage1 LINKINVENT_CL_Stage1 (raw)
 | 17.6657 17.6657 -17.6657 0.0000000 C(#Cc1cncc(N2CCC3(CNC3)C2)c1)c1ccccc1Brc1c(N2CCC(N3CCN(c4ccc([*])cc4)CC3)C2=O)cc([*])cc1 0 C(#Cc1cncc(N2CCC3(CNC3)C2)c1)c1ccccc1 Brc1c(N2CCC(N3CCN(c4ccc([*])cc4)CC3)C2=O)cc([*])cc1 -- 0.0000000 0.0000
 | 17.6455 17.6455 -17.6455 0.0000000 C(#Cc1cncc(N2CCC3(CNC3)C2)c1)c1ccccc1C(=O)(c1c(Cl)ccc([*])c1)N1CCN(C2CCC(c3c(Cl)cc([*])cc3)CC2)CC1 0 C(#Cc1cncc(N2CCC3(CNC3)C2)c1)c1ccccc1 C(=O)(c1c(Cl)ccc([*])c1)N1CCN(C2CCC(c3c(Cl)cc([*])cc3)CC2)CC1 -- 0.0000000 0.0000
 | 39.7063 39.7063 -39.7063 0.0000000 C(#Cc1cncc(N2CCC3(CNC3)C2)c1)c1ccccc1C(C1(O)CCN(Cc2cccc([*])c2)CC1)N1CCC(c2c(Cl)nc(C3CCC(C#N)([*])CC3)c3c2c2ccccc2-3)C1 0 C(#Cc1cncc(N2CCC3(CNC3)C2)c1)c1ccccc1 C(C1(O)CCN(Cc2cccc([*])c2)CC1)N1CCC(c2c(Cl)nc(C3CCC(C#N)([*])CC3)c3c2c2ccccc2-3)C1 -- 0.0000000 0.0000
 | 17.2307 17.2307 -17.2307 0.0000000 C(#Cc1cncc(N2CCC3(CNC3)C2)c1)c1ccccc1C(c1cc([*])ccc1)(N1C(C)CN(C2c3c(ccc(Cl)c3[*])CC2)CC1)=O 0 C(#Cc1cncc(N2CCC3(CNC3)C2)c1)c1ccccc1 C(c1cc([*])ccc1)(N1C(C)CN(C2c3c(ccc(Cl)c3[*])CC2)CC1)=O -- 0.0000000 0.0000
 | 33.8809 33.8809 -33.8809 0.0000000 C(#Cc1cncc(N2CCC3(CNC3)C2)c1)c1ccccc1C(c1nc2c(nccc2)n(C2CC3CCC(C2)N3C(=O)c2ccccc2[*])c1Cl)(N1CCC(C#N)([*])CC1)=O 0 C(#Cc1cncc(N2CCC3(CNC3)C2)c1)c1ccccc1 C(c1nc2c(nccc2)n(C2CC3CCC(C2)N3C(=O)c2ccccc2[*])c1Cl)(N1CCC(C#N)([*])CC1)=O -- 0.0000000 0.0000
 | 15.5797 15.5797 -15.5797 0.0000000 C(#Cc1cncc(N2CCC3(CNC3)C2)c1)c1ccccc1C1(=O)N(Cc2cc([*])ccc2Cl)CCC12CCCN(Cc1cc([*])ccc1)CC2 0 C(#Cc1cncc(N2CCC3(CNC3)C2)c1)c1ccccc1 C1(=O)N(Cc2cc([*])ccc2Cl)CCC12CCCN(Cc1cc([*])ccc1)CC2 -- 0.0000000 0.0000
 | 25.7367 25.7367 -25.7367 0.0000000 C(#Cc1cncc(N2CCC3(CNC3)C2)c1)c1ccccc1C1(N2CC=C(c3ccccc3[*])C2)CCC(C(N2CCC(O)([*])CC2)=O)CC1 0 C(#Cc1cncc(N2CCC3(CNC3)C2)c1)c1ccccc1 C1(N2CC=C(c3ccccc3[*])C2)CCC(C(N2CCC(O)([*])CC2)=O)CC1 -- 0.0000000 0.0000
 | 26.2010 26.2010 -26.2010 0.0000000 C(#Cc1cncc(N2CCC3(CNC3)C2)c1)c1ccccc1C1C(C)(C)N(c2c(C(=O)N3CCC([*])CC3)cc(Cl)c(Cl)c2)CCN1c1c(Cl)cc([*])cc1 0 C(#Cc1cncc(N2CCC3(CNC3)C2)c1)c1ccccc1 C1C(C)(C)N(c2c(C(=O)N3CCC([*])CC3)cc(Cl)c(Cl)c2)CCN1c1c(Cl)cc([*])cc1 -- 0.0000000 0.0000
 | 19.8096 19.8096 -19.8096 0.0000000 C(#Cc1cncc(N2CCC3(CNC3)C2)c1)c1ccccc1C1CC(C#N)([*])CCC1c1cc([*])nc2c1nccc2 0 C(#Cc1cncc(N2CCC3(CNC3)C2)c1)c1ccccc1 C1CC(C#N)([*])CCC1c1cc([*])nc2c1nccc2 -- 0.0000000 0.0000
 | 9.9873 9.9873 -9.9873 0.0000000 C(#Cc1cncc(N2CCC3(CNC3)C2)c1)c1ccccc1C1CC(COc2ccc([*])cc2)CCN1CC[*] 0 C(#Cc1cncc(N2CCC3(CNC3)C2)c1)c1ccccc1 C1CC(COc2ccc([*])cc2)CCN1CC[*] -- 0.0000000 0.0000
12:46:33 <INFO> Purging diversity filter memories in stage 1
12:46:33 <WARN> Maximum number of steps of 1 reached in stage 1. Terminating all stages.
12:46:33 <INFO> Peak main memory usage: 2428.340 MiB
12:46:33 <INFO> Finished REINVENT on 2026-03-15
