12:46:14 <INFO> Started REINVENT 4.7.15 (C) AstraZeneca 2017, 2023 on 2026-03-15
12:46:14 <INFO> Command line: /home/nbhatta1/Desktop/qsar-project-Tzu/.venv/bin/reinvent -l reinvent_integration/logs/linkinvent_rl_train_manual.log /tmp/linkinvent_rl_manual.toml
12:46:14 <INFO> Reading run configuration from /tmp/linkinvent_rl_manual.toml using format toml
12:46:14 <INFO> User nbhatta1 on host panacea
12:46:14 <INFO> Python version 3.11.13
12:46:14 <INFO> PyTorch version 2.9.1+cu128, git 5811a8d7da873dd699ff6687092c225caffcf1bb
12:46:14 <INFO> PyTorch compiled with CUDA version 12.8
12:46:14 <INFO> RDKit version 2025.09.6
12:46:14 <INFO> Platform Linux-5.14.0-611.30.1.el9_7.x86_64-x86_64-with-glibc2.34
12:46:14 <INFO> CUDA driver version 590.48.01
12:46:14 <INFO> Number of PyTorch CUDA devices 1
12:46:14 <WARN> 'use_cuda' is deprecated, use 'device' instead
12:46:14 <INFO> Using GPU device:0 NVIDIA RTX PRO 5000 Blackwell
12:46:14 <INFO> GPU memory: 46093 MiB free, 48400 MiB total
12:46:14 <INFO> Starting 1 stage of Reinforcement Learning
12:46:14 <INFO> /home/nbhatta1/Desktop/qsar-project-Tzu/reinvent_integration/priors/linkinvent.prior has valid hash:
{ 'comments': [],
  'creation_date': 0,
  'date_format': 'UNIX epoch',
  'hash_id': '5792256bf6777dd630ed9ec66fbb4bbc',
  'hash_id_format': 'xxhash.xxh3_128_hex 3.4.1',
  'model_id': '775a89b0b0ee42aaa7ec189c16614b4d',
  'model_id_format': 'uuid.uuid4 3.10.12',
  'origina_data_source': 'ChEMBL 27',
  'updates': []}
12:46:15 <INFO> Number of network parameters: 23,682,594
12:46:15 <INFO> Network architecture:
EncoderDecoder(
  (_encoder): Encoder(
    (_embedding): Sequential(
      (0): Embedding(34, 512)
      (1): Dropout(p=0, inplace=False)
    )
    (_rnn): LSTM(512, 512, num_layers=3, batch_first=True, bidirectional=True)
  )
  (_decoder): Decoder(
    (_embedding): Sequential(
      (0): Embedding(34, 512)
      (1): Dropout(p=0, inplace=False)
    )
    (_rnn): LSTM(512, 512, num_layers=3, batch_first=True)
    (_attention): AttentionLayer(
      (_attention_linear): Sequential(
        (0): Linear(in_features=1024, out_features=512, bias=True)
        (1): Tanh()
      )
    )
    (_linear): Linear(in_features=512, out_features=34, bias=True)
  )
)
12:46:15 <INFO> /home/nbhatta1/Desktop/qsar-project-Tzu/reinvent_integration/priors/linkinvent.prior has valid hash:
{ 'comments': [],
  'creation_date': 0,
  'date_format': 'UNIX epoch',
  'hash_id': '5792256bf6777dd630ed9ec66fbb4bbc',
  'hash_id_format': 'xxhash.xxh3_128_hex 3.4.1',
  'model_id': '775a89b0b0ee42aaa7ec189c16614b4d',
  'model_id_format': 'uuid.uuid4 3.10.12',
  'origina_data_source': 'ChEMBL 27',
  'updates': []}
12:46:15 <INFO> Number of network parameters: 23,682,594
12:46:15 <INFO> Network architecture:
EncoderDecoder(
  (_encoder): Encoder(
    (_embedding): Sequential(
      (0): Embedding(34, 512)
      (1): Dropout(p=0, inplace=False)
    )
    (_rnn): LSTM(512, 512, num_layers=3, batch_first=True, bidirectional=True)
  )
  (_decoder): Decoder(
    (_embedding): Sequential(
      (0): Embedding(34, 512)
      (1): Dropout(p=0, inplace=False)
    )
    (_rnn): LSTM(512, 512, num_layers=3, batch_first=True)
    (_attention): AttentionLayer(
      (_attention_linear): Sequential(
        (0): Linear(in_features=1024, out_features=512, bias=True)
        (1): Tanh()
      )
    )
    (_linear): Linear(in_features=512, out_features=34, bias=True)
  )
)
12:46:15 <INFO> Using generator Linkinvent
12:46:15 <INFO> Prior read from reinvent_integration/priors/linkinvent.prior
12:46:15 <INFO> Agent read from reinvent_integration/priors/linkinvent.prior
12:46:15 <INFO> Input molecules/fragments read from file reinvent_integration/data/warheads.smi
12:46:15 <INFO> Using reward strategy dap
12:46:15 <INFO> Using diversity filter IdenticalMurckoScaffold
12:46:15 <INFO> Purging diversity filter memories after each stage
12:46:15 <ERRO> Component reinvent_plugins.components.OpenEye.comp_rocs could not be imported: No module named 'openeye'
12:46:15 <INFO> Registered scoring component GroupCount
12:46:15 <INFO> Registered scoring component FragmentQed
12:46:15 <INFO> Registered scoring component FragmentSlogP
12:46:15 <INFO> Registered scoring component FragmentMolecularWeight
12:46:15 <INFO> Registered scoring component FragmentTPSA
12:46:15 <INFO> Registered scoring component FragmentDistanceMatrix
12:46:15 <INFO> Registered scoring component FragmentNumAtomStereoCenters
12:46:15 <INFO> Registered scoring component FragmentHBondAcceptors
12:46:15 <INFO> Registered scoring component FragmentHBondDonors
12:46:15 <INFO> Registered scoring component FragmentNumRotBond
12:46:15 <INFO> Registered scoring component FragmentCsp3
12:46:15 <INFO> Registered scoring component Fragmentnumsp
12:46:15 <INFO> Registered scoring component Fragmentnumsp2
12:46:15 <INFO> Registered scoring component Fragmentnumsp3
12:46:15 <INFO> Registered scoring component FragmentEffectiveLength
12:46:15 <INFO> Registered scoring component FragmentGraphLength
12:46:15 <INFO> Registered scoring component FragmentLengthRatio
12:46:15 <INFO> Registered scoring component FragmentNumHeavyAtoms
12:46:15 <INFO> Registered scoring component FragmentNumHeteroAtoms
12:46:15 <INFO> Registered scoring component FragmentNumRings
12:46:15 <INFO> Registered scoring component FragmentNumAromaticRings
12:46:15 <INFO> Registered scoring component FragmentNumAliphaticRings
12:46:15 <INFO> Registered scoring component FragmentSlogP
12:46:15 <INFO> Registered scoring component MatchingSubstructure
12:46:15 <INFO> Registered scoring component MolVolume
12:46:15 <INFO> Registered scoring component Qed
12:46:15 <INFO> Registered scoring component LargestRingSize
12:46:15 <INFO> Registered scoring component MolecularWeight
12:46:15 <INFO> Registered scoring component GraphLength
12:46:15 <INFO> Registered scoring component NumAtomStereoCenters
12:46:15 <INFO> Registered scoring component HBondAcceptors
12:46:15 <INFO> Registered scoring component HBondDonors
12:46:15 <INFO> Registered scoring component NumRotBond
12:46:15 <INFO> Registered scoring component Csp3
12:46:15 <INFO> Registered scoring component numsp
12:46:15 <INFO> Registered scoring component numsp2
12:46:15 <INFO> Registered scoring component numsp3
12:46:15 <INFO> Registered scoring component NumHeavyAtoms
12:46:15 <INFO> Registered scoring component NumHeteroAtoms
12:46:15 <INFO> Registered scoring component NumRings
12:46:15 <INFO> Registered scoring component NumAromaticRings
12:46:15 <INFO> Registered scoring component NumAliphaticRings
12:46:15 <INFO> Registered scoring component SlogP
12:46:15 <INFO> Registered scoring component LargestRingSize
12:46:15 <INFO> Registered scoring component PMI
12:46:15 <INFO> Registered scoring component RDKitDescriptors
12:46:15 <INFO> Registered scoring component TanimotoSimilarity
12:46:15 <INFO> Registered scoring component TanimotoDistance
12:46:15 <INFO> Registered scoring component TPSA
12:46:15 <INFO> Registered scoring component SAScore
12:46:15 <INFO> Registered scoring component ChemProp
12:46:15 <INFO> Registered scoring component CustomAlerts
12:46:15 <INFO> Registered scoring component DockStream
12:46:15 <INFO> Registered scoring component ExternalProcess
12:46:15 <INFO> Registered scoring component REST
12:46:15 <INFO> Registered scoring component Icolos
12:46:15 <INFO> Registered scoring component MMP
12:46:15 <INFO> Registered scoring component Qptuna
12:46:15 <INFO> Registered scoring component ReactionFilter
12:46:15 <INFO> Registered scoring component RingPrecedence
12:46:15 <INFO> Registered scoring component Maize
12:46:15 <INFO> Registered scoring component SynthSense
12:46:15 <INFO> Registered scoring component CAZP
12:46:15 <INFO> Creating scoring component ExternalProcess
12:46:15 <INFO> Writing tabular data for stage to linkinvent_rl_adme_1.csv
12:46:15 <INFO> Starting stage 1 <<<
12:46:15 <INFO> Current GPU memory usage: 2754 MiB used, 45646 MiB free
12:46:16 <INFO> Score: 0.00 Agent NLL: 14.16 Valid:   0% Step: 1
 | Agent Prior Target Score SMILES SMILES_state Warheads Linker Scaffold LINKINVENT_RL_ADME LINKINVENT_RL_ADME (raw)
 | 13.7319 13.7319 -13.7319 0.0000000 C(#Cc1cncc(N2CCC3(CNC3)C2)c1)c1ccccc1C(c1c(-c2oc([*])nn2)cccc1)#C[*] 0 C(#Cc1cncc(N2CCC3(CNC3)C2)c1)c1ccccc1 C(c1c(-c2oc([*])nn2)cccc1)#C[*] -- 0.0000000 0.0000
 | 23.6095 23.6095 -23.6095 0.0000000 C(#Cc1cncc(N2CCC3(CNC3)C2)c1)c1ccccc1C1(c2[nH]c(-c3cc([*])ccc3)nn2)CCC(C(=O)N2CC3CC2CN3C(c2c(Cl)ccc([*])c2)=O)CC1 0 C(#Cc1cncc(N2CCC3(CNC3)C2)c1)c1ccccc1 C1(c2[nH]c(-c3cc([*])ccc3)nn2)CCC(C(=O)N2CC3CC2CN3C(c2c(Cl)ccc([*])c2)=O)CC1 -- 0.0000000 0.0000
 | 12.4051 12.4051 -12.4051 0.0000000 C(#Cc1cncc(N2CCC3(CNC3)C2)c1)c1ccccc1C1(c2n(-c3nccc([*])n3)ncc2C(N2CCC([*])CC2)=O)CC1 0 C(#Cc1cncc(N2CCC3(CNC3)C2)c1)c1ccccc1 C1(c2n(-c3nccc([*])n3)ncc2C(N2CCC([*])CC2)=O)CC1 -- 0.0000000 0.0000
 | 8.9478 8.9478 -8.9478 0.0000000 C(#Cc1cncc(N2CCC3(CNC3)C2)c1)c1ccccc1C1C(N2CCC([*])CC2)CCc2c1ccc([*])c2 0 C(#Cc1cncc(N2CCC3(CNC3)C2)c1)c1ccccc1 C1C(N2CCC([*])CC2)CCc2c1ccc([*])c2 -- 0.0000000 0.0000
 | 11.3503 11.3503 -11.3503 0.0000000 C(#Cc1cncc(N2CCC3(CNC3)C2)c1)c1ccccc1C1CN(C(c2ccccc2[*])=O)CCC1c1n(C)cc([*])n1 0 C(#Cc1cncc(N2CCC3(CNC3)C2)c1)c1ccccc1 C1CN(C(c2ccccc2[*])=O)CCC1c1n(C)cc([*])n1 -- 0.0000000 0.0000
 | 11.9511 11.9511 -11.9511 0.0000000 C(#Cc1cncc(N2CCC3(CNC3)C2)c1)c1ccccc1C1CN(Cc2c(Cl)ccc([*])c2)CCC1C(=O)N1CCc2cc([*])ccc21 0 C(#Cc1cncc(N2CCC3(CNC3)C2)c1)c1ccccc1 C1CN(Cc2c(Cl)ccc([*])c2)CCC1C(=O)N1CCc2cc([*])ccc21 -- 0.0000000 0.0000
 | 12.4492 12.4492 -12.4492 0.0000000 C(#Cc1cncc(N2CCC3(CNC3)C2)c1)c1ccccc1C1CN(Cc2c(Cl)ccc([*])c2)CCC1c1nc2c(ccc([*])c2)n1C1CC1 0 C(#Cc1cncc(N2CCC3(CNC3)C2)c1)c1ccccc1 C1CN(Cc2c(Cl)ccc([*])c2)CCC1c1nc2c(ccc([*])c2)n1C1CC1 -- 0.0000000 0.0000
 | 12.6250 12.6250 -12.6250 0.0000000 C(#Cc1cncc(N2CCC3(CNC3)C2)c1)c1ccccc1C1CN(Cc2cc([*])ccc2)C(CC(C)C)C(=O)N1c1ccc([*])cc1 0 C(#Cc1cncc(N2CCC3(CNC3)C2)c1)c1ccccc1 C1CN(Cc2cc([*])ccc2)C(CC(C)C)C(=O)N1c1ccc([*])cc1 -- 0.0000000 0.0000
 | 28.0741 28.0741 -28.0741 0.0000000 C(#Cc1cncc(N2CCC3(CNC3)C2)c1)c1ccccc1C1CN(Cc2cccc([*])n2)CCC1CC(N1c2c(cccc2)C(C(=O)N2CCC(Cc3ccc([*])cc3)CC2)C1)=O 0 C(#Cc1cncc(N2CCC3(CNC3)C2)c1)c1ccccc1 C1CN(Cc2cccc([*])n2)CCC1CC(N1c2c(cccc2)C(C(=O)N2CCC(Cc3ccc([*])cc3)CC2)C1)=O -- 0.0000000 0.0000
 | 24.1911 24.1911 -24.1911 0.0000000 C(#Cc1cncc(N2CCC3(CNC3)C2)c1)c1ccccc1C1CN(Cc2n(-c3ccccc3)c(C(C)N(C)C3CCN(CC[*])CC3)c(C)n2)CCC1CC[*] 0 C(#Cc1cncc(N2CCC3(CNC3)C2)c1)c1ccccc1 C1CN(Cc2n(-c3ccccc3)c(C(C)N(C)C3CCN(CC[*])CC3)c(C)n2)CCC1CC[*] -- 0.0000000 0.0000
12:46:16 <INFO> Purging diversity filter memories in stage 1
12:46:16 <WARN> Maximum number of steps of 1 reached in stage 1. Terminating all stages.
12:46:16 <INFO> Peak main memory usage: 2422.199 MiB
12:46:16 <INFO> Finished REINVENT on 2026-03-15
