12:46:35 <INFO> Started REINVENT 4.7.15 (C) AstraZeneca 2017, 2023 on 2026-03-15
12:46:35 <INFO> Command line: /home/nbhatta1/Desktop/qsar-project-Tzu/.venv/bin/reinvent -l reinvent_integration/logs/linkinvent_cl_sample_manual.log /tmp/linkinvent_cl_sample_manual.toml
12:46:35 <INFO> Reading run configuration from /tmp/linkinvent_cl_sample_manual.toml using format toml
12:46:35 <INFO> User nbhatta1 on host panacea
12:46:35 <INFO> Python version 3.11.13
12:46:35 <INFO> PyTorch version 2.9.1+cu128, git 5811a8d7da873dd699ff6687092c225caffcf1bb
12:46:35 <INFO> PyTorch compiled with CUDA version 12.8
12:46:35 <INFO> RDKit version 2025.09.6
12:46:35 <INFO> Platform Linux-5.14.0-611.30.1.el9_7.x86_64-x86_64-with-glibc2.34
12:46:36 <INFO> CUDA driver version 590.48.01
12:46:36 <INFO> Number of PyTorch CUDA devices 1
12:46:36 <WARN> 'use_cuda' is deprecated, use 'device' instead
12:46:36 <INFO> Using GPU device:0 NVIDIA RTX PRO 5000 Blackwell
12:46:36 <INFO> GPU memory: 46090 MiB free, 48400 MiB total
12:46:36 <INFO> Starting Sampling
12:46:36 <ERRO> /home/nbhatta1/Desktop/qsar-project-Tzu/reinvent_integration/results/linkinvent_cl_adme/linkinvent_cl_stage1.chkpt has invalid hash:
{ 'comments': ['RL'],
  'creation_date': 0,
  'date_format': 'UNIX epoch',
  'hash_id': '3adb0b34053e2c483245e6544c09d02a',
  'hash_id_format': 'xxhash.xxh3_128_hex 3.6.0',
  'model_id': '775a89b0b0ee42aaa7ec189c16614b4d',
  'model_id_format': 'uuid.uuid4 3.10.12',
  'origina_data_source': 'ChEMBL 27',
  'updates': [1773593193.600114]}
12:46:36 <INFO> Number of network parameters: 23,682,594
12:46:36 <INFO> Network architecture:
EncoderDecoder(
  (_encoder): Encoder(
    (_embedding): Sequential(
      (0): Embedding(34, 512)
      (1): Dropout(p=0, inplace=False)
    )
    (_rnn): LSTM(512, 512, num_layers=3, batch_first=True, bidirectional=True)
  )
  (_decoder): Decoder(
    (_embedding): Sequential(
      (0): Embedding(34, 512)
      (1): Dropout(p=0, inplace=False)
    )
    (_rnn): LSTM(512, 512, num_layers=3, batch_first=True)
    (_attention): AttentionLayer(
      (_attention_linear): Sequential(
        (0): Linear(in_features=1024, out_features=512, bias=True)
        (1): Tanh()
      )
    )
    (_linear): Linear(in_features=512, out_features=34, bias=True)
  )
)
12:46:36 <INFO> Using generator Linkinvent
12:46:36 <INFO> Writing sampled SMILES to CSV file reinvent_integration/results/linkinvent_cl/samples.csv
12:46:36 <INFO> Sampling 260 SMILES from model reinvent_integration/results/linkinvent_cl_adme/linkinvent_cl_stage1.chkpt
12:46:36 <INFO> Peak main memory usage: 1727.246 MiB
12:46:36 <INFO> Finished REINVENT on 2026-03-15
