19:23:42 <INFO> Started REINVENT 4.7.15 (C) AstraZeneca 2017, 2023 on 2026-03-15
19:23:42 <INFO> Command line: /home/nbhatta1/Desktop/qsar-project-Tzu/.venv/bin/reinvent -l reinvent_integration/logs/mol2mol_medium_similarity_rl_train.log /home/nbhatta1/Desktop/qsar-project-Tzu/reinvent_integration/configs_fast/rl_mol2mol_medium_similarity.toml
19:23:42 <INFO> Reading run configuration from /home/nbhatta1/Desktop/qsar-project-Tzu/reinvent_integration/configs_fast/rl_mol2mol_medium_similarity.toml using format toml
19:23:42 <INFO> User nbhatta1 on host panacea
19:23:42 <INFO> Python version 3.11.13
19:23:42 <INFO> PyTorch version 2.9.1+cu128, git 5811a8d7da873dd699ff6687092c225caffcf1bb
19:23:42 <INFO> PyTorch compiled with CUDA version 12.8
19:23:42 <INFO> RDKit version 2025.09.6
19:23:42 <INFO> Platform Linux-5.14.0-611.30.1.el9_7.x86_64-x86_64-with-glibc2.34
19:23:42 <INFO> CUDA driver version 590.48.01
19:23:42 <INFO> Number of PyTorch CUDA devices 1
19:23:42 <WARN> 'use_cuda' is deprecated, use 'device' instead
19:23:42 <INFO> Using GPU device:0 NVIDIA RTX PRO 5000 Blackwell
19:23:42 <INFO> GPU memory: 45833 MiB free, 48400 MiB total
19:23:42 <INFO> Starting 1 stage of Reinforcement Learning
19:23:43 <ERRO> /home/nbhatta1/Desktop/qsar-project-Tzu/reinvent_integration/priors/mol2mol_medium_similarity.prior has invalid hash:
{ 'comments': [],
  'creation_date': 0,
  'date_format': 'UNIX epoch',
  'hash_id': 'b67da12a3b4abf1ea4f6d24c0ac58d50',
  'hash_id_format': 'xxhash.xxh3_128_hex 3.4.1',
  'model_id': '0c2799f6b12342b3a31b97c755f8f13a',
  'model_id_format': 'uuid.uuid4 3.10.12',
  'origina_data_source': 'ChEMBL 28',
  'updates': []}
19:23:43 <INFO> Number of network parameters: 17,462,400
19:23:43 <INFO> Network architecture:
EncoderDecoder(
  (encoder): Encoder(
    (layers): ModuleList(
      (0-5): 6 x EncoderLayer(
        (self_attn): MultiHeadedAttention(
          (linears): ModuleList(
            (0-3): 4 x Linear(in_features=256, out_features=256, bias=True)
          )
          (dropout): Dropout(p=0.1, inplace=False)
        )
        (feed_forward): PositionwiseFeedForward(
          (w_1): Linear(in_features=256, out_features=2048, bias=True)
          (w_2): Linear(in_features=2048, out_features=256, bias=True)
          (dropout): Dropout(p=0.1, inplace=False)
        )
        (sublayer): ModuleList(
          (0-1): 2 x SublayerConnection(
            (norm): LayerNorm()
            (dropout): Dropout(p=0.1, inplace=False)
          )
        )
      )
    )
    (norm): LayerNorm()
  )
  (decoder): Decoder(
    (layers): ModuleList(
      (0-5): 6 x DecoderLayer(
        (self_attn): MultiHeadedAttention(
          (linears): ModuleList(
            (0-3): 4 x Linear(in_features=256, out_features=256, bias=True)
          )
          (dropout): Dropout(p=0.1, inplace=False)
        )
        (src_attn): MultiHeadedAttention(
          (linears): ModuleList(
            (0-3): 4 x Linear(in_features=256, out_features=256, bias=True)
          )
          (dropout): Dropout(p=0.1, inplace=False)
        )
        (feed_forward): PositionwiseFeedForward(
          (w_1): Linear(in_features=256, out_features=2048, bias=True)
          (w_2): Linear(in_features=2048, out_features=256, bias=True)
          (dropout): Dropout(p=0.1, inplace=False)
        )
        (sublayer): ModuleList(
          (0-2): 3 x SublayerConnection(
            (norm): LayerNorm()
            (dropout): Dropout(p=0.1, inplace=False)
          )
        )
      )
    )
    (norm): LayerNorm()
  )
  (src_embed): Sequential(
    (0): Embeddings(
      (lut): Embedding(128, 256)
    )
    (1): PositionalEncoding(
      (dropout): Dropout(p=0.1, inplace=False)
    )
  )
  (tgt_embed): Sequential(
    (0): Embeddings(
      (lut): Embedding(128, 256)
    )
    (1): PositionalEncoding(
      (dropout): Dropout(p=0.1, inplace=False)
    )
  )
  (generator): Generator(
    (proj): Linear(in_features=256, out_features=128, bias=True)
  )
)
19:23:43 <ERRO> /home/nbhatta1/Desktop/qsar-project-Tzu/reinvent_integration/priors/mol2mol_medium_similarity.prior has invalid hash:
{ 'comments': [],
  'creation_date': 0,
  'date_format': 'UNIX epoch',
  'hash_id': 'b67da12a3b4abf1ea4f6d24c0ac58d50',
  'hash_id_format': 'xxhash.xxh3_128_hex 3.4.1',
  'model_id': '0c2799f6b12342b3a31b97c755f8f13a',
  'model_id_format': 'uuid.uuid4 3.10.12',
  'origina_data_source': 'ChEMBL 28',
  'updates': []}
19:23:43 <INFO> Number of network parameters: 17,462,400
19:23:43 <INFO> Network architecture:
EncoderDecoder(
  (encoder): Encoder(
    (layers): ModuleList(
      (0-5): 6 x EncoderLayer(
        (self_attn): MultiHeadedAttention(
          (linears): ModuleList(
            (0-3): 4 x Linear(in_features=256, out_features=256, bias=True)
          )
          (dropout): Dropout(p=0.1, inplace=False)
        )
        (feed_forward): PositionwiseFeedForward(
          (w_1): Linear(in_features=256, out_features=2048, bias=True)
          (w_2): Linear(in_features=2048, out_features=256, bias=True)
          (dropout): Dropout(p=0.1, inplace=False)
        )
        (sublayer): ModuleList(
          (0-1): 2 x SublayerConnection(
            (norm): LayerNorm()
            (dropout): Dropout(p=0.1, inplace=False)
          )
        )
      )
    )
    (norm): LayerNorm()
  )
  (decoder): Decoder(
    (layers): ModuleList(
      (0-5): 6 x DecoderLayer(
        (self_attn): MultiHeadedAttention(
          (linears): ModuleList(
            (0-3): 4 x Linear(in_features=256, out_features=256, bias=True)
          )
          (dropout): Dropout(p=0.1, inplace=False)
        )
        (src_attn): MultiHeadedAttention(
          (linears): ModuleList(
            (0-3): 4 x Linear(in_features=256, out_features=256, bias=True)
          )
          (dropout): Dropout(p=0.1, inplace=False)
        )
        (feed_forward): PositionwiseFeedForward(
          (w_1): Linear(in_features=256, out_features=2048, bias=True)
          (w_2): Linear(in_features=2048, out_features=256, bias=True)
          (dropout): Dropout(p=0.1, inplace=False)
        )
        (sublayer): ModuleList(
          (0-2): 3 x SublayerConnection(
            (norm): LayerNorm()
            (dropout): Dropout(p=0.1, inplace=False)
          )
        )
      )
    )
    (norm): LayerNorm()
  )
  (src_embed): Sequential(
    (0): Embeddings(
      (lut): Embedding(128, 256)
    )
    (1): PositionalEncoding(
      (dropout): Dropout(p=0.1, inplace=False)
    )
  )
  (tgt_embed): Sequential(
    (0): Embeddings(
      (lut): Embedding(128, 256)
    )
    (1): PositionalEncoding(
      (dropout): Dropout(p=0.1, inplace=False)
    )
  )
  (generator): Generator(
    (proj): Linear(in_features=256, out_features=128, bias=True)
  )
)
19:23:43 <INFO> Using generator Mol2Mol
19:23:43 <INFO> Prior read from reinvent_integration/priors/mol2mol_medium_similarity.prior
19:23:43 <INFO> Agent read from reinvent_integration/priors/mol2mol_medium_similarity.prior
19:23:43 <INFO> Input molecules/fragments read from file reinvent_integration/data/series_ce_unique.smi
19:23:43 <INFO> Using reward strategy dap
19:23:43 <INFO> Using diversity filter IdenticalMurckoScaffold
19:23:43 <INFO> Purging diversity filter memories after each stage
19:23:43 <ERRO> Component reinvent_plugins.components.OpenEye.comp_rocs could not be imported: No module named 'openeye'
19:23:43 <INFO> Registered scoring component GroupCount
19:23:43 <INFO> Registered scoring component FragmentQed
19:23:43 <INFO> Registered scoring component FragmentSlogP
19:23:43 <INFO> Registered scoring component FragmentMolecularWeight
19:23:43 <INFO> Registered scoring component FragmentTPSA
19:23:43 <INFO> Registered scoring component FragmentDistanceMatrix
19:23:43 <INFO> Registered scoring component FragmentNumAtomStereoCenters
19:23:43 <INFO> Registered scoring component FragmentHBondAcceptors
19:23:43 <INFO> Registered scoring component FragmentHBondDonors
19:23:43 <INFO> Registered scoring component FragmentNumRotBond
19:23:43 <INFO> Registered scoring component FragmentCsp3
19:23:43 <INFO> Registered scoring component Fragmentnumsp
19:23:43 <INFO> Registered scoring component Fragmentnumsp2
19:23:43 <INFO> Registered scoring component Fragmentnumsp3
19:23:43 <INFO> Registered scoring component FragmentEffectiveLength
19:23:43 <INFO> Registered scoring component FragmentGraphLength
19:23:43 <INFO> Registered scoring component FragmentLengthRatio
19:23:43 <INFO> Registered scoring component FragmentNumHeavyAtoms
19:23:43 <INFO> Registered scoring component FragmentNumHeteroAtoms
19:23:43 <INFO> Registered scoring component FragmentNumRings
19:23:43 <INFO> Registered scoring component FragmentNumAromaticRings
19:23:43 <INFO> Registered scoring component FragmentNumAliphaticRings
19:23:43 <INFO> Registered scoring component FragmentSlogP
19:23:43 <INFO> Registered scoring component MatchingSubstructure
19:23:43 <INFO> Registered scoring component MolVolume
19:23:43 <INFO> Registered scoring component Qed
19:23:43 <INFO> Registered scoring component LargestRingSize
19:23:43 <INFO> Registered scoring component MolecularWeight
19:23:43 <INFO> Registered scoring component GraphLength
19:23:43 <INFO> Registered scoring component NumAtomStereoCenters
19:23:43 <INFO> Registered scoring component HBondAcceptors
19:23:43 <INFO> Registered scoring component HBondDonors
19:23:43 <INFO> Registered scoring component NumRotBond
19:23:43 <INFO> Registered scoring component Csp3
19:23:43 <INFO> Registered scoring component numsp
19:23:43 <INFO> Registered scoring component numsp2
19:23:43 <INFO> Registered scoring component numsp3
19:23:43 <INFO> Registered scoring component NumHeavyAtoms
19:23:43 <INFO> Registered scoring component NumHeteroAtoms
19:23:43 <INFO> Registered scoring component NumRings
19:23:43 <INFO> Registered scoring component NumAromaticRings
19:23:43 <INFO> Registered scoring component NumAliphaticRings
19:23:43 <INFO> Registered scoring component SlogP
19:23:43 <INFO> Registered scoring component LargestRingSize
19:23:43 <INFO> Registered scoring component PMI
19:23:43 <INFO> Registered scoring component RDKitDescriptors
19:23:43 <INFO> Registered scoring component TanimotoSimilarity
19:23:43 <INFO> Registered scoring component TanimotoDistance
19:23:43 <INFO> Registered scoring component TPSA
19:23:43 <INFO> Registered scoring component SAScore
19:23:43 <INFO> Registered scoring component ChemProp
19:23:43 <INFO> Registered scoring component CustomAlerts
19:23:43 <INFO> Registered scoring component DockStream
19:23:43 <INFO> Registered scoring component ExternalProcess
19:23:43 <INFO> Registered scoring component REST
19:23:43 <INFO> Registered scoring component Icolos
19:23:43 <INFO> Registered scoring component MMP
19:23:43 <INFO> Registered scoring component Qptuna
19:23:43 <INFO> Registered scoring component ReactionFilter
19:23:43 <INFO> Registered scoring component RingPrecedence
19:23:43 <INFO> Registered scoring component Maize
19:23:43 <INFO> Registered scoring component SynthSense
19:23:43 <INFO> Registered scoring component CAZP
19:23:43 <INFO> Creating scoring component ExternalProcess
19:23:43 <INFO> Writing tabular data for stage to mol2mol_medium_similarity_rl_adme_1.csv
19:23:43 <INFO> Starting stage 1 <<<
19:23:43 <INFO> Current GPU memory usage: 2810 MiB used, 45590 MiB free
19:25:00 <INFO> Score: 0.45 Agent NLL: 7.71 Valid:  99% Step: 1
 | Agent Prior Target Score SMILES SMILES_state Input_SMILES Scaffold MOL2MOL MEDIUM SIMILARITY_RL_ADME MOL2MOL MEDIUM SIMILARITY_RL_ADME (raw) qsar_score (MOL2MOL MEDIUM SIMILARITY_RL_ADME) pred_rdkit_cLogP (MOL2MOL MEDIUM SIMILARITY_RL_ADME) adme3_ensemble_uncertainty (MOL2MOL MEDIUM SIMILARITY_RL_ADME) disallowed_smarts (MOL2MOL MEDIUM SIMILARITY_RL_ADME) pred_cLogP (MOL2MOL MEDIUM SIMILARITY_RL_ADME) pred_MetStab_Clearance_Hepatocyte_Mouse (MOL2MOL MEDIUM SIMILARITY_RL_ADME) pred_Solubility_ESOL_mol_per_L (MOL2MOL MEDIUM SIMILARITY_RL_ADME) solubility_ensemble_score (MOL2MOL MEDIUM SIMILARITY_RL_ADME) pred_MetStab_Clearance_Microsome_AZ (MOL2MOL MEDIUM SIMILARITY_RL_ADME) pred_rdkit_logS_proxy (MOL2MOL MEDIUM SIMILARITY_RL_ADME) pred_logS_ESOL (MOL2MOL MEDIUM SIMILARITY_RL_ADME) pred_MetStab_Half_Life_Human (MOL2MOL MEDIUM SIMILARITY_RL_ADME) pred_MetStab_Clearance_Hepatocyte_AZ (MOL2MOL MEDIUM SIMILARITY_RL_ADME) hepatocyte_score (MOL2MOL MEDIUM SIMILARITY_RL_ADME) clogp_uncertainty (MOL2MOL MEDIUM SIMILARITY_RL_ADME) pred_qikprop_metab_sites (MOL2MOL MEDIUM SIMILARITY_RL_ADME) pred_qikprop_cLogP (MOL2MOL MEDIUM SIMILARITY_RL_ADME) metstab_uncertainty (MOL2MOL MEDIUM SIMILARITY_RL_ADME) metstab_ensemble_score (MOL2MOL MEDIUM SIMILARITY_RL_ADME) pred_MetStab_Clearance_Hepatocyte_Human (MOL2MOL MEDIUM SIMILARITY_RL_ADME) pred_pic50_uncertainty (MOL2MOL MEDIUM SIMILARITY_RL_ADME) microsome_score (MOL2MOL MEDIUM SIMILARITY_RL_ADME) adme3_ensemble_score (MOL2MOL MEDIUM SIMILARITY_RL_ADME) pred_admet_logP (MOL2MOL MEDIUM SIMILARITY_RL_ADME) clogp_ensemble_score (MOL2MOL MEDIUM SIMILARITY_RL_ADME) pred_log_ic50_uM (MOL2MOL MEDIUM SIMILARITY_RL_ADME) pred_pic50 (MOL2MOL MEDIUM SIMILARITY_RL_ADME) pred_qikprop_status (MOL2MOL MEDIUM SIMILARITY_RL_ADME) pred_rdkit_metstab_proxy (MOL2MOL MEDIUM SIMILARITY_RL_ADME) pred_qikprop_logS (MOL2MOL MEDIUM SIMILARITY_RL_ADME) solubility_uncertainty (MOL2MOL MEDIUM SIMILARITY_RL_ADME) pred_MetStab_Clearance_Microsome_Human (MOL2MOL MEDIUM SIMILARITY_RL_ADME) pred_MetStab_Half_Life_Mouse (MOL2MOL MEDIUM SIMILARITY_RL_ADME) pred_MetStab_Half_Life_Obach (MOL2MOL MEDIUM SIMILARITY_RL_ADME) pred_MetStab_Clearance_Microsome_Mouse (MOL2MOL MEDIUM SIMILARITY_RL_ADME) half_life_score (MOL2MOL MEDIUM SIMILARITY_RL_ADME)
 | 18.9809 18.9809 -2.3511 0.2598419 O=S(=O)(c1ccc(Br)cc1)N1CC2(CCN(c3cncc(N4CC(OCCCc5ccccc5)C4)c3)C2)C1 1 CC(C)(C)OC(=O)N1CC2(CCN(c3cncc(N4CC(OCCCc5ccccc5)C4)c3)C2)C1 O=S(=O)(c1ccccc1)N1CC2(CCN(c3cncc(N4CC(OCCCc5ccccc5)C4)c3)C2)C1 0.2598419 0.2598 0.04776537483943583 4.583100000000004 0.057982602031118456 0 4.583100000000004 1000000.0 5.481291417034121e-08 0.008838945436274804 82.382568359375 -10.693713000000002 -7.261117107716991 0.0 64.34117889404297 0.8271957779659218 0.0 999.0 999.0 0.1614493118090758 0.4391495648926919 1000000.0 0.3423142546234873 0.22473955440997442 0.25984193265955247 4.583100000000004 0.043330182980813974 1.4470976145400996 4.5529023854599 no_prediction 32.74434999999997 -999.0 0.012498494284279583 1000000.0 0.0 59.82617950439453 1000000.0 0.9226045306177937
 | 10.5989 10.5989 11.3147 0.3424013 Brc1cncc(N2CCC3(CCN(Cc4cccc5cccnc45)C3)C2)c1 1 CC(C)(C)OC(=O)N1CC2(CCN(c3cncc(Br)c3)C2)C1 c1cncc(N2CCC3(CCN(Cc4cccc5cccnc45)C3)C2)c1 0.3424013 0.3424 0.2885562929833558 4.4947000000000035 0.1480477228097316 0 4.4947000000000035 1000000.0 7.679460436897828e-07 0.13990298761543163 25.960308074951172 -8.655601000000004 -6.114669292665073 0.0 24.833738327026367 0.9959967049600286 0.0 999.0 999.0 0.2469203015649666 0.5396872329139462 1000000.0 0.23740677196340831 0.9879190292702079 0.3424012748003409 4.4947000000000035 0.055093784231334965 0.9245715264383414 5.075428473561659 no_prediction 36.56094999999998 -999.0 0.1972228668642282 1000000.0 0.0 45.22906494140625 1000000.0 0.6578287097797854
 | 5.3835 5.3835 32.2048 0.5873170 C(#Cc1cncc(N2CCC3(CC2)CCN(C2COC2)C3)c1)c1ccccc1 1 CC(C)(C)OC(=O)N1CC2(CCN(c3cncc(C#Cc4ccccc4)c3)C2)C1 C(#Cc1cncc(N2CCC3(CC2)CCN(C2COC2)C3)c1)c1ccccc1 0.5873170 0.5873 0.3503721292016234 3.172500000000002 0.22540932803028468 0 3.172500000000002 1000000.0 1.828897170711256e-05 0.33715254816661494 8.41290283203125 -7.341075000000003 -4.737810711936434 0.0 27.019622802734375 0.9950234910742946 0.0 999.0 999.0 0.22621298976528664 0.6685444311978875 1000000.0 0.1441791289332543 0.9978894832659232 0.5873170362827791 3.172500000000002 0.7167888310680244 0.8533209691330461 5.146679030866954 no_prediction 47.23824999999999 -999.0 0.45001499432556735 1000000.0 0.0 61.915733337402344 1000000.0 0.9393157029216758
 | 8.1929 8.1929 17.5829 0.4027459 C(#Cc1cncc(N2CCC3(CCN(CC4CCOCC4)C3)CC2)c1)c1ccccc1 1 CC(C)(C)OC(=O)N1CC2(CCN(c3cncc(C#Cc4ccccc4)c3)C2)C1 C(#Cc1cncc(N2CCC3(CCN(CC4CCOCC4)C3)CC2)c1)c1ccccc1 0.4027459 0.4027 0.3503721292016234 4.200300000000004 0.20098009647381251 0 4.200300000000004 1000000.0 1.748670427225342e-06 0.2228493174429017 1.5937297344207764 -8.411337000000005 -5.75729203450338 0.0 11.443169593811035 0.9989476567535273 1.3877787807814457e-17 999.0 999.0 0.28906622916016533 0.5984825665654792 1000000.0 0.22206799127513846 0.998931709837648 0.4027459421081743 4.200300000000004 0.11910022631792454 0.8533209691330461 5.146679030866954 no_prediction 38.32974999999997 -999.0 0.3138740602612722 1000000.0 0.0 79.33259582519531 1000000.0 0.9927290764785416
 | 5.8598 5.8598 29.0954 0.5461747 C(#Cc1cncc(N2CCC3(CCNCC3)CC2)c1)c1ccccc1 1 C(#Cc1cncc(N2CCC3(CNC3)C2)c1)c1ccccc1 C(#Cc1cncc(N2CCC3(CCNCC3)CC2)c1)c1ccccc1 0.5461747 0.5462 0.23706132875534613 3.4514000000000022 0.2235840756749987 0 3.4514000000000022 1000000.0 2.0323167891353104e-05 0.3588434994328465 -12.87420654296875 -6.991346000000002 -4.69200859508391 0.0 6.845320224761963 0.9993352722012894 0.0 999.0 999.0 0.2338145501610336 0.654092192957548 1000000.0 0.29661615140815895 0.9997484005666651 0.5461747090170367 3.4514000000000022 0.5341734563677033 0.9911846927068252 5.008815307293175 no_prediction 46.29369999999997 -999.0 0.43693767686396245 1000000.0 0.0 59.2618522644043 1000000.0 0.9174149747277862
 | 10.6078 10.6078 19.4222 0.4692183 C1=C(c2cncc(N3CCC4(CC3)CN(c3ccccc3)C4)c2)CCN1 1 CC(C)(C)OC(=O)N1CC2(CCN(c3cncc(C#Cc4ccccc4)c3)C2)C1 C1=C(c2cncc(N3CCC4(CC3)CN(c3ccccc3)C4)c2)CCN1 0.4692183 0.4692 0.3503721292016234 3.5226000000000024 0.18187275294261487 0 3.5226000000000024 1000000.0 1.4813204965662551e-05 0.34045919560535026 17.14109230041504 -7.200966000000003 -4.8293509679260325 0.0 10.296615600585938 0.9990615465785214 0.0 999.0 999.0 0.10333293435338402 0.535175111440047 1000000.0 0.3645395897655774 0.9949629793830423 0.4692182744961442 3.5226000000000024 0.483504443504892 0.8533209691330461 5.146679030866954 no_prediction 43.748499999999986 -999.0 0.4422853244744607 1000000.0 0.0 9.54631233215332 1000000.0 0.02173809969687395
 | 8.3411 8.3411 15.0590 0.3656264 O=C(CCc1c[nH]c2ccccc12)N1CCC2(CCN(c3cncc(C4=CCNCC4)c3)C2)C1 1 CCCCCCC#Cc1cncc(N2CCC3(CN(C(=O)CCc4c[nH]c5ccccc45)C3)C2)c1 O=C(CCc1c[nH]c2ccccc12)N1CCC2(CCN(c3cncc(C4=CCNCC4)c3)C2)C1 0.3656264 0.3656 0.08220395805639232 4.0012000000000025 0.13657740964650414 0 4.0012000000000025 1000000.0 1.2867856769108605e-06 0.19278068733547715 17.633028030395508 -8.675152000000004 -5.890493781833789 0.0 0.8686324954032898 0.9996342288116696 0.0 999.0 999.0 0.13763317758050395 0.5086543312954234 1000000.0 0.3486201816826822 0.9947103378393175 0.36562641176688915 4.0012000000000025 0.19275086223499868 1.3021629342407763 4.697837065759224 no_prediction 41.70219999999998 -999.0 0.2720990513590085 1000000.0 0.0 18.584447860717773 1000000.0 0.06434762319550558
 | 6.2845 6.2845 38.1612 0.6944639 C(#Cc1cncc(N2CCC3(CC2)CN=CN3)c1)c1ccccc1 1 C(#Cc1cncc(N2CCC3(CNC3)C2)c1)c1ccccc1 C(#Cc1cncc(N2CCC3(CC2)CN=CN3)c1)c1ccccc1 0.6944639 0.6945 0.105719916188486 2.4519 0.15272432330896754 0 2.4519 1000000.0 0.00013814704111265725 0.5382098328877624 -8.100988388061523 -6.223881 -3.8596584125368802 0.0 17.362470626831055 0.9980995322013446 0.0 999.0 999.0 0.13180235904125434 0.6904057999107066 1000000.0 0.27704005660894937 0.9995945465041733 0.6944639184700331 2.4519 0.9375234111457552 1.2327764304986477 4.767223569501352 no_prediction 55.273149999999994 -999.0 0.3263706108856482 1000000.0 0.0 42.91293716430664 1000000.0 0.5900367122591718
 | 9.0040 9.0040 14.0240 0.3598129 C=C(C)c1cncc(N2CC3(CN(C(=O)c4cc([N+](=O)[O-])cc(C(F)(F)F)c4)C3)C2)c1 1 CCCCCCC#Cc1cncc(N2CCC3(CN(C(=O)c4cc([N+](=O)[O-])cc([N+](=O)[O-])c4)C3)C2)c1 O=C(c1ccccc1)N1CC2(C1)CN(c1cccnc1)C2 0.3598129 0.3598 0.4235551293618555 4.004100000000003 0.14308012689039354 0 4.004100000000003 1000000.0 1.9073209747726334e-06 0.23068211514272843 64.4861831665039 -8.352339000000002 -5.719576215269348 0.0 49.18199920654297 0.9561357422824708 2.7755575615628914e-17 999.0 999.0 0.10428844149553228 0.4851776762127291 1000000.0 0.24027428855179114 0.634456092657934 0.3598128561853856 4.004100000000003 0.19146525885492602 0.7760190065600442 5.223980993439956 no_prediction 44.718849999999975 -999.0 0.32495193917564835 1000000.0 0.0 25.708297729492188 1000000.0 0.14350694427423433
 | 5.0625 5.0625 24.2859 0.4585673 CC(=O)N1CCC2(CC1)CCN(c1cncc(-c3ccccc3)c1)C2 1 O=C(c1cc([N+](=O)[O-])cc([N+](=O)[O-])c1)N1CC2(CCN(c3cncc(C#Cc4ccccc4)c3)C2)C1 c1ccc(-c2cncc(N3CCC4(CCNCC4)C3)c2)cc1 0.4585673 0.4586 0.23706132875534613 3.5874000000000024 0.17882872512233983 0 3.5874000000000024 1000000.0 1.5282665954269063e-05 0.34711617790257504 37.630306243896484 -7.089162000000003 -4.815800879514496 0.0 48.2002067565918 0.9600738735147184 0.0 999.0 999.0 0.09800975483010124 0.5303348229147113 1000000.0 0.3030304430673159 0.9622020421501928 0.4585673445636867 3.5874000000000024 0.4376243307710204 0.9911846927068252 5.008815307293175 no_prediction 45.06729999999998 -999.0 0.43847642053691827 1000000.0 0.0 7.419656276702881 1000000.0 0.016748718522202045
19:26:05 <INFO> Score: 0.42 Agent NLL: 8.01 Valid:  99% Step: 2
 | Agent Prior Target Score SMILES SMILES_state Input_SMILES Scaffold MOL2MOL MEDIUM SIMILARITY_RL_ADME MOL2MOL MEDIUM SIMILARITY_RL_ADME (raw) qsar_score (MOL2MOL MEDIUM SIMILARITY_RL_ADME) pred_rdkit_cLogP (MOL2MOL MEDIUM SIMILARITY_RL_ADME) adme3_ensemble_uncertainty (MOL2MOL MEDIUM SIMILARITY_RL_ADME) disallowed_smarts (MOL2MOL MEDIUM SIMILARITY_RL_ADME) pred_cLogP (MOL2MOL MEDIUM SIMILARITY_RL_ADME) pred_MetStab_Clearance_Hepatocyte_Mouse (MOL2MOL MEDIUM SIMILARITY_RL_ADME) pred_Solubility_ESOL_mol_per_L (MOL2MOL MEDIUM SIMILARITY_RL_ADME) solubility_ensemble_score (MOL2MOL MEDIUM SIMILARITY_RL_ADME) pred_MetStab_Clearance_Microsome_AZ (MOL2MOL MEDIUM SIMILARITY_RL_ADME) pred_rdkit_logS_proxy (MOL2MOL MEDIUM SIMILARITY_RL_ADME) pred_logS_ESOL (MOL2MOL MEDIUM SIMILARITY_RL_ADME) pred_MetStab_Half_Life_Human (MOL2MOL MEDIUM SIMILARITY_RL_ADME) pred_MetStab_Clearance_Hepatocyte_AZ (MOL2MOL MEDIUM SIMILARITY_RL_ADME) hepatocyte_score (MOL2MOL MEDIUM SIMILARITY_RL_ADME) clogp_uncertainty (MOL2MOL MEDIUM SIMILARITY_RL_ADME) pred_qikprop_metab_sites (MOL2MOL MEDIUM SIMILARITY_RL_ADME) pred_qikprop_cLogP (MOL2MOL MEDIUM SIMILARITY_RL_ADME) metstab_uncertainty (MOL2MOL MEDIUM SIMILARITY_RL_ADME) metstab_ensemble_score (MOL2MOL MEDIUM SIMILARITY_RL_ADME) pred_MetStab_Clearance_Hepatocyte_Human (MOL2MOL MEDIUM SIMILARITY_RL_ADME) pred_pic50_uncertainty (MOL2MOL MEDIUM SIMILARITY_RL_ADME) microsome_score (MOL2MOL MEDIUM SIMILARITY_RL_ADME) adme3_ensemble_score (MOL2MOL MEDIUM SIMILARITY_RL_ADME) pred_admet_logP (MOL2MOL MEDIUM SIMILARITY_RL_ADME) clogp_ensemble_score (MOL2MOL MEDIUM SIMILARITY_RL_ADME) pred_log_ic50_uM (MOL2MOL MEDIUM SIMILARITY_RL_ADME) pred_pic50 (MOL2MOL MEDIUM SIMILARITY_RL_ADME) pred_qikprop_status (MOL2MOL MEDIUM SIMILARITY_RL_ADME) pred_rdkit_metstab_proxy (MOL2MOL MEDIUM SIMILARITY_RL_ADME) pred_qikprop_logS (MOL2MOL MEDIUM SIMILARITY_RL_ADME) solubility_uncertainty (MOL2MOL MEDIUM SIMILARITY_RL_ADME) pred_MetStab_Clearance_Microsome_Human (MOL2MOL MEDIUM SIMILARITY_RL_ADME) pred_MetStab_Half_Life_Mouse (MOL2MOL MEDIUM SIMILARITY_RL_ADME) pred_MetStab_Half_Life_Obach (MOL2MOL MEDIUM SIMILARITY_RL_ADME) pred_MetStab_Clearance_Microsome_Mouse (MOL2MOL MEDIUM SIMILARITY_RL_ADME) half_life_score (MOL2MOL MEDIUM SIMILARITY_RL_ADME)
 | 8.6030 8.9617 36.7545 0.7143147 Brc1cncc(N2CCC3(CCN(C4=NCCN4)C3)C2)c1 1 CC(C)(C)OC(=O)N1CC2(CCN(c3cncc(C#Cc4ccccc4)c3)C2)C1 c1cncc(N2CCC3(CCN(C4=NCCN4)C3)C2)c1 0.7143147 0.7143 0.17026210362103766 1.7054999999999998 0.14810875375541654 0 1.7054999999999998 1000000.0 0.0003642053209068402 0.6538211494159597 4.646618843078613 -6.209913000000001 -3.4386537136108433 0.0 -6.402641296386719 0.9998231910795838 0.02654290119142857 0.0 2.972 0.07690624086381127 0.7100549189423266 1000000.0 0.2822380962903264 0.9985508647821086 0.7143146618571112 1.7054999999999998 0.8619075312841437 1.0949127069248685 4.905087293075131 ok 61.25995 -4.467 0.3408771192110098 1000000.0 0.0 14.3511962890625 1000000.0 0.03893679584296971
 | 6.4817 6.5986 42.8649 0.7728677 Brc1cncc(N2CCC3(CCNC3)C2)c1 1 C(#Cc1cncc(N2CCC3(CNC3)C2)c1)c1ccccc1 c1cncc(N2CCC3(CCNC3)C2)c1 0.7728677 0.7729 0.0436902354344048 2.0338999999999996 0.086498696762606 0 2.0338999999999996 1000000.0 0.0005370186008261126 0.8614073103632138 -24.224224090576172 -5.620385000000001 -3.2700106712906973 0.0 -0.5573650598526001 0.9996828239997424 0.03931324251759432 0.0 2.895 0.0809846379958128 0.7046860004692158 1000000.0 0.24798645262115745 0.9999191167091175 0.7728677294406828 2.0338999999999996 0.9135576845377671 1.4704593125957417 4.529540687404259 ok 56.924949999999995 -3.322 0.13919820977441086 1000000.0 0.0 27.808523178100586 1000000.0 0.17888285970405338
 | 15.7959 15.9540 24.6200 0.6339687 C#Cc1cncc(N2CCC3(CN(C(=O)c4cc(Br)cc(C#N)c4)C3)C2)n1 1 CCCCCCC#Cc1cncc(N2CCC3(CN(C(=O)c4cc([N+](=O)[O-])cc([N+](=O)[O-])c4)C3)C2)c1 O=C(c1ccccc1)N1CC2(CCN(c3cnccn3)C2)C1 0.6339687 0.6340 0.2724590011342386 2.44458 0.22852804153401707 0 2.44458 1000000.0 2.9691884410114433e-05 0.2673489641960661 45.20819854736328 -7.392591000000001 -4.527362238815405 0.0 44.41798782348633 0.972299171323119 0.13820415040552989 0.0 3.329 0.1324906827707991 0.7266892947000801 1000000.0 0.31234433218596125 0.9226693209661285 0.6339686598843641 2.44458 0.8583489115619345 0.9445155512640799 5.05548444873592 ok 58.04005 -6.99 0.4148892914257222 1000000.0 0.0 46.87077331542969 1000000.0 0.7024196331816934
 | 5.2631 5.3835 -5.3835 0.0000000 C(#Cc1cncc(N2CCC3(CC2)CCN(C2COC2)C3)c1)c1ccccc1 1 CC(C)(C)OC(=O)N1CC2(CCN(c3cncc(C#Cc4ccccc4)c3)C2)C1 C(#Cc1cncc(N2CCC3(CC2)CCN(C2COC2)C3)c1)c1ccccc1 0.5873170 0.5873 0.3503721292016234 3.172500000000002 0.22540932803028468 0 3.172500000000002 1000000.0 1.828897170711256e-05 0.33715254816661494 8.41290283203125 -7.341075000000003 -4.737810711936434 0.0 27.019622802734375 0.9950234910742946 0.0 999.0 999.0 0.22621298976528664 0.6685444311978875 1000000.0 0.1441791289332543 0.9978894832659232 0.5873170362827791 3.172500000000002 0.7167888310680244 0.8533209691330461 5.146679030866954 no_prediction 47.23824999999999 -999.0 0.45001499432556735 1000000.0 0.0 61.915733337402344 1000000.0 0.9393157029216758
 | 8.9074 8.0906 15.6294 0.3706243 C(#Cc1cncc(N2CCC3(CCN(Cc4cccnc4)CC3)CC2)c1)c1ccccc1 1 CC(C)(C)OC(=O)N1CC2(CCN(c3cncc(C#Cc4ccccc4)c3)C2)C1 C(#Cc1cncc(N2CCC3(CCN(Cc4cccnc4)CC3)CC2)c1)c1ccccc1 0.3706243 0.3706 0.39370381194107684 4.759000000000005 0.1442656161359082 0 4.759000000000005 1000000.0 5.096889980791364e-07 0.07733468369050062 10.183074951171875 -8.791582000000005 -6.292694740798362 0.0 11.972990036010742 0.9988904615388066 0.01107779201654874 0.0 5.888 0.29179929536139376 0.6263349477964717 1000000.0 0.24430547704115815 0.997481807441332 0.3706243371943678 4.759000000000005 0.020274720069257103 0.8069124363965197 5.193087563603481 ok 34.57869999999996 -7.765 0.1299197610297821 1000000.0 0.0 72.131591796875 1000000.0 0.9823020315835627
 | 6.0479 6.9913 32.9952 0.6247889 C(#Cc1cncc(N2CCC3(CCNCC3)C2)c1)c1ccccc1 1 CC(C)(C)OC(=O)N1CC2(CCN(c3cncc(C#Cc4ccccc4)c3)C2)C1 C(#Cc1cncc(N2CCC3(CCNCC3)C2)c1)c1ccccc1 0.6247889 0.6248 0.23706132875534613 3.061300000000002 0.20478249059919698 0 3.061300000000002 1000000.0 4.8035952572449376e-05 0.42090501079628906 -16.92831039428711 -6.608467000000001 -4.31843359264096 0.0 6.9593305587768555 0.9993276553755359 0.0 999.0 999.0 0.21044794607046727 0.6792868381871818 1000000.0 0.2513811253098556 0.9998322437977637 0.6247888529826132 3.061300000000002 0.7757451034615408 0.9911846927068252 5.008815307293175 partial 49.21944999999998 -999.0 0.40389952572712373 1000000.0 0.0 57.299156188964844 1000000.0 0.8968213312229695
 | 7.4878 7.6294 43.1408 0.7932846 N[C@@H]1CCN(c2cncc(C#Cc3ccccc3)c2)C1 1 C(#Cc1cncc(N2CCC3(CNC3)C2)c1)c1ccccc1 C(#Cc1cncc(N2CCCC2)c1)c1ccccc1 0.7932846 0.7933 0.09861103175865828 2.0187999999999997 0.058308157232322376 0 2.0187999999999997 1000000.0 0.0005887011950502061 0.895359924254608 -5.43630313873291 -5.344018000000001 -3.2301050825788904 0.0 31.947559356689453 0.9918797751779722 0.0 999.0 999.0 0.09868902660138787 0.7141856261248556 1000000.0 0.2192350855133569 0.9994708082131245 0.7932846112282588 2.0187999999999997 0.9348040879040617 1.2521584330993902 4.747841566900609 partial 58.717 -999.0 0.07623544509557924 1000000.0 0.0 40.9691162109375 1000000.0 0.5302479005163215
 | 10.4455 10.4567 23.1122 0.5245130 C/C=C\COC(=O)N1CC2(CCN(c3cncc(N4CC(OCC)C4)c3)C2)C1 1 CCCCCCOC1CN(c2cncc(N3CCC4(CN(C(=O)OC(C)(C)C)C4)C3)c2)C1 c1ncc(N2CCC3(CNC3)C2)cc1N1CCC1 0.5245130 0.5245 0.33716287995684857 2.5315000000000003 0.3176778773445354 0 2.5315000000000003 1000000.0 5.712068028275535e-05 0.27191273440727126 72.16053771972656 -7.055857000000004 -4.243206628940435 0.0 59.6181755065918 0.8847480638273367 0.39010670388855506 0.0 4.738 0.14623523241997524 0.5978742318299355 1000000.0 0.2952088573367924 0.4461956896838833 0.5245129818353703 2.5315000000000003 0.7039576614190769 0.8679607879934845 5.132039212006515 ok 50.790549999999996 -7.387 0.41669169572507586 1000000.0 0.0 5.900774955749512 1000000.0 0.013892679715627318
 | 9.2444 8.5501 26.6314 0.5497112 CC(=O)N1CCC2(CCCN(c3cncc(C#Cc4ccccc4)c3)C2)C1 1 O=C(c1cc([N+](=O)[O-])cc([N+](=O)[O-])c1)N1CC2(CCN(c3cncc(C#Cc4ccccc4)c3)C2)C1 C(#Cc1cncc(N2CCCC3(CCNC3)C2)c1)c1ccccc1 0.5497112 0.5497 0.23706132875534613 3.3202000000000025 0.2093473300513989 0 3.3202000000000025 1000000.0 1.7186981669147312e-05 0.3405558601811252 27.064788818359375 -7.230466000000003 -4.764800386229213 0.0 48.04094696044922 0.9606798954487271 0.0 999.0 999.0 0.1818823728273705 0.63115503771921 1000000.0 0.15060036904482307 0.986527240658191 0.5497112307307536 3.3202000000000025 0.6248511724809306 0.9911846927068252 5.008815307293175 partial 48.271299999999975 -999.0 0.4461596173268262 1000000.0 0.0 45.57170486450195 1000000.0 0.6674031317594481
 | 5.1989 5.9934 28.6625 0.5414987 CC(=O)N1CCC2(CCN(c3cncc(-c4ccccc4)c3)C2)C1 1 O=C(c1cc([N+](=O)[O-])cc([N+](=O)[O-])c1)N1CC2(CCN(c3cncc(C#Cc4ccccc4)c3)C2)C1 c1ccc(-c2cncc(N3CCC4(CCNC4)C3)c2)cc1 0.5414987 0.5415 0.21665957379707712 3.197300000000002 0.16669189568560702 0 3.197300000000002 1000000.0 3.612219418175452e-05 0.39814701685103726 33.35892868041992 -6.706283000000003 -4.442225877071547 0.0 47.1027946472168 0.9640744761451966 1.1102230246251565e-16 999.0 999.0 0.08249346030384733 0.5592359163087348 1000000.0 0.31416445976123375 0.9750132927725027 0.5414987222882195 3.197300000000002 0.7023560223525797 1.0202800089479234 4.979719991052077 partial 47.99304999999998 -999.0 0.4175822267529736 1000000.0 0.0 4.678831100463867 1000000.0 0.011948298855199924
19:26:05 <INFO> Purging diversity filter memories in stage 1
19:26:05 <WARN> Maximum number of steps of 2 reached in stage 1. Terminating all stages.
19:26:05 <INFO> Peak main memory usage: 2477.684 MiB
19:26:05 <INFO> Finished REINVENT on 2026-03-15
