23:20:34 <INFO> Started REINVENT 4.7.15 (C) AstraZeneca 2017, 2023 on 2026-03-14
23:20:34 <INFO> Command line: /home/nbhatta1/Desktop/qsar-project-Tzu/.venv/bin/reinvent -l reinvent_integration/logs/mol2mol_similarity_rl_sample_nitro.log /home/nbhatta1/Desktop/qsar-project-Tzu/reinvent_integration/configs_nitro_campaign/sample_mol2mol_similarity_rl.toml
23:20:34 <INFO> Reading run configuration from /home/nbhatta1/Desktop/qsar-project-Tzu/reinvent_integration/configs_nitro_campaign/sample_mol2mol_similarity_rl.toml using format toml
23:20:34 <INFO> User nbhatta1 on host panacea
23:20:34 <INFO> Python version 3.11.13
23:20:34 <INFO> PyTorch version 2.9.1+cu128, git 5811a8d7da873dd699ff6687092c225caffcf1bb
23:20:34 <INFO> PyTorch compiled with CUDA version 12.8
23:20:34 <INFO> RDKit version 2025.09.6
23:20:34 <INFO> Platform Linux-5.14.0-611.30.1.el9_7.x86_64-x86_64-with-glibc2.34
23:20:34 <INFO> CUDA driver version 590.48.01
23:20:34 <INFO> Number of PyTorch CUDA devices 1
23:20:34 <WARN> 'use_cuda' is deprecated, use 'device' instead
23:20:34 <INFO> Using GPU device:0 NVIDIA RTX PRO 5000 Blackwell
23:20:34 <INFO> GPU memory: 46480 MiB free, 48400 MiB total
23:20:34 <INFO> Starting Sampling
23:20:34 <INFO> /home/nbhatta1/Desktop/qsar-project-Tzu/reinvent_integration/results/mol2mol_similarity_rl_adme/mol2mol_similarity_rl.chkpt has valid hash:
{ 'comments': ['RL'],
  'creation_date': 0,
  'date_format': 'UNIX epoch',
  'hash_id': 'a54e2f173ad1b99dbf76dba841772792',
  'hash_id_format': 'xxhash.xxh3_128_hex 3.6.0',
  'model_id': '595a7122492447e0b10b11b6cf47b2ae',
  'model_id_format': 'uuid.uuid4 3.10.12',
  'origina_data_source': 'ChEMBL 28',
  'updates': [1773541951.4248567]}
23:20:34 <INFO> Number of network parameters: 17,462,400
23:20:34 <INFO> Network architecture:
EncoderDecoder(
  (encoder): Encoder(
    (layers): ModuleList(
      (0-5): 6 x EncoderLayer(
        (self_attn): MultiHeadedAttention(
          (linears): ModuleList(
            (0-3): 4 x Linear(in_features=256, out_features=256, bias=True)
          )
          (dropout): Dropout(p=0.1, inplace=False)
        )
        (feed_forward): PositionwiseFeedForward(
          (w_1): Linear(in_features=256, out_features=2048, bias=True)
          (w_2): Linear(in_features=2048, out_features=256, bias=True)
          (dropout): Dropout(p=0.1, inplace=False)
        )
        (sublayer): ModuleList(
          (0-1): 2 x SublayerConnection(
            (norm): LayerNorm()
            (dropout): Dropout(p=0.1, inplace=False)
          )
        )
      )
    )
    (norm): LayerNorm()
  )
  (decoder): Decoder(
    (layers): ModuleList(
      (0-5): 6 x DecoderLayer(
        (self_attn): MultiHeadedAttention(
          (linears): ModuleList(
            (0-3): 4 x Linear(in_features=256, out_features=256, bias=True)
          )
          (dropout): Dropout(p=0.1, inplace=False)
        )
        (src_attn): MultiHeadedAttention(
          (linears): ModuleList(
            (0-3): 4 x Linear(in_features=256, out_features=256, bias=True)
          )
          (dropout): Dropout(p=0.1, inplace=False)
        )
        (feed_forward): PositionwiseFeedForward(
          (w_1): Linear(in_features=256, out_features=2048, bias=True)
          (w_2): Linear(in_features=2048, out_features=256, bias=True)
          (dropout): Dropout(p=0.1, inplace=False)
        )
        (sublayer): ModuleList(
          (0-2): 3 x SublayerConnection(
            (norm): LayerNorm()
            (dropout): Dropout(p=0.1, inplace=False)
          )
        )
      )
    )
    (norm): LayerNorm()
  )
  (src_embed): Sequential(
    (0): Embeddings(
      (lut): Embedding(128, 256)
    )
    (1): PositionalEncoding(
      (dropout): Dropout(p=0.1, inplace=False)
    )
  )
  (tgt_embed): Sequential(
    (0): Embeddings(
      (lut): Embedding(128, 256)
    )
    (1): PositionalEncoding(
      (dropout): Dropout(p=0.1, inplace=False)
    )
  )
  (generator): Generator(
    (proj): Linear(in_features=256, out_features=128, bias=True)
  )
)
23:20:34 <INFO> Using generator Mol2Mol
23:20:34 <INFO> Writing sampled SMILES to CSV file reinvent_integration/results/mol2mol_similarity_rl/samples.csv
23:20:34 <WARN> randomize_smiles was set to True but the model was not trained with randomized SMILES.  Setting randomize_smiles to False.
23:20:34 <INFO> Sampling 6000 SMILES from model reinvent_integration/results/mol2mol_similarity_rl_adme/mol2mol_similarity_rl.chkpt
23:20:34 <WARN> Sampling with beam search may be very slow
23:21:04 <INFO> Peak main memory usage: 2186.031 MiB
23:21:04 <INFO> Finished REINVENT on 2026-03-14
