22:38:45 <INFO> Started REINVENT 4.7.15 (C) AstraZeneca 2017, 2023 on 2026-03-14
22:38:45 <INFO> Command line: /home/nbhatta1/Desktop/qsar-project-Tzu/.venv/bin/reinvent -l reinvent_integration/logs/mol2mol_medium_similarity_cl_train_strict.log /home/nbhatta1/Desktop/qsar-project-Tzu/reinvent_integration/configs_strict/cl_mol2mol_medium_similarity.toml
22:38:45 <INFO> Reading run configuration from /home/nbhatta1/Desktop/qsar-project-Tzu/reinvent_integration/configs_strict/cl_mol2mol_medium_similarity.toml using format toml
22:38:45 <INFO> User nbhatta1 on host panacea
22:38:45 <INFO> Python version 3.11.13
22:38:45 <INFO> PyTorch version 2.9.1+cu128, git 5811a8d7da873dd699ff6687092c225caffcf1bb
22:38:45 <INFO> PyTorch compiled with CUDA version 12.8
22:38:45 <INFO> RDKit version 2025.09.6
22:38:45 <INFO> Platform Linux-5.14.0-611.30.1.el9_7.x86_64-x86_64-with-glibc2.34
22:38:45 <INFO> CUDA driver version 590.48.01
22:38:45 <INFO> Number of PyTorch CUDA devices 1
22:38:45 <WARN> 'use_cuda' is deprecated, use 'device' instead
22:38:45 <INFO> Using CPU x86_64
22:38:45 <INFO> Starting 2 stages of Reinforcement Learning
22:38:45 <ERRO> /home/nbhatta1/Desktop/qsar-project-Tzu/reinvent_integration/priors/mol2mol_medium_similarity.prior has invalid hash:
{ 'comments': [],
  'creation_date': 0,
  'date_format': 'UNIX epoch',
  'hash_id': 'b67da12a3b4abf1ea4f6d24c0ac58d50',
  'hash_id_format': 'xxhash.xxh3_128_hex 3.4.1',
  'model_id': '0c2799f6b12342b3a31b97c755f8f13a',
  'model_id_format': 'uuid.uuid4 3.10.12',
  'origina_data_source': 'ChEMBL 28',
  'updates': []}
22:38:45 <INFO> Number of network parameters: 17,462,400
22:38:45 <INFO> Network architecture:
EncoderDecoder(
  (encoder): Encoder(
    (layers): ModuleList(
      (0-5): 6 x EncoderLayer(
        (self_attn): MultiHeadedAttention(
          (linears): ModuleList(
            (0-3): 4 x Linear(in_features=256, out_features=256, bias=True)
          )
          (dropout): Dropout(p=0.1, inplace=False)
        )
        (feed_forward): PositionwiseFeedForward(
          (w_1): Linear(in_features=256, out_features=2048, bias=True)
          (w_2): Linear(in_features=2048, out_features=256, bias=True)
          (dropout): Dropout(p=0.1, inplace=False)
        )
        (sublayer): ModuleList(
          (0-1): 2 x SublayerConnection(
            (norm): LayerNorm()
            (dropout): Dropout(p=0.1, inplace=False)
          )
        )
      )
    )
    (norm): LayerNorm()
  )
  (decoder): Decoder(
    (layers): ModuleList(
      (0-5): 6 x DecoderLayer(
        (self_attn): MultiHeadedAttention(
          (linears): ModuleList(
            (0-3): 4 x Linear(in_features=256, out_features=256, bias=True)
          )
          (dropout): Dropout(p=0.1, inplace=False)
        )
        (src_attn): MultiHeadedAttention(
          (linears): ModuleList(
            (0-3): 4 x Linear(in_features=256, out_features=256, bias=True)
          )
          (dropout): Dropout(p=0.1, inplace=False)
        )
        (feed_forward): PositionwiseFeedForward(
          (w_1): Linear(in_features=256, out_features=2048, bias=True)
          (w_2): Linear(in_features=2048, out_features=256, bias=True)
          (dropout): Dropout(p=0.1, inplace=False)
        )
        (sublayer): ModuleList(
          (0-2): 3 x SublayerConnection(
            (norm): LayerNorm()
            (dropout): Dropout(p=0.1, inplace=False)
          )
        )
      )
    )
    (norm): LayerNorm()
  )
  (src_embed): Sequential(
    (0): Embeddings(
      (lut): Embedding(128, 256)
    )
    (1): PositionalEncoding(
      (dropout): Dropout(p=0.1, inplace=False)
    )
  )
  (tgt_embed): Sequential(
    (0): Embeddings(
      (lut): Embedding(128, 256)
    )
    (1): PositionalEncoding(
      (dropout): Dropout(p=0.1, inplace=False)
    )
  )
  (generator): Generator(
    (proj): Linear(in_features=256, out_features=128, bias=True)
  )
)
22:38:45 <ERRO> /home/nbhatta1/Desktop/qsar-project-Tzu/reinvent_integration/priors/mol2mol_medium_similarity.prior has invalid hash:
{ 'comments': [],
  'creation_date': 0,
  'date_format': 'UNIX epoch',
  'hash_id': 'b67da12a3b4abf1ea4f6d24c0ac58d50',
  'hash_id_format': 'xxhash.xxh3_128_hex 3.4.1',
  'model_id': '0c2799f6b12342b3a31b97c755f8f13a',
  'model_id_format': 'uuid.uuid4 3.10.12',
  'origina_data_source': 'ChEMBL 28',
  'updates': []}
22:38:45 <INFO> Number of network parameters: 17,462,400
22:38:45 <INFO> Network architecture:
EncoderDecoder(
  (encoder): Encoder(
    (layers): ModuleList(
      (0-5): 6 x EncoderLayer(
        (self_attn): MultiHeadedAttention(
          (linears): ModuleList(
            (0-3): 4 x Linear(in_features=256, out_features=256, bias=True)
          )
          (dropout): Dropout(p=0.1, inplace=False)
        )
        (feed_forward): PositionwiseFeedForward(
          (w_1): Linear(in_features=256, out_features=2048, bias=True)
          (w_2): Linear(in_features=2048, out_features=256, bias=True)
          (dropout): Dropout(p=0.1, inplace=False)
        )
        (sublayer): ModuleList(
          (0-1): 2 x SublayerConnection(
            (norm): LayerNorm()
            (dropout): Dropout(p=0.1, inplace=False)
          )
        )
      )
    )
    (norm): LayerNorm()
  )
  (decoder): Decoder(
    (layers): ModuleList(
      (0-5): 6 x DecoderLayer(
        (self_attn): MultiHeadedAttention(
          (linears): ModuleList(
            (0-3): 4 x Linear(in_features=256, out_features=256, bias=True)
          )
          (dropout): Dropout(p=0.1, inplace=False)
        )
        (src_attn): MultiHeadedAttention(
          (linears): ModuleList(
            (0-3): 4 x Linear(in_features=256, out_features=256, bias=True)
          )
          (dropout): Dropout(p=0.1, inplace=False)
        )
        (feed_forward): PositionwiseFeedForward(
          (w_1): Linear(in_features=256, out_features=2048, bias=True)
          (w_2): Linear(in_features=2048, out_features=256, bias=True)
          (dropout): Dropout(p=0.1, inplace=False)
        )
        (sublayer): ModuleList(
          (0-2): 3 x SublayerConnection(
            (norm): LayerNorm()
            (dropout): Dropout(p=0.1, inplace=False)
          )
        )
      )
    )
    (norm): LayerNorm()
  )
  (src_embed): Sequential(
    (0): Embeddings(
      (lut): Embedding(128, 256)
    )
    (1): PositionalEncoding(
      (dropout): Dropout(p=0.1, inplace=False)
    )
  )
  (tgt_embed): Sequential(
    (0): Embeddings(
      (lut): Embedding(128, 256)
    )
    (1): PositionalEncoding(
      (dropout): Dropout(p=0.1, inplace=False)
    )
  )
  (generator): Generator(
    (proj): Linear(in_features=256, out_features=128, bias=True)
  )
)
22:38:45 <INFO> Using generator Mol2Mol
22:38:45 <INFO> Prior read from reinvent_integration/priors/mol2mol_medium_similarity.prior
22:38:45 <INFO> Agent read from reinvent_integration/priors/mol2mol_medium_similarity.prior
22:38:45 <INFO> Input molecules/fragments read from file reinvent_integration/data/series_ce_unique.smi
22:38:45 <INFO> Using reward strategy dap
22:38:45 <INFO> Using diversity filter IdenticalMurckoScaffold
22:38:45 <INFO> Purging diversity filter memories after each stage
22:38:45 <ERRO> Component reinvent_plugins.components.OpenEye.comp_rocs could not be imported: No module named 'openeye'
22:38:45 <INFO> Registered scoring component GroupCount
22:38:45 <INFO> Registered scoring component FragmentQed
22:38:45 <INFO> Registered scoring component FragmentSlogP
22:38:45 <INFO> Registered scoring component FragmentMolecularWeight
22:38:45 <INFO> Registered scoring component FragmentTPSA
22:38:45 <INFO> Registered scoring component FragmentDistanceMatrix
22:38:45 <INFO> Registered scoring component FragmentNumAtomStereoCenters
22:38:45 <INFO> Registered scoring component FragmentHBondAcceptors
22:38:45 <INFO> Registered scoring component FragmentHBondDonors
22:38:45 <INFO> Registered scoring component FragmentNumRotBond
22:38:45 <INFO> Registered scoring component FragmentCsp3
22:38:45 <INFO> Registered scoring component Fragmentnumsp
22:38:45 <INFO> Registered scoring component Fragmentnumsp2
22:38:45 <INFO> Registered scoring component Fragmentnumsp3
22:38:45 <INFO> Registered scoring component FragmentEffectiveLength
22:38:45 <INFO> Registered scoring component FragmentGraphLength
22:38:45 <INFO> Registered scoring component FragmentLengthRatio
22:38:45 <INFO> Registered scoring component FragmentNumHeavyAtoms
22:38:45 <INFO> Registered scoring component FragmentNumHeteroAtoms
22:38:45 <INFO> Registered scoring component FragmentNumRings
22:38:45 <INFO> Registered scoring component FragmentNumAromaticRings
22:38:45 <INFO> Registered scoring component FragmentNumAliphaticRings
22:38:45 <INFO> Registered scoring component FragmentSlogP
22:38:45 <INFO> Registered scoring component MatchingSubstructure
22:38:45 <INFO> Registered scoring component MolVolume
22:38:45 <INFO> Registered scoring component Qed
22:38:45 <INFO> Registered scoring component LargestRingSize
22:38:45 <INFO> Registered scoring component MolecularWeight
22:38:45 <INFO> Registered scoring component GraphLength
22:38:45 <INFO> Registered scoring component NumAtomStereoCenters
22:38:45 <INFO> Registered scoring component HBondAcceptors
22:38:45 <INFO> Registered scoring component HBondDonors
22:38:45 <INFO> Registered scoring component NumRotBond
22:38:45 <INFO> Registered scoring component Csp3
22:38:45 <INFO> Registered scoring component numsp
22:38:45 <INFO> Registered scoring component numsp2
22:38:45 <INFO> Registered scoring component numsp3
22:38:45 <INFO> Registered scoring component NumHeavyAtoms
22:38:45 <INFO> Registered scoring component NumHeteroAtoms
22:38:45 <INFO> Registered scoring component NumRings
22:38:45 <INFO> Registered scoring component NumAromaticRings
22:38:45 <INFO> Registered scoring component NumAliphaticRings
22:38:45 <INFO> Registered scoring component SlogP
22:38:45 <INFO> Registered scoring component LargestRingSize
22:38:45 <INFO> Registered scoring component PMI
22:38:45 <INFO> Registered scoring component RDKitDescriptors
22:38:45 <INFO> Registered scoring component TanimotoSimilarity
22:38:45 <INFO> Registered scoring component TanimotoDistance
22:38:45 <INFO> Registered scoring component TPSA
22:38:45 <INFO> Registered scoring component SAScore
22:38:46 <INFO> Registered scoring component ChemProp
22:38:46 <INFO> Registered scoring component CustomAlerts
22:38:46 <INFO> Registered scoring component DockStream
22:38:46 <INFO> Registered scoring component ExternalProcess
22:38:46 <INFO> Registered scoring component REST
22:38:46 <INFO> Registered scoring component Icolos
22:38:46 <INFO> Registered scoring component MMP
22:38:46 <INFO> Registered scoring component Qptuna
22:38:46 <INFO> Registered scoring component ReactionFilter
22:38:46 <INFO> Registered scoring component RingPrecedence
22:38:46 <INFO> Registered scoring component Maize
22:38:46 <INFO> Registered scoring component SynthSense
22:38:46 <INFO> Registered scoring component CAZP
22:38:46 <INFO> Creating scoring component ExternalProcess
22:38:46 <ERRO> Component reinvent_plugins.components.OpenEye.comp_rocs could not be imported: No module named 'openeye'
22:38:46 <INFO> Registered scoring component GroupCount
22:38:46 <INFO> Registered scoring component FragmentQed
22:38:46 <INFO> Registered scoring component FragmentSlogP
22:38:46 <INFO> Registered scoring component FragmentMolecularWeight
22:38:46 <INFO> Registered scoring component FragmentTPSA
22:38:46 <INFO> Registered scoring component FragmentDistanceMatrix
22:38:46 <INFO> Registered scoring component FragmentNumAtomStereoCenters
22:38:46 <INFO> Registered scoring component FragmentHBondAcceptors
22:38:46 <INFO> Registered scoring component FragmentHBondDonors
22:38:46 <INFO> Registered scoring component FragmentNumRotBond
22:38:46 <INFO> Registered scoring component FragmentCsp3
22:38:46 <INFO> Registered scoring component Fragmentnumsp
22:38:46 <INFO> Registered scoring component Fragmentnumsp2
22:38:46 <INFO> Registered scoring component Fragmentnumsp3
22:38:46 <INFO> Registered scoring component FragmentEffectiveLength
22:38:46 <INFO> Registered scoring component FragmentGraphLength
22:38:46 <INFO> Registered scoring component FragmentLengthRatio
22:38:46 <INFO> Registered scoring component FragmentNumHeavyAtoms
22:38:46 <INFO> Registered scoring component FragmentNumHeteroAtoms
22:38:46 <INFO> Registered scoring component FragmentNumRings
22:38:46 <INFO> Registered scoring component FragmentNumAromaticRings
22:38:46 <INFO> Registered scoring component FragmentNumAliphaticRings
22:38:46 <INFO> Registered scoring component FragmentSlogP
22:38:46 <INFO> Registered scoring component MatchingSubstructure
22:38:46 <INFO> Registered scoring component MolVolume
22:38:46 <INFO> Registered scoring component Qed
22:38:46 <INFO> Registered scoring component LargestRingSize
22:38:46 <INFO> Registered scoring component MolecularWeight
22:38:46 <INFO> Registered scoring component GraphLength
22:38:46 <INFO> Registered scoring component NumAtomStereoCenters
22:38:46 <INFO> Registered scoring component HBondAcceptors
22:38:46 <INFO> Registered scoring component HBondDonors
22:38:46 <INFO> Registered scoring component NumRotBond
22:38:46 <INFO> Registered scoring component Csp3
22:38:46 <INFO> Registered scoring component numsp
22:38:46 <INFO> Registered scoring component numsp2
22:38:46 <INFO> Registered scoring component numsp3
22:38:46 <INFO> Registered scoring component NumHeavyAtoms
22:38:46 <INFO> Registered scoring component NumHeteroAtoms
22:38:46 <INFO> Registered scoring component NumRings
22:38:46 <INFO> Registered scoring component NumAromaticRings
22:38:46 <INFO> Registered scoring component NumAliphaticRings
22:38:46 <INFO> Registered scoring component SlogP
22:38:46 <INFO> Registered scoring component LargestRingSize
22:38:46 <INFO> Registered scoring component PMI
22:38:46 <INFO> Registered scoring component RDKitDescriptors
22:38:46 <INFO> Registered scoring component TanimotoSimilarity
22:38:46 <INFO> Registered scoring component TanimotoDistance
22:38:46 <INFO> Registered scoring component TPSA
22:38:46 <INFO> Registered scoring component SAScore
22:38:46 <INFO> Registered scoring component ChemProp
22:38:46 <INFO> Registered scoring component CustomAlerts
22:38:46 <INFO> Registered scoring component DockStream
22:38:46 <INFO> Registered scoring component ExternalProcess
22:38:46 <INFO> Registered scoring component REST
22:38:46 <INFO> Registered scoring component Icolos
22:38:46 <INFO> Registered scoring component MMP
22:38:46 <INFO> Registered scoring component Qptuna
22:38:46 <INFO> Registered scoring component ReactionFilter
22:38:46 <INFO> Registered scoring component RingPrecedence
22:38:46 <INFO> Registered scoring component Maize
22:38:46 <INFO> Registered scoring component SynthSense
22:38:46 <INFO> Registered scoring component CAZP
22:38:46 <INFO> Creating scoring component ExternalProcess
22:38:46 <INFO> Writing tabular data for stage to mol2mol_medium_similarity_cl_adme_1.csv
22:38:46 <INFO> Starting stage 1 <<<
22:39:55 <INFO> Sampled SMILES CClc1cncc(N2CCC3(CCOCC3)CC2)c1 failed to sanitize.
22:40:22 <CRIT> Received exception ('Signal 15'): saving checkpoint and then terminate
