21:22:30 <INFO> Started REINVENT 4.7.15 (C) AstraZeneca 2017, 2023 on 2026-03-15
21:22:30 <INFO> Command line: /home/nbhatta1/Desktop/qsar-project-Tzu/.venv/bin/reinvent -l reinvent_integration/logs/mol2mol_scaffold_generic_rl_sample_nitro.log /home/nbhatta1/Desktop/qsar-project-Tzu/reinvent_integration/configs_nitro_campaign/sample_mol2mol_scaffold_generic_rl.toml
21:22:30 <INFO> Reading run configuration from /home/nbhatta1/Desktop/qsar-project-Tzu/reinvent_integration/configs_nitro_campaign/sample_mol2mol_scaffold_generic_rl.toml using format toml
21:22:30 <INFO> User nbhatta1 on host panacea
21:22:30 <INFO> Python version 3.11.13
21:22:30 <INFO> PyTorch version 2.9.1+cu128, git 5811a8d7da873dd699ff6687092c225caffcf1bb
21:22:30 <INFO> PyTorch compiled with CUDA version 12.8
21:22:30 <INFO> RDKit version 2025.09.6
21:22:30 <INFO> Platform Linux-5.14.0-611.30.1.el9_7.x86_64-x86_64-with-glibc2.34
21:22:31 <INFO> CUDA driver version 590.48.01
21:22:31 <INFO> Number of PyTorch CUDA devices 1
21:22:31 <WARN> 'use_cuda' is deprecated, use 'device' instead
21:22:31 <INFO> Using GPU device:0 NVIDIA RTX PRO 5000 Blackwell
21:22:31 <INFO> GPU memory: 44825 MiB free, 48400 MiB total
21:22:31 <INFO> Starting Sampling
21:22:31 <INFO> /home/nbhatta1/Desktop/qsar-project-Tzu/reinvent_integration/results/mol2mol_scaffold_generic_rl_adme/mol2mol_scaffold_generic_rl.chkpt has valid hash:
{ 'comments': ['RL'],
  'creation_date': 0,
  'date_format': 'UNIX epoch',
  'hash_id': 'b9ae651a392bda364558b085be2e5e29',
  'hash_id_format': 'xxhash.xxh3_128_hex 3.6.0',
  'model_id': 'dbe73d69456f42f990b955233dc7f514',
  'model_id_format': 'uuid.uuid4 3.10.12',
  'origina_data_source': 'ChEMBL 28',
  'updates': [1773624148.3630211]}
21:22:31 <INFO> Number of network parameters: 17,462,400
21:22:31 <INFO> Network architecture:
EncoderDecoder(
  (encoder): Encoder(
    (layers): ModuleList(
      (0-5): 6 x EncoderLayer(
        (self_attn): MultiHeadedAttention(
          (linears): ModuleList(
            (0-3): 4 x Linear(in_features=256, out_features=256, bias=True)
          )
          (dropout): Dropout(p=0.1, inplace=False)
        )
        (feed_forward): PositionwiseFeedForward(
          (w_1): Linear(in_features=256, out_features=2048, bias=True)
          (w_2): Linear(in_features=2048, out_features=256, bias=True)
          (dropout): Dropout(p=0.1, inplace=False)
        )
        (sublayer): ModuleList(
          (0-1): 2 x SublayerConnection(
            (norm): LayerNorm()
            (dropout): Dropout(p=0.1, inplace=False)
          )
        )
      )
    )
    (norm): LayerNorm()
  )
  (decoder): Decoder(
    (layers): ModuleList(
      (0-5): 6 x DecoderLayer(
        (self_attn): MultiHeadedAttention(
          (linears): ModuleList(
            (0-3): 4 x Linear(in_features=256, out_features=256, bias=True)
          )
          (dropout): Dropout(p=0.1, inplace=False)
        )
        (src_attn): MultiHeadedAttention(
          (linears): ModuleList(
            (0-3): 4 x Linear(in_features=256, out_features=256, bias=True)
          )
          (dropout): Dropout(p=0.1, inplace=False)
        )
        (feed_forward): PositionwiseFeedForward(
          (w_1): Linear(in_features=256, out_features=2048, bias=True)
          (w_2): Linear(in_features=2048, out_features=256, bias=True)
          (dropout): Dropout(p=0.1, inplace=False)
        )
        (sublayer): ModuleList(
          (0-2): 3 x SublayerConnection(
            (norm): LayerNorm()
            (dropout): Dropout(p=0.1, inplace=False)
          )
        )
      )
    )
    (norm): LayerNorm()
  )
  (src_embed): Sequential(
    (0): Embeddings(
      (lut): Embedding(128, 256)
    )
    (1): PositionalEncoding(
      (dropout): Dropout(p=0.1, inplace=False)
    )
  )
  (tgt_embed): Sequential(
    (0): Embeddings(
      (lut): Embedding(128, 256)
    )
    (1): PositionalEncoding(
      (dropout): Dropout(p=0.1, inplace=False)
    )
  )
  (generator): Generator(
    (proj): Linear(in_features=256, out_features=128, bias=True)
  )
)
21:22:31 <INFO> Using generator Mol2Mol
21:22:31 <INFO> Writing sampled SMILES to CSV file reinvent_integration/results/mol2mol_scaffold_generic_rl/samples.csv
21:22:31 <WARN> randomize_smiles was set to True but the model was not trained with randomized SMILES.  Setting randomize_smiles to False.
21:22:31 <INFO> Sampling 6000 SMILES from model reinvent_integration/results/mol2mol_scaffold_generic_rl_adme/mol2mol_scaffold_generic_rl.chkpt
21:22:31 <WARN> Sampling with beam search may be very slow
21:22:54 <INFO> Sampled SMILES COC(=O)c1c2c(cc1C(=O)N1CC3(CC1)CCN(c1ccc(C#N)cc1)C3)OCO2 failed to sanitize.
21:22:54 <INFO> Sampled SMILES COC(=O)c1c2c(cc1C(=O)N1CC3(CC1)CCN(c1ccc(C#N)c(Cl)c1)C3)OCO2 failed to sanitize.
21:22:54 <INFO> Sampled SMILES O=C(c1cnc2nccnn2c1)N1CC2(CCN(c3ccc(OC(F)(F)F)cc3)C2)C1 failed to sanitize.
21:22:54 <INFO> Sampled SMILES Nc1c2c(cc1C(=O)N1CC3(CC1)CCN(c1ccc(C(F)(F)F)cn1)C3)OCO2 failed to sanitize.
21:22:54 <INFO> Sampled SMILES Nc1c2c(cc1C(=O)N1CC3(CCN(c4ccc(C(F)(F)F)cn4)C3)C1)OCO2 failed to sanitize.
21:22:55 <INFO> Sampled SMILES Nc1c2c(cc1C(=O)N1CC3(CCN(c4ccc(F)cn4)C3)C1)OCO2 failed to sanitize.
21:22:55 <INFO> Sampled SMILES Nc1c2c(cc1C(=O)N1CC3(CCN(c4ncc(Cl)cn4)C3)C1)OCO2 failed to sanitize.
21:22:55 <INFO> Sampled SMILES CCCCC#Cc1cncc(N2CCC3(CN(C(=O)c4ccn5c(c4)CCO5)C3)C2)c1 failed to sanitize.
21:22:55 <INFO> Sampled SMILES O=C(c1cnc2nccnn2c1)N1CC2(CCN(c3ccc(C(F)(F)F)cn3)C2)C1 failed to sanitize.
21:22:56 <INFO> Peak main memory usage: 2138.926 MiB
21:22:56 <INFO> Finished REINVENT on 2026-03-15
