19:12:45 <INFO> Started REINVENT 4.7.15 (C) AstraZeneca 2017, 2023 on 2026-03-15
19:12:45 <INFO> Command line: /home/nbhatta1/Desktop/qsar-project-Tzu/.venv/bin/reinvent -l reinvent_integration/logs/mol2mol_similarity_rl_train.log /home/nbhatta1/Desktop/qsar-project-Tzu/reinvent_integration/configs_fast/rl_mol2mol_similarity.toml
19:12:45 <INFO> Reading run configuration from /home/nbhatta1/Desktop/qsar-project-Tzu/reinvent_integration/configs_fast/rl_mol2mol_similarity.toml using format toml
19:12:45 <INFO> User nbhatta1 on host panacea
19:12:45 <INFO> Python version 3.11.13
19:12:45 <INFO> PyTorch version 2.9.1+cu128, git 5811a8d7da873dd699ff6687092c225caffcf1bb
19:12:45 <INFO> PyTorch compiled with CUDA version 12.8
19:12:45 <INFO> RDKit version 2025.09.6
19:12:45 <INFO> Platform Linux-5.14.0-611.30.1.el9_7.x86_64-x86_64-with-glibc2.34
19:12:45 <INFO> CUDA driver version 590.48.01
19:12:45 <INFO> Number of PyTorch CUDA devices 1
19:12:45 <WARN> 'use_cuda' is deprecated, use 'device' instead
19:12:45 <INFO> Using GPU device:0 NVIDIA RTX PRO 5000 Blackwell
19:12:45 <INFO> GPU memory: 45867 MiB free, 48400 MiB total
19:12:45 <INFO> Starting 1 stage of Reinforcement Learning
19:12:45 <ERRO> /home/nbhatta1/Desktop/qsar-project-Tzu/reinvent_integration/priors/mol2mol_similarity.prior has invalid hash:
{ 'comments': [],
  'creation_date': 0,
  'date_format': 'UNIX epoch',
  'hash_id': '3c6a77904318ad22c299806d686463f5',
  'hash_id_format': 'xxhash.xxh3_128_hex 3.4.1',
  'model_id': '595a7122492447e0b10b11b6cf47b2ae',
  'model_id_format': 'uuid.uuid4 3.10.12',
  'origina_data_source': 'ChEMBL 28',
  'updates': []}
19:12:45 <INFO> Number of network parameters: 17,462,400
19:12:45 <INFO> Network architecture:
EncoderDecoder(
  (encoder): Encoder(
    (layers): ModuleList(
      (0-5): 6 x EncoderLayer(
        (self_attn): MultiHeadedAttention(
          (linears): ModuleList(
            (0-3): 4 x Linear(in_features=256, out_features=256, bias=True)
          )
          (dropout): Dropout(p=0.1, inplace=False)
        )
        (feed_forward): PositionwiseFeedForward(
          (w_1): Linear(in_features=256, out_features=2048, bias=True)
          (w_2): Linear(in_features=2048, out_features=256, bias=True)
          (dropout): Dropout(p=0.1, inplace=False)
        )
        (sublayer): ModuleList(
          (0-1): 2 x SublayerConnection(
            (norm): LayerNorm()
            (dropout): Dropout(p=0.1, inplace=False)
          )
        )
      )
    )
    (norm): LayerNorm()
  )
  (decoder): Decoder(
    (layers): ModuleList(
      (0-5): 6 x DecoderLayer(
        (self_attn): MultiHeadedAttention(
          (linears): ModuleList(
            (0-3): 4 x Linear(in_features=256, out_features=256, bias=True)
          )
          (dropout): Dropout(p=0.1, inplace=False)
        )
        (src_attn): MultiHeadedAttention(
          (linears): ModuleList(
            (0-3): 4 x Linear(in_features=256, out_features=256, bias=True)
          )
          (dropout): Dropout(p=0.1, inplace=False)
        )
        (feed_forward): PositionwiseFeedForward(
          (w_1): Linear(in_features=256, out_features=2048, bias=True)
          (w_2): Linear(in_features=2048, out_features=256, bias=True)
          (dropout): Dropout(p=0.1, inplace=False)
        )
        (sublayer): ModuleList(
          (0-2): 3 x SublayerConnection(
            (norm): LayerNorm()
            (dropout): Dropout(p=0.1, inplace=False)
          )
        )
      )
    )
    (norm): LayerNorm()
  )
  (src_embed): Sequential(
    (0): Embeddings(
      (lut): Embedding(128, 256)
    )
    (1): PositionalEncoding(
      (dropout): Dropout(p=0.1, inplace=False)
    )
  )
  (tgt_embed): Sequential(
    (0): Embeddings(
      (lut): Embedding(128, 256)
    )
    (1): PositionalEncoding(
      (dropout): Dropout(p=0.1, inplace=False)
    )
  )
  (generator): Generator(
    (proj): Linear(in_features=256, out_features=128, bias=True)
  )
)
19:12:45 <ERRO> /home/nbhatta1/Desktop/qsar-project-Tzu/reinvent_integration/priors/mol2mol_similarity.prior has invalid hash:
{ 'comments': [],
  'creation_date': 0,
  'date_format': 'UNIX epoch',
  'hash_id': '3c6a77904318ad22c299806d686463f5',
  'hash_id_format': 'xxhash.xxh3_128_hex 3.4.1',
  'model_id': '595a7122492447e0b10b11b6cf47b2ae',
  'model_id_format': 'uuid.uuid4 3.10.12',
  'origina_data_source': 'ChEMBL 28',
  'updates': []}
19:12:45 <INFO> Number of network parameters: 17,462,400
19:12:45 <INFO> Network architecture:
EncoderDecoder(
  (encoder): Encoder(
    (layers): ModuleList(
      (0-5): 6 x EncoderLayer(
        (self_attn): MultiHeadedAttention(
          (linears): ModuleList(
            (0-3): 4 x Linear(in_features=256, out_features=256, bias=True)
          )
          (dropout): Dropout(p=0.1, inplace=False)
        )
        (feed_forward): PositionwiseFeedForward(
          (w_1): Linear(in_features=256, out_features=2048, bias=True)
          (w_2): Linear(in_features=2048, out_features=256, bias=True)
          (dropout): Dropout(p=0.1, inplace=False)
        )
        (sublayer): ModuleList(
          (0-1): 2 x SublayerConnection(
            (norm): LayerNorm()
            (dropout): Dropout(p=0.1, inplace=False)
          )
        )
      )
    )
    (norm): LayerNorm()
  )
  (decoder): Decoder(
    (layers): ModuleList(
      (0-5): 6 x DecoderLayer(
        (self_attn): MultiHeadedAttention(
          (linears): ModuleList(
            (0-3): 4 x Linear(in_features=256, out_features=256, bias=True)
          )
          (dropout): Dropout(p=0.1, inplace=False)
        )
        (src_attn): MultiHeadedAttention(
          (linears): ModuleList(
            (0-3): 4 x Linear(in_features=256, out_features=256, bias=True)
          )
          (dropout): Dropout(p=0.1, inplace=False)
        )
        (feed_forward): PositionwiseFeedForward(
          (w_1): Linear(in_features=256, out_features=2048, bias=True)
          (w_2): Linear(in_features=2048, out_features=256, bias=True)
          (dropout): Dropout(p=0.1, inplace=False)
        )
        (sublayer): ModuleList(
          (0-2): 3 x SublayerConnection(
            (norm): LayerNorm()
            (dropout): Dropout(p=0.1, inplace=False)
          )
        )
      )
    )
    (norm): LayerNorm()
  )
  (src_embed): Sequential(
    (0): Embeddings(
      (lut): Embedding(128, 256)
    )
    (1): PositionalEncoding(
      (dropout): Dropout(p=0.1, inplace=False)
    )
  )
  (tgt_embed): Sequential(
    (0): Embeddings(
      (lut): Embedding(128, 256)
    )
    (1): PositionalEncoding(
      (dropout): Dropout(p=0.1, inplace=False)
    )
  )
  (generator): Generator(
    (proj): Linear(in_features=256, out_features=128, bias=True)
  )
)
19:12:45 <INFO> Using generator Mol2Mol
19:12:45 <INFO> Prior read from reinvent_integration/priors/mol2mol_similarity.prior
19:12:45 <INFO> Agent read from reinvent_integration/priors/mol2mol_similarity.prior
19:12:45 <INFO> Input molecules/fragments read from file reinvent_integration/data/series_ce_unique.smi
19:12:45 <INFO> Using reward strategy dap
19:12:45 <INFO> Using diversity filter IdenticalMurckoScaffold
19:12:45 <INFO> Purging diversity filter memories after each stage
19:12:45 <ERRO> Component reinvent_plugins.components.OpenEye.comp_rocs could not be imported: No module named 'openeye'
19:12:45 <INFO> Registered scoring component GroupCount
19:12:45 <INFO> Registered scoring component FragmentQed
19:12:45 <INFO> Registered scoring component FragmentSlogP
19:12:45 <INFO> Registered scoring component FragmentMolecularWeight
19:12:45 <INFO> Registered scoring component FragmentTPSA
19:12:45 <INFO> Registered scoring component FragmentDistanceMatrix
19:12:45 <INFO> Registered scoring component FragmentNumAtomStereoCenters
19:12:45 <INFO> Registered scoring component FragmentHBondAcceptors
19:12:45 <INFO> Registered scoring component FragmentHBondDonors
19:12:45 <INFO> Registered scoring component FragmentNumRotBond
19:12:45 <INFO> Registered scoring component FragmentCsp3
19:12:45 <INFO> Registered scoring component Fragmentnumsp
19:12:45 <INFO> Registered scoring component Fragmentnumsp2
19:12:45 <INFO> Registered scoring component Fragmentnumsp3
19:12:45 <INFO> Registered scoring component FragmentEffectiveLength
19:12:45 <INFO> Registered scoring component FragmentGraphLength
19:12:45 <INFO> Registered scoring component FragmentLengthRatio
19:12:45 <INFO> Registered scoring component FragmentNumHeavyAtoms
19:12:45 <INFO> Registered scoring component FragmentNumHeteroAtoms
19:12:45 <INFO> Registered scoring component FragmentNumRings
19:12:45 <INFO> Registered scoring component FragmentNumAromaticRings
19:12:45 <INFO> Registered scoring component FragmentNumAliphaticRings
19:12:45 <INFO> Registered scoring component FragmentSlogP
19:12:45 <INFO> Registered scoring component MatchingSubstructure
19:12:45 <INFO> Registered scoring component MolVolume
19:12:45 <INFO> Registered scoring component Qed
19:12:45 <INFO> Registered scoring component LargestRingSize
19:12:45 <INFO> Registered scoring component MolecularWeight
19:12:45 <INFO> Registered scoring component GraphLength
19:12:45 <INFO> Registered scoring component NumAtomStereoCenters
19:12:45 <INFO> Registered scoring component HBondAcceptors
19:12:45 <INFO> Registered scoring component HBondDonors
19:12:45 <INFO> Registered scoring component NumRotBond
19:12:45 <INFO> Registered scoring component Csp3
19:12:45 <INFO> Registered scoring component numsp
19:12:45 <INFO> Registered scoring component numsp2
19:12:45 <INFO> Registered scoring component numsp3
19:12:45 <INFO> Registered scoring component NumHeavyAtoms
19:12:45 <INFO> Registered scoring component NumHeteroAtoms
19:12:45 <INFO> Registered scoring component NumRings
19:12:45 <INFO> Registered scoring component NumAromaticRings
19:12:45 <INFO> Registered scoring component NumAliphaticRings
19:12:45 <INFO> Registered scoring component SlogP
19:12:45 <INFO> Registered scoring component LargestRingSize
19:12:45 <INFO> Registered scoring component PMI
19:12:45 <INFO> Registered scoring component RDKitDescriptors
19:12:45 <INFO> Registered scoring component TanimotoSimilarity
19:12:45 <INFO> Registered scoring component TanimotoDistance
19:12:45 <INFO> Registered scoring component TPSA
19:12:45 <INFO> Registered scoring component SAScore
19:12:46 <INFO> Registered scoring component ChemProp
19:12:46 <INFO> Registered scoring component CustomAlerts
19:12:46 <INFO> Registered scoring component DockStream
19:12:46 <INFO> Registered scoring component ExternalProcess
19:12:46 <INFO> Registered scoring component REST
19:12:46 <INFO> Registered scoring component Icolos
19:12:46 <INFO> Registered scoring component MMP
19:12:46 <INFO> Registered scoring component Qptuna
19:12:46 <INFO> Registered scoring component ReactionFilter
19:12:46 <INFO> Registered scoring component RingPrecedence
19:12:46 <INFO> Registered scoring component Maize
19:12:46 <INFO> Registered scoring component SynthSense
19:12:46 <INFO> Registered scoring component CAZP
19:12:46 <INFO> Creating scoring component ExternalProcess
19:12:46 <INFO> Writing tabular data for stage to mol2mol_similarity_rl_adme_1.csv
19:12:46 <INFO> Starting stage 1 <<<
19:12:46 <INFO> Current GPU memory usage: 2784 MiB used, 45616 MiB free
19:12:49 <INFO> Sampled SMILES CC(C)(C)OC(=O)N1CC2(CCN(c3cncc(N4CC(O#N)C4)c3)C2)C1 failed to sanitize.
19:13:42 <INFO> Score: 0.42 Agent NLL: 7.67 Valid:  99% Step: 1
 | Agent Prior Target Score SMILES SMILES_state Input_SMILES Scaffold MOL2MOL SIMILARITY_RL_ADME MOL2MOL SIMILARITY_RL_ADME (raw) half_life_score (MOL2MOL SIMILARITY_RL_ADME) pred_rdkit_logS_proxy (MOL2MOL SIMILARITY_RL_ADME) pred_Solubility_ESOL_mol_per_L (MOL2MOL SIMILARITY_RL_ADME) pred_pic50_uncertainty (MOL2MOL SIMILARITY_RL_ADME) solubility_uncertainty (MOL2MOL SIMILARITY_RL_ADME) pred_pic50 (MOL2MOL SIMILARITY_RL_ADME) pred_cLogP (MOL2MOL SIMILARITY_RL_ADME) pred_MetStab_Half_Life_Mouse (MOL2MOL SIMILARITY_RL_ADME) microsome_score (MOL2MOL SIMILARITY_RL_ADME) pred_logS_ESOL (MOL2MOL SIMILARITY_RL_ADME) clogp_uncertainty (MOL2MOL SIMILARITY_RL_ADME) pred_MetStab_Clearance_Hepatocyte_AZ (MOL2MOL SIMILARITY_RL_ADME) adme3_ensemble_score (MOL2MOL SIMILARITY_RL_ADME) pred_MetStab_Clearance_Hepatocyte_Mouse (MOL2MOL SIMILARITY_RL_ADME) metstab_ensemble_score (MOL2MOL SIMILARITY_RL_ADME) pred_MetStab_Clearance_Microsome_Mouse (MOL2MOL SIMILARITY_RL_ADME) adme3_ensemble_uncertainty (MOL2MOL SIMILARITY_RL_ADME) hepatocyte_score (MOL2MOL SIMILARITY_RL_ADME) pred_MetStab_Clearance_Microsome_Human (MOL2MOL SIMILARITY_RL_ADME) pred_qikprop_logS (MOL2MOL SIMILARITY_RL_ADME) pred_MetStab_Clearance_Microsome_AZ (MOL2MOL SIMILARITY_RL_ADME) pred_qikprop_status (MOL2MOL SIMILARITY_RL_ADME) pred_MetStab_Half_Life_Human (MOL2MOL SIMILARITY_RL_ADME) disallowed_smarts (MOL2MOL SIMILARITY_RL_ADME) pred_MetStab_Half_Life_Obach (MOL2MOL SIMILARITY_RL_ADME) pred_MetStab_Clearance_Hepatocyte_Human (MOL2MOL SIMILARITY_RL_ADME) solubility_ensemble_score (MOL2MOL SIMILARITY_RL_ADME) metstab_uncertainty (MOL2MOL SIMILARITY_RL_ADME) pred_log_ic50_uM (MOL2MOL SIMILARITY_RL_ADME) qsar_score (MOL2MOL SIMILARITY_RL_ADME) pred_admet_logP (MOL2MOL SIMILARITY_RL_ADME) pred_rdkit_cLogP (MOL2MOL SIMILARITY_RL_ADME) pred_rdkit_metstab_proxy (MOL2MOL SIMILARITY_RL_ADME) pred_qikprop_metab_sites (MOL2MOL SIMILARITY_RL_ADME) pred_qikprop_cLogP (MOL2MOL SIMILARITY_RL_ADME) clogp_ensemble_score (MOL2MOL SIMILARITY_RL_ADME)
 | 12.4434 12.4434 4.6597 0.2672370 C(#Cc1cccc(N2CCC3(CC2)CN(c2ccnc(C#Cc4ccccc4)c2)C3)c1)c1ccccc1 1 O=C(c1cc([N+](=O)[O-])cc([N+](=O)[O-])c1)N1CC2(CCN(c3cncc(C#Cc4ccccc4)c3)C2)C1 C(#Cc1cccc(N2CCC3(CC2)CN(c2ccnc(C#Cc4ccccc4)c2)C3)c1)c1ccccc1 0.2672370 0.2672 0.9999999940077813 -10.190814000000005 2.389389560853416e-08 0.429271520724682 0.0045356638651777165 4.5365667172902615 5.988000000000006 0.0 0.8396556609659772 -7.621713038053994 1.0842021724855044e-19 30.63055992126465 0.26723696880850567 1000000.0 0.47427842006040916 1000000.0 0.11384762361917307 0.9928746389154499 1000000.0 -999.0 53.44331741333008 no_prediction 0.0 0 191.46243286132812 1000000.0 0.0032130237739999117 0.3370072069923415 1.463433282709738 0.04487963971375317 5.988000000000006 5.988000000000006 25.014399999999956 999.0 999.0 0.0008173936105760974
 | 13.4207 13.4207 24.1863 0.5876090 C(#Cc1cncc(N2CCC3(CCC3)C2)c1)c1cccnc1 1 CC(C)(C)OC(=O)N1CC2(CCN(c3cncc(C#Cc4ccccc4)c3)C2)C1 C(#Cc1cncc(N2CCC3(CCC3)C2)c1)c1cccnc1 0.5876090 0.5876 0.5522033353083732 -6.3767640000000005 5.043594304786253e-05 0.18720818461972386 0.3588553832116619 4.890388741726357 3.256800000000002 0.0 0.9922521711264165 -4.297259854350876 0.0 43.87821578979492 0.5876090074233602 1000000.0 0.6239281654668428 1000000.0 0.17314102239915918 0.9737164895935838 1000000.0 -999.0 21.474353790283203 no_prediction 0.0 0 41.67661666870117 1000000.0 0.48549147255622543 0.1605676839858157 1.1096112582736426 0.1621163402126072 3.256800000000002 3.256800000000002 47.85639999999998 999.0 999.0 0.6659918277470764
 | 6.0907 6.0907 36.3552 0.6632168 C(#Cc1cncc(N2CCC3(CCCN3)C2)c1)c1ccccc1 1 C(#Cc1cncc(N2CCC3(CNC3)C2)c1)c1ccccc1 C(#Cc1cncc(N2CCC3(CCCN3)C2)c1)c1ccccc1 0.6632168 0.6632 0.6831812238271417 -6.3039629999999995 8.886107647135628e-05 0.35710810961705786 0.34206688470627306 4.979719991052077 2.8137000000000008 0.0 0.9992072759958829 -4.05128842997948 0.0 30.832128524780273 0.6632167871705901 1000000.0 0.6713418432190575 1000000.0 0.16835924546204414 0.9927306113773906 1000000.0 -999.0 -1.3924239873886108 no_prediction 0.0 0 46.14744186401367 1000000.0 0.5132234542121012 0.16301085167985932 1.0202800089479234 0.21665957379707712 2.8137000000000008 2.8137000000000008 51.07644999999999 999.0 999.0 0.8717293888163327
 | 8.8905 8.8905 21.2693 0.4712467 C(#Cc1cncc(N2CCC3(CCN(CC4CC4)C3)C2)c1)c1ccccc1 1 O=C(c1cc([N+](=O)[O-])cc([N+](=O)[O-])c1)N1CC2(CCN(c3cncc(C#Cc4ccccc4)c3)C2)C1 C(#Cc1cncc(N2CCC3(CCN(CC4CC4)C3)C2)c1)c1ccccc1 0.4712467 0.4712 0.9823051150862726 -7.518382000000003 8.017460641999344e-06 0.3062884855012237 0.43267513911068234 5.075428473561659 3.793600000000003 0.0 0.997807480794101 -5.095963163361413 0.0 21.792964935302734 0.4712467006066536 1000000.0 0.6222552386715464 1000000.0 0.23324726837446094 0.997043250145801 1000000.0 -999.0 8.79490852355957 no_prediction 0.0 0 72.13301086425781 1000000.0 0.3178629725561224 0.26706666601270046 0.9245715264383414 0.2885562929833558 3.793600000000003 3.793600000000003 40.27239999999997 999.0 999.0 0.30167247012830034
 | 11.7749 11.7749 16.8783 0.4477061 C(#Cc1cncc(N2CCC3(CCOC3)C2)c1)c1ccc(C2CC2)cc1 1 C(#Cc1cncc(N2CCC3(CNC3)C2)c1)c1ccccc1 C(#Cc1cncc(N2CCC3(CCOC3)C2)c1)c1ccc(C2CC2)cc1 0.4477061 0.4477 0.9968160259868205 -7.443996000000002 6.991642817137333e-06 0.03784744321062817 0.42589554391327417 5.075428473561659 3.9756000000000036 0.0 0.980188179088594 -5.1554207666592085 2.7755575615628914e-17 39.34865188598633 0.44770608466148937 1000000.0 0.6167460397931869 1000000.0 0.2317967626122366 0.9831288447602079 1000000.0 -999.0 30.985342025756836 no_prediction 0.0 0 85.97148895263672 1000000.0 0.31551490831562534 0.26949474392343564 0.9245715264383414 0.2885562929833558 3.9756000000000036 3.9756000000000036 40.82619999999997 999.0 999.0 0.20438459472737955
 | 3.0852 3.0852 47.6829 0.7932518 C(#Cc1cncc(N2CCNCC2)c1)c1ccccc1 1 C(#Cc1cncc(N2CCC3(CNC3)C2)c1)c1ccccc1 C(#Cc1cncc(N2CCNCC2)c1)c1ccccc1 0.7932518 0.7933 0.5081013503101933 -5.315698 0.0007322861976989026 0.5508656312102466 0.06612469642645145 4.391735454954397 1.891 0.0 0.9998070682833902 -3.1353191514697234 0.0 24.2525577545166 0.7932517824075042 1000000.0 0.7144800105333009 1000000.0 0.052092844800064986 0.9962218828307932 1000000.0 -999.0 -15.529812812805176 no_prediction 0.0 0 40.2592658996582 1000000.0 0.9076845768184998 0.0901538379737435 1.6082645450456023 0.025651220396683858 1.891 1.891 57.99669999999999 999.0 999.0 0.9180307707860806
 | 5.3797 5.3797 43.6559 0.7661819 C(#Cc1cncc(N2CCOCC2)c1)c1ccccc1 1 C(#Cc1cncc(N2CCC3(CNC3)C2)c1)c1ccccc1 C(#Cc1cncc(N2CCOCC2)c1)c1ccccc1 0.7661819 0.7662 0.8231817238605885 -5.570756 0.0003479188893401392 0.5314314583761409 0.1172641689177981 4.747841566900609 2.3180000000000005 0.0 0.9799016652532812 -3.458521991736773 0.0 72.12386322021484 0.7661819396631689 1000000.0 0.6890056577279342 1000000.0 0.07747749261321522 0.6873187114450714 1000000.0 -999.0 31.131847381591797 no_prediction 0.0 0 52.30443572998047 1000000.0 0.8351068170494695 0.11516830892184754 1.2521584330993902 0.09861103175865828 2.3180000000000005 2.3180000000000005 54.45819999999999 999.0 999.0 0.9451023747498001
 | 5.8270 5.8270 44.9481 0.7933608 N[C@H]1CCN(c2cncc(C#Cc3ccccc3)c2)C1 1 C(#Cc1cncc(N2CCC3(CNC3)C2)c1)c1ccccc1 C(#Cc1cncc(N2CCCC2)c1)c1ccccc1 0.7933608 0.7934 0.5305500479410086 -5.344018000000001 0.0005887011950502061 0.2192350855133569 0.07623544509557924 4.747841566900609 2.0187999999999997 0.0 0.9994667625270236 -3.2301050825788904 0.0 30.44789695739746 0.7933608311095646 1000000.0 0.7143326980336893 1000000.0 0.058367181466684265 0.9930027089046245 1000000.0 -999.0 -5.360103130340576 no_prediction 0.0 0 40.97882080078125 1000000.0 0.895359924254608 0.09886609930447356 1.2521584330993902 0.09861103175865828 2.0187999999999997 2.0187999999999997 58.717 999.0 999.0 0.9348040879040617
 | 10.7429 10.7429 14.4318 0.3933547 C(#Cc1cncc(N2CCC=C(c3cccnc3)C2)c1)c1ccccc1 1 CC(C)(C)OC(=O)N1CC2(CCN(c3cncc(C#Cc4ccccc4)c3)C2)C1 C(#Cc1cncc(N2CCC=C(c3cccnc3)C2)c1)c1ccccc1 0.3933547 0.3934 0.9510816918923035 -7.455607000000002 4.451101225071991e-06 0.2790266245908677 0.4010451208387827 4.977490297804943 4.170100000000003 0.0 0.7908066094658216 -5.351532529062722 0.0 71.1754379272461 0.39335466714280654 1000000.0 0.550182652384959 1000000.0 0.20160611364951253 0.7073309488986532 1000000.0 -999.0 56.702056884765625 no_prediction 0.0 0 63.739585876464844 1000000.0 0.2972911688877271 0.20377322010975493 1.022509702195057 0.21514972115345884 4.170100000000003 4.170100000000003 39.806649999999976 999.0 999.0 0.12845317879161258
 | 12.0284 12.0284 22.1294 0.5337165 C1=C(c2cncc(N3CCC4(CC3)CNC4)c2)c2ccccc2C1 1 CC(C)(C)OC(=O)N1CC2(CCN(c3cncc(C#Cc4ccccc4)c3)C2)C1 C1=C(c2cncc(N3CCC4(CC3)CNC4)c2)c2ccccc2C1 0.5337165 0.5337 0.033588217069642684 -6.7173120000000015 3.4533506445307386e-05 0.37051559303343623 0.4172046259472074 5.146679030866954 3.2592000000000017 0.0 0.9989525013655693 -4.461759322243267 0.0 4.586770534515381 0.5337165015782465 1000000.0 0.5600199711773349 1000000.0 0.16986367901073615 0.999469586411913 1000000.0 -999.0 1.3969783782958984 no_prediction 0.0 0 13.124682426452637 1000000.0 0.3979342569350355 0.09238641108500098 0.8533209691330461 0.3503721292016234 3.2592000000000017 3.2592000000000017 46.53519999999998 999.0 999.0 0.6644767376988503
19:14:30 <INFO> Score: 0.39 Agent NLL: 7.66 Valid:  99% Step: 2
 | Agent Prior Target Score SMILES SMILES_state Input_SMILES Scaffold MOL2MOL SIMILARITY_RL_ADME MOL2MOL SIMILARITY_RL_ADME (raw) half_life_score (MOL2MOL SIMILARITY_RL_ADME) pred_rdkit_logS_proxy (MOL2MOL SIMILARITY_RL_ADME) pred_Solubility_ESOL_mol_per_L (MOL2MOL SIMILARITY_RL_ADME) pred_pic50_uncertainty (MOL2MOL SIMILARITY_RL_ADME) solubility_uncertainty (MOL2MOL SIMILARITY_RL_ADME) pred_pic50 (MOL2MOL SIMILARITY_RL_ADME) pred_cLogP (MOL2MOL SIMILARITY_RL_ADME) pred_MetStab_Half_Life_Mouse (MOL2MOL SIMILARITY_RL_ADME) microsome_score (MOL2MOL SIMILARITY_RL_ADME) pred_logS_ESOL (MOL2MOL SIMILARITY_RL_ADME) clogp_uncertainty (MOL2MOL SIMILARITY_RL_ADME) pred_MetStab_Clearance_Hepatocyte_AZ (MOL2MOL SIMILARITY_RL_ADME) adme3_ensemble_score (MOL2MOL SIMILARITY_RL_ADME) pred_MetStab_Clearance_Hepatocyte_Mouse (MOL2MOL SIMILARITY_RL_ADME) metstab_ensemble_score (MOL2MOL SIMILARITY_RL_ADME) pred_MetStab_Clearance_Microsome_Mouse (MOL2MOL SIMILARITY_RL_ADME) adme3_ensemble_uncertainty (MOL2MOL SIMILARITY_RL_ADME) hepatocyte_score (MOL2MOL SIMILARITY_RL_ADME) pred_MetStab_Clearance_Microsome_Human (MOL2MOL SIMILARITY_RL_ADME) pred_qikprop_logS (MOL2MOL SIMILARITY_RL_ADME) pred_MetStab_Clearance_Microsome_AZ (MOL2MOL SIMILARITY_RL_ADME) pred_qikprop_status (MOL2MOL SIMILARITY_RL_ADME) pred_MetStab_Half_Life_Human (MOL2MOL SIMILARITY_RL_ADME) disallowed_smarts (MOL2MOL SIMILARITY_RL_ADME) pred_MetStab_Half_Life_Obach (MOL2MOL SIMILARITY_RL_ADME) pred_MetStab_Clearance_Hepatocyte_Human (MOL2MOL SIMILARITY_RL_ADME) solubility_ensemble_score (MOL2MOL SIMILARITY_RL_ADME) metstab_uncertainty (MOL2MOL SIMILARITY_RL_ADME) pred_log_ic50_uM (MOL2MOL SIMILARITY_RL_ADME) qsar_score (MOL2MOL SIMILARITY_RL_ADME) pred_admet_logP (MOL2MOL SIMILARITY_RL_ADME) pred_rdkit_cLogP (MOL2MOL SIMILARITY_RL_ADME) pred_rdkit_metstab_proxy (MOL2MOL SIMILARITY_RL_ADME) pred_qikprop_metab_sites (MOL2MOL SIMILARITY_RL_ADME) pred_qikprop_cLogP (MOL2MOL SIMILARITY_RL_ADME) clogp_ensemble_score (MOL2MOL SIMILARITY_RL_ADME)
 | 7.1697 7.5625 15.6203 0.3622302 C(#Cc1cccc(N2CCC3(CC2)CN(c2cccnc2)C3)c1)c1ccccc1 1 O=C(c1cc([N+](=O)[O-])cc([N+](=O)[O-])c1)N1CC2(CCN(c3cncc(C#Cc4ccccc4)c3)C2)C1 C(#Cc1cccc(N2CCC3(CC2)CN(c2cccnc2)C3)c1)c1ccccc1 0.3622302 0.3622 0.9988452162482495 -8.219484000000003 1.2319179417024904e-06 0.13866426413074484 0.2652678757758863 5.146679030866954 4.588200000000004 0.0 0.9320246685709912 -5.909418219649423 6.938893903907228e-18 44.46607208251953 0.36223020814213364 1000000.0 0.5650974883560961 1000000.0 0.1857404204655555 0.9721693690860236 1000000.0 -999.0 43.81785583496094 no_prediction 0.0 0 94.10149383544922 1000000.0 0.18919713747785927 0.2919533856207802 0.8533209691330461 0.3503721292016234 4.588200000000004 4.588200000000004 35.512899999999966 999.0 999.0 0.04273018468954801
 | 7.0196 7.1443 43.6222 0.7932266 NC1CCN(c2cncc(C#Cc3ccccc3)c2)C1 1 C(#Cc1cncc(N2CCC3(CNC3)C2)c1)c1ccccc1 C(#Cc1cncc(N2CCCC2)c1)c1ccccc1 0.7932266 0.7932 0.5284934941959163 -5.344018000000001 0.0005887011950502061 0.2192350855133569 0.07623544509557924 4.747841566900609 2.0187999999999997 0.0 0.999537110649079 -3.2301050825788904 0.0 30.83376693725586 0.7932265734161744 1000000.0 0.7140736460452985 1000000.0 0.05826324337134014 0.9927294289142611 1000000.0 -999.0 -6.775595188140869 no_prediction 0.0 0 40.91278076171875 1000000.0 0.895359924254608 0.09855428501844117 1.2521584330993902 0.09861103175865828 2.0187999999999997 2.0187999999999997 58.717 999.0 999.0 0.9348040879040617
 | 9.0638 9.7500 15.0327 0.3872292 C(#Cc1cncc(N2CCC3(CC2)CCN(c2ccncc2)C3)c1)c1ccccc1 1 O=C(c1cc([N+](=O)[O-])cc([N+](=O)[O-])c1)N1CC2(CCN(c3cncc(C#Cc4ccccc4)c3)C2)C1 C(#Cc1cncc(N2CCC3(CC2)CCN(c2ccncc2)C3)c1)c1ccccc1 0.3872292 0.3872 0.9913594825614277 -8.242799000000003 1.443706677952075e-06 0.111154656716479 0.28780930464014726 5.146679030866954 4.373300000000004 0.0 0.9866622552449577 -5.840521034665872 0.0 26.13284683227539 0.3872292127377207 1000000.0 0.5924241758317407 1000000.0 0.19302504045112223 0.9954438707146114 1000000.0 -999.0 26.96270179748535 no_prediction 0.0 0 77.94091796875 1000000.0 0.20495896601094113 0.2912658167132194 0.8533209691330461 0.3503721292016234 4.373300000000004 4.373300000000004 38.67144999999997 999.0 999.0 0.07619441791111668
 | 7.6100 7.6606 28.0577 0.5580987 C(#Cc1cc2ccccc2o1)c1cncc(N2CCC3(CC2)CNC3)c1 1 C(#Cc1cncc(N2CCC3(CNC3)C2)c1)c1ccccc1 C(#Cc1cc2ccccc2o1)c1cncc(N2CCC3(CC2)CNC3)c1 0.5580987 0.5581 0.9979686175754607 -7.076830000000002 1.6320995811033584e-05 0.5586422354217708 0.43936058198562006 5.135185101997386 3.4174000000000007 0.0 0.9998294501965721 -4.7872533466824585 0.0 -8.924631118774414 0.5580987253898211 1000000.0 0.6712705223984002 1000000.0 0.22777348847582027 0.9998625981237926 1000000.0 -999.0 -16.763126373291016 no_prediction 0.0 0 89.57604217529297 1000000.0 0.3483688289286841 0.24395988344184075 0.8648148980026136 0.3399808422014234 3.4174000000000007 3.4174000000000007 48.125499999999995 999.0 999.0 0.5581690074133228
 | 4.5524 4.3734 -4.3734 0.0000000 C(#Cc1cncc(N2CCC3(CC2)CNC3)c1)c1ccccc1 1 C(#Cc1cncc(N2CCC3(CNC3)C2)c1)c1ccccc1 C(#Cc1cncc(N2CCC3(CC2)CNC3)c1)c1ccccc1 0.6823916 0.6824 0.6592764212203666 -6.225588 0.00011334441054328725 0.31311638230399835 0.32083926775964416 4.767223569501352 2.6712000000000007 0.0 0.9997535032707188 -3.945599891770902 1.1102230246251565e-16 8.620939254760742 0.6823915713666536 1000000.0 0.6789922691906579 1000000.0 0.15800690903890782 0.9992062167929221 1000000.0 -999.0 -13.079153060913086 no_prediction 0.0 0 45.28057098388672 1000000.0 0.5444535935838831 0.15318145935707916 1.2327764304986477 0.105719916188486 2.6712000000000007 2.6712000000000007 52.14519999999999 999.0 999.0 0.9067024448637703
 | 13.4591 14.6300 18.2842 0.5142834 C(#Cc1cncc(N2CCC3(CC2)CCN(C2CCOC2)C3)c1)c1ccccc1 1 O=C(c1cc([N+](=O)[O-])cc([N+](=O)[O-])c1)N1CC2(CCN(c3cncc(C#Cc4ccccc4)c3)C2)C1 C(#Cc1cncc(N2CCC3(CC2)CCN(C2CCOC2)C3)c1)c1ccccc1 0.5142834 0.5143 0.9617348524419482 -7.723954000000003 7.698188746226178e-06 0.1273871036777375 0.43367583552763395 5.146679030866954 3.5626000000000024 0.0 0.9985146668473224 -5.113611444964005 0.0 23.25200843811035 0.5142833871627721 1000000.0 0.6437862128118038 1000000.0 0.22793186962710954 0.9965803758807046 1000000.0 -999.0 4.893702507019043 no_prediction 0.0 0 65.79359436035156 1000000.0 0.313082068418655 0.2501197733536947 0.8533209691330461 0.3503721292016234 3.5626000000000024 3.5626000000000024 44.312499999999986 999.0 999.0 0.4551036982631181
 | 3.0741 3.0852 -3.0852 0.0000000 C(#Cc1cncc(N2CCNCC2)c1)c1ccccc1 1 C(#Cc1cncc(N2CCC3(CNC3)C2)c1)c1ccccc1 C(#Cc1cncc(N2CCNCC2)c1)c1ccccc1 0.7932518 0.7933 0.5081013503101933 -5.315698 0.0007322861976989026 0.5508656312102466 0.06612469642645145 4.391735454954397 1.891 0.0 0.9998070682833902 -3.1353191514697234 0.0 24.2525577545166 0.7932517824075042 1000000.0 0.7144800105333009 1000000.0 0.052092844800064986 0.9962218828307932 1000000.0 -999.0 -15.529812812805176 no_prediction 0.0 0 40.2592658996582 1000000.0 0.9076845768184998 0.0901538379737435 1.6082645450456023 0.025651220396683858 1.891 1.891 57.99669999999999 999.0 999.0 0.9180307707860806
 | 7.4849 7.4643 40.6496 0.7517791 C(#Cc1cncc(N2C[C@@H]3CCN[C@@H]3C2)c1)c1ccccc1 1 C(#Cc1cncc(N2CCC3(CNC3)C2)c1)c1ccccc1 C(#Cc1cncc(N2C[C@@H]3CCN[C@@H]3C2)c1)c1ccccc1 0.7517791 0.7518 0.7252750152772044 -5.841829000000001 0.0002676566877531645 0.28570988069050973 0.19815023631477624 4.747841566900609 2.2795000000000005 0.0 0.9995884833248462 -3.5724219007281133 0.0 23.326522827148438 0.7517790900334924 1000000.0 0.7134115307179374 1000000.0 0.11367612737926003 0.9965548877019565 1000000.0 -999.0 -7.952494144439697 no_prediction 0.0 0 47.76624298095703 1000000.0 0.7208555097340335 0.14287814582300382 1.2521584330993902 0.09861103175865828 2.2795000000000005 2.2795000000000005 55.08294999999999 999.0 999.0 0.9458754337121088
 | 10.8201 11.3265 27.9149 0.6131473 C1=C(c2ccnc(N3CCC4(CC3)CN(CC3CC3)C4)c2)CCN1 1 CC(C)(C)OC(=O)N1CC2(CCN(c3cncc(C#Cc4ccccc4)c3)C2)C1 C1=C(c2ccnc(N3CCC4(CC3)CN(CC3CC3)C4)c2)CCN1 0.6131473 0.6131 0.07888239265929764 -6.499864000000001 9.98039615476298e-05 0.4800359832378768 0.38809966745171637 5.146679030866954 2.7280000000000006 0.0 0.999410409217723 -4.000852219793498 0.0 -11.181673049926758 0.6131472548142268 1000000.0 0.5947743219892492 1000000.0 0.15332325920237083 0.9998903565646958 1000000.0 -999.0 -4.354920864105225 no_prediction 0.0 0 20.33896255493164 1000000.0 0.44830039638582564 0.07187011015539613 0.8533209691330461 0.3503721292016234 2.7280000000000006 2.7280000000000006 48.507999999999996 999.0 999.0 0.8943444994990853
 | 8.6237 9.0032 16.6982 0.4015837 C(#Cc1cncc(N2CC=C(c3ccncc3)CC2)c1)c1ccccc1 1 CC(C)(C)OC(=O)N1CC2(CCN(c3cncc(C#Cc4ccccc4)c3)C2)C1 C(#Cc1cncc(N2CC=C(c3ccncc3)CC2)c1)c1ccccc1 0.4015837 0.4016 0.9537419805957921 -7.455607000000002 4.451101225071991e-06 0.285781874783233 0.4010451208387827 4.977490297804943 4.170100000000003 0.0 0.846523299534529 -5.351532529062722 0.0 66.41197204589844 0.401583695027405 1000000.0 0.5658167101889059 1000000.0 0.20859440978502444 0.7955650517038947 1000000.0 -999.0 52.924110412597656 no_prediction 0.0 0 64.20926666259766 1000000.0 0.2972911688877271 0.2247381085162906 1.0225097021950573 0.21514972115345884 4.170100000000003 4.170100000000003 39.806649999999976 999.0 999.0 0.12845317879161258
19:14:30 <INFO> Purging diversity filter memories in stage 1
19:14:30 <WARN> Maximum number of steps of 2 reached in stage 1. Terminating all stages.
19:14:31 <INFO> Peak main memory usage: 2432.273 MiB
19:14:31 <INFO> Finished REINVENT on 2026-03-15
