19:34:02 <INFO> Started REINVENT 4.7.15 (C) AstraZeneca 2017, 2023 on 2026-03-15
19:34:02 <INFO> Command line: /home/nbhatta1/Desktop/qsar-project-Tzu/.venv/bin/reinvent -l reinvent_integration/logs/mol2mol_scaffold_generic_rl_train.log /home/nbhatta1/Desktop/qsar-project-Tzu/reinvent_integration/configs_fast/rl_mol2mol_scaffold_generic.toml
19:34:02 <INFO> Reading run configuration from /home/nbhatta1/Desktop/qsar-project-Tzu/reinvent_integration/configs_fast/rl_mol2mol_scaffold_generic.toml using format toml
19:34:02 <INFO> User nbhatta1 on host panacea
19:34:02 <INFO> Python version 3.11.13
19:34:02 <INFO> PyTorch version 2.9.1+cu128, git 5811a8d7da873dd699ff6687092c225caffcf1bb
19:34:02 <INFO> PyTorch compiled with CUDA version 12.8
19:34:02 <INFO> RDKit version 2025.09.6
19:34:02 <INFO> Platform Linux-5.14.0-611.30.1.el9_7.x86_64-x86_64-with-glibc2.34
19:34:02 <INFO> CUDA driver version 590.48.01
19:34:02 <INFO> Number of PyTorch CUDA devices 1
19:34:02 <WARN> 'use_cuda' is deprecated, use 'device' instead
19:34:02 <INFO> Using GPU device:0 NVIDIA RTX PRO 5000 Blackwell
19:34:03 <INFO> GPU memory: 45827 MiB free, 48400 MiB total
19:34:03 <INFO> Starting 1 stage of Reinforcement Learning
19:34:03 <ERRO> /home/nbhatta1/Desktop/qsar-project-Tzu/reinvent_integration/priors/mol2mol_scaffold_generic.prior has invalid hash:
{ 'comments': [],
  'creation_date': 0,
  'date_format': 'UNIX epoch',
  'hash_id': '2e9b50a81011b9dcae60e555a73a6144',
  'hash_id_format': 'xxhash.xxh3_128_hex 3.4.1',
  'model_id': 'dbe73d69456f42f990b955233dc7f514',
  'model_id_format': 'uuid.uuid4 3.10.12',
  'origina_data_source': 'ChEMBL 28',
  'updates': []}
19:34:03 <INFO> Number of network parameters: 17,462,400
19:34:03 <INFO> Network architecture:
EncoderDecoder(
  (encoder): Encoder(
    (layers): ModuleList(
      (0-5): 6 x EncoderLayer(
        (self_attn): MultiHeadedAttention(
          (linears): ModuleList(
            (0-3): 4 x Linear(in_features=256, out_features=256, bias=True)
          )
          (dropout): Dropout(p=0.1, inplace=False)
        )
        (feed_forward): PositionwiseFeedForward(
          (w_1): Linear(in_features=256, out_features=2048, bias=True)
          (w_2): Linear(in_features=2048, out_features=256, bias=True)
          (dropout): Dropout(p=0.1, inplace=False)
        )
        (sublayer): ModuleList(
          (0-1): 2 x SublayerConnection(
            (norm): LayerNorm()
            (dropout): Dropout(p=0.1, inplace=False)
          )
        )
      )
    )
    (norm): LayerNorm()
  )
  (decoder): Decoder(
    (layers): ModuleList(
      (0-5): 6 x DecoderLayer(
        (self_attn): MultiHeadedAttention(
          (linears): ModuleList(
            (0-3): 4 x Linear(in_features=256, out_features=256, bias=True)
          )
          (dropout): Dropout(p=0.1, inplace=False)
        )
        (src_attn): MultiHeadedAttention(
          (linears): ModuleList(
            (0-3): 4 x Linear(in_features=256, out_features=256, bias=True)
          )
          (dropout): Dropout(p=0.1, inplace=False)
        )
        (feed_forward): PositionwiseFeedForward(
          (w_1): Linear(in_features=256, out_features=2048, bias=True)
          (w_2): Linear(in_features=2048, out_features=256, bias=True)
          (dropout): Dropout(p=0.1, inplace=False)
        )
        (sublayer): ModuleList(
          (0-2): 3 x SublayerConnection(
            (norm): LayerNorm()
            (dropout): Dropout(p=0.1, inplace=False)
          )
        )
      )
    )
    (norm): LayerNorm()
  )
  (src_embed): Sequential(
    (0): Embeddings(
      (lut): Embedding(128, 256)
    )
    (1): PositionalEncoding(
      (dropout): Dropout(p=0.1, inplace=False)
    )
  )
  (tgt_embed): Sequential(
    (0): Embeddings(
      (lut): Embedding(128, 256)
    )
    (1): PositionalEncoding(
      (dropout): Dropout(p=0.1, inplace=False)
    )
  )
  (generator): Generator(
    (proj): Linear(in_features=256, out_features=128, bias=True)
  )
)
19:34:03 <ERRO> /home/nbhatta1/Desktop/qsar-project-Tzu/reinvent_integration/priors/mol2mol_scaffold_generic.prior has invalid hash:
{ 'comments': [],
  'creation_date': 0,
  'date_format': 'UNIX epoch',
  'hash_id': '2e9b50a81011b9dcae60e555a73a6144',
  'hash_id_format': 'xxhash.xxh3_128_hex 3.4.1',
  'model_id': 'dbe73d69456f42f990b955233dc7f514',
  'model_id_format': 'uuid.uuid4 3.10.12',
  'origina_data_source': 'ChEMBL 28',
  'updates': []}
19:34:03 <INFO> Number of network parameters: 17,462,400
19:34:03 <INFO> Network architecture:
EncoderDecoder(
  (encoder): Encoder(
    (layers): ModuleList(
      (0-5): 6 x EncoderLayer(
        (self_attn): MultiHeadedAttention(
          (linears): ModuleList(
            (0-3): 4 x Linear(in_features=256, out_features=256, bias=True)
          )
          (dropout): Dropout(p=0.1, inplace=False)
        )
        (feed_forward): PositionwiseFeedForward(
          (w_1): Linear(in_features=256, out_features=2048, bias=True)
          (w_2): Linear(in_features=2048, out_features=256, bias=True)
          (dropout): Dropout(p=0.1, inplace=False)
        )
        (sublayer): ModuleList(
          (0-1): 2 x SublayerConnection(
            (norm): LayerNorm()
            (dropout): Dropout(p=0.1, inplace=False)
          )
        )
      )
    )
    (norm): LayerNorm()
  )
  (decoder): Decoder(
    (layers): ModuleList(
      (0-5): 6 x DecoderLayer(
        (self_attn): MultiHeadedAttention(
          (linears): ModuleList(
            (0-3): 4 x Linear(in_features=256, out_features=256, bias=True)
          )
          (dropout): Dropout(p=0.1, inplace=False)
        )
        (src_attn): MultiHeadedAttention(
          (linears): ModuleList(
            (0-3): 4 x Linear(in_features=256, out_features=256, bias=True)
          )
          (dropout): Dropout(p=0.1, inplace=False)
        )
        (feed_forward): PositionwiseFeedForward(
          (w_1): Linear(in_features=256, out_features=2048, bias=True)
          (w_2): Linear(in_features=2048, out_features=256, bias=True)
          (dropout): Dropout(p=0.1, inplace=False)
        )
        (sublayer): ModuleList(
          (0-2): 3 x SublayerConnection(
            (norm): LayerNorm()
            (dropout): Dropout(p=0.1, inplace=False)
          )
        )
      )
    )
    (norm): LayerNorm()
  )
  (src_embed): Sequential(
    (0): Embeddings(
      (lut): Embedding(128, 256)
    )
    (1): PositionalEncoding(
      (dropout): Dropout(p=0.1, inplace=False)
    )
  )
  (tgt_embed): Sequential(
    (0): Embeddings(
      (lut): Embedding(128, 256)
    )
    (1): PositionalEncoding(
      (dropout): Dropout(p=0.1, inplace=False)
    )
  )
  (generator): Generator(
    (proj): Linear(in_features=256, out_features=128, bias=True)
  )
)
19:34:03 <INFO> Using generator Mol2Mol
19:34:03 <INFO> Prior read from reinvent_integration/priors/mol2mol_scaffold_generic.prior
19:34:03 <INFO> Agent read from reinvent_integration/priors/mol2mol_scaffold_generic.prior
19:34:03 <INFO> Input molecules/fragments read from file reinvent_integration/data/series_ce_unique.smi
19:34:03 <INFO> Using reward strategy dap
19:34:03 <INFO> Using diversity filter IdenticalMurckoScaffold
19:34:03 <INFO> Purging diversity filter memories after each stage
19:34:03 <ERRO> Component reinvent_plugins.components.OpenEye.comp_rocs could not be imported: No module named 'openeye'
19:34:03 <INFO> Registered scoring component GroupCount
19:34:03 <INFO> Registered scoring component FragmentQed
19:34:03 <INFO> Registered scoring component FragmentSlogP
19:34:03 <INFO> Registered scoring component FragmentMolecularWeight
19:34:03 <INFO> Registered scoring component FragmentTPSA
19:34:03 <INFO> Registered scoring component FragmentDistanceMatrix
19:34:03 <INFO> Registered scoring component FragmentNumAtomStereoCenters
19:34:03 <INFO> Registered scoring component FragmentHBondAcceptors
19:34:03 <INFO> Registered scoring component FragmentHBondDonors
19:34:03 <INFO> Registered scoring component FragmentNumRotBond
19:34:03 <INFO> Registered scoring component FragmentCsp3
19:34:03 <INFO> Registered scoring component Fragmentnumsp
19:34:03 <INFO> Registered scoring component Fragmentnumsp2
19:34:03 <INFO> Registered scoring component Fragmentnumsp3
19:34:03 <INFO> Registered scoring component FragmentEffectiveLength
19:34:03 <INFO> Registered scoring component FragmentGraphLength
19:34:03 <INFO> Registered scoring component FragmentLengthRatio
19:34:03 <INFO> Registered scoring component FragmentNumHeavyAtoms
19:34:03 <INFO> Registered scoring component FragmentNumHeteroAtoms
19:34:03 <INFO> Registered scoring component FragmentNumRings
19:34:03 <INFO> Registered scoring component FragmentNumAromaticRings
19:34:03 <INFO> Registered scoring component FragmentNumAliphaticRings
19:34:03 <INFO> Registered scoring component FragmentSlogP
19:34:03 <INFO> Registered scoring component MatchingSubstructure
19:34:03 <INFO> Registered scoring component MolVolume
19:34:03 <INFO> Registered scoring component Qed
19:34:03 <INFO> Registered scoring component LargestRingSize
19:34:03 <INFO> Registered scoring component MolecularWeight
19:34:03 <INFO> Registered scoring component GraphLength
19:34:03 <INFO> Registered scoring component NumAtomStereoCenters
19:34:03 <INFO> Registered scoring component HBondAcceptors
19:34:03 <INFO> Registered scoring component HBondDonors
19:34:03 <INFO> Registered scoring component NumRotBond
19:34:03 <INFO> Registered scoring component Csp3
19:34:03 <INFO> Registered scoring component numsp
19:34:03 <INFO> Registered scoring component numsp2
19:34:03 <INFO> Registered scoring component numsp3
19:34:03 <INFO> Registered scoring component NumHeavyAtoms
19:34:03 <INFO> Registered scoring component NumHeteroAtoms
19:34:03 <INFO> Registered scoring component NumRings
19:34:03 <INFO> Registered scoring component NumAromaticRings
19:34:03 <INFO> Registered scoring component NumAliphaticRings
19:34:03 <INFO> Registered scoring component SlogP
19:34:03 <INFO> Registered scoring component LargestRingSize
19:34:03 <INFO> Registered scoring component PMI
19:34:03 <INFO> Registered scoring component RDKitDescriptors
19:34:03 <INFO> Registered scoring component TanimotoSimilarity
19:34:03 <INFO> Registered scoring component TanimotoDistance
19:34:03 <INFO> Registered scoring component TPSA
19:34:03 <INFO> Registered scoring component SAScore
19:34:03 <INFO> Registered scoring component ChemProp
19:34:03 <INFO> Registered scoring component CustomAlerts
19:34:03 <INFO> Registered scoring component DockStream
19:34:03 <INFO> Registered scoring component ExternalProcess
19:34:03 <INFO> Registered scoring component REST
19:34:03 <INFO> Registered scoring component Icolos
19:34:03 <INFO> Registered scoring component MMP
19:34:03 <INFO> Registered scoring component Qptuna
19:34:03 <INFO> Registered scoring component ReactionFilter
19:34:03 <INFO> Registered scoring component RingPrecedence
19:34:03 <INFO> Registered scoring component Maize
19:34:03 <INFO> Registered scoring component SynthSense
19:34:03 <INFO> Registered scoring component CAZP
19:34:03 <INFO> Creating scoring component ExternalProcess
19:34:03 <INFO> Writing tabular data for stage to mol2mol_scaffold_generic_rl_adme_1.csv
19:34:03 <INFO> Starting stage 1 <<<
19:34:03 <INFO> Current GPU memory usage: 2817 MiB used, 45583 MiB free
19:34:06 <INFO> Sampled SMILES CC(C)#Cc1cncc(N2CCC3(CN(C(=O)CCc4c[nH]c5ccccc45)C3)C2)c1 failed to sanitize.
19:34:44 <INFO> Score: 0.47 Agent NLL: 5.72 Valid:  98% Step: 1
 | Agent Prior Target Score SMILES SMILES_state Input_SMILES Scaffold MOL2MOL SCAFFOLD GENERIC_RL_ADME MOL2MOL SCAFFOLD GENERIC_RL_ADME (raw) pred_admet_logP (MOL2MOL SCAFFOLD GENERIC_RL_ADME) pred_pic50_uncertainty (MOL2MOL SCAFFOLD GENERIC_RL_ADME) pred_log_ic50_uM (MOL2MOL SCAFFOLD GENERIC_RL_ADME) pred_pic50 (MOL2MOL SCAFFOLD GENERIC_RL_ADME) qsar_score (MOL2MOL SCAFFOLD GENERIC_RL_ADME) pred_MetStab_Clearance_Hepatocyte_AZ (MOL2MOL SCAFFOLD GENERIC_RL_ADME) solubility_ensemble_score (MOL2MOL SCAFFOLD GENERIC_RL_ADME) pred_qikprop_status (MOL2MOL SCAFFOLD GENERIC_RL_ADME) pred_MetStab_Half_Life_Obach (MOL2MOL SCAFFOLD GENERIC_RL_ADME) pred_cLogP (MOL2MOL SCAFFOLD GENERIC_RL_ADME) pred_qikprop_logS (MOL2MOL SCAFFOLD GENERIC_RL_ADME) solubility_uncertainty (MOL2MOL SCAFFOLD GENERIC_RL_ADME) clogp_uncertainty (MOL2MOL SCAFFOLD GENERIC_RL_ADME) half_life_score (MOL2MOL SCAFFOLD GENERIC_RL_ADME) hepatocyte_score (MOL2MOL SCAFFOLD GENERIC_RL_ADME) pred_MetStab_Clearance_Microsome_Mouse (MOL2MOL SCAFFOLD GENERIC_RL_ADME) adme3_ensemble_uncertainty (MOL2MOL SCAFFOLD GENERIC_RL_ADME) pred_rdkit_metstab_proxy (MOL2MOL SCAFFOLD GENERIC_RL_ADME) adme3_ensemble_score (MOL2MOL SCAFFOLD GENERIC_RL_ADME) pred_logS_ESOL (MOL2MOL SCAFFOLD GENERIC_RL_ADME) pred_Solubility_ESOL_mol_per_L (MOL2MOL SCAFFOLD GENERIC_RL_ADME) pred_qikprop_cLogP (MOL2MOL SCAFFOLD GENERIC_RL_ADME) pred_MetStab_Clearance_Microsome_AZ (MOL2MOL SCAFFOLD GENERIC_RL_ADME) microsome_score (MOL2MOL SCAFFOLD GENERIC_RL_ADME) pred_MetStab_Clearance_Hepatocyte_Mouse (MOL2MOL SCAFFOLD GENERIC_RL_ADME) pred_MetStab_Clearance_Hepatocyte_Human (MOL2MOL SCAFFOLD GENERIC_RL_ADME) pred_MetStab_Half_Life_Human (MOL2MOL SCAFFOLD GENERIC_RL_ADME) pred_MetStab_Half_Life_Mouse (MOL2MOL SCAFFOLD GENERIC_RL_ADME) disallowed_smarts (MOL2MOL SCAFFOLD GENERIC_RL_ADME) pred_qikprop_metab_sites (MOL2MOL SCAFFOLD GENERIC_RL_ADME) pred_rdkit_logS_proxy (MOL2MOL SCAFFOLD GENERIC_RL_ADME) pred_rdkit_cLogP (MOL2MOL SCAFFOLD GENERIC_RL_ADME) metstab_uncertainty (MOL2MOL SCAFFOLD GENERIC_RL_ADME) metstab_ensemble_score (MOL2MOL SCAFFOLD GENERIC_RL_ADME) pred_MetStab_Clearance_Microsome_Human (MOL2MOL SCAFFOLD GENERIC_RL_ADME) clogp_ensemble_score (MOL2MOL SCAFFOLD GENERIC_RL_ADME)
 | 4.8997 4.8997 28.8257 0.5269605 Brc1cccc(C#Cc2cncc(N3CCC4(CCNC4)C3)c2)c1 1 CC(C)(C)OC(=O)N1CC2(CCN(c3cncc(C#Cc4ccccc4)c3)C2)C1 C(#Cc1cncc(N2CCC3(CCNC3)C2)c1)c1ccccc1 0.5269605 0.5270 3.4337000000000018 0.12198169940647144 1.2567209994372917 4.743279000562708 0.0970006636934368 -0.3905174136161804 0.2832126336945806 ok 97.15852355957031 3.4337000000000018 -6.55 0.38616504988955386 0.22884930597871542 0.9992116781226484 0.999677489319375 1000000.0 0.28024918081418615 46.42644999999998 0.5269605325601735 -5.023669063888673 9.469584769688254e-06 4.896 -17.57792854309082 0.9998427934595954 1000000.0 1000000.0 0.0 0.0 0 0.0 -7.591715000000004 3.4337000000000018 0.22573318657428923 0.7009805679238159 1000000.0 0.414567544248866
 | 3.7397 3.7397 28.3959 0.5021186 C#Cc1cncc(N2CCC3(CN(C(=O)CCc4c[nH]c5ccccc45)C3)C2)c1 1 CCCCCCC#Cc1cncc(N2CCC3(CN(C(=O)CCc4c[nH]c5ccccc45)C3)C2)c1 O=C(CCc1c[nH]c2ccccc12)N1CC2(CCN(c3cccnc3)C2)C1 0.5021186 0.5021 3.215700000000002 0.24221258402371817 0.7742571627954857 5.225742837204514 0.42527670989905114 58.77592086791992 0.2734406783271418 ok 26.96963882446289 3.215700000000002 -6.751 0.3990123978417311 0.2732478780302444 0.1639954808716514 0.8930621082154749 1000000.0 0.2697595679104506 47.34984999999999 0.5021186124828814 -4.873383657038881 1.3384937356384682e-05 4.461 54.8907585144043 0.8191981252332519 1000000.0 1000000.0 0.0 0.0 0 0.0 -7.425741000000002 3.215700000000002 0.13701842785937612 0.6131207045635128 1000000.0 0.5336052942186104
 | 2.4378 2.4378 -2.4378 0.0000000 C#Cc1cncc(N2CCC3(CN(C(=O)CCc4c[nH]c5ccccc45)C3)C2)c1 2 CCCCCCC#Cc1cncc(N2CCC3(CN(C(=O)CCc4c[nH]c5ccccc45)C3)C2)c1 O=C(CCc1c[nH]c2ccccc12)N1CC2(CCN(c3cccnc3)C2)C1 0.0000000 0.5021 3.215700000000002 0.24221258402371817 0.7742571627954857 5.225742837204514 0.42527670989905114 58.77592086791992 0.2734406783271418 ok 26.96963882446289 3.215700000000002 -6.751 0.3990123978417311 0.2732478780302444 0.1639954808716514 0.8930621082154749 1000000.0 0.2697595679104506 47.34984999999999 0.5021186124828814 -4.873383657038881 1.3384937356384682e-05 4.461 54.8907585144043 0.8191981252332519 1000000.0 1000000.0 0.0 0.0 0 0.0 -7.425741000000002 3.215700000000002 0.13701842785937612 0.6131207045635128 1000000.0 0.5336052942186104
 | 3.5691 3.5691 37.1002 0.6354581 C#Cc1cncc(N2CCC3(CN(C(=O)c4ccc5c(c4)OCO5)C3)C2)c1 1 CCCCCCC#Cc1cncc(N2CCC3(CN(C(=O)c4ccc5c(c4)OCO5)C3)C2)c1 O=C(c1ccc2c(c1)OCO2)N1CC2(CCN(c3cccnc3)C2)C1 0.6354581 0.6355 2.1441 0.2571940926351799 0.8738632667838406 5.12613673321616 0.3319068911398065 56.10248565673828 0.42781285023821897 partial 6.5138373374938965 2.1441 -999.0 0.4035112446598222 0.0 0.014982591815088332 0.9160424532221334 1000000.0 0.15573836116294906 58.10725000000001 0.6354580722824752 -3.9018176751591365 0.00012536673771874432 999.0 46.988826751708984 0.9089695330782707 1000000.0 1000000.0 0.0 0.0 0 999.0 -6.551367000000002 2.1441 0.06370383882902504 0.6243195984023605 1000000.0 0.943738571377172
 | 3.3520 3.3520 40.8400 0.6904997 C(#Cc1cncc(N2CCC3(CCNC3)C2)c1)c1ccccc1 1 CC(C)(C)OC(=O)N1CC2(CCN(c3cncc(C#Cc4ccccc4)c3)C2)C1 C(#Cc1cncc(N2CCC3(CCNC3)C2)c1)c1ccccc1 0.6904997 0.6905 2.6712000000000007 0.29186970712176413 1.2327764304986477 4.767223569501352 0.105719916188486 11.819174766540527 0.5444535935838831 partial 50.86868667602539 2.6712000000000007 -999.0 0.32083926775964416 1.1102230246251565e-16 0.7955297626370776 0.9989073788468867 1000000.0 0.16502859067898462 52.14519999999999 0.6904996938786373 -3.945599891770902 0.00011334441054328725 999.0 -14.596506118774414 0.9997881987950067 1000000.0 1000000.0 0.0 0.0 0 999.0 -6.225588 2.6712000000000007 0.1742465042773096 0.6948626563725043 1000000.0 0.9067024448637703
 | 3.0289 3.0289 43.7251 0.7305308 C(#Cc1cncc(N2CCC3(CNC3)C2)c1)c1ccccc1 1 C(#Cc1cncc(N2CCC3(CNC3)C2)c1)c1ccccc1 C(#Cc1cncc(N2CCC3(CNC3)C2)c1)c1ccccc1 0.7305308 0.7305 2.2811000000000003 0.3983372826683081 1.2327764304986477 4.767223569501352 0.105719916188486 13.974947929382324 0.7204479296818441 partial 35.81877517700195 2.2811000000000003 -999.0 0.19843520089242536 0.0 0.3722320590713476 0.998644874557598 1000000.0 0.09647184551703551 55.070949999999996 0.7305308233738002 -3.5736085790518586 0.0002669263334483793 999.0 -10.38860034942627 0.9996774275060265 1000000.0 1000000.0 0.0 0.0 0 999.0 -5.842708999999999 2.2811000000000003 0.09098033565868115 0.6723366531373346 1000000.0 0.9458554991703371
 | 7.6920 7.6920 22.0888 0.4653252 C/C=C/c1cncc(N2CCC3(CN(C(=O)c4ccc5c(c4)OCO5)C3)C2)c1 1 CCCCCCC#Cc1cncc(N2CCC3(CN(C(=O)c4cc5c(cc4[N+](=O)[O-])OCO5)C3)C2)c1 O=C(c1ccc2c(c1)OCO2)N1CC2(CCN(c3cccnc3)C2)C1 0.4653252 0.4653 3.1959000000000017 0.2262779513280713 0.7845766600619155 5.215423339938084 0.4152201378271634 77.08380889892578 0.3356308111892305 partial -3.249063491821289 3.1959000000000017 -999.0 0.4489042510130539 1.1102230246251565e-16 0.004468905044157651 0.5723924716055161 1000000.0 0.1920965451502823 49.01874999999998 0.46532521892401757 -4.777799498403383 1.6680171115920556e-05 999.0 75.71440124511719 0.3609045900857379 1000000.0 1000000.0 0.0 0.0 0 999.0 -7.322373000000003 3.1959000000000017 0.1273853844377929 0.44892446808981684 1000000.0 0.7031825671122057
 | 6.1964 6.1964 -6.1964 0.0000000 C/C=C/c1cncc(N2CCC3(CN(C(=O)c4ccc5c(c4)OCO5)C3)C2)c1 2 CCCCCCC#Cc1cncc(N2CCC3(CN(C(=O)c4ccc5c(c4)OCO5)C3)C2)c1 O=C(c1ccc2c(c1)OCO2)N1CC2(CCN(c3cccnc3)C2)C1 0.0000000 0.4653 3.1959000000000017 0.2262779513280713 0.7845766600619155 5.215423339938084 0.4152201378271634 77.08380889892578 0.3356308111892305 partial -3.249063491821289 3.1959000000000017 -999.0 0.4489042510130539 1.1102230246251565e-16 0.004468905044157651 0.5723924716055161 1000000.0 0.1920965451502823 49.01874999999998 0.46532521892401757 -4.777799498403383 1.6680171115920556e-05 999.0 75.71440124511719 0.3609045900857379 1000000.0 1000000.0 0.0 0.0 0 999.0 -7.322373000000003 3.1959000000000017 0.1273853844377929 0.44892446808981684 1000000.0 0.7031825671122057
 | 5.9832 5.9832 30.2677 0.5664193 C=Cc1cncc(N2CCC3(CN(C(=O)c4ccc5c(c4)OCO5)C3)C2)c1 1 CCCCCCC#Cc1cncc(N2CCC3(CN(C(=O)c4ccc5c(c4)OCO5)C3)C2)c1 O=C(c1ccc2c(c1)OCO2)N1CC2(CCN(c3cccnc3)C2)C1 0.5664193 0.5664 2.8058000000000014 0.22590136497460578 0.7845766600619155 5.215423339938084 0.4152201378271634 62.18096923828125 0.36483337455564 partial -4.477818489074707 2.8058000000000014 -999.0 0.44194095214896184 0.0 0.0038350617385698523 0.8559316982264389 1000000.0 0.16990903280645783 51.94449999999999 0.5664193302595085 -4.402465375561268 3.958536232914329e-05 999.0 57.79542922973633 0.772143976490425 1000000.0 1000000.0 0.0 0.0 0 999.0 -6.939494000000003 2.8058000000000014 0.0677861462704116 0.5525856042117196 1000000.0 0.8740249184652847
 | 6.8315 6.8315 31.5909 0.6003500 CC#Cc1cncc(N2CCC3(CN(C(=O)c4ccc5c(c4)OCO5)C3)C2)c1 1 CCCCCCC#Cc1cncc(N2CCC3(CN(C(=O)c4ccc5c(c4)OCO5)C3)C2)c1 O=C(c1ccc2c(c1)OCO2)N1CC2(CCN(c3cccnc3)C2)C1 0.6003500 0.6004 2.5342000000000002 0.2597488803933016 0.7845766600619155 5.215423339938084 0.4152201378271634 59.67961502075195 0.36635845626680125 partial 21.771434783935547 2.5342000000000002 -999.0 0.44304296067713317 1.1102230246251565e-16 0.09291334914640219 0.8841200892144782 1000000.0 0.17048308282731547 55.1815 0.6003500172787178 -4.277151798001253 5.282605777373065e-05 999.0 55.42755889892578 0.8111108066852342 1000000.0 1000000.0 0.0 0.0 0 999.0 -6.934246000000003 2.5342000000000002 0.0684062878048131 0.5924814556881978 1000000.0 0.9288492865672057
19:34:46 <INFO> Sampled SMILES COc1ccc(Cn2cc(N3CCC4(CC3)CN(C(=O)c3ccc(C)c(C)c3)C4)cnc2C)cc1 failed to sanitize.
19:35:16 <INFO> Score: 0.35 Agent NLL: 5.73 Valid:  98% Step: 2
 | Agent Prior Target Score SMILES SMILES_state Input_SMILES Scaffold MOL2MOL SCAFFOLD GENERIC_RL_ADME MOL2MOL SCAFFOLD GENERIC_RL_ADME (raw) pred_admet_logP (MOL2MOL SCAFFOLD GENERIC_RL_ADME) pred_pic50_uncertainty (MOL2MOL SCAFFOLD GENERIC_RL_ADME) pred_log_ic50_uM (MOL2MOL SCAFFOLD GENERIC_RL_ADME) pred_pic50 (MOL2MOL SCAFFOLD GENERIC_RL_ADME) qsar_score (MOL2MOL SCAFFOLD GENERIC_RL_ADME) pred_MetStab_Clearance_Hepatocyte_AZ (MOL2MOL SCAFFOLD GENERIC_RL_ADME) solubility_ensemble_score (MOL2MOL SCAFFOLD GENERIC_RL_ADME) pred_qikprop_status (MOL2MOL SCAFFOLD GENERIC_RL_ADME) pred_MetStab_Half_Life_Obach (MOL2MOL SCAFFOLD GENERIC_RL_ADME) pred_cLogP (MOL2MOL SCAFFOLD GENERIC_RL_ADME) pred_qikprop_logS (MOL2MOL SCAFFOLD GENERIC_RL_ADME) solubility_uncertainty (MOL2MOL SCAFFOLD GENERIC_RL_ADME) clogp_uncertainty (MOL2MOL SCAFFOLD GENERIC_RL_ADME) half_life_score (MOL2MOL SCAFFOLD GENERIC_RL_ADME) hepatocyte_score (MOL2MOL SCAFFOLD GENERIC_RL_ADME) pred_MetStab_Clearance_Microsome_Mouse (MOL2MOL SCAFFOLD GENERIC_RL_ADME) adme3_ensemble_uncertainty (MOL2MOL SCAFFOLD GENERIC_RL_ADME) pred_rdkit_metstab_proxy (MOL2MOL SCAFFOLD GENERIC_RL_ADME) adme3_ensemble_score (MOL2MOL SCAFFOLD GENERIC_RL_ADME) pred_logS_ESOL (MOL2MOL SCAFFOLD GENERIC_RL_ADME) pred_Solubility_ESOL_mol_per_L (MOL2MOL SCAFFOLD GENERIC_RL_ADME) pred_qikprop_cLogP (MOL2MOL SCAFFOLD GENERIC_RL_ADME) pred_MetStab_Clearance_Microsome_AZ (MOL2MOL SCAFFOLD GENERIC_RL_ADME) microsome_score (MOL2MOL SCAFFOLD GENERIC_RL_ADME) pred_MetStab_Clearance_Hepatocyte_Mouse (MOL2MOL SCAFFOLD GENERIC_RL_ADME) pred_MetStab_Clearance_Hepatocyte_Human (MOL2MOL SCAFFOLD GENERIC_RL_ADME) pred_MetStab_Half_Life_Human (MOL2MOL SCAFFOLD GENERIC_RL_ADME) pred_MetStab_Half_Life_Mouse (MOL2MOL SCAFFOLD GENERIC_RL_ADME) disallowed_smarts (MOL2MOL SCAFFOLD GENERIC_RL_ADME) pred_qikprop_metab_sites (MOL2MOL SCAFFOLD GENERIC_RL_ADME) pred_rdkit_logS_proxy (MOL2MOL SCAFFOLD GENERIC_RL_ADME) pred_rdkit_cLogP (MOL2MOL SCAFFOLD GENERIC_RL_ADME) metstab_uncertainty (MOL2MOL SCAFFOLD GENERIC_RL_ADME) metstab_ensemble_score (MOL2MOL SCAFFOLD GENERIC_RL_ADME) pred_MetStab_Clearance_Microsome_Human (MOL2MOL SCAFFOLD GENERIC_RL_ADME) clogp_ensemble_score (MOL2MOL SCAFFOLD GENERIC_RL_ADME)
 | 7.5695 8.0076 41.5616 0.7745190 Brc1ccc(N2CCC3(CC2)CNC3)cn1 1 CC(C)(C)OC(=O)N1CC2(CCN(c3cccc(Br)n3)C2)C1 c1cncc(N2CCC3(CC2)CNC3)c1 0.7745190 0.7745 2.0339 0.449668294534044 1.470459312595742 4.529540687404258 0.043690235434404645 -9.244535446166992 0.861466586426066 ok 20.205398559570312 2.0339 -3.08 0.13925705107683997 0.003754801557940741 0.07767779555045375 0.9998669235296512 1000000.0 0.07486367689754878 56.924949999999995 0.7745189649728494 -3.270010671290697 0.0005370186008261133 2.324 -22.544044494628906 0.9999043198915358 1000000.0 1000000.0 0.0 0.0 0 0.0 -5.620384999999999 2.0339 0.0815791780578656 0.6958430700989807 1000000.0 0.9384230313782478
 | 3.0168 3.7397 -3.7397 0.0000000 C#Cc1cncc(N2CCC3(CN(C(=O)CCc4c[nH]c5ccccc45)C3)C2)c1 1 CCCCCCC#Cc1cncc(N2CCC3(CN(C(=O)CCc4c[nH]c5ccccc45)C3)C2)c1 O=C(CCc1c[nH]c2ccccc12)N1CC2(CCN(c3cccnc3)C2)C1 0.5021186 0.5021 3.215700000000002 0.24221258402371817 0.7742571627954857 5.225742837204514 0.42527670989905114 58.77592086791992 0.2734406783271418 ok 26.96963882446289 3.215700000000002 -6.751 0.3990123978417311 0.2732478780302444 0.1639954808716514 0.8930621082154749 1000000.0 0.2697595679104506 47.34984999999999 0.5021186124828814 -4.873383657038881 1.3384937356384682e-05 4.461 54.8907585144043 0.8191981252332519 1000000.0 1000000.0 0.0 0.0 0 0.0 -7.425741000000002 3.215700000000002 0.13701842785937612 0.6131207045635128 1000000.0 0.5336052942186104
 | 3.2332 2.4378 -2.4378 0.0000000 C#Cc1cncc(N2CCC3(CN(C(=O)CCc4c[nH]c5ccccc45)C3)C2)c1 2 CCCCCCC#Cc1cncc(N2CCC3(CN(C(=O)CCc4c[nH]c5ccccc45)C3)C2)c1 O=C(CCc1c[nH]c2ccccc12)N1CC2(CCN(c3cccnc3)C2)C1 0.0000000 0.5021 3.215700000000002 0.24221258402371817 0.7742571627954857 5.225742837204514 0.42527670989905114 58.77592086791992 0.2734406783271418 ok 26.96963882446289 3.215700000000002 -6.751 0.3990123978417311 0.2732478780302444 0.1639954808716514 0.8930621082154749 1000000.0 0.2697595679104506 47.34984999999999 0.5021186124828814 -4.873383657038881 1.3384937356384682e-05 4.461 54.8907585144043 0.8191981252332519 1000000.0 1000000.0 0.0 0.0 0 0.0 -7.425741000000002 3.215700000000002 0.13701842785937612 0.6131207045635128 1000000.0 0.5336052942186104
 | 3.7075 3.3520 -3.3520 0.0000000 C(#Cc1cncc(N2CCC3(CCNC3)C2)c1)c1ccccc1 1 CC(C)(C)OC(=O)N1CC2(CCN(c3cncc(C#Cc4ccccc4)c3)C2)C1 C(#Cc1cncc(N2CCC3(CCNC3)C2)c1)c1ccccc1 0.6904997 0.6905 2.6712000000000007 0.29186970712176413 1.2327764304986477 4.767223569501352 0.105719916188486 11.819174766540527 0.5444535935838831 partial 50.86868667602539 2.6712000000000007 -999.0 0.32083926775964416 1.1102230246251565e-16 0.7955297626370776 0.9989073788468867 1000000.0 0.16502859067898462 52.14519999999999 0.6904996938786373 -3.945599891770902 0.00011334441054328725 999.0 -14.596506118774414 0.9997881987950067 1000000.0 1000000.0 0.0 0.0 0 999.0 -6.225588 2.6712000000000007 0.1742465042773096 0.6948626563725043 1000000.0 0.9067024448637703
 | 3.1774 3.0289 -3.0289 0.0000000 C(#Cc1cncc(N2CCC3(CNC3)C2)c1)c1ccccc1 1 C(#Cc1cncc(N2CCC3(CNC3)C2)c1)c1ccccc1 C(#Cc1cncc(N2CCC3(CNC3)C2)c1)c1ccccc1 0.7305308 0.7305 2.2811000000000003 0.3983372826683081 1.2327764304986477 4.767223569501352 0.105719916188486 13.974947929382324 0.7204479296818441 partial 35.81877517700195 2.2811000000000003 -999.0 0.19843520089242536 0.0 0.3722320590713476 0.998644874557598 1000000.0 0.09647184551703551 55.070949999999996 0.7305308233738002 -3.5736085790518586 0.0002669263334483793 999.0 -10.38860034942627 0.9996774275060265 1000000.0 1000000.0 0.0 0.0 0 999.0 -5.842708999999999 2.2811000000000003 0.09098033565868115 0.6723366531373346 1000000.0 0.9458554991703371
 | 15.1539 14.8864 6.5596 0.3350949 C=CCC1CN(C(=O)c2ccc3c(c2)OCO3)CC12CCN(c1ccc(C(C)=O)cc1)C2 1 CCCCCCC#Cc1cncc(N2CCC3(CN(C(=O)c4ccc5c(c4)OCO5)C3)C2)c1 O=C(c1ccc2c(c1)OCO2)N1CCC2(CCN(c3ccccc3)C2)C1 0.3350949 0.3351 4.162700000000004 0.5828508805987046 0.6209932399408353 5.3790067600591644 0.5773506796392898 77.46980285644531 0.19056894026382032 ok 10.854874610900879 4.162700000000004 -6.631 0.25424246803993933 0.06295341169117115 0.025502619124303447 0.5629196154204542 1000000.0 0.1799066124397064 39.86934999999997 0.3350948620013996 -5.829378366249429 1.481227047490748e-06 3.837 85.93894958496094 0.16883660902219608 1000000.0 1000000.0 0.0 0.0 0 0.0 -8.502485000000005 4.162700000000004 0.22252395758800878 0.4685223322719846 1000000.0 0.16718463775782216
 | 3.2171 4.2924 -4.2924 0.0000000 CC#Cc1cncc(N2CCC3(CN(C(=O)CCc4c[nH]c5ccccc45)C3)C2)c1 1 CCCCCCC#Cc1cncc(N2CCC3(CN(C(=O)CCc4c[nH]c5ccccc45)C3)C2)c1 O=C(CCc1c[nH]c2ccccc12)N1CC2(CCN(c3cccnc3)C2)C1 0.4569042 0.4569 3.605800000000002 0.2344133531846642 0.7742571627954857 5.225742837204514 0.42527670989905114 59.48502731323242 0.2316385262090684 ok 44.256282806396484 3.605800000000002 -7.332 0.38334449891952893 0.1740698598585906 0.6299576999891311 0.8860988219849331 1000000.0 0.24100024143142776 44.42409999999999 0.4569041876142288 -5.248134517149176 5.6476201992188115e-06 4.816 62.17327880859375 0.6862557308517583 1000000.0 1000000.0 0.0 0.0 0 0.0 -7.808620000000002 3.605800000000002 0.16558636551616376 0.621112653562147 1000000.0 0.324251366012653
 | 2.8428 2.3211 -2.3211 0.0000000 CC#Cc1cncc(N2CCC3(CN(C(=O)CCc4c[nH]c5ccccc45)C3)C2)c1 2 CCCCCCC#Cc1cncc(N2CCC3(CN(C(=O)CCc4c[nH]c5ccccc45)C3)C2)c1 O=C(CCc1c[nH]c2ccccc12)N1CC2(CCN(c3cccnc3)C2)C1 0.0000000 0.4569 3.605800000000002 0.2344133531846642 0.7742571627954857 5.225742837204514 0.42527670989905114 59.48502731323242 0.2316385262090684 ok 44.256282806396484 3.605800000000002 -7.332 0.38334449891952893 0.1740698598585906 0.6299576999891311 0.8860988219849331 1000000.0 0.24100024143142776 44.42409999999999 0.4569041876142288 -5.248134517149176 5.6476201992188115e-06 4.816 62.17327880859375 0.6862557308517583 1000000.0 1000000.0 0.0 0.0 0 0.0 -7.808620000000002 3.605800000000002 0.16558636551616376 0.621112653562147 1000000.0 0.324251366012653
 | 4.6409 4.4759 -4.4759 0.0000000 CC#Cc1cncc(N2CCC3(CN(C(=O)c4ccc5c(c4)OCO5)C3)C2)c1 1 CCCCCCC#Cc1cncc(N2CCC3(CN(C(=O)c4ccc5c(c4)OCO5)C3)C2)c1 O=C(c1ccc2c(c1)OCO2)N1CC2(CCN(c3cccnc3)C2)C1 0.6003500 0.6004 2.5342000000000002 0.2597488803933016 0.7845766600619155 5.215423339938084 0.4152201378271634 59.67961502075195 0.36635845626680125 partial 21.771434783935547 2.5342000000000002 -999.0 0.44304296067713317 1.1102230246251565e-16 0.09291334914640219 0.8841200892144782 1000000.0 0.17048308282731547 55.1815 0.6003500172787178 -4.277151798001253 5.282605777373065e-05 999.0 55.42755889892578 0.8111108066852342 1000000.0 1000000.0 0.0 0.0 0 999.0 -6.934246000000003 2.5342000000000002 0.0684062878048131 0.5924814556881978 1000000.0 0.9288492865672057
 | 4.4512 4.7636 43.4943 0.7540304 CC(=O)N1CC2(CCN(c3cc(C#N)ccn3)C2)C1 1 CC(C)(C)OC(=O)N1CC2(CCN(c3cccc(Br)n3)C2)C1 c1ccc(N2CCC3(CNC3)C2)nc1 0.7540304 0.7540 1.01188 0.5259632771518657 1.399338735395576 4.600661264604424 0.05724452485666164 28.677013397216797 0.9842233483600829 ok -1.6791479587554932 1.01188 -4.311 0.013027935789211144 0.14470555972863416 0.005432581268572629 0.994131664711714 1000000.0 0.0761060888654455 68.43849999999999 0.7540303948936476 -2.3156257837441077 0.00483475216171405 1.596 14.674415588378906 0.9960597318225598 1000000.0 1000000.0 0.0 0.0 0 0.0 -4.651552000000001 1.01188 0.07058477107849118 0.7438515931258609 1000000.0 0.5916152033153437
19:35:16 <INFO> Purging diversity filter memories in stage 1
19:35:16 <WARN> Maximum number of steps of 2 reached in stage 1. Terminating all stages.
19:35:17 <INFO> Peak main memory usage: 2421.805 MiB
19:35:17 <INFO> Finished REINVENT on 2026-03-15
