12:41:09 <INFO> Started REINVENT 4.7.15 (C) AstraZeneca 2017, 2023 on 2026-03-15
12:41:09 <INFO> Command line: /home/nbhatta1/Desktop/qsar-project-Tzu/.venv/bin/reinvent -l reinvent_integration/logs/pepinvent_cl_train_manual.log /tmp/cl_pepinvent_manual.toml
12:41:09 <INFO> Reading run configuration from /tmp/cl_pepinvent_manual.toml using format toml
12:41:09 <INFO> User nbhatta1 on host panacea
12:41:09 <INFO> Python version 3.11.13
12:41:09 <INFO> PyTorch version 2.9.1+cu128, git 5811a8d7da873dd699ff6687092c225caffcf1bb
12:41:09 <INFO> PyTorch compiled with CUDA version 12.8
12:41:09 <INFO> RDKit version 2025.09.6
12:41:09 <INFO> Platform Linux-5.14.0-611.30.1.el9_7.x86_64-x86_64-with-glibc2.34
12:41:09 <INFO> CUDA driver version 590.48.01
12:41:09 <INFO> Number of PyTorch CUDA devices 1
12:41:09 <WARN> 'use_cuda' is deprecated, use 'device' instead
12:41:09 <INFO> Using GPU device:0 NVIDIA RTX PRO 5000 Blackwell
12:41:09 <INFO> GPU memory: 46069 MiB free, 48400 MiB total
12:41:09 <INFO> Starting 1 stage of Reinforcement Learning
12:41:09 <INFO> /home/nbhatta1/Desktop/qsar-project-Tzu/reinvent_integration/priors/pepinvent.prior has valid hash:
{ 'comments': [],
  'creation_date': 1725541195.743921,
  'date_format': 'UNIX epoch',
  'hash_id': 'a919369b798e246545f0b5639aa94869',
  'hash_id_format': 'xxhash.xxh3_128_hex 3.4.1',
  'model_id': 'c2e219b2fd5646a082c919d1cca8b2a3',
  'model_id_format': 'uuid.uuid4 3.10.11',
  'origina_data_source': 'synthetic pilot',
  'updates': []}
12:41:09 <INFO> Number of network parameters: 17,397,035
12:41:09 <INFO> Network architecture:
EncoderDecoder(
  (encoder): Encoder(
    (layers): ModuleList(
      (0-5): 6 x EncoderLayer(
        (self_attn): MultiHeadedAttention(
          (linears): ModuleList(
            (0-3): 4 x Linear(in_features=256, out_features=256, bias=True)
          )
          (dropout): Dropout(p=0.1, inplace=False)
        )
        (feed_forward): PositionwiseFeedForward(
          (w_1): Linear(in_features=256, out_features=2048, bias=True)
          (w_2): Linear(in_features=2048, out_features=256, bias=True)
          (dropout): Dropout(p=0.1, inplace=False)
        )
        (sublayer): ModuleList(
          (0-1): 2 x SublayerConnection(
            (norm): LayerNorm()
            (dropout): Dropout(p=0.1, inplace=False)
          )
        )
      )
    )
    (norm): LayerNorm()
  )
  (decoder): Decoder(
    (layers): ModuleList(
      (0-5): 6 x DecoderLayer(
        (self_attn): MultiHeadedAttention(
          (linears): ModuleList(
            (0-3): 4 x Linear(in_features=256, out_features=256, bias=True)
          )
          (dropout): Dropout(p=0.1, inplace=False)
        )
        (src_attn): MultiHeadedAttention(
          (linears): ModuleList(
            (0-3): 4 x Linear(in_features=256, out_features=256, bias=True)
          )
          (dropout): Dropout(p=0.1, inplace=False)
        )
        (feed_forward): PositionwiseFeedForward(
          (w_1): Linear(in_features=256, out_features=2048, bias=True)
          (w_2): Linear(in_features=2048, out_features=256, bias=True)
          (dropout): Dropout(p=0.1, inplace=False)
        )
        (sublayer): ModuleList(
          (0-2): 3 x SublayerConnection(
            (norm): LayerNorm()
            (dropout): Dropout(p=0.1, inplace=False)
          )
        )
      )
    )
    (norm): LayerNorm()
  )
  (src_embed): Sequential(
    (0): Embeddings(
      (lut): Embedding(43, 256)
    )
    (1): PositionalEncoding(
      (dropout): Dropout(p=0.1, inplace=False)
    )
  )
  (tgt_embed): Sequential(
    (0): Embeddings(
      (lut): Embedding(43, 256)
    )
    (1): PositionalEncoding(
      (dropout): Dropout(p=0.1, inplace=False)
    )
  )
  (generator): Generator(
    (proj): Linear(in_features=256, out_features=43, bias=True)
  )
)
12:41:09 <INFO> /home/nbhatta1/Desktop/qsar-project-Tzu/reinvent_integration/priors/pepinvent.prior has valid hash:
{ 'comments': [],
  'creation_date': 1725541195.743921,
  'date_format': 'UNIX epoch',
  'hash_id': 'a919369b798e246545f0b5639aa94869',
  'hash_id_format': 'xxhash.xxh3_128_hex 3.4.1',
  'model_id': 'c2e219b2fd5646a082c919d1cca8b2a3',
  'model_id_format': 'uuid.uuid4 3.10.11',
  'origina_data_source': 'synthetic pilot',
  'updates': []}
12:41:09 <INFO> Number of network parameters: 17,397,035
12:41:09 <INFO> Network architecture:
EncoderDecoder(
  (encoder): Encoder(
    (layers): ModuleList(
      (0-5): 6 x EncoderLayer(
        (self_attn): MultiHeadedAttention(
          (linears): ModuleList(
            (0-3): 4 x Linear(in_features=256, out_features=256, bias=True)
          )
          (dropout): Dropout(p=0.1, inplace=False)
        )
        (feed_forward): PositionwiseFeedForward(
          (w_1): Linear(in_features=256, out_features=2048, bias=True)
          (w_2): Linear(in_features=2048, out_features=256, bias=True)
          (dropout): Dropout(p=0.1, inplace=False)
        )
        (sublayer): ModuleList(
          (0-1): 2 x SublayerConnection(
            (norm): LayerNorm()
            (dropout): Dropout(p=0.1, inplace=False)
          )
        )
      )
    )
    (norm): LayerNorm()
  )
  (decoder): Decoder(
    (layers): ModuleList(
      (0-5): 6 x DecoderLayer(
        (self_attn): MultiHeadedAttention(
          (linears): ModuleList(
            (0-3): 4 x Linear(in_features=256, out_features=256, bias=True)
          )
          (dropout): Dropout(p=0.1, inplace=False)
        )
        (src_attn): MultiHeadedAttention(
          (linears): ModuleList(
            (0-3): 4 x Linear(in_features=256, out_features=256, bias=True)
          )
          (dropout): Dropout(p=0.1, inplace=False)
        )
        (feed_forward): PositionwiseFeedForward(
          (w_1): Linear(in_features=256, out_features=2048, bias=True)
          (w_2): Linear(in_features=2048, out_features=256, bias=True)
          (dropout): Dropout(p=0.1, inplace=False)
        )
        (sublayer): ModuleList(
          (0-2): 3 x SublayerConnection(
            (norm): LayerNorm()
            (dropout): Dropout(p=0.1, inplace=False)
          )
        )
      )
    )
    (norm): LayerNorm()
  )
  (src_embed): Sequential(
    (0): Embeddings(
      (lut): Embedding(43, 256)
    )
    (1): PositionalEncoding(
      (dropout): Dropout(p=0.1, inplace=False)
    )
  )
  (tgt_embed): Sequential(
    (0): Embeddings(
      (lut): Embedding(43, 256)
    )
    (1): PositionalEncoding(
      (dropout): Dropout(p=0.1, inplace=False)
    )
  )
  (generator): Generator(
    (proj): Linear(in_features=256, out_features=43, bias=True)
  )
)
12:41:09 <INFO> Using generator Pepinvent
12:41:09 <INFO> Prior read from reinvent_integration/priors/pepinvent.prior
12:41:09 <INFO> Agent read from reinvent_integration/priors/pepinvent.prior
12:41:09 <INFO> Input molecules/fragments read from file reinvent_integration/data/series_ce_unique_pepinvent_compatible.smi
12:41:09 <INFO> Using reward strategy dap
12:41:09 <INFO> Using diversity filter IdenticalMurckoScaffold
12:41:09 <INFO> Purging diversity filter memories after each stage
12:41:09 <ERRO> Component reinvent_plugins.components.OpenEye.comp_rocs could not be imported: No module named 'openeye'
12:41:09 <INFO> Registered scoring component GroupCount
12:41:09 <INFO> Registered scoring component FragmentQed
12:41:09 <INFO> Registered scoring component FragmentSlogP
12:41:09 <INFO> Registered scoring component FragmentMolecularWeight
12:41:09 <INFO> Registered scoring component FragmentTPSA
12:41:09 <INFO> Registered scoring component FragmentDistanceMatrix
12:41:09 <INFO> Registered scoring component FragmentNumAtomStereoCenters
12:41:09 <INFO> Registered scoring component FragmentHBondAcceptors
12:41:09 <INFO> Registered scoring component FragmentHBondDonors
12:41:09 <INFO> Registered scoring component FragmentNumRotBond
12:41:09 <INFO> Registered scoring component FragmentCsp3
12:41:09 <INFO> Registered scoring component Fragmentnumsp
12:41:09 <INFO> Registered scoring component Fragmentnumsp2
12:41:09 <INFO> Registered scoring component Fragmentnumsp3
12:41:09 <INFO> Registered scoring component FragmentEffectiveLength
12:41:09 <INFO> Registered scoring component FragmentGraphLength
12:41:09 <INFO> Registered scoring component FragmentLengthRatio
12:41:09 <INFO> Registered scoring component FragmentNumHeavyAtoms
12:41:09 <INFO> Registered scoring component FragmentNumHeteroAtoms
12:41:09 <INFO> Registered scoring component FragmentNumRings
12:41:09 <INFO> Registered scoring component FragmentNumAromaticRings
12:41:09 <INFO> Registered scoring component FragmentNumAliphaticRings
12:41:09 <INFO> Registered scoring component FragmentSlogP
12:41:09 <INFO> Registered scoring component MatchingSubstructure
12:41:09 <INFO> Registered scoring component MolVolume
12:41:09 <INFO> Registered scoring component Qed
12:41:09 <INFO> Registered scoring component LargestRingSize
12:41:09 <INFO> Registered scoring component MolecularWeight
12:41:09 <INFO> Registered scoring component GraphLength
12:41:09 <INFO> Registered scoring component NumAtomStereoCenters
12:41:09 <INFO> Registered scoring component HBondAcceptors
12:41:09 <INFO> Registered scoring component HBondDonors
12:41:09 <INFO> Registered scoring component NumRotBond
12:41:09 <INFO> Registered scoring component Csp3
12:41:09 <INFO> Registered scoring component numsp
12:41:09 <INFO> Registered scoring component numsp2
12:41:09 <INFO> Registered scoring component numsp3
12:41:09 <INFO> Registered scoring component NumHeavyAtoms
12:41:09 <INFO> Registered scoring component NumHeteroAtoms
12:41:09 <INFO> Registered scoring component NumRings
12:41:09 <INFO> Registered scoring component NumAromaticRings
12:41:09 <INFO> Registered scoring component NumAliphaticRings
12:41:09 <INFO> Registered scoring component SlogP
12:41:09 <INFO> Registered scoring component LargestRingSize
12:41:09 <INFO> Registered scoring component PMI
12:41:09 <INFO> Registered scoring component RDKitDescriptors
12:41:09 <INFO> Registered scoring component TanimotoSimilarity
12:41:09 <INFO> Registered scoring component TanimotoDistance
12:41:09 <INFO> Registered scoring component TPSA
12:41:09 <INFO> Registered scoring component SAScore
12:41:10 <INFO> Registered scoring component ChemProp
12:41:10 <INFO> Registered scoring component CustomAlerts
12:41:10 <INFO> Registered scoring component DockStream
12:41:10 <INFO> Registered scoring component ExternalProcess
12:41:10 <INFO> Registered scoring component REST
12:41:10 <INFO> Registered scoring component Icolos
12:41:10 <INFO> Registered scoring component MMP
12:41:10 <INFO> Registered scoring component Qptuna
12:41:10 <INFO> Registered scoring component ReactionFilter
12:41:10 <INFO> Registered scoring component RingPrecedence
12:41:10 <INFO> Registered scoring component Maize
12:41:10 <INFO> Registered scoring component SynthSense
12:41:10 <INFO> Registered scoring component CAZP
12:41:10 <INFO> Creating scoring component ExternalProcess
12:41:10 <INFO> Writing tabular data for stage to pepinvent_cl_adme_1.csv
12:41:10 <INFO> Starting stage 1 <<<
12:41:10 <INFO> Current GPU memory usage: 2576 MiB used, 45824 MiB free
12:41:18 <INFO> Score: 0.01 Agent NLL: 31.19 Valid: 100% Step: 1
 | Agent Prior Target Score SMILES SMILES_state Masked_input_peptide Fillers Scaffold PEPINVENT_CL_Stage1 PEPINVENT_CL_Stage1 (raw) pred_pic50 (PEPINVENT_CL_Stage1) half_life_score (PEPINVENT_CL_Stage1) clogp_score (PEPINVENT_CL_Stage1) solubility_score (PEPINVENT_CL_Stage1) disallowed_smarts (PEPINVENT_CL_Stage1) hepatocyte_score (PEPINVENT_CL_Stage1) pred_MetStab_Clearance_Microsome_AZ (PEPINVENT_CL_Stage1) pred_logS_ESOL (PEPINVENT_CL_Stage1) qsar_score (PEPINVENT_CL_Stage1) microsome_score (PEPINVENT_CL_Stage1) pred_Solubility_ESOL_mol_per_L (PEPINVENT_CL_Stage1) pred_MetStab_Half_Life_Obach (PEPINVENT_CL_Stage1) pred_log_ic50_uM (PEPINVENT_CL_Stage1) pred_MetStab_Clearance_Hepatocyte_AZ (PEPINVENT_CL_Stage1) pred_cLogP (PEPINVENT_CL_Stage1)
 | 30.6877 30.6877 12.3747 0.6728493 C(#Cc1cncc(N2CCC3(CNC3)C2)c1)c1ccccc1 1 C(#Cc1cncc(N2CCC3(CNC3)C2)c1)c1ccccc1  C(#Cc1cncc(N2CCC3(CNC3)C2)c1)c1ccccc1 0.6728493 0.6728 4.767223569937029 0.5255645317118088 0.967793130898912 0.9995861900178276 0 0.9996973120729409 -10.388596534729004 -3.5736085790518586 0.2827004416932904 0.9999280062789065 0.0002669263334483793 35.81877899169922 1.2327764300629709 13.974945068359375 2.2811000000000003
 | 30.5815 30.5815 3.9601 0.5397118 CC(C)(C)OC(=O)N1CC2(CCN(c3cccc(Br)n3)C2)C1 1 CC(C)(C)OC(=O)N1CC2(CCN(c3cccc(Br)n3)C2)C1  c1ccc(N2CCC3(CNC3)C2)nc1 0.5397118 0.5397 4.467082751874544 0.5863824566789243 0.8821164536240208 0.98890739625079 0 0.8794068113773821 86.58716583251953 -4.728387252331348 0.10605665269808154 0.4604039411832989 1.869014831275776e-05 37.79224395751953 1.5329172481254552 75.13175201416016 3.2913000000000023
 | 30.8434 30.8434 3.3510 0.5342886 CC(C)(C)OC(=O)N1CC2(CCN(c3cncc(-c4ccc(F)cc4)c3)C2)C1 1 CC(C)(C)OC(=O)N1CC2(CCN(c3cncc(-c4ccc(F)cc4)c3)C2)C1  c1ccc(-c2cncc(N3CCC4(CNC4)C3)c2)cc1 0.5342886 0.5343 4.883273867488837 0.6325192686285622 0.2774876970979246 0.8595851067043571 0 0.9260833805613996 88.48722076416016 -5.665853103678627 0.3853491610218091 0.4136923484867106 2.158474370827746e-06 39.34431838989258 1.1167261325111626 69.71973419189453 4.334900000000004
 | 30.4067 30.4067 6.2161 0.5722318 CC(C)(C)OC(=O)N1CC2(CCN(c3cncc(Br)c3)C2)C1 1 CC(C)(C)OC(=O)N1CC2(CCN(c3cncc(Br)c3)C2)C1  c1cncc(N2CCC3(CNC3)C2)c1 0.5722318 0.5722 4.56332733808919 0.5117366208487916 0.8821164536240208 0.98890739625079 0 0.9232868605155785 76.27513122558594 -4.728387252331348 0.14846509043318223 0.7052629018493878 1.869014831275776e-05 35.375640869140625 1.4366726619108101 70.12133026123047 3.2913000000000023
 | 30.2454 30.2454 19.6080 0.7789592 CC(C)(C)OC(=O)N1CC2(CCN(c3cncc(C#Cc4ccccc4)c3)C2)C1 1 CC(C)(C)OC(=O)N1CC2(CCN(c3cncc(C#Cc4ccccc4)c3)C2)C1  C(#Cc1cncc(N2CCC3(CNC3)C2)c1)c1ccccc1 0.7789592 0.7790 5.215423340682298 0.9845116361394936 0.5506959316056184 0.9287057627158029 0 0.946876401985668 77.17143249511719 -5.401558237860797 0.703014324892785 0.6862954822390582 3.966813313384535e-06 68.2164535522461 0.7845766593177025 66.19452667236328 3.928600000000003
 | 31.6847 31.6847 -6.1176 0.3994855 CC(C)(C)OC(=O)N1CC2(CCN(c3cncc(N4CC(OCCCc5ccccc5)C4)c3)C2)C1 1 CC(C)(C)OC(=O)N1CC2(CCN(c3cncc(N4CC(OCCCc5ccccc5)C4)c3)C2)C1  c1ccc(CCCOC2CN(c3cncc(N4CCC5(CNC5)C4)c3)C2)cc1 0.3994855 0.3995 4.952616449494378 0.2560694484997735 0.25959209706467995 0.5248633250760147 0 0.7716378702477187 109.72929382324219 -6.2651626113362795 0.452757789229365 0.07777785498748142 5.430469622811789e-07 26.468008041381836 1.0473835505056226 82.82417297363281 4.366800000000004
 | 32.3930 32.3930 11.1636 0.6805711 CCCCCCC#Cc1cncc(N2CCC3(CN(C(=O)c4ccc5c(c4)OCO5)C3)C2)c1 1 CCCCCCC#Cc1cncc(N2CCC3(CN(C(=O)c4ccc5c(c4)OCO5)C3)C2)c1  O=C(c1ccc2c(c1)OCO2)N1CC2(CCN(c3cccnc3)C2)C1 0.6805711 0.6806 5.302380394244547 0.9217862516817206 0.20022055789855497 0.6081453308928584 0 0.897956976242409 80.24114227294922 -6.1461670005744535 0.7702142866585215 0.6167758904064545 7.142216314539585e-07 54.73494338989258 0.6976196057554537 73.25272369384766 4.484700000000004
 | 32.6391 32.6391 3.0890 0.5582507 CCCCCCOC1CN(c2cncc(N3CCC4(CN(C(=O)OC(C)(C)C)C4)C3)c2)C1 1 CCCCCCOC1CN(c2cncc(N3CCC4(CN(C(=O)OC(C)(C)C)C4)C3)c2)C1  c1ncc(N2CCC3(CNC3)C2)cc1N1CCC1 0.5582507 0.5583 5.132039213731495 0.6776554897394794 0.28943933370260194 0.7412859508985714 0 0.751517961838709 111.38011169433594 -5.931567930662753 0.6290531251439008 0.06673179059505699 1.1706634773464518e-06 40.94414520263672 0.8679607862685046 83.93275451660156 4.314300000000004
 | 30.6877 30.6877 -30.6877 0.0000000 C(#Cc1cncc(N2CCC3(CNC3)C2)c1)c1ccccc1 2 C(#Cc1cncc(N2CCC3(CNC3)C2)c1)c1ccccc1  C(#Cc1cncc(N2CCC3(CNC3)C2)c1)c1ccccc1 0.0000000 0.6728 4.767223569937029 0.5255645317118088 0.967793130898912 0.9995861900178276 0 0.9996973120729409 -10.388596534729004 -3.5736085790518586 0.2827004416932904 0.9999280062789065 0.0002669263334483793 35.81877899169922 1.2327764300629709 13.974945068359375 2.2811000000000003
 | 30.5815 30.5815 -30.5815 0.0000000 CC(C)(C)OC(=O)N1CC2(CCN(c3cccc(Br)n3)C2)C1 2 CC(C)(C)OC(=O)N1CC2(CCN(c3cccc(Br)n3)C2)C1  c1ccc(N2CCC3(CNC3)C2)nc1 0.0000000 0.5397 4.467082751874544 0.5863824566789243 0.8821164536240208 0.98890739625079 0 0.8794068113773821 86.58716583251953 -4.728387252331348 0.10605665269808154 0.4604039411832989 1.869014831275776e-05 37.79224395751953 1.5329172481254552 75.13175201416016 3.2913000000000023
12:41:18 <INFO> Purging diversity filter memories in stage 1
12:41:18 <WARN> Maximum number of steps of 1 reached in stage 1. Terminating all stages.
12:41:18 <INFO> Peak main memory usage: 2437.469 MiB
12:41:18 <INFO> Finished REINVENT on 2026-03-15
