22:29:28 <INFO> Started REINVENT 4.7.15 (C) AstraZeneca 2017, 2023 on 2026-03-14
22:29:28 <INFO> Command line: /home/nbhatta1/Desktop/qsar-project-Tzu/.venv/bin/reinvent -l reinvent_integration/logs/reinvent_pubchem_cl_train_strict.log /home/nbhatta1/Desktop/qsar-project-Tzu/reinvent_integration/configs_strict/cl_reinvent_pubchem.toml
22:29:28 <INFO> Reading run configuration from /home/nbhatta1/Desktop/qsar-project-Tzu/reinvent_integration/configs_strict/cl_reinvent_pubchem.toml using format toml
22:29:28 <INFO> User nbhatta1 on host panacea
22:29:28 <INFO> Python version 3.11.13
22:29:28 <INFO> PyTorch version 2.9.1+cu128, git 5811a8d7da873dd699ff6687092c225caffcf1bb
22:29:28 <INFO> PyTorch compiled with CUDA version 12.8
22:29:28 <INFO> RDKit version 2025.09.6
22:29:28 <INFO> Platform Linux-5.14.0-611.30.1.el9_7.x86_64-x86_64-with-glibc2.34
22:29:28 <INFO> CUDA driver version 590.48.01
22:29:28 <INFO> Number of PyTorch CUDA devices 1
22:29:28 <WARN> 'use_cuda' is deprecated, use 'device' instead
22:29:28 <INFO> Using CPU x86_64
22:29:28 <INFO> Starting 2 stages of Reinforcement Learning
22:29:28 <WARN> /home/nbhatta1/Desktop/qsar-project-Tzu/reinvent_integration/priors/pubchem_ecfp4_with_count_with_rank_reinvent4_dict_voc.prior does not contain metadata
22:29:29 <INFO> Number of network parameters: 17,713,863
22:29:29 <INFO> Network architecture:
EncoderDecoder(
  (encoder): Encoder(
    (layers): ModuleList(
      (0-5): 6 x EncoderLayer(
        (self_attn): MultiHeadedAttention(
          (linears): ModuleList(
            (0-3): 4 x Linear(in_features=256, out_features=256, bias=True)
          )
          (dropout): Dropout(p=0.1, inplace=False)
        )
        (feed_forward): PositionwiseFeedForward(
          (w_1): Linear(in_features=256, out_features=2048, bias=True)
          (w_2): Linear(in_features=2048, out_features=256, bias=True)
          (dropout): Dropout(p=0.1, inplace=False)
        )
        (sublayer): ModuleList(
          (0-1): 2 x SublayerConnection(
            (norm): LayerNorm()
            (dropout): Dropout(p=0.1, inplace=False)
          )
        )
      )
    )
    (norm): LayerNorm()
  )
  (decoder): Decoder(
    (layers): ModuleList(
      (0-5): 6 x DecoderLayer(
        (self_attn): MultiHeadedAttention(
          (linears): ModuleList(
            (0-3): 4 x Linear(in_features=256, out_features=256, bias=True)
          )
          (dropout): Dropout(p=0.1, inplace=False)
        )
        (src_attn): MultiHeadedAttention(
          (linears): ModuleList(
            (0-3): 4 x Linear(in_features=256, out_features=256, bias=True)
          )
          (dropout): Dropout(p=0.1, inplace=False)
        )
        (feed_forward): PositionwiseFeedForward(
          (w_1): Linear(in_features=256, out_features=2048, bias=True)
          (w_2): Linear(in_features=2048, out_features=256, bias=True)
          (dropout): Dropout(p=0.1, inplace=False)
        )
        (sublayer): ModuleList(
          (0-2): 3 x SublayerConnection(
            (norm): LayerNorm()
            (dropout): Dropout(p=0.1, inplace=False)
          )
        )
      )
    )
    (norm): LayerNorm()
  )
  (src_embed): Sequential(
    (0): Embeddings(
      (lut): Embedding(455, 256)
    )
    (1): PositionalEncoding(
      (dropout): Dropout(p=0.1, inplace=False)
    )
  )
  (tgt_embed): Sequential(
    (0): Embeddings(
      (lut): Embedding(455, 256)
    )
    (1): PositionalEncoding(
      (dropout): Dropout(p=0.1, inplace=False)
    )
  )
  (generator): Generator(
    (proj): Linear(in_features=256, out_features=455, bias=True)
  )
)
22:29:29 <WARN> /home/nbhatta1/Desktop/qsar-project-Tzu/reinvent_integration/priors/pubchem_ecfp4_with_count_with_rank_reinvent4_dict_voc.prior does not contain metadata
22:29:29 <INFO> Number of network parameters: 17,713,863
22:29:29 <INFO> Network architecture:
EncoderDecoder(
  (encoder): Encoder(
    (layers): ModuleList(
      (0-5): 6 x EncoderLayer(
        (self_attn): MultiHeadedAttention(
          (linears): ModuleList(
            (0-3): 4 x Linear(in_features=256, out_features=256, bias=True)
          )
          (dropout): Dropout(p=0.1, inplace=False)
        )
        (feed_forward): PositionwiseFeedForward(
          (w_1): Linear(in_features=256, out_features=2048, bias=True)
          (w_2): Linear(in_features=2048, out_features=256, bias=True)
          (dropout): Dropout(p=0.1, inplace=False)
        )
        (sublayer): ModuleList(
          (0-1): 2 x SublayerConnection(
            (norm): LayerNorm()
            (dropout): Dropout(p=0.1, inplace=False)
          )
        )
      )
    )
    (norm): LayerNorm()
  )
  (decoder): Decoder(
    (layers): ModuleList(
      (0-5): 6 x DecoderLayer(
        (self_attn): MultiHeadedAttention(
          (linears): ModuleList(
            (0-3): 4 x Linear(in_features=256, out_features=256, bias=True)
          )
          (dropout): Dropout(p=0.1, inplace=False)
        )
        (src_attn): MultiHeadedAttention(
          (linears): ModuleList(
            (0-3): 4 x Linear(in_features=256, out_features=256, bias=True)
          )
          (dropout): Dropout(p=0.1, inplace=False)
        )
        (feed_forward): PositionwiseFeedForward(
          (w_1): Linear(in_features=256, out_features=2048, bias=True)
          (w_2): Linear(in_features=2048, out_features=256, bias=True)
          (dropout): Dropout(p=0.1, inplace=False)
        )
        (sublayer): ModuleList(
          (0-2): 3 x SublayerConnection(
            (norm): LayerNorm()
            (dropout): Dropout(p=0.1, inplace=False)
          )
        )
      )
    )
    (norm): LayerNorm()
  )
  (src_embed): Sequential(
    (0): Embeddings(
      (lut): Embedding(455, 256)
    )
    (1): PositionalEncoding(
      (dropout): Dropout(p=0.1, inplace=False)
    )
  )
  (tgt_embed): Sequential(
    (0): Embeddings(
      (lut): Embedding(455, 256)
    )
    (1): PositionalEncoding(
      (dropout): Dropout(p=0.1, inplace=False)
    )
  )
  (generator): Generator(
    (proj): Linear(in_features=256, out_features=455, bias=True)
  )
)
22:29:29 <INFO> Using generator Mol2Mol
22:29:29 <INFO> Prior read from reinvent_integration/priors/pubchem_ecfp4_with_count_with_rank_reinvent4_dict_voc.prior
22:29:29 <INFO> Agent read from reinvent_integration/priors/pubchem_ecfp4_with_count_with_rank_reinvent4_dict_voc.prior
22:29:29 <INFO> Input molecules/fragments read from file reinvent_integration/data/series_ce_unique.smi
22:29:29 <INFO> Using reward strategy dap
22:29:29 <INFO> Using diversity filter IdenticalMurckoScaffold
22:29:29 <INFO> Purging diversity filter memories after each stage
22:29:29 <ERRO> Component reinvent_plugins.components.OpenEye.comp_rocs could not be imported: No module named 'openeye'
22:29:29 <INFO> Registered scoring component GroupCount
22:29:29 <INFO> Registered scoring component FragmentQed
22:29:29 <INFO> Registered scoring component FragmentSlogP
22:29:29 <INFO> Registered scoring component FragmentMolecularWeight
22:29:29 <INFO> Registered scoring component FragmentTPSA
22:29:29 <INFO> Registered scoring component FragmentDistanceMatrix
22:29:29 <INFO> Registered scoring component FragmentNumAtomStereoCenters
22:29:29 <INFO> Registered scoring component FragmentHBondAcceptors
22:29:29 <INFO> Registered scoring component FragmentHBondDonors
22:29:29 <INFO> Registered scoring component FragmentNumRotBond
22:29:29 <INFO> Registered scoring component FragmentCsp3
22:29:29 <INFO> Registered scoring component Fragmentnumsp
22:29:29 <INFO> Registered scoring component Fragmentnumsp2
22:29:29 <INFO> Registered scoring component Fragmentnumsp3
22:29:29 <INFO> Registered scoring component FragmentEffectiveLength
22:29:29 <INFO> Registered scoring component FragmentGraphLength
22:29:29 <INFO> Registered scoring component FragmentLengthRatio
22:29:29 <INFO> Registered scoring component FragmentNumHeavyAtoms
22:29:29 <INFO> Registered scoring component FragmentNumHeteroAtoms
22:29:29 <INFO> Registered scoring component FragmentNumRings
22:29:29 <INFO> Registered scoring component FragmentNumAromaticRings
22:29:29 <INFO> Registered scoring component FragmentNumAliphaticRings
22:29:29 <INFO> Registered scoring component FragmentSlogP
22:29:29 <INFO> Registered scoring component MatchingSubstructure
22:29:29 <INFO> Registered scoring component MolVolume
22:29:29 <INFO> Registered scoring component Qed
22:29:29 <INFO> Registered scoring component LargestRingSize
22:29:29 <INFO> Registered scoring component MolecularWeight
22:29:29 <INFO> Registered scoring component GraphLength
22:29:29 <INFO> Registered scoring component NumAtomStereoCenters
22:29:29 <INFO> Registered scoring component HBondAcceptors
22:29:29 <INFO> Registered scoring component HBondDonors
22:29:29 <INFO> Registered scoring component NumRotBond
22:29:29 <INFO> Registered scoring component Csp3
22:29:29 <INFO> Registered scoring component numsp
22:29:29 <INFO> Registered scoring component numsp2
22:29:29 <INFO> Registered scoring component numsp3
22:29:29 <INFO> Registered scoring component NumHeavyAtoms
22:29:29 <INFO> Registered scoring component NumHeteroAtoms
22:29:29 <INFO> Registered scoring component NumRings
22:29:29 <INFO> Registered scoring component NumAromaticRings
22:29:29 <INFO> Registered scoring component NumAliphaticRings
22:29:29 <INFO> Registered scoring component SlogP
22:29:29 <INFO> Registered scoring component LargestRingSize
22:29:29 <INFO> Registered scoring component PMI
22:29:29 <INFO> Registered scoring component RDKitDescriptors
22:29:29 <INFO> Registered scoring component TanimotoSimilarity
22:29:29 <INFO> Registered scoring component TanimotoDistance
22:29:29 <INFO> Registered scoring component TPSA
22:29:29 <INFO> Registered scoring component SAScore
22:29:29 <INFO> Registered scoring component ChemProp
22:29:29 <INFO> Registered scoring component CustomAlerts
22:29:29 <INFO> Registered scoring component DockStream
22:29:29 <INFO> Registered scoring component ExternalProcess
22:29:29 <INFO> Registered scoring component REST
22:29:29 <INFO> Registered scoring component Icolos
22:29:29 <INFO> Registered scoring component MMP
22:29:29 <INFO> Registered scoring component Qptuna
22:29:29 <INFO> Registered scoring component ReactionFilter
22:29:29 <INFO> Registered scoring component RingPrecedence
22:29:29 <INFO> Registered scoring component Maize
22:29:29 <INFO> Registered scoring component SynthSense
22:29:29 <INFO> Registered scoring component CAZP
22:29:29 <INFO> Creating scoring component ExternalProcess
22:29:29 <ERRO> Component reinvent_plugins.components.OpenEye.comp_rocs could not be imported: No module named 'openeye'
22:29:29 <INFO> Registered scoring component GroupCount
22:29:29 <INFO> Registered scoring component FragmentQed
22:29:29 <INFO> Registered scoring component FragmentSlogP
22:29:29 <INFO> Registered scoring component FragmentMolecularWeight
22:29:29 <INFO> Registered scoring component FragmentTPSA
22:29:29 <INFO> Registered scoring component FragmentDistanceMatrix
22:29:29 <INFO> Registered scoring component FragmentNumAtomStereoCenters
22:29:29 <INFO> Registered scoring component FragmentHBondAcceptors
22:29:29 <INFO> Registered scoring component FragmentHBondDonors
22:29:29 <INFO> Registered scoring component FragmentNumRotBond
22:29:29 <INFO> Registered scoring component FragmentCsp3
22:29:29 <INFO> Registered scoring component Fragmentnumsp
22:29:29 <INFO> Registered scoring component Fragmentnumsp2
22:29:29 <INFO> Registered scoring component Fragmentnumsp3
22:29:29 <INFO> Registered scoring component FragmentEffectiveLength
22:29:29 <INFO> Registered scoring component FragmentGraphLength
22:29:29 <INFO> Registered scoring component FragmentLengthRatio
22:29:29 <INFO> Registered scoring component FragmentNumHeavyAtoms
22:29:29 <INFO> Registered scoring component FragmentNumHeteroAtoms
22:29:29 <INFO> Registered scoring component FragmentNumRings
22:29:29 <INFO> Registered scoring component FragmentNumAromaticRings
22:29:29 <INFO> Registered scoring component FragmentNumAliphaticRings
22:29:29 <INFO> Registered scoring component FragmentSlogP
22:29:29 <INFO> Registered scoring component MatchingSubstructure
22:29:29 <INFO> Registered scoring component MolVolume
22:29:29 <INFO> Registered scoring component Qed
22:29:29 <INFO> Registered scoring component LargestRingSize
22:29:29 <INFO> Registered scoring component MolecularWeight
22:29:29 <INFO> Registered scoring component GraphLength
22:29:29 <INFO> Registered scoring component NumAtomStereoCenters
22:29:29 <INFO> Registered scoring component HBondAcceptors
22:29:29 <INFO> Registered scoring component HBondDonors
22:29:29 <INFO> Registered scoring component NumRotBond
22:29:29 <INFO> Registered scoring component Csp3
22:29:29 <INFO> Registered scoring component numsp
22:29:29 <INFO> Registered scoring component numsp2
22:29:29 <INFO> Registered scoring component numsp3
22:29:29 <INFO> Registered scoring component NumHeavyAtoms
22:29:29 <INFO> Registered scoring component NumHeteroAtoms
22:29:29 <INFO> Registered scoring component NumRings
22:29:29 <INFO> Registered scoring component NumAromaticRings
22:29:29 <INFO> Registered scoring component NumAliphaticRings
22:29:29 <INFO> Registered scoring component SlogP
22:29:29 <INFO> Registered scoring component LargestRingSize
22:29:29 <INFO> Registered scoring component PMI
22:29:29 <INFO> Registered scoring component RDKitDescriptors
22:29:29 <INFO> Registered scoring component TanimotoSimilarity
22:29:29 <INFO> Registered scoring component TanimotoDistance
22:29:29 <INFO> Registered scoring component TPSA
22:29:29 <INFO> Registered scoring component SAScore
22:29:29 <INFO> Registered scoring component ChemProp
22:29:29 <INFO> Registered scoring component CustomAlerts
22:29:29 <INFO> Registered scoring component DockStream
22:29:29 <INFO> Registered scoring component ExternalProcess
22:29:29 <INFO> Registered scoring component REST
22:29:29 <INFO> Registered scoring component Icolos
22:29:29 <INFO> Registered scoring component MMP
22:29:29 <INFO> Registered scoring component Qptuna
22:29:29 <INFO> Registered scoring component ReactionFilter
22:29:29 <INFO> Registered scoring component RingPrecedence
22:29:29 <INFO> Registered scoring component Maize
22:29:29 <INFO> Registered scoring component SynthSense
22:29:29 <INFO> Registered scoring component CAZP
22:29:29 <INFO> Creating scoring component ExternalProcess
22:29:29 <INFO> Writing tabular data for stage to reinvent_pubchem_cl_adme_1.csv
22:29:29 <INFO> Starting stage 1 <<<
22:30:45 <INFO> Sampled SMILES CC(C)(C)OC(=O)N1CC2(CCN(c3ccc(C(C)(C)C)(c4ccco4)nc3)C2)C1 failed to sanitize.
22:30:45 <INFO> Sampled SMILES CCCCCCC#Cc1cncc(N2CCC3(CN(C(=O)#Cc4cc([N+](=O)[O-])cc([N+](=O)[O-])c4)C3)C2)c1 failed to sanitize.
22:31:18 <INFO> Score: 0.56 Agent NLL: 10.92 Valid:  98% Step: 1
 | Agent Prior Target Score SMILES SMILES_state Input_SMILES Scaffold REINVENT PUBCHEM_CL_Stage1 REINVENT PUBCHEM_CL_Stage1 (raw) solubility_score (REINVENT PUBCHEM_CL_Stage1) clogp_score (REINVENT PUBCHEM_CL_Stage1) hepatocyte_score (REINVENT PUBCHEM_CL_Stage1) pred_Solubility_ESOL_mol_per_L (REINVENT PUBCHEM_CL_Stage1) pred_MetStab_Clearance_Hepatocyte_AZ (REINVENT PUBCHEM_CL_Stage1) pred_cLogP (REINVENT PUBCHEM_CL_Stage1) pred_logS_ESOL (REINVENT PUBCHEM_CL_Stage1) pred_log_ic50_uM (REINVENT PUBCHEM_CL_Stage1) qsar_score (REINVENT PUBCHEM_CL_Stage1) pred_MetStab_Half_Life_Obach (REINVENT PUBCHEM_CL_Stage1) microsome_score (REINVENT PUBCHEM_CL_Stage1) pred_pic50 (REINVENT PUBCHEM_CL_Stage1) half_life_score (REINVENT PUBCHEM_CL_Stage1) pred_MetStab_Clearance_Microsome_AZ (REINVENT PUBCHEM_CL_Stage1)
 | 16.0207 16.0207 19.2739 0.5514780 ClCCC1(CBr)CCN(c2cncc(C#Cc3ccccc3)c2)C1 1 C(#Cc1cncc(N2CCC3(CNC3)C2)c1)c1ccccc1 C(#Cc1cncc(N2CCCC2)c1)c1ccccc1 0.5514780 0.5515 0.6419883553273953 0.11869086739609921 0.9481266981675406 8.024197849637978e-07 65.94316101074219 4.701700000000004 -6.095598371619405 1.2026515698503013 0.30776131628261055 101.13130187988281 0.848855360354805 4.7973484301496985 0.9997430604481522 67.74348449707031
 | 12.8131 12.8131 28.6983 0.6486160 C#CC1(c2cncc(C#Cc3ccccc3)c2)CC1 1 C(#Cc1cncc(N2CCC3(CNC3)C2)c1)c1ccccc1 C(#Cc1cncc(C2CC2)c1)c1ccccc1 0.6486160 0.6486 0.9987975965702264 0.91779128186424 0.9001022500855003 0.00011292248039678426 73.01638793945312 3.146200000000001 -3.9472195909324386 1.6362165489777554 0.07277213686020712 66.70741271972656 0.9844378896880415 4.363783451022245 0.9813562868805822 43.52768325805664
 | 12.0379 12.0379 24.2911 0.5676405 C#CCCC#Cc1cncc(N2CCC3(CN(C(=O)CCCc4c[nH]c5ccccc45)C3)C2)c1 1 CCCCCCC#Cc1cncc(N2CCC3(CN(C(=O)CCc4c[nH]c5ccccc45)C3)C2)c1 O=C(CCCc1c[nH]c2ccccc12)N1CC2(CCN(c3cccnc3)C2)C1 0.5676405 0.5676 0.6111429180806477 0.24737640105484338 0.9696727398972202 7.215088076301785e-07 60.35088348388672 4.389400000000003 -6.141758363001758 1.1517084075638646 0.3527818275659546 49.887351989746094 0.8861111031828748 4.848291592436135 0.8654040288736373 64.48381042480469
 | 10.3118 10.3118 38.6362 0.7648137 C#Cc1cncc(N2CCC3(CN(C(=O)CCc4c[nH]c5ccccc45)C3)C2)c1 1 CCCCCCC#Cc1cncc(N2CCC3(CN(C(=O)CCc4c[nH]c5ccccc45)C3)C2)c1 O=C(CCc1c[nH]c2ccccc12)N1CC2(CCN(c3cccnc3)C2)C1 0.7648137 0.7648 0.9833088839896951 0.9022520429173801 0.9739770346639516 1.3384937356384682e-05 58.775917053222656 3.215700000000002 -4.873383657038881 0.7742571620317582 0.7115597334033221 26.96964454650879 0.9530652105694039 5.225742837968242 0.2681960452129926 54.8907585144043
 | 16.1917 16.1917 19.9671 0.5649824 C(#Cc1ccccc1)C1=CNCC2(CC2)C1 1 C(#Cc1cncc(N2CCC3(CNC3)C2)c1)c1ccccc1 C(#Cc1ccccc1)C1=CNCC2(CC2)C1 0.5649824 0.5650 0.9998200624159743 0.9688756770770344 0.9991210554918937 0.0005223386942877923 24.640905380249023 2.695500000000001 -3.2820478009039284 1.7449402475218352 0.04834862462634009 30.129404067993164 0.9999479408202805 4.255059752478164 0.3523273939097182 -13.630773544311523
 | 4.5063 4.5063 38.5560 0.6728492 C(#Cc1cncc(N2CCC3(CNC3)C2)c1)c1ccccc1 1 C(#Cc1cncc(N2CCC3(CNC3)C2)c1)c1ccccc1 C(#Cc1cncc(N2CCC3(CNC3)C2)c1)c1ccccc1 0.6728492 0.6728 0.9995861900178276 0.967793130898912 0.9996973120152252 0.0002669263334483793 13.974946975708008 2.2811000000000003 -3.5736085790518586 1.2327764300629709 0.2827004416932904 35.81877517700195 0.9999280063132332 4.767223569937029 0.5255644128141524 -10.388601303100586
 | 10.4542 10.4542 38.4635 0.7643391 C(#Cc1cncc(N2CCC3(CNCCO3)C2)c1)c1ccccc1 1 C(#Cc1cncc(N2CCC3(CNC3)C2)c1)c1ccccc1 C(#Cc1cncc(N2CCC3(CNCCO3)C2)c1)c1ccccc1 0.7643391 0.7643 0.9995767633665529 0.9489751119447206 0.9995862164687694 0.0002621226362798705 17.102462768554688 2.0500999999999996 -3.5814954728079065 1.075824607476043 0.4247513532535081 47.29133224487305 0.9999327203077857 4.924175392523957 0.8229431902608394 -11.065848350524902
 | 15.5320 15.5320 -15.5320 0.0000000 C(#Cc1cncc(Br)c1)c1ccccc1)N1CC[C@]2(CNC2)C1 0 C(#Cc1cncc(N2CCC3(CNC3)C2)c1)c1ccccc1 -- 0.0000000 0.0000 None None None None None None None None None None None None None None
 | 7.5260 7.5260 -7.5260 0.0000000 C(#Cc1cncc(N2CCC3(CNC3)C2)c1)c1ccccc1 2 C(#Cc1cncc(N2CCC3(CNC3)C2)c1)c1ccccc1 C(#Cc1cncc(N2CCC3(CNC3)C2)c1)c1ccccc1 0.0000000 0.6728 0.9995861900178276 0.967793130898912 0.9996973120152252 0.0002669263334483793 13.974946975708008 2.2811000000000003 -3.5736085790518586 1.2327764300629709 0.2827004416932904 35.81877517700195 0.9999280063132332 4.767223569937029 0.5255644128141524 -10.388601303100586
 | 5.6148 5.6148 39.8259 0.7100110 C(#Cc1cncc(N2CC3(CCNC3)C2)c1)c1ccccc1 1 C(#Cc1cncc(N2CCC3(CNC3)C2)c1)c1ccccc1 C(#Cc1cncc(N2CC3(CCNC3)C2)c1)c1ccccc1 0.7100110 0.7100 0.9995861900178276 0.967793130898912 0.9996841616934774 0.0002669263334483793 14.400357246398926 2.2811000000000003 -3.5736085790518586 1.2327764300629709 0.2827004416932904 44.81645202636719 0.9999505674801064 4.767223569937029 0.7733029783127413 -14.148526191711426
22:31:18 <INFO> Purging diversity filter memories in stage 1
22:31:18 <WARN> Maximum number of steps of 1 reached in stage 1. Terminating all stages.
22:31:18 <INFO> Peak main memory usage: 23036.762 MiB
22:31:18 <INFO> Finished REINVENT on 2026-03-14
