23:14:00 <INFO> Started REINVENT 4.7.15 (C) AstraZeneca 2017, 2023 on 2026-03-14
23:14:00 <INFO> Command line: /home/nbhatta1/Desktop/qsar-project-Tzu/.venv/bin/reinvent -l reinvent_integration/logs/reinvent_pubchem_rl_train_strict.log /home/nbhatta1/Desktop/qsar-project-Tzu/reinvent_integration/configs_strict/rl_reinvent_pubchem.toml
23:14:00 <INFO> Reading run configuration from /home/nbhatta1/Desktop/qsar-project-Tzu/reinvent_integration/configs_strict/rl_reinvent_pubchem.toml using format toml
23:14:00 <INFO> User nbhatta1 on host panacea
23:14:00 <INFO> Python version 3.11.13
23:14:00 <INFO> PyTorch version 2.9.1+cu128, git 5811a8d7da873dd699ff6687092c225caffcf1bb
23:14:00 <INFO> PyTorch compiled with CUDA version 12.8
23:14:00 <INFO> RDKit version 2025.09.6
23:14:00 <INFO> Platform Linux-5.14.0-611.30.1.el9_7.x86_64-x86_64-with-glibc2.34
23:14:00 <INFO> CUDA driver version 590.48.01
23:14:00 <INFO> Number of PyTorch CUDA devices 1
23:14:00 <WARN> 'use_cuda' is deprecated, use 'device' instead
23:14:00 <INFO> Using GPU device:0 NVIDIA RTX PRO 5000 Blackwell
23:14:00 <INFO> GPU memory: 46490 MiB free, 48400 MiB total
23:14:00 <INFO> Starting 1 stage of Reinforcement Learning
23:14:00 <WARN> /home/nbhatta1/Desktop/qsar-project-Tzu/reinvent_integration/priors/pubchem_ecfp4_with_count_with_rank_reinvent4_dict_voc.prior does not contain metadata
23:14:00 <INFO> Number of network parameters: 17,713,863
23:14:00 <INFO> Network architecture:
EncoderDecoder(
  (encoder): Encoder(
    (layers): ModuleList(
      (0-5): 6 x EncoderLayer(
        (self_attn): MultiHeadedAttention(
          (linears): ModuleList(
            (0-3): 4 x Linear(in_features=256, out_features=256, bias=True)
          )
          (dropout): Dropout(p=0.1, inplace=False)
        )
        (feed_forward): PositionwiseFeedForward(
          (w_1): Linear(in_features=256, out_features=2048, bias=True)
          (w_2): Linear(in_features=2048, out_features=256, bias=True)
          (dropout): Dropout(p=0.1, inplace=False)
        )
        (sublayer): ModuleList(
          (0-1): 2 x SublayerConnection(
            (norm): LayerNorm()
            (dropout): Dropout(p=0.1, inplace=False)
          )
        )
      )
    )
    (norm): LayerNorm()
  )
  (decoder): Decoder(
    (layers): ModuleList(
      (0-5): 6 x DecoderLayer(
        (self_attn): MultiHeadedAttention(
          (linears): ModuleList(
            (0-3): 4 x Linear(in_features=256, out_features=256, bias=True)
          )
          (dropout): Dropout(p=0.1, inplace=False)
        )
        (src_attn): MultiHeadedAttention(
          (linears): ModuleList(
            (0-3): 4 x Linear(in_features=256, out_features=256, bias=True)
          )
          (dropout): Dropout(p=0.1, inplace=False)
        )
        (feed_forward): PositionwiseFeedForward(
          (w_1): Linear(in_features=256, out_features=2048, bias=True)
          (w_2): Linear(in_features=2048, out_features=256, bias=True)
          (dropout): Dropout(p=0.1, inplace=False)
        )
        (sublayer): ModuleList(
          (0-2): 3 x SublayerConnection(
            (norm): LayerNorm()
            (dropout): Dropout(p=0.1, inplace=False)
          )
        )
      )
    )
    (norm): LayerNorm()
  )
  (src_embed): Sequential(
    (0): Embeddings(
      (lut): Embedding(455, 256)
    )
    (1): PositionalEncoding(
      (dropout): Dropout(p=0.1, inplace=False)
    )
  )
  (tgt_embed): Sequential(
    (0): Embeddings(
      (lut): Embedding(455, 256)
    )
    (1): PositionalEncoding(
      (dropout): Dropout(p=0.1, inplace=False)
    )
  )
  (generator): Generator(
    (proj): Linear(in_features=256, out_features=455, bias=True)
  )
)
23:14:00 <WARN> /home/nbhatta1/Desktop/qsar-project-Tzu/reinvent_integration/priors/pubchem_ecfp4_with_count_with_rank_reinvent4_dict_voc.prior does not contain metadata
23:14:00 <INFO> Number of network parameters: 17,713,863
23:14:00 <INFO> Network architecture:
EncoderDecoder(
  (encoder): Encoder(
    (layers): ModuleList(
      (0-5): 6 x EncoderLayer(
        (self_attn): MultiHeadedAttention(
          (linears): ModuleList(
            (0-3): 4 x Linear(in_features=256, out_features=256, bias=True)
          )
          (dropout): Dropout(p=0.1, inplace=False)
        )
        (feed_forward): PositionwiseFeedForward(
          (w_1): Linear(in_features=256, out_features=2048, bias=True)
          (w_2): Linear(in_features=2048, out_features=256, bias=True)
          (dropout): Dropout(p=0.1, inplace=False)
        )
        (sublayer): ModuleList(
          (0-1): 2 x SublayerConnection(
            (norm): LayerNorm()
            (dropout): Dropout(p=0.1, inplace=False)
          )
        )
      )
    )
    (norm): LayerNorm()
  )
  (decoder): Decoder(
    (layers): ModuleList(
      (0-5): 6 x DecoderLayer(
        (self_attn): MultiHeadedAttention(
          (linears): ModuleList(
            (0-3): 4 x Linear(in_features=256, out_features=256, bias=True)
          )
          (dropout): Dropout(p=0.1, inplace=False)
        )
        (src_attn): MultiHeadedAttention(
          (linears): ModuleList(
            (0-3): 4 x Linear(in_features=256, out_features=256, bias=True)
          )
          (dropout): Dropout(p=0.1, inplace=False)
        )
        (feed_forward): PositionwiseFeedForward(
          (w_1): Linear(in_features=256, out_features=2048, bias=True)
          (w_2): Linear(in_features=2048, out_features=256, bias=True)
          (dropout): Dropout(p=0.1, inplace=False)
        )
        (sublayer): ModuleList(
          (0-2): 3 x SublayerConnection(
            (norm): LayerNorm()
            (dropout): Dropout(p=0.1, inplace=False)
          )
        )
      )
    )
    (norm): LayerNorm()
  )
  (src_embed): Sequential(
    (0): Embeddings(
      (lut): Embedding(455, 256)
    )
    (1): PositionalEncoding(
      (dropout): Dropout(p=0.1, inplace=False)
    )
  )
  (tgt_embed): Sequential(
    (0): Embeddings(
      (lut): Embedding(455, 256)
    )
    (1): PositionalEncoding(
      (dropout): Dropout(p=0.1, inplace=False)
    )
  )
  (generator): Generator(
    (proj): Linear(in_features=256, out_features=455, bias=True)
  )
)
23:14:00 <INFO> Using generator Mol2Mol
23:14:00 <INFO> Prior read from reinvent_integration/priors/pubchem_ecfp4_with_count_with_rank_reinvent4_dict_voc.prior
23:14:00 <INFO> Agent read from reinvent_integration/priors/pubchem_ecfp4_with_count_with_rank_reinvent4_dict_voc.prior
23:14:00 <INFO> Input molecules/fragments read from file reinvent_integration/data/series_ce_unique.smi
23:14:00 <INFO> Using reward strategy dap
23:14:00 <INFO> Using diversity filter IdenticalMurckoScaffold
23:14:00 <INFO> Purging diversity filter memories after each stage
23:14:00 <ERRO> Component reinvent_plugins.components.OpenEye.comp_rocs could not be imported: No module named 'openeye'
23:14:00 <INFO> Registered scoring component GroupCount
23:14:00 <INFO> Registered scoring component FragmentQed
23:14:00 <INFO> Registered scoring component FragmentSlogP
23:14:00 <INFO> Registered scoring component FragmentMolecularWeight
23:14:00 <INFO> Registered scoring component FragmentTPSA
23:14:00 <INFO> Registered scoring component FragmentDistanceMatrix
23:14:00 <INFO> Registered scoring component FragmentNumAtomStereoCenters
23:14:00 <INFO> Registered scoring component FragmentHBondAcceptors
23:14:00 <INFO> Registered scoring component FragmentHBondDonors
23:14:00 <INFO> Registered scoring component FragmentNumRotBond
23:14:00 <INFO> Registered scoring component FragmentCsp3
23:14:00 <INFO> Registered scoring component Fragmentnumsp
23:14:00 <INFO> Registered scoring component Fragmentnumsp2
23:14:00 <INFO> Registered scoring component Fragmentnumsp3
23:14:00 <INFO> Registered scoring component FragmentEffectiveLength
23:14:00 <INFO> Registered scoring component FragmentGraphLength
23:14:00 <INFO> Registered scoring component FragmentLengthRatio
23:14:00 <INFO> Registered scoring component FragmentNumHeavyAtoms
23:14:00 <INFO> Registered scoring component FragmentNumHeteroAtoms
23:14:00 <INFO> Registered scoring component FragmentNumRings
23:14:00 <INFO> Registered scoring component FragmentNumAromaticRings
23:14:00 <INFO> Registered scoring component FragmentNumAliphaticRings
23:14:00 <INFO> Registered scoring component FragmentSlogP
23:14:00 <INFO> Registered scoring component MatchingSubstructure
23:14:00 <INFO> Registered scoring component MolVolume
23:14:00 <INFO> Registered scoring component Qed
23:14:00 <INFO> Registered scoring component LargestRingSize
23:14:00 <INFO> Registered scoring component MolecularWeight
23:14:00 <INFO> Registered scoring component GraphLength
23:14:00 <INFO> Registered scoring component NumAtomStereoCenters
23:14:00 <INFO> Registered scoring component HBondAcceptors
23:14:00 <INFO> Registered scoring component HBondDonors
23:14:00 <INFO> Registered scoring component NumRotBond
23:14:00 <INFO> Registered scoring component Csp3
23:14:00 <INFO> Registered scoring component numsp
23:14:00 <INFO> Registered scoring component numsp2
23:14:00 <INFO> Registered scoring component numsp3
23:14:00 <INFO> Registered scoring component NumHeavyAtoms
23:14:00 <INFO> Registered scoring component NumHeteroAtoms
23:14:00 <INFO> Registered scoring component NumRings
23:14:00 <INFO> Registered scoring component NumAromaticRings
23:14:00 <INFO> Registered scoring component NumAliphaticRings
23:14:00 <INFO> Registered scoring component SlogP
23:14:00 <INFO> Registered scoring component LargestRingSize
23:14:00 <INFO> Registered scoring component PMI
23:14:00 <INFO> Registered scoring component RDKitDescriptors
23:14:00 <INFO> Registered scoring component TanimotoSimilarity
23:14:00 <INFO> Registered scoring component TanimotoDistance
23:14:00 <INFO> Registered scoring component TPSA
23:14:00 <INFO> Registered scoring component SAScore
23:14:01 <INFO> Registered scoring component ChemProp
23:14:01 <INFO> Registered scoring component CustomAlerts
23:14:01 <INFO> Registered scoring component DockStream
23:14:01 <INFO> Registered scoring component ExternalProcess
23:14:01 <INFO> Registered scoring component REST
23:14:01 <INFO> Registered scoring component Icolos
23:14:01 <INFO> Registered scoring component MMP
23:14:01 <INFO> Registered scoring component Qptuna
23:14:01 <INFO> Registered scoring component ReactionFilter
23:14:01 <INFO> Registered scoring component RingPrecedence
23:14:01 <INFO> Registered scoring component Maize
23:14:01 <INFO> Registered scoring component SynthSense
23:14:01 <INFO> Registered scoring component CAZP
23:14:01 <INFO> Creating scoring component ExternalProcess
23:14:01 <INFO> Writing tabular data for stage to reinvent_pubchem_rl_adme_1.csv
23:14:01 <INFO> Starting stage 1 <<<
23:14:01 <INFO> Current GPU memory usage: 2156 MiB used, 46244 MiB free
23:14:11 <INFO> Sampled SMILES CC(C)(C)OC(=O)N1CC2(CCN(c3cncc(N4C[C@H]5[C@@H](C4)O5CCCc4ccccc4)c3)C2)C1 failed to sanitize.
23:14:11 <INFO> Sampled SMILES CC(C)(C)OC(=O)N1CC2(CCN(c3cnccc(C(C)(F)F)c3)C2)C1 failed to sanitize.
23:14:11 <INFO> Sampled SMILES CC(C)(C)OC(=O)N1CCc2cccc(N3CCC4(CN(C(=O)OC(C)(C)C)C4)C3)n2C1 failed to sanitize.
23:14:11 <INFO> Sampled SMILES CCCCCCC#Nc1cncc(C2CCN(C(=O)c3cc([N+](=O)[O-])cc([N+](=O)[O-])c3)CC(O)C2)c1 failed to sanitize.
23:14:11 <INFO> Sampled SMILES CCCCCCOC1CN(c2cc[nH]c(=N3CCC4(CN(C(=O)OC(C)(C)C)C4)C3)n2)C1 failed to sanitize.
23:14:11 <INFO> Sampled SMILES O=C(c1cc([N+](=O)[O-])cc([N+](=O)[O-])c1)N1CC2(CCN(c3c4cccc(C#Cc5ccccc5)n4n3)C2)C1 failed to sanitize.
23:14:45 <INFO> Score: 0.41 Agent NLL: 11.26 Valid:  97% Step: 1
 | Agent Prior Target Score SMILES SMILES_state Input_SMILES Scaffold REINVENT PUBCHEM_RL_ADME REINVENT PUBCHEM_RL_ADME (raw) microsome_score (REINVENT PUBCHEM_RL_ADME) pred_cLogP (REINVENT PUBCHEM_RL_ADME) pred_MetStab_Half_Life_Obach (REINVENT PUBCHEM_RL_ADME) qsar_score (REINVENT PUBCHEM_RL_ADME) clogp_score (REINVENT PUBCHEM_RL_ADME) solubility_score (REINVENT PUBCHEM_RL_ADME) hepatocyte_score (REINVENT PUBCHEM_RL_ADME) pred_MetStab_Clearance_Microsome_AZ (REINVENT PUBCHEM_RL_ADME) half_life_score (REINVENT PUBCHEM_RL_ADME) pred_MetStab_Clearance_Hepatocyte_AZ (REINVENT PUBCHEM_RL_ADME) pred_Solubility_ESOL_mol_per_L (REINVENT PUBCHEM_RL_ADME) pred_log_ic50_uM (REINVENT PUBCHEM_RL_ADME) pred_logS_ESOL (REINVENT PUBCHEM_RL_ADME) pred_pic50 (REINVENT PUBCHEM_RL_ADME)
 | 11.3505 11.3505 -11.3505 0.0000000  0 CCCCCCC#Cc1cncc(N2CCC3(CN(Cc4cc([N+](=O)[O-])cc([N+](=O)[O-])c4)C3)C2)c1 -- 0.0000000 0.0000 None None None None None None None None None None None None None None
 | 8.1464 8.1464 30.4288 0.6027370 Brc1cccc(C#Cc2cncc(N3CCC4(CNC4)C3)c2)c1 1 C(#Cc1cncc(N2CCC3(CNC3)C2)c1)c1ccccc1 C(#Cc1cncc(N2CCC3(CNC3)C2)c1)c1ccccc1 0.6027370 0.6027 0.9997837341311698 3.0436000000000005 81.9141616821289 0.09700066384265034 0.7842236151503365 0.9792604696412809 0.9996340575734822 -14.387857437133789 0.9947238589976823 0.8733146786689758 2.2344191097099304e-05 1.2567209990114128 -4.650835363018614 4.743279000988587
 | 12.2307 12.2307 8.0044 0.3161727 C#CC(CCCCCC)c1cncc(N2CCC3(CN(C(=O)c4ccc5c(c4)OCO5)C3)C2)c1 1 CCCCCCC#Cc1cncc(N2CCC3(CN(C(=O)c4ccc5c(c4)OCO5)C3)C2)c1 O=C(c1ccc2c(c1)OCO2)N1CC2(CCN(c3cccnc3)C2)C1 0.3161727 0.3162 0.06765619024252065 4.850000000000005 35.255455017089844 0.5013503909611814 0.020690766699093064 0.1940301106513052 0.4106571206909781 96.23262786865234 0.3559311945174671 83.61249542236328 3.173864929587468e-07 0.6976196057554537 -6.498411559491385 5.302380394244547
 | 20.2857 20.2857 16.7407 0.5785381 C#CC1(n2cc(C#Cc3ccccc3)cn2)CCOCC1 1 C(#Cc1cncc(N2CCC3(CNC3)C2)c1)c1ccccc1 C(#Cc1cnn(C2CCOCC2)c1)c1ccccc1 0.5785381 0.5785 0.9783247828983194 2.4218 47.90898895263672 0.10674236429524442 0.9399086953321132 0.9990004702140786 0.7429071134391033 31.903278350830078 0.7288159756412028 69.38866424560547 0.0002615344786201815 1.2300842310987086 -3.5824710491010014 4.769915768901291
 | 15.4099 15.4099 14.2227 0.4630100 C#CCCCCOC1CN(c2ncc(N3CCC4(CN(C(=O)OC(C)(C)C)C4)C3)cn2)C1 1 CCCCCCOC1CN(c2cncc(N3CCC4(CN(C(=O)OC(C)(C)C)C4)C3)c2)C1 c1nc(N2CCC2)ncc1N1CCC2(CNC2)C1 0.4630100 0.4630 0.026080788248589146 2.932500000000002 17.325803756713867 0.33716288149887097 0.8316652843057555 0.9597402051606373 0.5127598708378678 106.2012939453125 0.05549990227805122 79.48949432373047 1.288125733331132e-05 0.8679607862685046 -4.890041743632405 5.132039213731495
 | 10.3900 10.3900 8.8735 0.3009920 C#CCCCc1cncc(N2CCC3(CN(C(=O)CCc4c[nH]c5ccccc45)C3)C2)c1 1 CCCCCCC#Cc1cncc(N2CCC3(CN(C(=O)CCc4c[nH]c5ccccc45)C3)C2)c1 O=C(CCc1c[nH]c2ccccc12)N1CC2(CCN(c3cccnc3)C2)C1 0.3009920 0.3010 0.17672876103298402 4.190300000000003 13.116447448730469 0.33827038809157495 0.12213015762186061 0.6099502147324262 0.3484339645217011 85.3866958618164 0.03355481963479544 86.2593002319336 1.4337916062529086e-06 0.8667228727066272 -5.843513966402706 5.133277127293373
 | 9.2858 9.2858 13.7913 0.3605786 C#CCc1cccc(N2CCC3(CN(C(=O)OC(C)(C)C)C3)C2)n1 1 CC(C)(C)OC(=O)N1CC2(CCN(c3cccc(Br)n3)C2)C1 c1ccc(N2CCC3(CNC3)C2)nc1 0.3605786 0.3606 0.06988726250595179 2.7045000000000012 15.067953109741211 0.10571991635324698 0.8997002636101855 0.9966185611978936 0.22610927305018796 95.88422393798828 0.04243151571403315 92.30412292480469 9.77514894618867e-05 1.232776430062971 -4.009876616436953 4.767223569937029
 | 10.7855 10.7855 30.1489 0.6396005 C#Cc1cc(C#Cc2ccccc2)cc(N2CCC3(CN(C(=O)c4cc([N+](=O)[O-])cc([N+](=O)[O-])c4)C3)C2)c1 1 O=C(c1cc([N+](=O)[O-])cc([N+](=O)[O-])c1)N1CC2(CCN(c3cncc(C#Cc4ccccc4)c3)C2)C1 O=C(c1ccccc1)N1CC2(CCN(c3cccc(C#Cc4ccccc4)c3)C2)C1 0.6396005 0.6396 0.9689785566811273 4.236600000000004 136.23849487304688 0.7292042649829341 0.10864282716437984 0.2319238903247777 0.9993652619941203 35.5843620300293 0.9999940362902118 6.38336706161499 3.8096243182450576e-07 0.45132272492672776 -6.419117849667584 5.548677275073272
 | 11.6140 11.6140 15.8347 0.4288852 C#Cc1cc2c(cc1C(=O)N1CCC3(CCN(c4cncc(C#CCCCCCC)c4)C3)C1)OCO2 1 CCCCCCC#Cc1cncc(N2CCC3(CN(C(=O)c4cc5c(cc4[N+](=O)[O-])OCO5)C3)C2)c1 O=C(c1ccc2c(c1)OCO2)N1CCC2(CCN(c3cccnc3)C2)C1 0.4288852 0.4289 0.2677267872112615 4.856100000000004 76.96607971191406 0.5067296711771572 0.02034055793777112 0.1316163616453857 0.7760209424528811 80.0618667602539 0.9902506740122263 67.57373046875 2.18594993015411e-07 0.6922399224099494 -6.660359789919169 5.307760077590051
 | 11.6175 11.6175 -11.6175 0.0000000 C#Cc1cncc(N2CCC3(CC2)CNC3)c1)c1ccccc1 0 C(#Cc1cncc(N2CCC3(CNC3)C2)c1)c1ccccc1 -- 0.0000000 0.0000 None None None None None None None None None None None None None None
23:14:54 <INFO> Sampled SMILES C(#Cc1c[Si]cnc1)c1cncc(N2CCC3(CNC3)C2)c1 failed to sanitize.
23:14:54 <INFO> Sampled SMILES CC(C)(C)OC(=O)N1C2CCC1CC(n1cncc(C#Cc3cncc(N4CCC4)c3)c1)C2 failed to sanitize.
23:14:54 <INFO> Sampled SMILES CC(C)(C)OC(=O)N1CC2(CCN(c3nc4cccn4n3)C2)C1 failed to sanitize.
23:14:54 <INFO> Sampled SMILES CCCCCCOC1CN(c2cncc(N3CCC(C)(OC)(C(=O)OC(C)(C)C)CC3)c2)C1 failed to sanitize.
23:14:54 <INFO> Sampled SMILES CCCCCCOC1CN(c2cncc(N3CCCO4CCN(C(=O)OC(C)(C)C)CC4C3)c2)C1 failed to sanitize.
23:14:54 <INFO> Sampled SMILES COc1cccc(N2CCC3(CN(C(=O)OC(C)(C)C)C3)C2)n1Br failed to sanitize.
23:14:54 <INFO> Sampled SMILES O=[N+]([O-])c1cc(CN2CC3(CCN(c4cncc(C#CCCCCCc5cccco5)c4)C3)C2)cc([N+](=O)[O-])c1 failed to sanitize.
23:15:27 <INFO> Score: 0.35 Agent NLL: 11.36 Valid:  97% Step: 2
 | Agent Prior Target Score SMILES SMILES_state Input_SMILES Scaffold REINVENT PUBCHEM_RL_ADME REINVENT PUBCHEM_RL_ADME (raw) microsome_score (REINVENT PUBCHEM_RL_ADME) pred_cLogP (REINVENT PUBCHEM_RL_ADME) pred_MetStab_Half_Life_Obach (REINVENT PUBCHEM_RL_ADME) qsar_score (REINVENT PUBCHEM_RL_ADME) clogp_score (REINVENT PUBCHEM_RL_ADME) solubility_score (REINVENT PUBCHEM_RL_ADME) hepatocyte_score (REINVENT PUBCHEM_RL_ADME) pred_MetStab_Clearance_Microsome_AZ (REINVENT PUBCHEM_RL_ADME) half_life_score (REINVENT PUBCHEM_RL_ADME) pred_MetStab_Clearance_Hepatocyte_AZ (REINVENT PUBCHEM_RL_ADME) pred_Solubility_ESOL_mol_per_L (REINVENT PUBCHEM_RL_ADME) pred_log_ic50_uM (REINVENT PUBCHEM_RL_ADME) pred_logS_ESOL (REINVENT PUBCHEM_RL_ADME) pred_pic50 (REINVENT PUBCHEM_RL_ADME)
 | 20.5024 20.6937 1.9391 0.3536374 Clc1ccc(C2(Br)CCN(c3cncc(C#Cc4ccccc4)c3)C2)nc1 1 C(#Cc1cncc(N2CCC3(CNC3)C2)c1)c1ccccc1 C(#Cc1cncc(N2CCC(c3ccccn3)C2)c1)c1ccccc1 0.3536374 0.3536 0.6141543009223285 5.030300000000005 106.66471099853516 0.2074192373125393 0.012464894189137177 0.13544542949041416 0.8709171416163689 65.35191345214844 0.9997596295478779 60.90907669067383 2.2450397725879785e-07 1.034108090794506 -6.648775960735274 4.965891909205494
 | 8.5957 8.6022 12.5470 0.3304564 C#CCCCCC#Cc1cncc(N2CCC3(CN(C(=O)CCc4c[nH]c5ccccc45)C3)C2)c1 1 CCCCCCC#Cc1cncc(N2CCC3(CN(C(=O)CCc4c[nH]c5ccccc45)C3)C2)c1 O=C(CCc1c[nH]c2ccccc12)N1CC2(CCN(c3cccnc3)C2)C1 0.3304564 0.3305 0.6727884528776229 4.779500000000004 55.59565353393555 0.14052291038661624 0.025191479453739778 0.18671086318589283 0.8764427025513429 62.7917594909668 0.8753873874929496 60.4083366394043 3.0546825998671025e-07 1.1517084075638646 -6.51503390891979 4.848291592436135
 | 11.8075 12.3867 17.7499 0.4708844 C#CCCCCCC#Cc1cncc(N2CCC3(CC2)CN(C(=O)c2ccc4c(c2)OCO4)C3)c1 1 CCCCCCC#Cc1cncc(N2CCC3(CN(C(=O)c4ccc5c(c4)OCO5)C3)C2)c1 O=C(c1ccc2c(c1)OCO2)N1CC2(CCN(c3cccnc3)CC2)C1 0.4708844 0.4709 0.6438655026629018 4.488100000000004 45.61688995361328 0.5103377397996818 0.05608368212546281 0.29870795321253535 0.8227846255363426 64.07818603515625 0.6686556958596326 64.64671325683594 5.026777675391885e-07 0.6886307867790415 -6.298710322348147 5.311369213220958
 | 8.4703 8.4464 -8.4464 0.0000000 C#CCCCCCC#Cc1cncc(N2CCC3(CN(C(=O)c4cc([N+](=O)[O-])cc([N+](=O)[O-])c4)C3)C2)c1 1 CCCCCCC#Cc1cncc(N2CCC3(CN(C(=O)c4cc([N+](=O)[O-])cc([N+](=O)[O-])c4)C3)C2)c1 O=C(c1ccccc1)N1CC2(CCN(c3cccnc3)C2)C1 0.6989012 0.6989 0.857651249410679 4.185700000000003 50.1152458190918 0.9254359562621463 0.12354607171614203 0.3155577033766818 0.9911773713229548 52.04082489013672 0.7797835967983424 32.784263610839844 5.358065602809705e-07 0.06931836825936812 -6.270991973302682 5.930681631740632
 | 15.0516 14.7968 16.6747 0.4917425 C#Cc1cc(N2CCC3(CN(C(=O)OC(C)(C)C)C3)C2)cnc1Br 1 CC(C)(C)OC(=O)N1CC2(CCN(c3cncc(Br)c3)C2)C1 c1cncc(N2CCC3(CNC3)C2)c1 0.4917425 0.4917 0.27466163635243834 3.2726000000000024 51.474342346191406 0.15928643890784633 0.6559531034655757 0.9625487659469882 0.7702958171859966 79.71098327636719 0.8075693016065871 67.90017700195312 1.368644871141771e-05 1.1148567311751036 -4.863709225723737 4.885143268824896
 | 15.7899 15.9743 25.9291 0.6547402 C#Cc1ccc(N2CC3(CN(C(=O)CCc4c[nH]c5ccccc45)C3)C2)cn1 1 CCCCCCC#Cc1cncc(N2CCC3(CN(C(=O)CCc4c[nH]c5ccccc45)C3)C2)c1 O=C(CCc1c[nH]c2ccccc12)N1CC2(C1)CN(c1cccnc1)C2 0.6547402 0.6547 0.7582498119664266 2.8256000000000006 37.63959503173828 0.4252767106457216 0.8681877520444036 0.9864552742918836 0.8793129241552683 58.56892013549805 0.4267678434940851 60.140602111816406 3.1684165024514395e-05 0.7742571620317582 -4.49915773338722 5.225742837968242
 | 12.0203 12.1868 25.2560 0.5850429 C#Cc1cncc(C#CCN2CCC3(C2)CN(C(=O)CCc2c[nH]c4ccccc24)C3)c1 1 CCCCCCC#Cc1cncc(N2CCC3(CN(C(=O)CCc4c[nH]c5ccccc45)C3)C2)c1 O=C(CCc1c[nH]c2ccccc12)N1CC2(CCN(CC#Cc3cccnc3)C2)C1 0.5850429 0.5850 0.9766303274276428 3.062800000000001 48.45856475830078 0.14052291038661624 0.7750149523836686 0.946997626446137 0.9865103971938157 32.673309326171875 0.742178174614594 37.07745361328125 1.0210240256726571e-05 1.1517084075638646 -4.9909640384279825 4.848291592436135
 | 9.5221 9.6810 20.4739 0.4711692 C#Cc1cncc(N2CC3(CCN(C(=O)OC(C)(C)C)C3)C2)c1 1 CC(C)(C)OC(=O)N1CC2(CCN(c3cncc(Br)c3)C2)C1 c1cncc(N2CC3(CCNC3)C2)c1 0.4711692 0.4712 0.5445911826197068 2.5101000000000004 18.9078369140625 0.10571991635324698 0.9317260283931678 0.9982387702891631 0.7824487894157733 68.21160125732422 0.06682469459413783 67.20005798339844 0.0001655743585493985 1.232776430062971 -3.7810069187753896 4.767223569937029
 | 15.4536 15.7362 -3.5921 0.1897513 C#Cc1cncc(N2CC3(CCN(C(=O)OC(C)(C)C)C3)C2)c1OCCCc1ccccc1 1 CC(C)(C)OC(=O)N1CC2(CCN(c3cncc(N4CC(OCCCc5ccccc5)C4)c3)C2)C1 c1ccc(CCCOc2ccncc2N2CC3(CCNC3)C2)cc1 0.1897513 0.1898 0.010353559293887319 4.5217000000000045 34.887916564941406 0.1988250250479572 0.05121315016633557 0.3695561253356147 0.11523548331525983 115.60017395019531 0.3454702674273228 100.38343811035156 6.502157296379315e-07 1.0473835505056226 -6.186942528515183 4.952616449494378
 | 7.1059 7.0761 -7.0761 0.0000000 C#Cc1cncc(N2CCC3(CN(C(=O)OC(C)(C)C)C3)C2)c1 1 CC(C)(C)OC(=O)N1CC2(CCN(c3cncc(Br)c3)C2)C1 c1cncc(N2CCC3(CNC3)C2)c1 0.4577867 0.4578 0.44309073046233544 2.5101000000000004 19.73177146911621 0.10571991635324698 0.9317260283931678 0.9982387702891631 0.7434085019785595 72.2862777709961 0.0735408740908167 69.36239624023438 0.0001655743585493985 1.232776430062971 -3.7810069187753896 4.767223569937029
23:15:37 <INFO> Sampled SMILES CC(C)(C)OC(=O)N1CC2(CCN(c3cccnc(CC#N)n3)C2)C1 failed to sanitize.
23:15:37 <INFO> Sampled SMILES CC(C)(C)OC(=O)N1CC2(CCN(c3cncc([C+]#N)c3)C2)C1 failed to sanitize.
23:15:37 <INFO> Sampled SMILES CC(C)(C)OC(=O)N1CCC2(OC2CN=c2cncc(C#Cc3ccccc3)c2)CC1 failed to sanitize.
23:15:37 <INFO> Sampled SMILES CC(C)(C)OC(=O)N1C[C@@]2(CN(c3cncc(C#Cc4ccccc4)c3)CCN2(C(=O)O)C(C)(C)C)C1 failed to sanitize.
23:15:37 <INFO> Sampled SMILES CCCCCCC#Cc1cncc(N2CC3(CCN(C(=O)c4ccc5c([nH]4)COO5)C3)C2)c1 failed to sanitize.
23:15:37 <INFO> Sampled SMILES CCCCCCC#Cc1cncc(N2CCC3(CN(C(=O)N=c4cnc(N)c([N+](=O)[O-])c[nH]4)C3)C2)c1 failed to sanitize.
23:15:37 <INFO> Sampled SMILES Cc1c(C#Cc2ccccc2=O)cncc1N1CCC2(CN(C(=O)c3cc([N+](=O)[O-])cc([N+](=O)[O-])c3)C2)C1 failed to sanitize.
23:15:37 <INFO> Sampled SMILES Cc1cncc(C#Cc2ccccc2)cc1CN1CCC2(C1)CN(C(=O)OC(C)(C)C)C2 failed to sanitize.
23:15:37 <INFO> Sampled SMILES O=C1NCOCC1#Cc1cncc(N2CCC3(CN(C(=O)c4cc([N+](=O)[O-])cc([N+](=O)[O-])c4)C3)C2)c1 failed to sanitize.
23:16:13 <INFO> Score: 0.35 Agent NLL: 11.98 Valid:  98% Step: 3
 | Agent Prior Target Score SMILES SMILES_state Input_SMILES Scaffold REINVENT PUBCHEM_RL_ADME REINVENT PUBCHEM_RL_ADME (raw) microsome_score (REINVENT PUBCHEM_RL_ADME) pred_cLogP (REINVENT PUBCHEM_RL_ADME) pred_MetStab_Half_Life_Obach (REINVENT PUBCHEM_RL_ADME) qsar_score (REINVENT PUBCHEM_RL_ADME) clogp_score (REINVENT PUBCHEM_RL_ADME) solubility_score (REINVENT PUBCHEM_RL_ADME) hepatocyte_score (REINVENT PUBCHEM_RL_ADME) pred_MetStab_Clearance_Microsome_AZ (REINVENT PUBCHEM_RL_ADME) half_life_score (REINVENT PUBCHEM_RL_ADME) pred_MetStab_Clearance_Hepatocyte_AZ (REINVENT PUBCHEM_RL_ADME) pred_Solubility_ESOL_mol_per_L (REINVENT PUBCHEM_RL_ADME) pred_log_ic50_uM (REINVENT PUBCHEM_RL_ADME) pred_logS_ESOL (REINVENT PUBCHEM_RL_ADME) pred_pic50 (REINVENT PUBCHEM_RL_ADME)
 | 11.2732 11.3767 27.1971 0.6027154 Brc1cc(C#Cc2ccccc2)cc(N2CCC3(CNC3)C2)n1 1 C(#Cc1cncc(N2CCC3(CNC3)C2)c1)c1ccccc1 C(#Cc1ccnc(N2CCC3(CNC3)C2)c1)c1ccccc1 0.6027154 0.6027 0.9994746008389496 3.0436000000000005 81.97590637207031 0.09700066384265034 0.7842236151503365 0.9792604696412809 0.9996868322434038 -5.508267402648926 0.9947642115760493 -0.684583306312561 2.2344191097099304e-05 1.2567209990114128 -4.650835363018614 4.743279000988587
 | 13.6503 14.1750 29.4053 0.6809421 C#CC1CN(c2cncc(C#CCCCCCC)c2)CCN1C(=O)c1cc([N+](=O)[O-])cc([N+](=O)[O-])c1 1 CCCCCCC#Cc1cncc(N2CCC3(CN(C(=O)c4cc([N+](=O)[O-])cc([N+](=O)[O-])c4)C3)C2)c1 O=C(c1ccccc1)N1CCN(c2cccnc2)CC1 0.6809421 0.6809 0.3681486796893549 4.1841000000000035 64.03440856933594 0.9530558133733991 0.12404185847816165 0.36473427813503134 0.9431169056906488 75.40167236328125 0.9527680570564787 51.9180793762207 6.394314594016616e-07 -0.053708522611318255 -6.194206000675457 6.053708522611318
 | 11.8550 12.0227 -12.0227 0.0000000 C#CCCOc1cncc(N2CCC3(CN(C(=O)c4cc5c(cc4[N+](=O)[O-])OCO5)C3)C2)c1 1 CCCCCCC#Cc1cncc(N2CCC3(CN(C(=O)c4cc5c(cc4[N+](=O)[O-])OCO5)C3)C2)c1 O=C(c1ccc2c(c1)OCO2)N1CC2(CCN(c3cccnc3)C2)C1 0.5186628 0.5187 0.16466311891585067 2.4731000000000005 -14.335893630981445 0.44894660826989735 0.9355957303430639 0.9770838470335411 0.3560377591287565 86.23933410644531 0.0011214768905138256 85.92603302001953 2.0580487276674342e-05 0.7502019340044264 -4.686544346820157 5.249798065995574
 | 7.2729 7.1888 18.7260 0.4049193 C#Cc1cccc(N2CCC3(CN(C(=O)OC(C)(C)C)C3)C2)n1 1 CC(C)(C)OC(=O)N1CC2(CCN(c3cccc(Br)n3)C2)C1 c1ccc(N2CCC3(CNC3)C2)nc1 0.4049193 0.4049 0.11110535566478599 2.5101000000000004 32.6231689453125 0.10571991635324698 0.9317260283931678 0.9982387702891631 0.3357316989376097 90.79499816894531 0.2845294078885883 86.82373809814453 0.0001655743585493985 1.232776430062971 -3.7810069187753896 4.767223569937029
 | 6.8597 6.7340 32.0290 0.6056719 C#Cc1cncc(N2CCC3(CN(C(=O)CCc4c[nH]c5ccccc45)C3)C2)c1 1 CCCCCCC#Cc1cncc(N2CCC3(CN(C(=O)CCc4c[nH]c5ccccc45)C3)C2)c1 O=C(CCc1c[nH]c2ccccc12)N1CC2(CCN(c3cccnc3)C2)C1 0.6056719 0.6057 0.8191981252332519 3.215700000000002 26.969640731811523 0.4252767106457216 0.6913650301548661 0.9615394974778627 0.8930621446466597 54.8907585144043 0.16399551355907083 58.775917053222656 1.3384937356384682e-05 0.7742571620317582 -4.873383657038881 5.225742837968242
 | 7.1385 7.0761 -7.0761 0.0000000 C#Cc1cncc(N2CCC3(CN(C(=O)OC(C)(C)C)C3)C2)c1 1 CC(C)(C)OC(=O)N1CC2(CCN(c3cncc(Br)c3)C2)C1 c1cncc(N2CCC3(CNC3)C2)c1 0.4577867 0.4578 0.44309073046233544 2.5101000000000004 19.73177146911621 0.10571991635324698 0.9317260283931678 0.9982387702891631 0.7434085019785595 72.2862777709961 0.0735408740908167 69.36239624023438 0.0001655743585493985 1.232776430062971 -3.7810069187753896 4.767223569937029
 | 6.8895 6.7330 -6.7330 0.0000000 C#Cc1cncc(N2CCC3(CN(C(=O)c4cc5c(cc4[N+](=O)[O-])OCO5)C3)C2)c1 1 CCCCCCC#Cc1cncc(N2CCC3(CN(C(=O)c4cc5c(cc4[N+](=O)[O-])OCO5)C3)C2)c1 O=C(c1ccc2c(c1)OCO2)N1CC2(CCN(c3cccnc3)C2)C1 0.6750636 0.6751 0.7474218522827641 2.0523000000000002 1.521148681640625 0.551871353568757 0.9378808124358523 0.9955172490528029 0.8875483184414067 59.150909423828125 0.008083159784675784 59.340606689453125 7.781421482100778e-05 0.6469113461048441 -4.10894106040849 5.353088653895156
 | 16.5236 17.4038 2.2848 0.3076348 C(#CC1CCC12CCN(c1cncc(-c3ccccc3)c1)C2)c1ccccc1 1 C(#Cc1cncc(N2CCC3(CNC3)C2)c1)c1ccccc1 C(#CC1CCC12CCN(c1cncc(-c3ccccc3)c1)C2)c1ccccc1 0.3076348 0.3076 0.3603975886675686 5.406800000000005 77.18193054199219 0.20298709267997492 0.0042864385344573925 0.22809039883352136 0.5649293682842462 75.73638916015625 0.9905077434514528 77.38807678222656 3.7437436800739777e-07 1.0409021198442177 -6.426693893411539 4.959097880155783
 | 15.7871 16.1255 13.6604 0.4654040 C(#Cc1c[nH]c(N2CCC3(CNC3)C2)n1)c1cccnc1 1 C(#Cc1cncc(N2CCC3(CNC3)C2)c1)c1ccccc1 C(#Cc1c[nH]c(N2CCC3(CNC3)C2)n1)c1cccnc1 0.4654040 0.4654 0.9998466283355015 1.0041999999999993 19.79069709777832 0.08168215357319329 0.5025978689433993 0.99994748584932 0.9996023334350829 -17.82493019104004 0.07404429779348484 1.7050106525421143 0.002812104014158287 1.3038970072858702 -2.550968619662332 4.696102992714129
 | 9.5635 9.7818 30.5145 0.6296298 C(#Cc1cccc(N2CCCC3(CNC3)C2)c1)c1ccccc1 1 C(#Cc1cncc(N2CCC3(CNC3)C2)c1)c1ccccc1 C(#Cc1cccc(N2CCCC3(CNC3)C2)c1)c1ccccc1 0.6296298 0.6296 0.999465491856364 3.276200000000002 56.29430389404297 0.23706132911811234 0.6536449251185249 0.9901105516869272 0.998348535569595 -5.336289405822754 0.8846057956670237 15.955599784851074 4.094698083528751e-05 0.9911846922053875 -4.387778114780567 5.008815307794612
23:16:24 <INFO> Sampled SMILES CC(C)(C)OC(=O)N1CC2(CCCO2CNc2cncc(Br)c2)C1 failed to sanitize.
23:16:24 <INFO> Sampled SMILES CC(C)(C)OC(=O)N1CC2(CCN(c3cncC(Br)c3)C2)C1 failed to sanitize.
23:16:24 <INFO> Sampled SMILES CC(C)(C)OC(=O)N1CCCO1CCc1cncc(N2CC(OCCCc3ccccc3)C2)c1 failed to sanitize.
23:16:24 <INFO> Sampled SMILES CCCCC(C)FCOC1CN(c2cncc(N3CC4(C3)CN(C(=O)OC(C)(C)C)C4)c2)C1 failed to sanitize.
23:16:24 <INFO> Sampled SMILES CCCCCCCn1cc(N2CCC3(CN(C(=O)c4cc([N+](=O)[O-])cc([N+](=O)[O-])c4)C3)C2)coc1=O failed to sanitize.
23:16:24 <INFO> Sampled SMILES Cc1c(CCN2CC3(CCN(c4cccc(Br)n4)C3)C2)c1C failed to sanitize.
23:16:24 <INFO> Sampled SMILES O=C(N1CC2(CCN(c3cncc(C#Cc4ccccc4)c3)C2)C1)n1[nH]cc2c(=O)occ([N+](=O)[O-])c1-2 failed to sanitize.
23:17:00 <INFO> Score: 0.36 Agent NLL: 12.61 Valid:  98% Step: 4
 | Agent Prior Target Score SMILES SMILES_state Input_SMILES Scaffold REINVENT PUBCHEM_RL_ADME REINVENT PUBCHEM_RL_ADME (raw) microsome_score (REINVENT PUBCHEM_RL_ADME) pred_cLogP (REINVENT PUBCHEM_RL_ADME) pred_MetStab_Half_Life_Obach (REINVENT PUBCHEM_RL_ADME) disallowed_smarts (REINVENT PUBCHEM_RL_ADME) qsar_score (REINVENT PUBCHEM_RL_ADME) clogp_score (REINVENT PUBCHEM_RL_ADME) solubility_score (REINVENT PUBCHEM_RL_ADME) hepatocyte_score (REINVENT PUBCHEM_RL_ADME) pred_MetStab_Clearance_Microsome_AZ (REINVENT PUBCHEM_RL_ADME) half_life_score (REINVENT PUBCHEM_RL_ADME) pred_MetStab_Clearance_Hepatocyte_AZ (REINVENT PUBCHEM_RL_ADME) pred_Solubility_ESOL_mol_per_L (REINVENT PUBCHEM_RL_ADME) pred_log_ic50_uM (REINVENT PUBCHEM_RL_ADME) pred_logS_ESOL (REINVENT PUBCHEM_RL_ADME) pred_pic50 (REINVENT PUBCHEM_RL_ADME)
 | 16.1178 16.6710 1.9594 0.2910990 BrC1(C2CCC2)CCCN(c2cncc(C#Cc3ccccc3)c2)C1 1 C(#Cc1cncc(N2CCC3(CNC3)C2)c1)c1ccccc1 C(#Cc1cncc(N2CCCC(C3CCC3)C2)c1)c1ccccc1 0.2910990 0.2911 0.1698690686659286 5.015400000000004 92.11494445800781 0 0.22017668371443255 0.012999946717880118 0.31553011342660514 0.36909848361751163 85.86555480957031 0.9985202009128135 85.3608627319336 5.357514014661841e-07 1.0151292611538292 -6.271036684218501 4.984870738846171
 | 20.6813 22.2625 35.8891 0.9086188 C#CC#Cc1cncc(N2C[C@]3(CCN(C(=O)c4cc([N+](=O)[O-])cc([N+](=O)[O-])c4)C3)C2=O)c1 1 CCCCCCC#Cc1cncc(N2CCC3(CN(C(=O)c4cc([N+](=O)[O-])cc([N+](=O)[O-])c4)C3)C2)c1 O=C(c1ccccc1)N1CC[C@@]2(C1)CN(c1cccnc1)C2=O 0.9086188 0.9086 0.9948914267144425 1.7618 58.46685791015625 0 0.8379152073066071 0.8919100920829592 0.9952075930667923 0.9993923624250418 17.282865524291992 0.9095668208247245 5.94675874710083 7.371765324968784e-05 0.2882706748059049 -4.132428498696226 5.711729325194095
 | 12.4041 12.8131 20.8032 0.5252544 C#CC1(c2cncc(C#Cc3ccccc3)c2)CC1 1 C(#Cc1cncc(N2CCC3(CNC3)C2)c1)c1ccccc1 C(#Cc1cncc(C2CC2)c1)c1ccccc1 0.5252544 0.5253 0.9338401846708804 3.146200000000001 66.70740509033203 0 0.02300014022401032 0.7315986578438746 0.9971712479704936 0.6678243303614699 43.527679443359375 0.965723766900753 73.01638793945312 0.00011292248039678426 1.6362165489777554 -3.9472195909324386 4.363783451022245
 | 8.6877 8.3214 -8.3214 0.0000000 C#CCCCC#Cc1cncc(N2CCC3(CN(C(=O)c4cc([N+](=O)[O-])cc([N+](=O)[O-])c4)C3)C2)c1 1 CCCCCCC#Cc1cncc(N2CCC3(CN(C(=O)c4cc([N+](=O)[O-])cc([N+](=O)[O-])c4)C3)C2)c1 O=C(c1ccccc1)N1CC2(CCN(c3cccnc3)C2)C1 0.8306758 0.8307 0.9386915808643549 3.4055000000000017 39.36953353881836 0 0.9618352274172919 0.5665062796560533 0.7968743506684962 0.9953468205652809 42.71430206298828 0.48030811381403765 26.344594955444336 3.0088829425754973e-06 -0.10776256207089578 -5.521594707701063 6.107762562070896
 | 13.9796 14.2624 18.1524 0.5064802 C#CCOCCO[C@@H]1CCN(c2cncc(N3CCC4(CN(C(=O)OC(C)(C)C)C4)C3)c2)C1 1 CCCCCCOC1CN(c2cncc(N3CCC4(CN(C(=O)OC(C)(C)C)C4)C3)c2)C1 c1ncc(N2CCC3(CNC3)C2)cc1N1CCCC1 0.5064802 0.5065 0.08042329043098598 2.773900000000001 23.84688949584961 0 0.33716288149887097 0.8828510209351602 0.9619716521573283 0.751284949768089 94.36609649658203 0.11720806881277461 68.94522857666016 1.3512278467464303e-05 0.8679607862685046 -4.8692714131974855 5.132039213731495
 | 21.8659 21.6062 4.8595 0.4135257 C#CCO[C@H]1CCN(c2cncc(Br)c2)C[C@]12CCCN(C(=O)OC(C)(C)C)C2 1 CC(C)(C)OC(=O)N1CC2(CCN(c3cncc(Br)c3)C2)C1 c1cncc(N2CCC[C@@]3(CCCNC3)C2)c1 0.4135257 0.4135 0.046039900044332414 4.089900000000004 48.395965576171875 0 0.46147664644654657 0.15635506333240695 0.5558298862921963 0.4343551970737211 100.3111343383789 0.7406780474101808 82.64103698730469 1.1980891379925497e-06 0.7375698535909135 -5.921510869176956 5.262430146409087
 | 12.6192 12.9552 11.1485 0.3766205 C#CSc1cccc(N2CCC3(CN(C(=O)OC(C)(C)C)C3)C2)n1 1 CC(C)(C)OC(=O)N1CC2(CCN(c3cccc(Br)n3)C2)C1 c1ccc(N2CCC3(CNC3)C2)nc1 0.3766205 0.3766 0.10312218725564087 3.2116000000000016 41.13271713256836 0 0.04778200833354591 0.6938344778203147 0.9862190146922365 0.41653591927600514 91.63005065917969 0.5353383925345557 83.37010192871094 3.12396414751744e-05 1.4470062043685636 -4.505293958989579 4.552993795631436
 | 14.0048 14.6079 10.4359 0.3913083 C#Cc1cc(N2CCCC3(CN(C(=O)OC(C)(C)C)C3)C2)cnc1Cl 1 CC(C)(C)OC(=O)N1CC2(CCN(c3cncc(Br)c3)C2)C1 c1cncc(N2CCCC3(CNC3)C2)c1 0.3913083 0.3913 0.14459246022627617 3.553600000000002 47.59959030151367 0 0.08593287612474831 0.4614759416661238 0.9622461205447713 0.568071025150799 87.7765884399414 0.721104878696842 77.26014709472656 1.35945146816315e-05 1.2900543817816355 -4.866636291927278 4.709945618218365
 | 7.8595 7.5889 20.5430 0.4395617 C#Cc1cc2c(cc1C(=O)N1CC3(CCN(c4cncc(C#CCCCCCC)c4)C3)C1)OCO2 1 CCCCCCC#Cc1cncc(N2CCC3(CN(C(=O)c4cc5c(cc4[N+](=O)[O-])OCO5)C3)C2)c1 O=C(c1ccc2c(c1)OCO2)N1CC2(CCN(c3cccnc3)C2)C1 0.4395617 0.4396 0.18998865046784738 4.466000000000004 73.08490753173828 0 0.5013503909611805 0.059521388030364934 0.30860980129543913 0.6637712882517035 84.50083923339844 0.9842588937322589 73.19853973388672 5.220122227623161e-07 0.6976196057554538 -6.282319328001414 5.302380394244546
 | 10.2717 10.2416 -10.2416 0.0000000 C#Cc1ccc(C#Cc2cncc(N3CCC4(CN(C(=O)OC(C)(C)C)C4)C3)c2)cc1 1 CC(C)(C)OC(=O)N1CC2(CCN(c3cncc(C#Cc4ccccc4)c3)C2)C1 C(#Cc1cncc(N2CCC3(CNC3)C2)c1)c1ccccc1 0.6369568 0.6370 0.5826769460637132 3.909900000000003 103.54130554199219 0 0.5715090534174108 0.23659049030225424 0.7905151040172309 0.9605511886001615 66.66227722167969 0.9996448670703124 48.07496643066406 2.9161616394985627e-06 0.6269673212607438 -5.535188407241334 5.373032678739256
23:17:10 <INFO> Sampled SMILES CC(C)(C)OC(=O)N1CC2(CCN(c3ccc(Br)on3)C2)C1 failed to sanitize.
23:17:10 <INFO> Sampled SMILES CC(C)(C)OC(=O)N1CC2(CCN(c3ccc4cccc4n3)C2)C1 failed to sanitize.
23:17:10 <INFO> Sampled SMILES CC(C)(C)OC(=O)N1CC2(CCN(c3ccncc(-c4ccc(F)cc4)c3)C2)C1 failed to sanitize.
23:17:10 <INFO> Sampled SMILES CC1=CCc2cccc(N3CCC4(CN(C(=O)OC(C)(C)C)C4)C3)n2C1 failed to sanitize.
23:17:11 <INFO> Sampled SMILES CCCCFCc1cncc(N2CCC3(C2)CN(Cc2cc([N+](=O)[O-])cc([N+](=O)[O-])c2)C3)c1 failed to sanitize.
23:17:11 <INFO> Sampled SMILES Cc1cc(N2CCC3(CN(C(=O)OC(C)(C)C)C3)C2)cnn1-c1ccc(F)cc1 failed to sanitize.
23:17:11 <INFO> Sampled SMILES Cc1ncc(N2CCC3(CC2)CN(C(=O)OC(C)(C)C)C3)n(-c2ccc(F)cc2)n1 failed to sanitize.
23:17:11 <INFO> Sampled SMILES O=C(N1CC2(CCN(c3cncc(C#Cc4ccccc4)c3)C2)C1)N1CCc2nccc21 failed to sanitize.
23:17:11 <INFO> Sampled SMILES [nH]C1CC12CCN(c1cncc(C#Cc3ccccc3)c1)C2 failed to sanitize.
23:17:46 <INFO> Score: 0.38 Agent NLL: 13.00 Valid:  98% Step: 5
 | Agent Prior Target Score SMILES SMILES_state Input_SMILES Scaffold REINVENT PUBCHEM_RL_ADME REINVENT PUBCHEM_RL_ADME (raw) microsome_score (REINVENT PUBCHEM_RL_ADME) pred_cLogP (REINVENT PUBCHEM_RL_ADME) pred_MetStab_Half_Life_Obach (REINVENT PUBCHEM_RL_ADME) disallowed_smarts (REINVENT PUBCHEM_RL_ADME) qsar_score (REINVENT PUBCHEM_RL_ADME) clogp_score (REINVENT PUBCHEM_RL_ADME) solubility_score (REINVENT PUBCHEM_RL_ADME) hepatocyte_score (REINVENT PUBCHEM_RL_ADME) pred_MetStab_Clearance_Microsome_AZ (REINVENT PUBCHEM_RL_ADME) half_life_score (REINVENT PUBCHEM_RL_ADME) pred_MetStab_Clearance_Hepatocyte_AZ (REINVENT PUBCHEM_RL_ADME) pred_Solubility_ESOL_mol_per_L (REINVENT PUBCHEM_RL_ADME) pred_log_ic50_uM (REINVENT PUBCHEM_RL_ADME) pred_logS_ESOL (REINVENT PUBCHEM_RL_ADME) pred_pic50 (REINVENT PUBCHEM_RL_ADME)
 | 14.8220 14.2686 -14.2686 0.0000000 1#Cc2ccccc2-c2cncc(N3CCC4(CNC4)C3)c21 0 C(#Cc1cncc(N2CCC3(CNC3)C2)c1)c1ccccc1 -- 0.0000000 0.0000 None None None None None None None None None None None None None None None
 | 21.7340 22.1425 -22.1425 0.0000000 2COCCC3(CCN(c4cncc(C#Cc5ccccc5)c4)C3)C1 0 C(#Cc1cncc(N2CCC3(CNC3)C2)c1)c1ccccc1 -- 0.0000000 0.0000 None None None None None None None None None None None None None None None
 | 12.4194 13.2056 16.1994 0.4594532 BrC1CCC2(CCN(c3cncc(C#Cc4ccccc4)c3)CC2)C1 1 C(#Cc1cncc(N2CCC3(CNC3)C2)c1)c1ccccc1 C(#Cc1cncc(N2CCC3(CCCC3)CC2)c1)c1ccccc1 0.4594532 0.4595 0.7972827079575755 5.015400000000004 92.46745300292969 0 0.3503721298021774 0.012999946717880118 0.31340418871835213 0.9075710414964836 56.3060302734375 0.998583900090853 57.15668487548828 5.315104042654172e-07 0.85332096847342 -6.274488229784459 5.14667903152658
 | 11.5938 12.0774 13.2063 0.3950573 C#CC1CN(C(=O)OC(C)(C)C)CC12CCN(c1cccc(Br)n1)C2 1 CC(C)(C)OC(=O)N1CC2(CCN(c3cccc(Br)n3)C2)C1 c1ccc(N2CCC3(CCNC3)C2)nc1 0.3950573 0.3951 0.10545937916324925 3.540700000000003 47.137672424316406 0 0.10506619908692322 0.47063009917719223 0.9187539199621226 0.6314267068216842 91.37984466552734 0.7093458331168365 74.6165771484375 7.0621593052995684e-06 1.234509782772033 -5.151062490025229 4.765490217227967
 | 14.0036 13.4116 -13.4116 0.0000000 C#CCCCCC#Cc1cncc(N2CCC3(CN(Cc4cccc([N+](=O)[O-])c4)C3)C2)c1 1 CCCCCCC#Cc1cncc(N2CCC3(CN(Cc4cc([N+](=O)[O-])cc([N+](=O)[O-])c4)C3)C2)c1 c1ccc(CN2CC3(CCN(c4cccnc4)C3)C2)cc1 0.5487067 0.5487 0.8632207715677681 4.247200000000004 44.1483039855957 0 0.5013503909611814 0.10574488239604778 0.5995131848774862 0.9337520321180269 51.57697677612305 0.626805837894558 53.54193878173828 1.3842132205491496e-06 0.6976196057554537 -5.858797007151234 5.302380394244547
 | 10.8744 10.8243 -10.8243 0.0000000 C#CCCCOC1CN(c2cncc(N3CCC4(CN(C(=O)OC(C)(C)C)C4)C3)c2)C1 1 CC(C)(C)OC(=O)N1CC2(CCN(c3cncc(N4CC(OCCCc5ccccc5)C4)c3)C2)C1 c1ncc(N2CCC3(CNC3)C2)cc1N1CCC1 0.4653749 0.4654 0.10693581522443474 3.147400000000002 16.237009048461914 0 0.33716288149887097 0.7309342905485497 0.9517740107596062 0.6253165613186142 91.22429656982422 0.04878237156153811 74.87823486328125 1.1062425092906708e-05 0.8679607862685046 -4.956149657026088 5.132039213731495
 | 14.6682 14.6750 6.1135 0.3248210 C#CCc1cccc(N2CCCC3(CN(C(=O)OC(C)(C)C)C3)C2)n1 1 CC(C)(C)OC(=O)N1CC2(CCN(c3cccc(Br)n3)C2)C1 c1ccc(N2CCCC3(CNC3)C2)nc1 0.3248210 0.3248 0.03625317501807692 3.0946000000000016 16.635732650756836 0 0.09841138649785412 0.7591101784306036 0.9901123423307318 0.1433291918017691 102.80301666259766 0.0511478069991524 97.87909698486328 4.095301656805952e-05 1.2527204549070714 -4.387714102924035 4.747279545092929
 | 16.8446 19.1228 3.2746 0.3499599 C#Cc1ccc2[nH]cc(CCC(=O)N3CC4(CCN(c5cncc(C#CCCCCCC)c5)CC4)C3)c2n1 1 CCCCCCC#Cc1cncc(N2CCC3(CN(C(=O)CCc4c[nH]c5ccccc45)C3)C2)c1 O=C(CCc1c[nH]c2cccnc12)N1CC2(CCN(c3cccnc3)CC2)C1 0.3499599 0.3500 0.5520480901584555 5.3227000000000055 106.89018249511719 0 0.23267350155009564 0.005444344824288157 0.032754778373979464 0.9597920555836017 67.91050720214844 0.9997663079958584 48.27347946166992 6.53294317933745e-08 0.9972890508254008 -7.1848911190958935 5.002710949174599
 | 13.1423 13.1170 -0.2835 0.2005241 C#Cc1cnc(N2CCC3(CN(C(=O)CCc4c[nH]c5ccccc45)C3)C2)cc1C#CCCCCCC 1 CCCCCCC#Cc1cncc(N2CCC3(CN(C(=O)CCc4c[nH]c5ccccc45)C3)C2)c1 O=C(CCc1c[nH]c2ccccc12)N1CC2(CCN(c3ccccn3)C2)C1 0.2005241 0.2005 0.06604028345814697 5.537600000000006 114.09104919433594 0 0.047765374893969266 0.002953764648710131 0.027383530247847628 0.7027283629816561 96.49168395996094 0.9999049850365502 71.39675903320312 5.629673010199915e-08 1.4470976142403598 -7.249516829658411 4.552902385759641
 | 8.7609 9.6523 38.6922 0.7553825 C#Cc1cncc(N2CCC3(CCN(C(=O)c4cc5c(cc4[N+](=O)[O-])OCO5)C3)C2)c1 1 CCCCCCC#Cc1cncc(N2CCC3(CN(C(=O)c4cc5c(cc4[N+](=O)[O-])OCO5)C3)C2)c1 O=C(c1ccc2c(c1)OCO2)N1CCC2(CCN(c3cccnc3)C2)C1 0.7553825 0.7554 0.7895175152757455 2.4424 5.326178073883057 0 0.7360894391698771 0.9383203726152237 0.9869653735536272 0.9190791793490659 56.77980422973633 0.012942296681496532 55.70098876953125 3.269331421373675e-05 0.4425346572635823 -4.48554105152792 5.557465342736418
23:17:56 <INFO> Sampled SMILES C(#Cc1cc(N2CCC3(CNC3)C2)nc2c1N=c1ccncc1=2)c1ccccc1 failed to sanitize.
23:17:56 <INFO> Sampled SMILES C(#Cc1cncc2n1CC1(CNC1)CC2)c1ccccc1 failed to sanitize.
23:17:56 <INFO> Sampled SMILES CC(C)(C)OC(=O)N1CC(C)(C)n2c(Br)nc3cccnc3c2C1 failed to sanitize.
23:17:56 <INFO> Sampled SMILES CC(C)(C)OC(=O)N1CC2(CC2)c2cncc(Br)c2(C)C1 failed to sanitize.
23:17:56 <INFO> Sampled SMILES CC(C)(C)OC(=O)N1CC2(CCN(c3ccn4ncc(Br)cc4n3)C2)C1 failed to sanitize.
23:17:56 <INFO> Sampled SMILES CC(C)(C)OC(=O)N1CC2(CCN(c3nn(-c4cccnc4)c4nnnc34)C2)C1 failed to sanitize.
23:17:56 <INFO> Sampled SMILES CC(C)(C)OC(=O)N1CC2(CCN23CC[C@H](Oc2cncc(Br)c2)C3)C1 failed to sanitize.
23:17:56 <INFO> Sampled SMILES CCC(C)#Cc1cncc(N2CCC3(CN(C(=O)c4cc5c(cc4[N+](=O)[O-])OCO5)C3)C2)c1 failed to sanitize.
23:17:56 <INFO> Sampled SMILES CCN=c1cccc(N2CC23CN(C(=O)OC(C)(C)C)C3)n1 failed to sanitize.
23:17:56 <INFO> Sampled SMILES Cc1noc(N2CCC3(C2)CN(C(=O)OC(C)(C)C)C3)n1CCCc1ccccc1 failed to sanitize.
23:17:58 <CRIT> Received exception ('Signal 15'): saving checkpoint and then terminate
