19:07:34 <INFO> Started REINVENT 4.7.15 (C) AstraZeneca 2017, 2023 on 2026-03-15
19:07:34 <INFO> Command line: /home/nbhatta1/Desktop/qsar-project-Tzu/.venv/bin/reinvent -l reinvent_integration/logs/reinvent_pubchem_rl_train.log /home/nbhatta1/Desktop/qsar-project-Tzu/reinvent_integration/configs_fast/rl_reinvent_pubchem.toml
19:07:34 <INFO> Reading run configuration from /home/nbhatta1/Desktop/qsar-project-Tzu/reinvent_integration/configs_fast/rl_reinvent_pubchem.toml using format toml
19:07:34 <INFO> User nbhatta1 on host panacea
19:07:34 <INFO> Python version 3.11.13
19:07:34 <INFO> PyTorch version 2.9.1+cu128, git 5811a8d7da873dd699ff6687092c225caffcf1bb
19:07:34 <INFO> PyTorch compiled with CUDA version 12.8
19:07:34 <INFO> RDKit version 2025.09.6
19:07:34 <INFO> Platform Linux-5.14.0-611.30.1.el9_7.x86_64-x86_64-with-glibc2.34
19:07:34 <INFO> CUDA driver version 590.48.01
19:07:34 <INFO> Number of PyTorch CUDA devices 1
19:07:34 <WARN> 'use_cuda' is deprecated, use 'device' instead
19:07:34 <INFO> Using GPU device:0 NVIDIA RTX PRO 5000 Blackwell
19:07:34 <INFO> GPU memory: 45806 MiB free, 48400 MiB total
19:07:34 <INFO> Starting 1 stage of Reinforcement Learning
19:07:34 <WARN> /home/nbhatta1/Desktop/qsar-project-Tzu/reinvent_integration/priors/pubchem_ecfp4_with_count_with_rank_reinvent4_dict_voc.prior does not contain metadata
19:07:34 <INFO> Number of network parameters: 17,713,863
19:07:34 <INFO> Network architecture:
EncoderDecoder(
  (encoder): Encoder(
    (layers): ModuleList(
      (0-5): 6 x EncoderLayer(
        (self_attn): MultiHeadedAttention(
          (linears): ModuleList(
            (0-3): 4 x Linear(in_features=256, out_features=256, bias=True)
          )
          (dropout): Dropout(p=0.1, inplace=False)
        )
        (feed_forward): PositionwiseFeedForward(
          (w_1): Linear(in_features=256, out_features=2048, bias=True)
          (w_2): Linear(in_features=2048, out_features=256, bias=True)
          (dropout): Dropout(p=0.1, inplace=False)
        )
        (sublayer): ModuleList(
          (0-1): 2 x SublayerConnection(
            (norm): LayerNorm()
            (dropout): Dropout(p=0.1, inplace=False)
          )
        )
      )
    )
    (norm): LayerNorm()
  )
  (decoder): Decoder(
    (layers): ModuleList(
      (0-5): 6 x DecoderLayer(
        (self_attn): MultiHeadedAttention(
          (linears): ModuleList(
            (0-3): 4 x Linear(in_features=256, out_features=256, bias=True)
          )
          (dropout): Dropout(p=0.1, inplace=False)
        )
        (src_attn): MultiHeadedAttention(
          (linears): ModuleList(
            (0-3): 4 x Linear(in_features=256, out_features=256, bias=True)
          )
          (dropout): Dropout(p=0.1, inplace=False)
        )
        (feed_forward): PositionwiseFeedForward(
          (w_1): Linear(in_features=256, out_features=2048, bias=True)
          (w_2): Linear(in_features=2048, out_features=256, bias=True)
          (dropout): Dropout(p=0.1, inplace=False)
        )
        (sublayer): ModuleList(
          (0-2): 3 x SublayerConnection(
            (norm): LayerNorm()
            (dropout): Dropout(p=0.1, inplace=False)
          )
        )
      )
    )
    (norm): LayerNorm()
  )
  (src_embed): Sequential(
    (0): Embeddings(
      (lut): Embedding(455, 256)
    )
    (1): PositionalEncoding(
      (dropout): Dropout(p=0.1, inplace=False)
    )
  )
  (tgt_embed): Sequential(
    (0): Embeddings(
      (lut): Embedding(455, 256)
    )
    (1): PositionalEncoding(
      (dropout): Dropout(p=0.1, inplace=False)
    )
  )
  (generator): Generator(
    (proj): Linear(in_features=256, out_features=455, bias=True)
  )
)
19:07:35 <WARN> /home/nbhatta1/Desktop/qsar-project-Tzu/reinvent_integration/priors/pubchem_ecfp4_with_count_with_rank_reinvent4_dict_voc.prior does not contain metadata
19:07:35 <INFO> Number of network parameters: 17,713,863
19:07:35 <INFO> Network architecture:
EncoderDecoder(
  (encoder): Encoder(
    (layers): ModuleList(
      (0-5): 6 x EncoderLayer(
        (self_attn): MultiHeadedAttention(
          (linears): ModuleList(
            (0-3): 4 x Linear(in_features=256, out_features=256, bias=True)
          )
          (dropout): Dropout(p=0.1, inplace=False)
        )
        (feed_forward): PositionwiseFeedForward(
          (w_1): Linear(in_features=256, out_features=2048, bias=True)
          (w_2): Linear(in_features=2048, out_features=256, bias=True)
          (dropout): Dropout(p=0.1, inplace=False)
        )
        (sublayer): ModuleList(
          (0-1): 2 x SublayerConnection(
            (norm): LayerNorm()
            (dropout): Dropout(p=0.1, inplace=False)
          )
        )
      )
    )
    (norm): LayerNorm()
  )
  (decoder): Decoder(
    (layers): ModuleList(
      (0-5): 6 x DecoderLayer(
        (self_attn): MultiHeadedAttention(
          (linears): ModuleList(
            (0-3): 4 x Linear(in_features=256, out_features=256, bias=True)
          )
          (dropout): Dropout(p=0.1, inplace=False)
        )
        (src_attn): MultiHeadedAttention(
          (linears): ModuleList(
            (0-3): 4 x Linear(in_features=256, out_features=256, bias=True)
          )
          (dropout): Dropout(p=0.1, inplace=False)
        )
        (feed_forward): PositionwiseFeedForward(
          (w_1): Linear(in_features=256, out_features=2048, bias=True)
          (w_2): Linear(in_features=2048, out_features=256, bias=True)
          (dropout): Dropout(p=0.1, inplace=False)
        )
        (sublayer): ModuleList(
          (0-2): 3 x SublayerConnection(
            (norm): LayerNorm()
            (dropout): Dropout(p=0.1, inplace=False)
          )
        )
      )
    )
    (norm): LayerNorm()
  )
  (src_embed): Sequential(
    (0): Embeddings(
      (lut): Embedding(455, 256)
    )
    (1): PositionalEncoding(
      (dropout): Dropout(p=0.1, inplace=False)
    )
  )
  (tgt_embed): Sequential(
    (0): Embeddings(
      (lut): Embedding(455, 256)
    )
    (1): PositionalEncoding(
      (dropout): Dropout(p=0.1, inplace=False)
    )
  )
  (generator): Generator(
    (proj): Linear(in_features=256, out_features=455, bias=True)
  )
)
19:07:35 <INFO> Using generator Mol2Mol
19:07:35 <INFO> Prior read from reinvent_integration/priors/pubchem_ecfp4_with_count_with_rank_reinvent4_dict_voc.prior
19:07:35 <INFO> Agent read from reinvent_integration/priors/pubchem_ecfp4_with_count_with_rank_reinvent4_dict_voc.prior
19:07:35 <INFO> Input molecules/fragments read from file reinvent_integration/data/series_ce_unique.smi
19:07:35 <INFO> Using reward strategy dap
19:07:35 <INFO> Using diversity filter IdenticalMurckoScaffold
19:07:35 <INFO> Purging diversity filter memories after each stage
19:07:35 <ERRO> Component reinvent_plugins.components.OpenEye.comp_rocs could not be imported: No module named 'openeye'
19:07:35 <INFO> Registered scoring component GroupCount
19:07:35 <INFO> Registered scoring component FragmentQed
19:07:35 <INFO> Registered scoring component FragmentSlogP
19:07:35 <INFO> Registered scoring component FragmentMolecularWeight
19:07:35 <INFO> Registered scoring component FragmentTPSA
19:07:35 <INFO> Registered scoring component FragmentDistanceMatrix
19:07:35 <INFO> Registered scoring component FragmentNumAtomStereoCenters
19:07:35 <INFO> Registered scoring component FragmentHBondAcceptors
19:07:35 <INFO> Registered scoring component FragmentHBondDonors
19:07:35 <INFO> Registered scoring component FragmentNumRotBond
19:07:35 <INFO> Registered scoring component FragmentCsp3
19:07:35 <INFO> Registered scoring component Fragmentnumsp
19:07:35 <INFO> Registered scoring component Fragmentnumsp2
19:07:35 <INFO> Registered scoring component Fragmentnumsp3
19:07:35 <INFO> Registered scoring component FragmentEffectiveLength
19:07:35 <INFO> Registered scoring component FragmentGraphLength
19:07:35 <INFO> Registered scoring component FragmentLengthRatio
19:07:35 <INFO> Registered scoring component FragmentNumHeavyAtoms
19:07:35 <INFO> Registered scoring component FragmentNumHeteroAtoms
19:07:35 <INFO> Registered scoring component FragmentNumRings
19:07:35 <INFO> Registered scoring component FragmentNumAromaticRings
19:07:35 <INFO> Registered scoring component FragmentNumAliphaticRings
19:07:35 <INFO> Registered scoring component FragmentSlogP
19:07:35 <INFO> Registered scoring component MatchingSubstructure
19:07:35 <INFO> Registered scoring component MolVolume
19:07:35 <INFO> Registered scoring component Qed
19:07:35 <INFO> Registered scoring component LargestRingSize
19:07:35 <INFO> Registered scoring component MolecularWeight
19:07:35 <INFO> Registered scoring component GraphLength
19:07:35 <INFO> Registered scoring component NumAtomStereoCenters
19:07:35 <INFO> Registered scoring component HBondAcceptors
19:07:35 <INFO> Registered scoring component HBondDonors
19:07:35 <INFO> Registered scoring component NumRotBond
19:07:35 <INFO> Registered scoring component Csp3
19:07:35 <INFO> Registered scoring component numsp
19:07:35 <INFO> Registered scoring component numsp2
19:07:35 <INFO> Registered scoring component numsp3
19:07:35 <INFO> Registered scoring component NumHeavyAtoms
19:07:35 <INFO> Registered scoring component NumHeteroAtoms
19:07:35 <INFO> Registered scoring component NumRings
19:07:35 <INFO> Registered scoring component NumAromaticRings
19:07:35 <INFO> Registered scoring component NumAliphaticRings
19:07:35 <INFO> Registered scoring component SlogP
19:07:35 <INFO> Registered scoring component LargestRingSize
19:07:35 <INFO> Registered scoring component PMI
19:07:35 <INFO> Registered scoring component RDKitDescriptors
19:07:35 <INFO> Registered scoring component TanimotoSimilarity
19:07:35 <INFO> Registered scoring component TanimotoDistance
19:07:35 <INFO> Registered scoring component TPSA
19:07:35 <INFO> Registered scoring component SAScore
19:07:35 <INFO> Registered scoring component ChemProp
19:07:35 <INFO> Registered scoring component CustomAlerts
19:07:35 <INFO> Registered scoring component DockStream
19:07:35 <INFO> Registered scoring component ExternalProcess
19:07:35 <INFO> Registered scoring component REST
19:07:35 <INFO> Registered scoring component Icolos
19:07:35 <INFO> Registered scoring component MMP
19:07:35 <INFO> Registered scoring component Qptuna
19:07:35 <INFO> Registered scoring component ReactionFilter
19:07:35 <INFO> Registered scoring component RingPrecedence
19:07:35 <INFO> Registered scoring component Maize
19:07:35 <INFO> Registered scoring component SynthSense
19:07:35 <INFO> Registered scoring component CAZP
19:07:35 <INFO> Creating scoring component ExternalProcess
19:07:35 <INFO> Writing tabular data for stage to reinvent_pubchem_rl_adme_1.csv
19:07:35 <INFO> Starting stage 1 <<<
19:07:35 <INFO> Current GPU memory usage: 2838 MiB used, 45562 MiB free
19:07:41 <INFO> Sampled SMILES CC(C)(C)OC(=O)N1CC2(CCN(c3cc(-c4ccc(F)cc4)[CH]c(N)c3)C2)C1 failed to sanitize.
19:07:41 <INFO> Sampled SMILES CC(C)(C)OC(=O)N1CC2(CCN(c3cccc(=S)n3)C2)C1 failed to sanitize.
19:07:41 <INFO> Sampled SMILES O=c1ccncc2n1CC1(CCN(c3cncc(C#Cc4ccccc4)c3)C1)CN2c1cc([N+](=O)[O-])cc([N+](=O)[O-])c1 failed to sanitize.
19:10:12 <INFO> Score: 0.36 Agent NLL: 10.74 Valid:  97% Step: 1
 | Agent Prior Target Score SMILES SMILES_state Input_SMILES Scaffold REINVENT PUBCHEM_RL_ADME REINVENT PUBCHEM_RL_ADME (raw) pred_qikprop_cLogP (REINVENT PUBCHEM_RL_ADME) microsome_score (REINVENT PUBCHEM_RL_ADME) metstab_ensemble_score (REINVENT PUBCHEM_RL_ADME) pred_MetStab_Clearance_Microsome_Human (REINVENT PUBCHEM_RL_ADME) pred_Solubility_ESOL_mol_per_L (REINVENT PUBCHEM_RL_ADME) solubility_uncertainty (REINVENT PUBCHEM_RL_ADME) pred_log_ic50_uM (REINVENT PUBCHEM_RL_ADME) clogp_ensemble_score (REINVENT PUBCHEM_RL_ADME) pred_qikprop_status (REINVENT PUBCHEM_RL_ADME) pred_cLogP (REINVENT PUBCHEM_RL_ADME) half_life_score (REINVENT PUBCHEM_RL_ADME) pred_MetStab_Clearance_Hepatocyte_Mouse (REINVENT PUBCHEM_RL_ADME) pred_admet_logP (REINVENT PUBCHEM_RL_ADME) pred_MetStab_Half_Life_Mouse (REINVENT PUBCHEM_RL_ADME) pred_MetStab_Clearance_Microsome_AZ (REINVENT PUBCHEM_RL_ADME) pred_MetStab_Clearance_Microsome_Mouse (REINVENT PUBCHEM_RL_ADME) adme3_ensemble_score (REINVENT PUBCHEM_RL_ADME) solubility_ensemble_score (REINVENT PUBCHEM_RL_ADME) pred_pic50 (REINVENT PUBCHEM_RL_ADME) pred_qikprop_logS (REINVENT PUBCHEM_RL_ADME) pred_rdkit_metstab_proxy (REINVENT PUBCHEM_RL_ADME) qsar_score (REINVENT PUBCHEM_RL_ADME) pred_MetStab_Half_Life_Human (REINVENT PUBCHEM_RL_ADME) pred_qikprop_metab_sites (REINVENT PUBCHEM_RL_ADME) pred_rdkit_logS_proxy (REINVENT PUBCHEM_RL_ADME) pred_MetStab_Clearance_Hepatocyte_AZ (REINVENT PUBCHEM_RL_ADME) clogp_uncertainty (REINVENT PUBCHEM_RL_ADME) pred_logS_ESOL (REINVENT PUBCHEM_RL_ADME) pred_rdkit_cLogP (REINVENT PUBCHEM_RL_ADME) disallowed_smarts (REINVENT PUBCHEM_RL_ADME) pred_MetStab_Half_Life_Obach (REINVENT PUBCHEM_RL_ADME) adme3_ensemble_uncertainty (REINVENT PUBCHEM_RL_ADME) pred_MetStab_Clearance_Hepatocyte_Human (REINVENT PUBCHEM_RL_ADME) pred_pic50_uncertainty (REINVENT PUBCHEM_RL_ADME) hepatocyte_score (REINVENT PUBCHEM_RL_ADME) metstab_uncertainty (REINVENT PUBCHEM_RL_ADME)
 | 15.0623 15.0623 17.5024 0.5088237 C#CC(=O)N1CCC2(CCN(c3cncc(C#CCCCCCC)c3)C2)C1 1 CCCCCCC#Cc1cncc(N2CCC3(CN(C(=O)c4ccc5c(c4)OCO5)C3)C2)c1 c1cncc(N2CCC3(CCNC3)C2)c1 0.5088237 0.5088 999.0 0.8338265438501997 0.5975754345652232 1000000.0 1.6191804629854063e-05 0.4487173095414651 0.7933280900165396 0.5241656518303002 no_prediction 3.4655000000000022 0.7844794401824418 1000000.0 3.4655000000000022 0.0 53.87006759643555 1000000.0 0.5088237268801737 0.33480911257737994 5.20667190998346 -999.0 42.38154999999998 0.40674632955973994 0.0 999.0 -7.358765000000004 49.13428497314453 0.0 -4.790704745001374 3.4655000000000022 0 50.33571243286133 0.21202374923147072 1000000.0 0.25301071097210825 0.9563354216937641 0.1873539381529471
 | 12.9535 12.9535 21.4088 0.5369106 C#CCCCOCC#Cc1cncc(N2CCC3(CN(C(=O)c4ccc5c(c4)OCO5)C3)C2)c1 1 CCCCCCC#Cc1cncc(N2CCC3(CN(C(=O)c4ccc5c(c4)OCO5)C3)C2)c1 O=C(c1ccc2c(c1)OCO2)N1CC2(CCN(c3cccnc3)C2)C1 0.5369106 0.5369 999.0 0.7335203030937463 0.5364929737455526 1000000.0 8.350606188241764e-06 0.43893858677931785 0.5576247411305315 0.8270954711123558 no_prediction 2.944300000000001 0.13837410189602056 1000000.0 2.944300000000001 0.0 59.874427795410156 1000000.0 0.5369106252516275 0.3122328228890826 5.442375258869468 -999.0 48.413349999999994 0.6376966915324751 0.0 999.0 -8.117335000000004 64.62567901611328 1.1102230246251565e-16 -5.07828199701308 2.944300000000001 0 25.369117736816406 0.16703995299662766 1000000.0 0.5793087670850473 0.8230911177733865 0.062181272210565026
 | 9.5144 9.5144 3.6827 0.2062047 C#Cc1cc(C#CCCCCCC)cc(N2CCC3(CN(C(=O)CCc4c[nH]c5ccccc45)C3)C2)c1 1 CCCCCCC#Cc1cncc(N2CCC3(CN(C(=O)CCc4c[nH]c5ccccc45)C3)C2)c1 O=C(CCc1c[nH]c2ccccc12)N1CC2(CCN(c3ccccc3)C2)C1 0.2062047 0.2062 999.0 0.15985308586661603 0.3639128275923483 1000000.0 2.0337845664613146e-08 0.0037208526197237994 1.2362920602790133 0.0005256831245249593 no_prediction 6.142600000000006 0.9999985363196661 1000000.0 6.142600000000006 0.0 86.59321594238281 1000000.0 0.20620472005822318 0.0026343679153378453 4.7637079397209865 -999.0 19.051299999999955 0.1043977530289424 0.0 999.0 -10.360558000000006 56.02131271362305 0.0 -7.691695052668074 6.142600000000006 0 147.4764404296875 0.07741461945706632 1000000.0 0.21217122614667813 0.9166646389652999 0.22852300575147516
 | 10.3346 10.3346 8.8068 0.2990852 C#Cc1cc(N2CCC3(CN(C(=O)c4cc5c(cc4[N+](=O)[O-])OCO5)C3)C2)cnc1C#CCCCCCC 1 CCCCCCC#Cc1cncc(N2CCC3(CN(C(=O)c4cc5c(cc4[N+](=O)[O-])OCO5)C3)C2)c1 O=C(c1ccc2c(c1)OCO2)N1CC2(CCN(c3cccnc3)C2)C1 0.2990852 0.2991 999.0 0.1682903253543778 0.47674597807081437 1000000.0 3.185300897824425e-07 0.09178021249633429 0.7491219792570026 0.07601362889972552 no_prediction 4.3742000000000045 0.9982111661243518 1000000.0 4.3742000000000045 0.0 85.9779281616211 1000000.0 0.29908519443967235 0.06493216640758093 5.250878020742998 -999.0 40.55829999999997 0.45001553771121683 0.0 999.0 -9.486674000000008 68.87059020996094 0.0 -6.496849535984096 4.3742000000000045 0 90.59520721435547 0.07806587883751509 1000000.0 0.554698600477414 0.7526769941815096 0.142417424016211
 | 7.1888 7.1888 29.7871 0.5777481 C#Cc1cccc(N2CCC3(CN(C(=O)OC(C)(C)C)C3)C2)n1 1 CC(C)(C)OC(=O)N1CC2(CCN(c3cccc(Br)n3)C2)C1 c1ccc(N2CCC3(CNC3)C2)nc1 0.5777481 0.5777 999.0 0.11110535566478599 0.4842446948014723 1000000.0 0.0001655743585493985 0.32347614120860974 1.2327764304986477 0.9317260283931678 no_prediction 2.5101000000000004 0.2845294078885883 1000000.0 2.5101000000000004 0.0 90.79499816894531 1000000.0 0.5777481208898297 0.5433660886382564 4.767223569501352 -999.0 55.45465 0.105719916188486 0.0 999.0 -6.204357000000002 86.82374572753906 0.0 -3.7810069187753896 2.5101000000000004 0 32.6231689453125 0.16930094138530719 1000000.0 0.4475797796597706 0.33573152878998297 0.18442668294731185
 | 15.8255 15.8255 26.5760 0.6625235 C(#Cc1cncc(N2CC[C@@]3(CCNC3)C2)c1)Oc1ccccc1 1 C(#Cc1cncc(N2CCC3(CNC3)C2)c1)c1ccccc1 C(#Cc1cncc(N2CC[C@@]3(CCNC3)C2)c1)Oc1ccccc1 0.6625235 0.6625 999.0 0.9996815965839042 0.668294697187006 1000000.0 9.333706355947527e-05 0.36531424789589845 0.8815823485479113 0.9090233726120059 no_prediction 2.6594000000000007 0.5709094177937208 1000000.0 2.6594000000000007 0.0 -10.518729209899902 1000000.0 0.6625235004021839 0.48077465766181904 5.118417651452089 -999.0 52.141299999999994 0.32509611870366767 0.0 999.0 -6.383396 13.920916557312012 1.1102230246251565e-16 -4.029945866403259 2.6594000000000007 0 42.28450012207031 0.16843837535009132 1000000.0 0.31530143151228807 0.9986521668990563 0.14000087815437545
 | 33.5524 33.5524 -33.5524 0.0000000 C(#Cc1c[n+](N2CC5(CNC3)C2)ccc1Br)c1ccccc1 0 C(#Cc1cncc(N2CCC3(CNC3)C2)c1)c1ccccc1 -- 0.0000000 0.0000 None None None None None None None None None None None None None None None None None None None None None None None None None None None None None None None None None None None None
 | 19.5762 19.5762 24.8807 0.6946384 C(#Cc1cncc(N2CC3(CCOC3)C2)c1)c1ccccc1 1 C(#Cc1cncc(N2CCC3(CNC3)C2)c1)c1ccccc1 C(#Cc1cncc(N2CC3(CCOC3)C2)c1)c1ccccc1 0.6946384 0.6946 999.0 0.9684427762471313 0.6801065055547469 1000000.0 0.0001268202429061501 0.28039648799974476 1.2521584330993902 0.8989023949161723 no_prediction 2.708100000000001 0.875772881689568 1000000.0 2.708100000000001 0.0 35.761131286621094 1000000.0 0.6946383986646784 0.6021606293376868 4.747841566900609 -999.0 51.53244999999999 0.09861103175865828 0.0 999.0 -6.097767 64.42811584472656 0.0 -3.8968114193189076 2.708100000000001 0 55.62396240234375 0.14689100960848295 1000000.0 0.23004424030599246 0.8259495386534932 0.16027654082570408
 | 16.2624 16.2624 11.0053 0.4260582 C(#Cc1cncc(C#Cc2cccc(N3CC[C@]4(CCNC4)C3)c2)c1)c1ccccc1 1 C(#Cc1cncc(N2CCC3(CNC3)C2)c1)c1ccccc1 C(#Cc1cncc(C#Cc2cccc(N3CC[C@]4(CCNC4)C3)c2)c1)c1ccccc1 0.4260582 0.4261 999.0 0.9998663337397429 0.6177639474636005 1000000.0 2.1326233723514795e-06 0.33817398203196736 0.9245715264383414 0.16360945150352524 no_prediction 4.071000000000003 0.9999775992180054 1000000.0 4.071000000000003 0.0 -19.200307846069336 1000000.0 0.42605822447695324 0.24079994095086 5.075428473561659 -999.0 41.64669999999997 0.2885562929833558 0.0 999.0 -8.196918000000004 -10.719826698303223 0.0 -5.671085835479719 4.071000000000003 0 125.65113830566406 0.20635158189355685 1000000.0 0.46053794994568253 0.9998851745606913 0.2808807636487031
 | 10.2082 10.2082 35.5236 0.7145581 O=C(c1cncc(C#Cc2ccccc2)c1)N1CCC2(CNC2)C1 1 C(#Cc1cncc(N2CCC3(CNC3)C2)c1)c1ccccc1 O=C(c1cncc(C#Cc2ccccc2)c1)N1CCC2(CNC2)C1 0.7145581 0.7146 999.0 0.999751252214957 0.6725523841898496 1000000.0 0.0003393353383199415 0.23704909202212773 1.0301755384839306 0.9221102578542465 no_prediction 1.9168999999999998 0.12299383525714024 1000000.0 1.9168999999999998 0.0 -12.9882230758667 1000000.0 0.7145580876573616 0.6687114648491482 4.969824461516069 -999.0 59.850849999999994 0.21001713148102424 0.0 999.0 -5.927309000000001 10.448236465454102 0.0 -3.469370910651984 1.9168999999999998 0 24.284961700439453 0.09788418139986689 1000000.0 0.50881518348017 0.9990472229096122 0.056603452177472965
19:10:17 <INFO> Sampled SMILES CC(C)(C)OC(=O)N1CC2(CCN(c3cc(C#Cc4ccccc4)c[nH](=N)c3=O)C2)C1 failed to sanitize.
19:10:17 <INFO> Sampled SMILES CC(C)(C)OC(=O)N1CC2(CCN(c3cncc(C#Cc4ccccc4#N)c3)C2)C1 failed to sanitize.
19:10:17 <INFO> Sampled SMILES CCCCCCC#Cc1cncc(-n2cnc3c(n2)CCC32CN(Cc3cc([N+](=O)[O-])cc([N+](=O)[O-])c3)C2)c1 failed to sanitize.
19:10:17 <INFO> Sampled SMILES CCCCCCC#Cc1cncc(N2CCC3(CN(C(=O)c4sc[nH]c4=O)C3)C2)c1 failed to sanitize.
19:12:25 <INFO> Score: 0.35 Agent NLL: 11.08 Valid:  97% Step: 2
 | Agent Prior Target Score SMILES SMILES_state Input_SMILES Scaffold REINVENT PUBCHEM_RL_ADME REINVENT PUBCHEM_RL_ADME (raw) pred_qikprop_cLogP (REINVENT PUBCHEM_RL_ADME) microsome_score (REINVENT PUBCHEM_RL_ADME) metstab_ensemble_score (REINVENT PUBCHEM_RL_ADME) pred_MetStab_Clearance_Microsome_Human (REINVENT PUBCHEM_RL_ADME) pred_Solubility_ESOL_mol_per_L (REINVENT PUBCHEM_RL_ADME) solubility_uncertainty (REINVENT PUBCHEM_RL_ADME) pred_log_ic50_uM (REINVENT PUBCHEM_RL_ADME) clogp_ensemble_score (REINVENT PUBCHEM_RL_ADME) pred_qikprop_status (REINVENT PUBCHEM_RL_ADME) pred_cLogP (REINVENT PUBCHEM_RL_ADME) half_life_score (REINVENT PUBCHEM_RL_ADME) pred_MetStab_Clearance_Hepatocyte_Mouse (REINVENT PUBCHEM_RL_ADME) pred_admet_logP (REINVENT PUBCHEM_RL_ADME) pred_MetStab_Half_Life_Mouse (REINVENT PUBCHEM_RL_ADME) pred_MetStab_Clearance_Microsome_AZ (REINVENT PUBCHEM_RL_ADME) pred_MetStab_Clearance_Microsome_Mouse (REINVENT PUBCHEM_RL_ADME) adme3_ensemble_score (REINVENT PUBCHEM_RL_ADME) solubility_ensemble_score (REINVENT PUBCHEM_RL_ADME) pred_pic50 (REINVENT PUBCHEM_RL_ADME) pred_qikprop_logS (REINVENT PUBCHEM_RL_ADME) pred_rdkit_metstab_proxy (REINVENT PUBCHEM_RL_ADME) qsar_score (REINVENT PUBCHEM_RL_ADME) pred_MetStab_Half_Life_Human (REINVENT PUBCHEM_RL_ADME) pred_qikprop_metab_sites (REINVENT PUBCHEM_RL_ADME) pred_rdkit_logS_proxy (REINVENT PUBCHEM_RL_ADME) pred_MetStab_Clearance_Hepatocyte_AZ (REINVENT PUBCHEM_RL_ADME) clogp_uncertainty (REINVENT PUBCHEM_RL_ADME) pred_logS_ESOL (REINVENT PUBCHEM_RL_ADME) pred_rdkit_cLogP (REINVENT PUBCHEM_RL_ADME) disallowed_smarts (REINVENT PUBCHEM_RL_ADME) pred_MetStab_Half_Life_Obach (REINVENT PUBCHEM_RL_ADME) adme3_ensemble_uncertainty (REINVENT PUBCHEM_RL_ADME) pred_MetStab_Clearance_Hepatocyte_Human (REINVENT PUBCHEM_RL_ADME) pred_pic50_uncertainty (REINVENT PUBCHEM_RL_ADME) hepatocyte_score (REINVENT PUBCHEM_RL_ADME) metstab_uncertainty (REINVENT PUBCHEM_RL_ADME)
 | 22.9016 22.7597 -22.7597 0.0000000 )c1csc(N2CC[C@]3(CNC3)C2)n1 0 C(#Cc1cncc(N2CCC3(CNC3)C2)c1)c1ccccc1 -- 0.0000000 0.0000 None None None None None None None None None None None None None None None None None None None None None None None None None None None None None None None None None None None None
 | 10.0669 10.1377 9.9723 0.3142177 C#Cc1cc2c(c(C(=O)N3CC4(CCN(c5cncc(C#CCCCCCC)c5)C4)C3)c1)OCO2 1 CCCCCCC#Cc1cncc(N2CCC3(CN(C(=O)c4cc5c(cc4[N+](=O)[O-])OCO5)C3)C2)c1 O=C(c1cccc2c1OCO2)N1CC2(CCN(c3cccnc3)C2)C1 0.3142177 0.3142 999.0 0.41273780717635283 0.4985344956636195 1000000.0 5.220122227623161e-07 0.14542954033289018 0.6976196075069575 0.059521388030364934 no_prediction 4.466000000000004 0.9982028280554855 1000000.0 4.466000000000004 0.0 73.5265884399414 1000000.0 0.3142177359015787 0.10294137497353267 5.302380392493043 -999.0 35.89299999999997 0.5013503892096904 0.0 999.0 -9.126620000000006 59.13365936279297 0.0 -6.282319328001414 4.466000000000004 0 90.55793762207031 0.11412228047056183 1000000.0 0.22884852493549052 0.8895972769557275 0.19693730107879528
 | 22.2046 22.4304 15.1921 0.5878505 N#Cc1cncc(N2CC[C@@]3(CN[C@@H](CC#Cc4ccccc4)C3)C2)c1 1 C(#Cc1cncc(N2CCC3(CNC3)C2)c1)c1ccccc1 C(#Cc1ccccc1)C[C@H]1C[C@]2(CCN(c3cccnc3)C2)CN1 0.5878505 0.5879 999.0 0.9991356585842884 0.6036138792044371 1000000.0 4.130153089761535e-05 0.42866876173460905 1.0624352500121206 0.8234641251069396 no_prediction 2.9534800000000017 0.14194321320710487 1000000.0 2.9534800000000017 0.0 -0.5267799496650696 1000000.0 0.5878505384364355 0.38428221192577855 4.93756474998788 -999.0 51.68289999999999 0.18940806545956484 0.0 999.0 -6.777916000000003 18.575286865234375 0.0 -4.384033850327508 2.9534800000000017 0 25.606054306030273 0.17529465319263413 1000000.0 0.2637487012258935 0.9978550061872039 0.09721519784329331
 | 11.0588 11.0278 30.0007 0.6410700 C(#Cc1cccc(CN2CCC3(CNC3)C2)c1)c1ccccc1 1 C(#Cc1cncc(N2CCC3(CNC3)C2)c1)c1ccccc1 C(#Cc1cccc(CN2CCC3(CNC3)C2)c1)c1ccccc1 0.6410700 0.6411 999.0 0.9996376325098055 0.6462777544055088 1000000.0 8.095875203686791e-05 0.3532363455870421 1.2211780411037307 0.8500990948117959 no_prediction 2.8817000000000013 0.5952846405385499 1000000.0 2.8817000000000013 0.0 -9.224892616271973 1000000.0 0.6410700296669846 0.4963769099416219 4.77882195889627 -999.0 47.819649999999996 0.11018702367287472 0.0 999.0 -6.368177000000001 14.997659683227539 0.0 -4.091736195016123 2.8817000000000013 0 43.08684539794922 0.1698722773794371 1000000.0 0.31327235167284867 0.9984991684991403 0.15638048655126924
 | 11.2343 11.1248 -11.1248 0.0000000 C(#Cc1cccc(N2CCC3(CNC3)C2)c1)c1ccccc1)c1ccncc1 0 C(#Cc1cncc(N2CCC3(CNC3)C2)c1)c1ccccc1 -- 0.0000000 0.0000 None None None None None None None None None None None None None None None None None None None None None None None None None None None None None None None None None None None None
 | 12.3574 12.4925 27.5581 0.6257916 C(#Cc1cncc(N2CC(C3CC3)(N3CCOCC3)C2)c1)c1ccccc1 1 C(#Cc1cncc(N2CCC3(CNC3)C2)c1)c1ccccc1 C(#Cc1cncc(N2CC(C3CC3)(N3CCOCC3)C2)c1)c1ccccc1 0.6257916 0.6258 999.0 0.9461020126977215 0.6618107879524523 1000000.0 4.374968762368833e-05 0.44144716517803745 0.9379608843600545 0.8805678568004062 no_prediction 2.782400000000001 0.84861393979115 1000000.0 2.782400000000001 0.0 41.34742736816406 1000000.0 0.6257916362598774 0.3666250684911882 5.062039115639945 -999.0 48.96399999999999 0.2776870893383876 0.0 999.0 -6.958196000000001 61.487030029296875 0.0 -4.3590250435283595 2.782400000000001 0 53.79016876220703 0.20287752057042177 1000000.0 0.15014773502982007 0.8642793133952791 0.16718539653322786
 | 4.5751 4.6148 -4.6148 0.0000000 C(#Cc1cncc(N2CC3(CNC3)C2)c1)c1ccccc1 1 C(#Cc1cncc(N2CCC3(CNC3)C2)c1)c1ccccc1 C(#Cc1cncc(N2CC3(CNC3)C2)c1)c1ccccc1 0.7653888 0.7654 999.0 0.9996332179757987 0.6787877141085699 1000000.0 0.0006272201534059623 0.09302489260063133 1.2327764304986477 0.9180307707860806 no_prediction 1.891 0.20499378296307685 1000000.0 1.891 0.0 -9.103759765625 1000000.0 0.7653888269588741 0.8699263022589953 4.767223569501352 -999.0 57.99669999999999 0.105719916188486 0.0 999.0 -5.45983 15.093655586242676 0.0 -3.20257999564826 1.891 0 29.15703773498535 0.0486246021042987 1000000.0 0.3381253297488176 0.998484713693806 0.05284891371226475
 | 11.4698 11.6489 29.0584 0.6360518 C(#Cc1cncc(N2CCC(C3(N4CCNCC4)CC3)C2)c1)c1ccccc1 1 C(#Cc1cncc(N2CCC3(CNC3)C2)c1)c1ccccc1 C(#Cc1cncc(N2CCC(C3(N4CCNCC4)CC3)C2)c1)c1ccccc1 0.6360518 0.6361 999.0 0.9993173530769369 0.682777675807882 1000000.0 3.8801067479621395e-05 0.44848884547844825 1.0949127069248685 0.8901263151511513 no_prediction 2.7455000000000007 0.8330451818139277 1000000.0 2.7455000000000007 0.0 -2.8884990215301514 1000000.0 0.6360518316288912 0.355200909527414 4.905087293075131 -999.0 49.57675 0.17026210362103766 0.0 999.0 -7.086017000000002 18.513568878173828 1.1102230246251565e-16 -4.411156326103425 2.7455000000000007 0 52.858917236328125 0.2127063551622604 1000000.0 0.3755951460232012 0.9978681757533912 0.18963022000833285
 | 12.7380 12.7741 12.2344 0.3907570 C(#Cc1cncc(N2CCC(C3CCC3)(N3CCCC3)C2)c1)c1ccccc1 1 C(#Cc1cncc(N2CCC3(CNC3)C2)c1)c1ccccc1 C(#Cc1cncc(N2CCC(C3CCC3)(N3CCCC3)C2)c1)c1ccccc1 0.3907570 0.3908 999.0 0.9693394735250167 0.5771033511320202 1000000.0 2.648586588379374e-06 0.36148955777010283 0.9245715264383414 0.08622272704355925 no_prediction 4.326200000000004 0.9563073056212132 1000000.0 4.326200000000004 0.0 35.4636116027832 1000000.0 0.3907569932555065 0.25882991075839606 5.075428473561659 -999.0 36.27789999999997 0.2885562929833558 0.0 999.0 -7.979636000000003 45.046897888183594 0.0 -5.576985824412107 4.326200000000004 0 64.68718719482422 0.21395058643626844 1000000.0 0.16496599886832872 0.9705540356133814 0.28036220153870256
 | 10.7058 10.6344 14.8397 0.3980330 C(#Cc1cncc(N2CCC3(CN(Cc4ccccc4)C3)C2)c1)c1ccccc1 1 C(#Cc1cncc(N2CCC3(CNC3)C2)c1)c1ccccc1 C(#Cc1cncc(N2CCC3(CN(Cc4ccccc4)C3)C2)c1)c1ccccc1 0.3980330 0.3980 999.0 0.9178454060090883 0.5787704336146594 1000000.0 2.4356994615366376e-06 0.3526639400096457 0.9245715264383414 0.12109260822494812 no_prediction 4.193700000000003 0.9749278875955345 1000000.0 4.193700000000003 0.0 45.86573791503906 1000000.0 0.3980329852782717 0.2523862876813901 5.075428473561659 -999.0 37.27164999999997 0.2885562929833558 0.0 999.0 -8.002509000000003 50.81262969970703 1.3877787807814457e-17 -5.613376299884978 4.193700000000003 0 69.28485870361328 0.2065156770752142 1000000.0 0.12985979738773523 0.9487649408620173 0.26688309121599696
19:12:25 <INFO> Purging diversity filter memories in stage 1
19:12:25 <WARN> Maximum number of steps of 2 reached in stage 1. Terminating all stages.
19:12:26 <INFO> Peak main memory usage: 2437.422 MiB
19:12:26 <INFO> Finished REINVENT on 2026-03-15
