15:03:36 <INFO> Started REINVENT 4.7.15 (C) AstraZeneca 2017, 2023 on 2026-03-15
15:03:36 <INFO> Command line: /home/nbhatta1/Desktop/qsar-project-Tzu/.venv/bin/reinvent -l reinvent_integration/logs/reinvent_rl_train.log /home/nbhatta1/Desktop/qsar-project-Tzu/reinvent_integration/configs/rl_reinvent.toml
15:03:36 <INFO> Reading run configuration from /home/nbhatta1/Desktop/qsar-project-Tzu/reinvent_integration/configs/rl_reinvent.toml using format toml
15:03:36 <INFO> User nbhatta1 on host panacea
15:03:36 <INFO> Python version 3.11.13
15:03:36 <INFO> PyTorch version 2.9.1+cu128, git 5811a8d7da873dd699ff6687092c225caffcf1bb
15:03:36 <INFO> PyTorch compiled with CUDA version 12.8
15:03:36 <INFO> RDKit version 2025.09.6
15:03:36 <INFO> Platform Linux-5.14.0-611.30.1.el9_7.x86_64-x86_64-with-glibc2.34
15:03:36 <INFO> CUDA driver version 590.48.01
15:03:36 <INFO> Number of PyTorch CUDA devices 1
15:03:36 <WARN> 'use_cuda' is deprecated, use 'device' instead
15:03:36 <INFO> Using CPU x86_64
15:03:36 <INFO> Starting 1 stage of Reinforcement Learning
15:03:36 <INFO> /home/nbhatta1/Desktop/qsar-project-Tzu/reinvent_integration/priors/reinvent.prior has valid hash:
{ 'comments': [],
  'creation_date': 0,
  'date_format': 'UNIX epoch',
  'hash_id': '173568c36e1fc3d95cab289c7d31ce0b',
  'hash_id_format': 'xxhash.xxh3_128_hex 3.4.1',
  'model_id': '55d68f8a81c04f5a86304ebe1723a0ea',
  'model_id_format': 'uuid.uuid4 3.10.12',
  'origina_data_source': 'ChEMBL 25',
  'updates': []}
15:03:36 <INFO> Number of network parameters: 5,805,602
15:03:36 <INFO> Network architecture:
RNN(
  (_embedding): Embedding(34, 256)
  (_rnn): LSTM(256, 512, num_layers=3, batch_first=True)
  (_linear): Linear(in_features=512, out_features=34, bias=True)
)
15:03:36 <INFO> /home/nbhatta1/Desktop/qsar-project-Tzu/reinvent_integration/priors/reinvent.prior has valid hash:
{ 'comments': [],
  'creation_date': 0,
  'date_format': 'UNIX epoch',
  'hash_id': '173568c36e1fc3d95cab289c7d31ce0b',
  'hash_id_format': 'xxhash.xxh3_128_hex 3.4.1',
  'model_id': '55d68f8a81c04f5a86304ebe1723a0ea',
  'model_id_format': 'uuid.uuid4 3.10.12',
  'origina_data_source': 'ChEMBL 25',
  'updates': []}
15:03:36 <INFO> Number of network parameters: 5,805,602
15:03:36 <INFO> Network architecture:
RNN(
  (_embedding): Embedding(34, 256)
  (_rnn): LSTM(256, 512, num_layers=3, batch_first=True)
  (_linear): Linear(in_features=512, out_features=34, bias=True)
)
15:03:36 <INFO> Using generator Reinvent
15:03:36 <INFO> Prior read from reinvent_integration/priors/reinvent.prior
15:03:36 <INFO> Agent read from reinvent_integration/priors/reinvent.prior
15:03:36 <INFO> Using reward strategy dap
15:03:36 <INFO> Using diversity filter IdenticalMurckoScaffold
15:03:36 <INFO> Purging diversity filter memories after each stage
15:03:36 <WARN> Inception disabled but may speed up convergence
15:03:36 <ERRO> Component reinvent_plugins.components.OpenEye.comp_rocs could not be imported: No module named 'openeye'
15:03:36 <INFO> Registered scoring component GroupCount
15:03:36 <INFO> Registered scoring component FragmentQed
15:03:36 <INFO> Registered scoring component FragmentSlogP
15:03:36 <INFO> Registered scoring component FragmentMolecularWeight
15:03:36 <INFO> Registered scoring component FragmentTPSA
15:03:36 <INFO> Registered scoring component FragmentDistanceMatrix
15:03:36 <INFO> Registered scoring component FragmentNumAtomStereoCenters
15:03:36 <INFO> Registered scoring component FragmentHBondAcceptors
15:03:36 <INFO> Registered scoring component FragmentHBondDonors
15:03:36 <INFO> Registered scoring component FragmentNumRotBond
15:03:36 <INFO> Registered scoring component FragmentCsp3
15:03:36 <INFO> Registered scoring component Fragmentnumsp
15:03:36 <INFO> Registered scoring component Fragmentnumsp2
15:03:36 <INFO> Registered scoring component Fragmentnumsp3
15:03:36 <INFO> Registered scoring component FragmentEffectiveLength
15:03:36 <INFO> Registered scoring component FragmentGraphLength
15:03:36 <INFO> Registered scoring component FragmentLengthRatio
15:03:36 <INFO> Registered scoring component FragmentNumHeavyAtoms
15:03:36 <INFO> Registered scoring component FragmentNumHeteroAtoms
15:03:36 <INFO> Registered scoring component FragmentNumRings
15:03:36 <INFO> Registered scoring component FragmentNumAromaticRings
15:03:36 <INFO> Registered scoring component FragmentNumAliphaticRings
15:03:36 <INFO> Registered scoring component FragmentSlogP
15:03:36 <INFO> Registered scoring component MatchingSubstructure
15:03:36 <INFO> Registered scoring component MolVolume
15:03:36 <INFO> Registered scoring component Qed
15:03:36 <INFO> Registered scoring component LargestRingSize
15:03:36 <INFO> Registered scoring component MolecularWeight
15:03:36 <INFO> Registered scoring component GraphLength
15:03:36 <INFO> Registered scoring component NumAtomStereoCenters
15:03:36 <INFO> Registered scoring component HBondAcceptors
15:03:36 <INFO> Registered scoring component HBondDonors
15:03:36 <INFO> Registered scoring component NumRotBond
15:03:36 <INFO> Registered scoring component Csp3
15:03:36 <INFO> Registered scoring component numsp
15:03:36 <INFO> Registered scoring component numsp2
15:03:36 <INFO> Registered scoring component numsp3
15:03:36 <INFO> Registered scoring component NumHeavyAtoms
15:03:36 <INFO> Registered scoring component NumHeteroAtoms
15:03:36 <INFO> Registered scoring component NumRings
15:03:36 <INFO> Registered scoring component NumAromaticRings
15:03:36 <INFO> Registered scoring component NumAliphaticRings
15:03:36 <INFO> Registered scoring component SlogP
15:03:36 <INFO> Registered scoring component LargestRingSize
15:03:36 <INFO> Registered scoring component PMI
15:03:36 <INFO> Registered scoring component RDKitDescriptors
15:03:36 <INFO> Registered scoring component TanimotoSimilarity
15:03:36 <INFO> Registered scoring component TanimotoDistance
15:03:36 <INFO> Registered scoring component TPSA
15:03:36 <INFO> Registered scoring component SAScore
15:03:37 <INFO> Registered scoring component ChemProp
15:03:37 <INFO> Registered scoring component CustomAlerts
15:03:37 <INFO> Registered scoring component DockStream
15:03:37 <INFO> Registered scoring component ExternalProcess
15:03:37 <INFO> Registered scoring component REST
15:03:37 <INFO> Registered scoring component Icolos
15:03:37 <INFO> Registered scoring component MMP
15:03:37 <INFO> Registered scoring component Qptuna
15:03:37 <INFO> Registered scoring component ReactionFilter
15:03:37 <INFO> Registered scoring component RingPrecedence
15:03:37 <INFO> Registered scoring component Maize
15:03:37 <INFO> Registered scoring component SynthSense
15:03:37 <INFO> Registered scoring component CAZP
15:03:37 <INFO> Creating scoring component ExternalProcess
15:03:37 <INFO> Writing tabular data for stage to reinvent_rl_adme_1.csv
15:03:37 <INFO> Starting stage 1 <<<
15:03:37 <INFO> Sampled SMILES c1c(Br)cnc(N2C(=O)c3ccc(-n4c5c(n4)cccc5)cc3-c3ccccc32)c1 failed to sanitize.
15:03:43 <INFO> Score: 0.37 Agent NLL: 29.88 Valid:  98% Step: 1
 | Agent Prior Target Score SMILES SMILES_state Scaffold REINVENT_RL_ADME REINVENT_RL_ADME (raw) microsome_score (REINVENT_RL_ADME) pred_Solubility_ESOL_mol_per_L (REINVENT_RL_ADME) pred_pic50 (REINVENT_RL_ADME) pred_MetStab_Half_Life_Obach (REINVENT_RL_ADME) clogp_score (REINVENT_RL_ADME) disallowed_smarts (REINVENT_RL_ADME) pred_MetStab_Clearance_Microsome_AZ (REINVENT_RL_ADME) qsar_score (REINVENT_RL_ADME) pred_cLogP (REINVENT_RL_ADME) solubility_score (REINVENT_RL_ADME) hepatocyte_score (REINVENT_RL_ADME) pred_log_ic50_uM (REINVENT_RL_ADME) pred_MetStab_Clearance_Hepatocyte_AZ (REINVENT_RL_ADME) half_life_score (REINVENT_RL_ADME) pred_logS_ESOL (REINVENT_RL_ADME)
 | 53.1417 53.1417 -26.5117 0.4160939 C=CC(=O)Nc1cc2c3c(c1O)CCN=C3C(NCCC(=O)OCCCC)=C2N=C 1 C1=Cc2cccc3c2C1=NCC3 0.4160939 0.4161 0.3571997416791295 3.9016875700401936e-05 4.346180364666675 14.841653823852539 0.9243660428537961 0 75.8753890991211 0.021469922105225647 2.5677000000000003 0.9895063480873602 0.8057537784342719 1.6538196353333248 65.77348327636719 0.04129692870333149 -4.408747509938931
 | 41.3686 41.3686 -33.0072 0.1306469 CC(C)=CC(=O)CC(C)C1CCC2(C)C1(C)C(O)CC1C(=O)C3(C)C4C(=O)C(C)C4CCC3C12C 1 O=C1CC2CCC3C(C(=O)C4CCC5CCCC5C43)C12 0.1306469 0.1306 0.09486004780218181 5.956177250223006e-08 4.2732264640928435 32.43637466430664 0.0013670729227655129 0 92.55686950683594 0.016123633290983132 5.8078000000000065 0.02930959802375043 0.8212993318444358 1.726773535907157 64.74824523925781 0.27980014549603593 -7.225032386532966
 | 30.9508 30.9508 -24.5263 0.1003837 COC(=O)C1(C)CCCC2(C)C3C=C(C(C)C)C(C(C)C)=CC3CCC12 1 C1=CC2CCC3CCCCC3C2C=C1 0.1003837 0.1004 1.1215808914322868e-05 2.0842681344672203e-07 4.745442082923861 37.5661506652832 0.0004769057467244845 0 183.98175048828125 0.09776118160271735 6.176700000000007 0.1250069192250512 3.188027456200801e-05 1.254557917076139 183.534912109375 0.4245234665221315 -6.6810464111744405
 | 33.9180 33.9180 -2.9677 0.4835984 Cc1[nH]ncc1-c1cc(C2CC2)ncc1OC(F)F 1 c1cc(-c2cn[nH]c2)cc(C2CC2)n1 0.4835984 0.4836 0.9840762404264435 7.190621982175083e-05 4.34344694348424 32.82879638671875 0.6646536811495 0 28.761089324951172 0.021241414560393936 3.2589200000000016 0.9950580791907225 0.9875833128975388 1.6565530565157593 36.2378044128418 0.28979076696951583 -4.143233541919839
 | 20.5916 20.5916 0.4916 0.3294252 COc1ccccc1NC(=S)NC(=O)C1CCCCC1 1 O=C(NC(=S)Nc1ccccc1)C1CCCCC1 0.3294252 0.3294 0.28895455483996 8.300503012588568e-05 4.361015517028219 14.594395637512207 0.7622238718073462 0 79.00466918945312 0.022752655313302346 3.0885000000000016 0.9958610081805267 0.23706927253737223 1.638984482971781 91.68814849853516 0.040090464031991256 -4.080895588470652
 | 23.1855 23.1855 7.3109 0.4765059 CN1CCN(CC(=O)NC23CC4CC(CC(C)(C4)C2)C3)CC1 1 O=C(CN1CCNCC1)NC12CC3CC(CC(C3)C1)C2 0.4765059 0.4765 0.973788920412845 0.0009633891583084341 4.253934209569193 2.7594635486602783 0.8781796354359241 0 33.849876403808594 0.01494408021521457 1.7088999999999996 0.999801623985671 0.9050983141833824 1.7460657904308072 57.44797897338867 0.009423625748398973 -3.016198245413442
 | 42.2462 42.2462 -33.8750 0.1307994 CC(C)CC(O)CCc1ccc2c(c1)SC1(CCc3ccccc3C1=O)N2 1 O=C1c2ccccc2CCC12Nc1ccccc1S2 0.1307994 0.1308 0.051076746175310064 6.395328308692369e-07 4.689578485659085 34.191410064697266 0.01116837881390422 0 99.21998596191406 0.07974578555468782 5.069200000000005 0.3647798552819425 0.047955212636770404 1.310421514340915 109.8834457397461 0.32605690836281176 -6.194137155799306
 | 43.3745 43.3745 -32.0134 0.1775174 Cc1cccc(OCC(=O)N(Nc2ccc(C3CCCCC3)cc2)C(=O)Oc2ccc(Cl)cc2)c1 1 O=C(COc1ccccc1)N(Nc1ccc(C2CCCCC2)cc1)C(=O)Oc1ccccc1 0.1775174 0.1775 0.0012906788178128458 3.2933624990231314e-09 4.933787177920303 85.49681091308594 3.134755670483549e-05 0 136.51295471191406 0.1870990234323967 7.129620000000006 0.0008306604303779597 0.02757222833993382 1.066212822079697 115.62986755371094 0.9966220458589038 -8.48236046404639
 | 30.7421 30.7421 -2.7872 0.4367956 CCC(C)C(NC(=O)OC(C)(C)C)C(=O)N1CCC1C(=O)NC(C(=O)C(F)(F)F)C(C)C 1 C1CNC1 0.4367956 0.4368 0.4583013477566177 1.3617659099014394e-05 4.238462477369242 22.596302032470703 0.8759938963709644 0 71.67182922363281 0.01405988250236112 2.7989000000000006 0.9623227248989628 0.9939642781683831 1.7615375226307577 28.959941864013672 0.10197573045115915 -4.865897542038279
 | 27.0174 27.0174 5.9553 0.5151981 COc1ccc2c3c1OC1C(OC(=O)C(C)C)C=CC4C(C2)N(C)CCC341 1 C1=CC2C3Cc4cccc5c4C2(CCN3)C(C1)O5 0.5151981 0.5152 0.9659441759111738 5.3066187238435886e-05 4.745442082923861 7.23882532119751 0.8989246673530917 0 36.5489501953125 0.09776118160271735 2.708000000000001 0.9928114486846493 0.9410073726160543 1.254557917076139 52.30461502075195 0.016380511237246768 -4.2751821149482065
15:03:49 <INFO> Score: 0.37 Agent NLL: 28.82 Valid: 100% Step: 2
 | Agent Prior Target Score SMILES SMILES_state Scaffold REINVENT_RL_ADME REINVENT_RL_ADME (raw) microsome_score (REINVENT_RL_ADME) pred_Solubility_ESOL_mol_per_L (REINVENT_RL_ADME) pred_pic50 (REINVENT_RL_ADME) pred_MetStab_Half_Life_Obach (REINVENT_RL_ADME) clogp_score (REINVENT_RL_ADME) disallowed_smarts (REINVENT_RL_ADME) pred_MetStab_Clearance_Microsome_AZ (REINVENT_RL_ADME) qsar_score (REINVENT_RL_ADME) pred_cLogP (REINVENT_RL_ADME) solubility_score (REINVENT_RL_ADME) hepatocyte_score (REINVENT_RL_ADME) pred_log_ic50_uM (REINVENT_RL_ADME) pred_MetStab_Clearance_Hepatocyte_AZ (REINVENT_RL_ADME) half_life_score (REINVENT_RL_ADME) pred_logS_ESOL (REINVENT_RL_ADME)
 | 27.5017 27.5368 -7.4093 0.3144926 COc1ccc(C=CC(=O)NCCCCN2CCN(C(=O)Nc3ccc(C)c(C)c3)CC2)cc1 1 O=C(C=Cc1ccccc1)NCCCCN1CCN(C(=O)Nc2ccccc2)CC1 0.3144926 0.3145 0.4694341801964652 1.1203407279347126e-06 4.914022955711442 23.323566436767578 0.1634765918566234 0 71.22415924072266 0.1753712431245566 4.071340000000003 0.5351918037382059 0.8153967690206538 1.0859770442885583 65.14533996582031 0.11060716073606938 -5.950649875760471
 | 26.7073 26.6985 -2.3249 0.3808375 O=C(O)CCC(NC(=O)c1ccc(O)[nH]1)C(=O)N1CCCC1C(=O)O 1 O=C(NCC(=O)N1CCCC1)c1ccc[nH]1 0.3808375 0.3808 0.9995466107491557 0.011012870528970967 4.634016958154186 0.6748870611190796 0.02804628401631164 0 -6.983060359954834 0.06488505320013385 -0.24090000000000017 0.9999903475316831 0.9999552063643934 1.3659830418458137 -20.133996963500977 0.007277678121695223 -1.958099466459089
 | 23.4622 23.4163 1.0979 0.3830341 COC(=O)Cc1ccc(NC(=O)C(c2ccccc2)c2ccccc2)cc1 1 O=C(Nc1ccccc1)C(c1ccccc1)c1ccccc1 0.3830341 0.3830 0.6876367965105311 3.3556441214446846e-06 5.014656424900638 23.998504638671875 0.12762394532628032 0 62.10905838012695 0.24131302951323308 4.1727000000000025 0.8179048781459631 0.6399758662853356 0.985343575099362 74.24740600585938 0.11918329800057192 -5.474224103948265
 | 45.6135 45.6428 -36.6879 0.1399197 CCCCCC(=O)OC1C2C(Oc3c(OC)ccc4c3C23CCN(Cc2ccccc2)C3C4)OC1(C)CCCCOC 1 c1ccc(CN2CCC34c5c(cccc5OC5OCCC53)CC24)cc1 0.1399197 0.1399 0.0025314580484556127 5.856422384205996e-09 4.811959990457404 51.92302322387695 0.00045133128430393865 0 129.76425170898438 0.1238701969769573 6.196000000000008 0.0016953095758374058 0.08182967799190681 1.1880400095425963 104.17742919921875 0.8161349869746612 -8.232367608091291
 | 30.0277 30.0525 0.2799 0.4739440 O=C(CCCCCCCCCCCCCCCCO)NC1CNCC1CO 1 C1CCNC1 0.4739440 0.4739 0.9753668021159428 1.4586254955334475e-05 4.873105637686458 19.5389404296875 0.4805858194675027 0 33.21281433105469 0.15294367839920908 3.5267000000000013 0.9652951249599598 0.9115617867353327 1.126894362313542 56.67144775390625 0.07191540119956506 -4.8360561996083975
 | 23.1874 23.2064 8.2479 0.4914727 CCCCCCCCN=Cc1c(O)[nH]c(=O)[nH]c1=O 1 O=c1cc[nH]c(=O)[nH]1 0.4914727 0.4915 0.996306009242273 0.001729320345090484 4.54468570879625 -14.04480266571045 0.8241336862504804 0 14.026529312133789 0.046292495360651956 1.5481999999999998 0.9999040006100138 0.9960315359154498 1.4553142912037509 24.746002197265625 0.001162986519650394 -2.762124549109884
 | 27.1074 27.1011 5.2142 0.5049262 CN(CC(=O)Nc1ccc(OC(F)(F)F)cc1)S(=O)(=O)c1ccc(-n2cnnn2)cc1 1 O=C(CNS(=O)(=O)c1ccc(-n2cnnn2)cc1)Nc1ccccc1 0.5049262 0.5049 0.691372180268555 4.8204202320230496e-05 4.75332771527538 27.519062042236328 0.9049380999977836 0 61.93457794189453 0.1005788729635116 1.8200999999999996 0.9919084780448508 0.9366742166954053 1.2466722847246199 53.0595703125 0.17362982380872904 -4.31691509941813
 | 26.7098 26.7066 8.2183 0.5457015 CCCCN(CC)CCNC(=O)c1c(O)c2ccccc2n(CCCC)c1=O 1 O=c1ccc2ccccc2[nH]1 0.5457015 0.5457 0.7569131156478595 1.2377251069214056e-05 4.882712480670092 53.56574630737305 0.598665914874541 0 58.64170455932617 0.15798867948413836 3.3590000000000027 0.9577824005512853 0.8884997701142203 1.1172875193299086 59.24492263793945 0.84497469105936 -4.907375799422158
 | 38.9408 38.9872 -31.8056 0.1122120 CCCCOc1ccc(-c2nnc(SCCCn3cc(C(=O)C4CC4)c4ccccc43)o2)cc1C#N 1 O=C(c1cn(CCCSc2nnc(-c3ccccc3)o2)c2ccccc12)C1CC1 0.1122120 0.1122 0.0008687393817933556 8.342203389716079e-09 4.40576011876357 83.05516052246094 0.0001804379775201508 0 140.47598266601562 0.027091249293751327 6.5169800000000055 0.002627221468847689 0.013253278227919798 1.5942398812364298 123.1016845703125 0.9954219567944377 -8.078719225907765
 | 25.9328 25.9176 -2.2455 0.3698768 COCC=CC1=CC2=CC(O)C(O)C(O)C2=CO1 1 C1=CC2=CCCCC2=CO1 0.3698768 0.3699 0.9996751269856349 0.03943781127227775 4.348281167232118 11.962985038757324 0.05575187141082477 0 -10.317512512207031 0.021647176582398887 0.009699999999999986 0.9999980175585624 0.9996984527108256 1.6517188327678816 -1.0628211498260498 0.029180868620605867 -1.404087195626076
15:03:49 <INFO> Sampled SMILES C(COC#N)(c1ccc2ccc3c4c(ccc3c21)OCO4)OC(C)=O failed to sanitize.
15:03:55 <INFO> Score: 0.36 Agent NLL: 30.38 Valid:  98% Step: 3
 | Agent Prior Target Score SMILES SMILES_state Scaffold REINVENT_RL_ADME REINVENT_RL_ADME (raw) microsome_score (REINVENT_RL_ADME) pred_Solubility_ESOL_mol_per_L (REINVENT_RL_ADME) pred_pic50 (REINVENT_RL_ADME) pred_MetStab_Half_Life_Obach (REINVENT_RL_ADME) clogp_score (REINVENT_RL_ADME) disallowed_smarts (REINVENT_RL_ADME) pred_MetStab_Clearance_Microsome_AZ (REINVENT_RL_ADME) qsar_score (REINVENT_RL_ADME) pred_cLogP (REINVENT_RL_ADME) solubility_score (REINVENT_RL_ADME) hepatocyte_score (REINVENT_RL_ADME) pred_log_ic50_uM (REINVENT_RL_ADME) pred_MetStab_Clearance_Hepatocyte_AZ (REINVENT_RL_ADME) half_life_score (REINVENT_RL_ADME) pred_logS_ESOL (REINVENT_RL_ADME)
 | 22.3446 22.3327 7.7836 0.4705682 CC(=O)NCCNCC(O)COc1ccc2ccccc2c1 1 c1ccc2ccccc2c1 0.4705682 0.4706 0.9987064955359429 0.0013402138878557009 4.515232302007056 -6.171517372131348 0.7038310178062365 0 3.5089423656463623 0.041360419936331466 1.3052000000000001 0.9998682909059732 0.9828790418041652 1.4847676979929438 39.498172760009766 0.003105594556231442 -2.872825886036094
 | 30.5123 30.5682 1.8970 0.5072685 CCCCNS(=O)(=O)c1cc(C)c(O)c(C(=O)Nc2ccc(C(=O)O)cc2)c1 1 O=C(Nc1ccccc1)c1ccccc1 0.5072685 0.5073 0.9764983053181291 2.4742959639710064e-05 4.649654810841423 10.952160835266113 0.8939859831113938 0 32.730995178222656 0.06878523895547647 2.729520000000001 0.9816803307078252 0.9817399482986918 1.350345189158577 40.153892517089844 0.025806591899742354 -4.6065483532793605
 | 27.2687 27.2241 -18.9339 0.1295339 CCCCSc1cc(N2CCN(c3ccccc3)CC2)nc(-c2ccc(F)cc2)n1 1 c1ccc(-c2nccc(N3CCN(c4ccccc4)CC3)n2)cc1 0.1295339 0.1295 0.001438911237655953 1.427098857128292e-07 4.48146222252571 83.50064849853516 0.0032736390859051953 0 135.42428588867188 0.03632418723312415 5.501500000000005 0.08197234752543922 0.02506573992802203 1.5185377774742899 116.60868072509766 0.995668847566095 -6.845545941658821
 | 21.2742 21.2653 -0.8706 0.3186659 CCOc1cc(C=NN=c2[nH]c3ccccc3s2)ccc1O 1 C(=NN=c1[nH]c2ccccc2s1)c1ccccc1 0.3186659 0.3187 0.31899640405730245 3.072976082717595e-05 4.483706694797567 20.315839767456055 0.6585725405676623 0 77.58387756347656 0.03663976749955515 3.2685000000000017 0.9859387172842612 0.17566420434308622 1.5162933052024328 95.46003723144531 0.07867263551290977 -4.512440819888169
 | 42.8926 42.8713 -42.8713 0.0000000 C(COC#N)(c1ccc2ccc3c4c(ccc3c21)OCO4)OC(C)=O 0 -- 0.0000000 0.0000 None None None None None None None None None None None None None None None
 | 44.0937 44.0948 -24.3730 0.3081528 C=C(c1ccc(OC)cc1)C1OC(=O)C2C1CC13CC(CC21)C(=C)C3OC(C)=O 1 C=C1CC23CC1CC2C1C(=O)OC(C(=C)c2ccccc2)C1C3 0.3081528 0.3082 0.32185752810243756 5.9070955773594114e-06 4.310002021830819 8.07188892364502 0.30747818716865033 0 77.45248413085938 0.018631178504842905 3.7840000000000034 0.9006014872612852 0.8548807564726868 1.6899979781691816 62.26593780517578 0.01814561847375412 -5.228626002159999
 | 27.2837 27.2387 1.1485 0.4435501 O=C(CC(=O)NNc1ccccc1)NNC(=O)c1ccccc1 1 O=C(CC(=O)NNc1ccccc1)NNC(=O)c1ccccc1 0.4435501 0.4436 0.9988125464941835 0.0018314191564833924 4.569208559739248 -0.45364609360694885 0.48606797352785786 0 2.652439832687378 0.05082109572350154 0.9809999999999989 0.9999105955526194 0.9981097604780794 1.4307914402607516 17.30840301513672 0.0063262218894177685 -2.7372122474433724
 | 19.3304 19.3234 -8.6745 0.1663890 COC(=O)C1=C(C)N(Cc2ccc(C(F)(F)F)cc2)C(NCc2ccccc2)=NC1c1ccc(F)cc1 1 C1=CN(Cc2ccccc2)C(NCc2ccccc2)=NC1c1ccccc1 0.1663890 0.1664 0.1201238910348025 1.760703045252628e-08 4.584584712618582 40.77838897705078 0.0008030530946622589 0 89.9125747680664 0.05387127901155909 5.994200000000005 0.006611407293324256 0.7928534545711127 1.4154152873814172 66.577880859375 0.5243054835123364 -7.75431388462502
 | 31.5538 31.5911 -15.2583 0.2552004 CC1(C)CC(n2cc(-c3ccc(Oc4ccccc4)cc3)c3c(=N)[nH]cnc32)CCC1OCC(=O)O 1 N=c1[nH]cnc2c1c(-c1ccc(Oc3ccccc3)cc1)cn2C1CCCCC1 0.2552004 0.2552 0.9974288580531954 5.2657766970936396e-08 4.558194025362848 33.88890838623047 0.003068952534707975 0 10.391693115234375 0.04873737931187868 5.524170000000005 0.02525961072446546 0.9993298819037084 1.441805974637152 6.926137447357178 0.31780307084273174 -7.278537561727533
 | 31.5130 31.5271 -27.0590 0.0698141 CC1(C)C(=O)CCC2(C)C1CCC1(C)C2CCC2CC3(C)c4nccnc4CC3(C)CCC21C 1 O=C1CCC2C(CCC3C4CCC5Cc6nccnc6C5CC4CCC23)C1 0.0698141 0.0698 0.011425886597985884 4.931590397490029e-09 4.2732264640928435 41.22716522216797 1.794824960908388e-05 0 114.60382080078125 0.016123633290983132 7.324800000000009 0.0013701476019159094 0.081864192689266 1.726773535907157 104.17283630371094 0.5382738931611903 -8.307013001722913
15:03:56 <INFO> Sampled SMILES c1ccc(Cn2c(=S)nc3n2C(c2ccc([N+]([O-])=O)cc2)C2C(=O)CC(C)(C)C=C2N=3)cc1 failed to sanitize.
15:04:02 <INFO> Score: 0.37 Agent NLL: 28.62 Valid:  98% Step: 4
 | Agent Prior Target Score SMILES SMILES_state Scaffold REINVENT_RL_ADME REINVENT_RL_ADME (raw) microsome_score (REINVENT_RL_ADME) pred_Solubility_ESOL_mol_per_L (REINVENT_RL_ADME) pred_pic50 (REINVENT_RL_ADME) pred_MetStab_Half_Life_Obach (REINVENT_RL_ADME) clogp_score (REINVENT_RL_ADME) disallowed_smarts (REINVENT_RL_ADME) pred_MetStab_Clearance_Microsome_AZ (REINVENT_RL_ADME) qsar_score (REINVENT_RL_ADME) pred_cLogP (REINVENT_RL_ADME) solubility_score (REINVENT_RL_ADME) hepatocyte_score (REINVENT_RL_ADME) pred_log_ic50_uM (REINVENT_RL_ADME) pred_MetStab_Clearance_Hepatocyte_AZ (REINVENT_RL_ADME) half_life_score (REINVENT_RL_ADME) pred_logS_ESOL (REINVENT_RL_ADME)
 | 26.3206 26.2758 -7.2740 0.2969030 CCOC(=O)C(Cc1ccc(OCC)cc1)NC(=O)Cc1ccc(Cl)cc1 1 O=C(Cc1ccccc1)NCCc1ccccc1 0.2969030 0.2969 0.2672106255919467 7.5007558857691044e-06 4.749966231741638 24.30567741394043 0.4486045423071643 0 80.08821105957031 0.09936903239221669 3.5718000000000023 0.9241628547166258 0.12191833970295526 1.2500337682583615 99.74388122558594 0.12327342410273019 -5.1248949685447105
 | 34.1657 34.1121 -22.6464 0.1791526 CC(C)CCC1(CCC(C)C)CC(C)(C)C(=O)c2cc(C(=O)O)ccc21 1 O=C1CCCc2ccccc21 0.1791526 0.1792 0.46266100590726966 1.9316811227950463e-07 4.913048292914901 23.540332794189453 0.0005809375578820813 0 71.49634552001953 0.1748081484948686 6.107600000000007 0.11504794953206814 0.34288776396153536 1.0869517070850985 86.5045166015625 0.11330091799753782 -6.714064564276842
 | 28.0935 28.0590 -15.4557 0.1969267 COc1ccc(CC(C)NCc2cn(Cc3ccccc3)c3ccccc23)cc1 1 c1ccc(CCNCc2cn(Cc3ccccc3)c3ccccc23)cc1 0.1969267 0.1969 0.5165085846220372 2.6172091236558605e-07 4.679659512467277 31.09836196899414 0.004140208022856925 0 69.33941650390625 0.07688223713596692 5.419000000000005 0.15931699257414506 0.6526763416312478 1.3203404875327232 73.69175720214844 0.2473669827752374 -6.58216157440971
 | 30.9410 30.9217 0.8845 0.4969718 O=C(NCCCN1C(=S)NCC1c1ccc(F)cc1)C1CC1 1 O=C(NCCCN1C(=S)NCC1c1ccccc1)C1CC1 0.4969718 0.4970 0.9931572834800055 0.00037701434005568674 4.350130610339888 3.8018596172332764 0.9297631181353974 0 20.222957611083984 0.021804406550244876 1.9731999999999998 0.9993648553756065 0.9849299764896627 1.6498693896601122 38.20137023925781 0.010721046796728577 -3.4236421307262668
 | 26.4862 26.4325 14.1653 0.6343401 CCOc1ccc(C#Cc2ccc(CC(COC)NC(C)=O)cc2)cn1 1 C(#Cc1cccnc1)c1ccccc1 0.6343401 0.6343 0.991351913112166 7.06053044430506e-05 4.953110282852285 49.9957160949707 0.9235020007374123 0 22.582685470581055 0.1991398702952299 2.5737000000000005 0.9949454162433915 0.9006113213362301 1.046889717147715 57.95964431762695 0.7772071518519774 -4.15116266999907
 | 28.9876 28.9600 -11.9863 0.2652130 Cn1c(SCC(=O)Nc2cccc(NC(=O)c3ccccc3Cl)c2)nnc1-c1ccncc1 1 O=C(CSc1nnc(-c2ccncc2)[nH]1)Nc1cccc(NC(=O)c2ccccc2)c1 0.2652130 0.2652 0.3648261756184574 2.970642479575127e-07 4.842750581448134 55.386436462402344 0.052349365864987896 0 75.5447769165039 0.13786728818503566 4.513600000000003 0.18151128946032188 0.5125372350867987 1.1572494185518662 79.49840545654297 0.8725064818459769 -6.5271496129188975
 | 24.5964 24.6022 2.0471 0.4163942 N#Cc1ccn2cc(C(=O)O)nc2c1 1 c1ccn2ccnc2c1 0.4163942 0.4164 0.9997585846753011 0.012083623212877504 3.898997760187646 -7.444300651550293 0.4317219107783808 0 -13.287503242492676 0.0036545212672428186 0.9041799999999998 0.9999913972539902 0.9993455314999006 2.101002239812354 6.689675807952881 0.0026500119993422594 -1.917802825199432
 | 32.0322 32.0362 3.5261 0.5556607 CC(C)CCCC(C)CC(C)OCCCCN1CC(O)C(O)C(O)C1CO 1 C1CCNCC1 0.5556607 0.5557 0.9563671102334205 0.0002551302993311518 4.718762543453409 42.69773864746094 0.8969862663640364 0 39.12669372558594 0.08874385613832343 1.7833999999999999 0.9989692764241093 0.8178169505542401 1.281237456546591 64.98373413085938 0.5835144213927816 -3.593237961417961
 | 25.2588 25.2063 -7.5090 0.2765197 CCc1cccc(OCCNCc2ccccc2F)c1 1 c1ccc(CNCCOc2ccccc2)cc1 0.2765197 0.2765 0.3807979845092964 3.835294119643379e-05 4.467596825227972 12.098366737365723 0.4592795838247667 0 74.86162567138672 0.034431915740001956 3.556700000000002 0.9892828928928227 0.04416322110012791 1.532403174772028 110.7469482421875 0.029664116749972977 -4.416201325420298
 | 27.4113 27.5000 7.8703 0.5526612 Cn1cnc2cc(-c3ccc(C4CC4)nc3)[nH]c(=NCC(C)(C)CO)c2c1=O 1 N=c1[nH]c(-c2ccc(C3CC3)nc2)cc2nc[nH]c(=O)c12 0.5526612 0.5527 0.9907348128708234 8.967462863222717e-05 4.3800296928747935 41.0302848815918 0.9425663938828004 0 23.27817153930664 0.0245065927505197 2.1202 0.9962380768613806 0.9974920713084338 1.6199703071252067 20.14212989807129 0.5321519761536463 -4.047330413183453
15:04:02 <INFO> Sampled SMILES c1(CN=c2cc3nc(=NC(CC)c4ccccc4)[nH]cc3c3[nH]ncc32)cccnc1 failed to sanitize.
15:04:08 <INFO> Score: 0.38 Agent NLL: 30.18 Valid:  98% Step: 5
 | Agent Prior Target Score SMILES SMILES_state Scaffold REINVENT_RL_ADME REINVENT_RL_ADME (raw) microsome_score (REINVENT_RL_ADME) pred_Solubility_ESOL_mol_per_L (REINVENT_RL_ADME) pred_pic50 (REINVENT_RL_ADME) pred_MetStab_Half_Life_Obach (REINVENT_RL_ADME) clogp_score (REINVENT_RL_ADME) disallowed_smarts (REINVENT_RL_ADME) pred_MetStab_Clearance_Microsome_AZ (REINVENT_RL_ADME) qsar_score (REINVENT_RL_ADME) pred_cLogP (REINVENT_RL_ADME) solubility_score (REINVENT_RL_ADME) hepatocyte_score (REINVENT_RL_ADME) pred_log_ic50_uM (REINVENT_RL_ADME) pred_MetStab_Clearance_Hepatocyte_AZ (REINVENT_RL_ADME) half_life_score (REINVENT_RL_ADME) pred_logS_ESOL (REINVENT_RL_ADME)
 | 35.8520 35.7216 -15.5665 0.3149240 O=C(Nc1ccc(Oc2ccnc(-c3cc(C(=O)NCCO)c[nH]3)c2)cc1)Nc1cc(C(F)(F)F)ccc1-c1cccnc1 1 O=C(Nc1ccc(Oc2ccnc(-c3ccc[nH]3)c2)cc1)Nc1ccccc1-c1cccnc1 0.3149240 0.3149 0.9972954991233298 2.19609547795229e-09 4.491737226542176 131.51806640625 0.0003204612039414474 0 10.898702621459961 0.03779062218887753 6.3159000000000045 0.0005025653248059566 0.999558634942136 1.5082627734578244 2.748032331466675 0.9999892410120014 -8.658348782324666
 | 27.0889 27.1550 6.6666 0.5284618 CCc1c[nH]c2c(c(C)nn2C)c1=NC(=O)CN(CC)CC 1 N=c1cc[nH]c2[nH]ncc12 0.5284618 0.5285 0.6659256326815883 0.0008999499693085252 4.433321056549995 55.15033721923828 0.8213774407018618 0 63.10185623168945 0.030153530270201803 1.5413199999999998 0.9997841312116795 0.897148986795387 1.566678943450005 58.34059524536133 0.8691873050456814 -3.045781633513101
 | 28.0433 28.0244 -4.9591 0.3603954 CC(C)(C)OC(=O)c1ccc(C2=NOC(C)(C)N2O)cc1 1 c1ccc(C2=NOCN2)cc1 0.3603954 0.3604 0.29272085779888635 0.00014625028003415383 4.33191993820485 1.0022220611572266 0.8862224547525002 0 78.82205963134766 0.020303684943112795 2.761000000000001 0.9979461650712171 0.39618661079385176 1.6680800617951506 84.21379852294922 0.00757933024291281 -3.8349032936753797
 | 27.5357 27.5038 -4.7151 0.3560728 COc1cc(COC2C(O)C(O)C(O)C(CO)C2OC(=O)c2ccccc2)ccc1O 1 O=C(OC1CCCCC1OCc1ccccc1)c1ccccc1 0.3560728 0.3561 0.926201949201644 0.0012204813282031888 4.587772365086575 -17.791885375976562 0.09630685436562943 0 44.70240020751953 0.05452487601602242 0.21640000000000004 0.9998520754681953 0.7714598231812024 1.4122276349134246 67.83427429199219 0.0007283606034586352 -2.913468860343762
 | 55.6156 55.7272 -38.1255 0.2750269 CCC(C)C(NC(=O)C(=O)NC(CC1CCCCC1)C1CC(O)CN1C(=O)C(NC(O)N1CCOCC1)C(C)(C)C)C(=O)NC(CC(F)F)C(=O)C(O)O 1 O=C(CNCN1CCOCC1)N1CCCC1CCC1CCCCC1 0.2750269 0.2750 0.17457611418843402 3.1837813604895004e-05 4.286600263856236 -4.502411842346191 0.016371155477596513 0 85.53536224365234 0.016994600374338746 -0.43349999999999056 0.9865352451270767 0.999531336617339 1.7133997361437632 3.3484299182891846 0.0038233352196390268 -4.497056764173452
 | 27.9933 28.0239 0.7400 0.4494352 CNC(=O)C1CCCN(C(=S)NC(=O)c2ccccc2)C1 1 O=C(NC(=S)N1CCCCC1)c1ccccc1 0.4494352 0.4494 0.9957875371040901 0.0018475901130909308 4.350130610339888 -3.7991504669189453 0.6110997878235749 0 15.345135688781738 0.021804406550244876 1.1592999999999996 0.999911565410429 0.990656240496504 1.6498693896601122 33.36341094970703 0.004173185084517925 -2.7333943704358505
 | 46.4832 46.4358 -33.2944 0.2053352 Cn1cnc(CC(NC(=O)N2C3CCC2CC(c2cccc(OCc4cccc(C#N)c4)c2)C3)C(=O)NC2CCc3ccccc32)c1 1 O=C(NC1CCc2ccccc21)C(Cc1c[nH]cn1)NC(=O)N1C2CCC1CC(c1cccc(OCc3ccccc3)c1)C2 0.2053352 0.2053 0.8167232707278924 4.933985814275943e-09 4.460699188501997 22.750652313232422 0.0018288634688942507 0 55.056968688964844 0.03352632058355676 5.705780000000006 0.0013709723233783601 0.993967188504118 1.539300811498003 28.955089569091797 0.10375620901730563 -8.30680210348644
 | 21.1804 21.2463 -1.6326 0.3064643 C#CC1(O)CCC2C3CCCCC3CCC21C 1 C1CCC2C(C1)CCC1CCCC12 0.3064643 0.3065 0.14284723783872444 0.00016865435723912466 4.745442082923861 21.093006134033203 0.593050145932306 0 87.91840362548828 0.09776118160271735 3.367200000000002 0.9982785238811621 0.05774938916513486 1.254557917076139 107.92158508300781 0.08600857152075336 -3.7730024341933475
 | 19.7263 19.7452 1.4947 0.3318739 O=C(NC(=S)Nc1ccc(N2CCCCC2)cc1)c1cccs1 1 O=C(NC(=S)Nc1ccc(N2CCCCC2)cc1)c1cccs1 0.3318739 0.3319 0.2679601865768559 8.240210626593932e-06 4.311051023004157 45.24913024902344 0.2604164787207005 0 80.04996490478516 0.01870805365836312 3.8652000000000033 0.9319455714192446 0.5290109576411426 1.6889489769958435 78.8382568359375 0.6583930488427311 -5.084061687235117
 | 34.0928 34.1015 -3.4641 0.4787090 CC1CN(C(C2CC2)C2CCCCN2)C(=O)C(c2cc(Cl)cc(Cl)c2)=N1 1 O=C1C(c2ccccc2)=NCCN1C(C1CC1)C1CCCCN1 0.4787090 0.4787 0.9991771391852695 4.475294926967597e-06 4.5226273508841475 73.02000427246094 0.22443436710372053 0 -1.019002914428711 0.04254930942554486 3.933900000000003 0.8652375459879007 0.99907522998249 1.4773726491158528 10.14959716796875 0.9841327027501022 -5.349178338910299
15:04:08 <INFO> Sampled SMILES C(c1c2c(cc(OC)cc2)ccc2n(OC)c3ccccc3c12)(=O)C failed to sanitize.
15:04:08 <INFO> Sampled SMILES CCCC(=O)N=c1[nH]c(Cc2nnc(SCC(NNC(=O)CCl)=O)n2NC(=O)C)c(=O)[nH]n1 failed to sanitize.
15:04:08 <INFO> Sampled SMILES c1[nH]c2ccc3c(c2c1Cl)C1C(CO)n2c4c(c5c3c3c(c2-4)C(=O)NCC1O3)C(=O)NC5 failed to sanitize.
15:04:14 <INFO> Score: 0.39 Agent NLL: 28.98 Valid:  95% Step: 6
 | Agent Prior Target Score SMILES SMILES_state Scaffold REINVENT_RL_ADME REINVENT_RL_ADME (raw) microsome_score (REINVENT_RL_ADME) pred_Solubility_ESOL_mol_per_L (REINVENT_RL_ADME) pred_pic50 (REINVENT_RL_ADME) pred_MetStab_Half_Life_Obach (REINVENT_RL_ADME) clogp_score (REINVENT_RL_ADME) disallowed_smarts (REINVENT_RL_ADME) pred_MetStab_Clearance_Microsome_AZ (REINVENT_RL_ADME) qsar_score (REINVENT_RL_ADME) pred_cLogP (REINVENT_RL_ADME) solubility_score (REINVENT_RL_ADME) hepatocyte_score (REINVENT_RL_ADME) pred_log_ic50_uM (REINVENT_RL_ADME) pred_MetStab_Clearance_Hepatocyte_AZ (REINVENT_RL_ADME) half_life_score (REINVENT_RL_ADME) pred_logS_ESOL (REINVENT_RL_ADME)
 | 25.2697 25.2761 -12.8621 0.1939692 CCCCCCCC(=O)c1cccc(C(=O)NCCC)c1 1 c1ccccc1 0.1939692 0.1940 0.042913718355264016 1.0445721414912033e-05 4.521297126416542 27.535802841186523 0.07694181280984816 0 101.0470199584961 0.04233306893184696 4.369600000000004 0.9483999021978793 0.015503096061017749 1.4787028735834578 121.51091003417969 0.17393028037716998 -4.981061560882693
 | 36.1474 36.1966 -13.7120 0.3513217 CC(=O)NC(CCCNC(=N)N)C(=O)NC(CCC(=O)O)C(=O)NC(Cc1ccccc1)C(=O)NC(C=O)C(N)O 1 c1ccccc1 0.3513217 0.3513 0.9561483157066195 0.06502466873471029 4.238462477369242 -16.398422241210938 6.0099644232978755e-06 0 39.17900085449219 0.01405988250236112 -3.207729999999994 0.9999989340593598 0.9999544545578597 1.7615375226307577 -19.967544555664062 0.000866828001764307 -1.1869218516204223
 | 38.0647 38.0176 -6.3068 0.4954819 CC1NS(=O)(=O)C(=C(Cl)Cl)C(=O)C1=Cc1ccccc1 1 C=C1C(=O)C(=Cc2ccccc2)CNS1(=O)=O 0.4954819 0.4955 0.9449599416773072 0.00010135280130519412 4.304585323518295 20.746936798095703 0.9183097123361305 0 41.56918716430664 0.018239125942305888 2.6073000000000004 0.9967665254842175 0.9816203713006367 1.695414676481705 40.22038269042969 0.08266830108109659 -3.9941642432751165
 | 33.2018 33.2421 0.3173 0.5243660 CNCC(=O)NC(CNc1cc(CN(C)C)ccc1C)c1ccc(OC)cc1 1 c1ccc(CCNc2ccccc2)cc1 0.5243660 0.5244 0.9939293095524938 4.738061492643805e-05 4.726091371444211 3.2811217308044434 0.9262661097515411 0 19.018062591552734 0.09114329408139558 2.5540200000000004 0.9917350356381532 0.9981033323333645 1.2739086285557888 17.342416763305664 0.01005220910326852 -4.324399307112076
 | 44.2043 44.1647 -44.1647 0.0000000 C(c1c2c(cc(OC)cc2)ccc2n(OC)c3ccccc3c12)(=O)C 0 -- 0.0000000 0.0000 None None None None None None None None None None None None None None None
 | 24.1797 24.1084 9.1458 0.5195975 COc1ccc(CC(=O)NNC(=O)c2ccc(OC)c(OC)c2)cc1OC 1 O=C(Cc1ccccc1)NNC(=O)c1ccccc1 0.5195975 0.5196 0.969044193228025 0.00021906374975693232 4.7653759697934674 -14.70447063446045 0.8824783596339272 0 35.562503814697266 0.10502323733349261 1.7247000000000001 0.9987549631457551 0.9839168121731274 1.234624030206532 38.86233139038086 0.0010710343260099274 -3.65942948269965
 | 30.7057 30.6823 -11.8546 0.2941820 CCCc1cc(-c2sc(=O)[nH]c2O)ccc1OCCCCOc1ccc(C(CC)CC)cc1 1 O=c1[nH]cc(-c2ccc(OCCCCOc3ccccc3)cc2)s1 0.2941820 0.2942 0.6959885131410045 7.251997397579576e-09 4.805697192716231 52.7420768737793 5.987791706381596e-05 0 61.717323303222656 0.12117699962043613 6.9031000000000065 0.002209056731390011 0.926716403475195 1.1943028072837687 54.62689208984375 0.8310040065871284 -8.13954236042554
 | 40.5892 40.5774 -27.5789 0.2031010 CC(C)(C)OC(=O)N1CCC(N(C2=[N+]([O-])c3ccccc3C2=O)C(C)(C)C)CC1 1 O=C1C(NC2CCNCC2)=[NH+]c2ccccc21 0.2031010 0.2031 0.004899978856689195 4.085230805837007e-06 4.559270861732535 24.243370056152344 0.229798532608146 0 123.13612365722656 0.04893746527267484 3.923200000000003 0.8514897063229319 0.08599399109518982 1.4407291382674654 103.6355972290039 0.12243414117309893 -5.388783401831748
 | 21.1427 21.1325 13.0742 0.5344804 COc1cc(Cl)ccc1C1CC1CN 1 c1ccc(C2CC2)cc1 0.5344804 0.5345 0.999887331360923 0.0007957073150634213 4.339523091739579 35.126564025878906 0.9406794074119851 0 -20.909467697143555 0.0209175439585069 2.4108 0.9997485127423047 0.9983583632165764 1.6604769082604212 15.895814895629883 0.35224638851146867 -3.0992466493825854
 | 22.2710 22.2822 10.4111 0.5108334 N=c1[nH]cnc2c1c(-c1cccc3ccccc13)cn2C1OC(CO)C(O)C1O 1 N=c1[nH]cnc2c1c(-c1cccc3ccccc13)cn2C1CCCO1 0.5108334 0.5108 0.9958985841842426 0.00028239334982617387 4.522572596421966 37.2541618347168 0.6860687074467784 0 15.076868057250977 0.04254038778071536 1.2755699999999994 0.9990911682496176 0.9995089553373111 1.4774274035780333 3.815156936645508 0.41502514111190436 -3.549145534843332
15:04:14 <INFO> Sampled SMILES N(Cc1ccccn1)(S(=O)(c1ccc(C)cc1)=O)c1cc(O)n2ccccc2n1 failed to sanitize.
15:04:20 <INFO> Score: 0.39 Agent NLL: 30.06 Valid:  98% Step: 7
 | Agent Prior Target Score SMILES SMILES_state Scaffold REINVENT_RL_ADME REINVENT_RL_ADME (raw) microsome_score (REINVENT_RL_ADME) pred_Solubility_ESOL_mol_per_L (REINVENT_RL_ADME) pred_pic50 (REINVENT_RL_ADME) pred_MetStab_Half_Life_Obach (REINVENT_RL_ADME) clogp_score (REINVENT_RL_ADME) disallowed_smarts (REINVENT_RL_ADME) pred_MetStab_Clearance_Microsome_AZ (REINVENT_RL_ADME) qsar_score (REINVENT_RL_ADME) pred_cLogP (REINVENT_RL_ADME) solubility_score (REINVENT_RL_ADME) hepatocyte_score (REINVENT_RL_ADME) pred_log_ic50_uM (REINVENT_RL_ADME) pred_MetStab_Clearance_Hepatocyte_AZ (REINVENT_RL_ADME) half_life_score (REINVENT_RL_ADME) pred_logS_ESOL (REINVENT_RL_ADME)
 | 23.1651 23.1701 4.4143 0.4310067 OC(COCc1ccco1)CSc1ccc(Br)cc1 1 c1ccc(SCCCOCc2ccco2)cc1 0.4310067 0.4310 0.9538863922350168 1.036128231336748e-05 4.27331107576648 51.09205627441406 0.35295041488034046 0 39.70563507080078 0.016129003174217543 3.7119000000000035 0.9479048092581683 0.5403478681298229 1.7266889242335204 78.382568359375 0.8000340255380747 -4.9845864929347
 | 27.4898 27.4349 -0.1471 0.4263708 C=CC1(SC)C=CC(=O)CC1 1 O=C1C=CCCC1 0.4263708 0.4264 0.9467742842486336 0.003377080451790705 4.114514955358519 2.5277669429779053 0.9453928851972753 0 41.21480941772461 0.008611054258892883 2.1933 0.9999581571122051 0.35530604397648824 1.8854850446414813 85.95796203613281 0.009157075758326111 -2.471458593094948
 | 35.1205 35.1386 -0.8045 0.5364708 CC(=O)NC(Cc1c[nH]c2ccc(OS(=O)(=O)C(F)(F)F)cc12)C(=O)Nc1ccc([N+](=O)[O-])cc1 1 O=C(CCc1c[nH]c2ccccc12)Nc1ccccc1 0.5364708 0.5365 0.9572440604292289 3.0606220017705527e-06 4.43453292541538 55.709678649902344 0.8081802049217406 0 38.91449737548828 0.030295614600709158 2.990400000000001 0.8002771904329066 0.9966617739952518 1.5654670745846202 23.01028060913086 0.8769338807563378 -5.514190304078635
 | 58.3022 58.1142 -44.6454 0.2104507 CCCc1c(O)nc(C=c2ccc(=CC(=O)O)s2)n1C(CC(=O)CCCCc1ccccc1)c1cccnc1 1 C=c1ccc(=Cc2nccn2C(CC(=O)CCCCc2ccccc2)c2cccnc2)s1 0.2104507 0.2105 0.9277916853131914 1.0437086961470382e-07 4.285542877303934 -8.202848434448242 0.03574699392607788 0 44.46747970581055 0.016924086646401555 4.653200000000004 0.05710522151744901 0.9673295308138633 1.7144571226960665 46.11932373046875 0.002410864626240782 -6.9814206979901225
 | 46.3360 46.1872 -35.6650 0.1644088 CCC(=O)Oc1cccc2c(=O)n(N(Cc3ccc(Cl)c(Cl)c3)S(=O)(=O)c3ccc(N(C)C)cc3)ccc12 1 O=c1c2ccccc2ccn1N(Cc1ccccc1)S(=O)(=O)c1ccccc1 0.1644088 0.1644 0.05408425395800927 2.3621025644083266e-08 4.466552575798757 93.96686553955078 0.007353861050058684 0 98.61610412597656 0.03429331550887976 5.2168000000000045 0.009492477161004029 0.42873560467992516 1.5334474242012426 82.8701171875 0.9988256415036613 -7.626701248894599
 | 24.1202 24.1655 5.7720 0.4677733 CCNNC(=O)C=Cc1ccccc1 1 c1ccccc1 0.4677733 0.4678 0.9993403545511552 0.00691607828030699 4.33191993820485 8.525931358337402 0.724174201359542 0 -3.2314820289611816 0.020303684943112795 1.3404999999999998 0.9999828076403442 0.9917572718664538 1.6680800617951506 32.09852981567383 0.019184935171926997 -2.1601400997658176
 | 25.0650 25.0846 8.7874 0.5292503 O=C(Cc1nc(=O)c2ccccc2[nH]1)NN=CC=Cc1ccccc1 1 O=C(Cc1nc(=O)c2ccccc2[nH]1)NN=CC=Cc1ccccc1 0.5292503 0.5293 0.9943839082310705 0.00013052705517671085 4.744258956642398 -8.254453659057617 0.9458567759721216 0 18.235126495361328 0.09734454991433454 2.2810000000000006 0.9976355879613116 0.9911067625750434 1.2557410433576026 32.864688873291016 0.002395400158932328 -3.884299460002877
 | 19.5677 19.4791 3.2775 0.3555713 Cc1n[nH]c(=NN=Cc2cccnc2)n1N 1 C(=NN=c1[nH]cn[nH]1)c1cccnc1 0.3555713 0.3556 0.9994373838906114 0.07281862106771621 4.08849744750489 -11.829766273498535 0.016220930041900512 0 -4.823502540588379 0.0077665665834241015 -0.4367800000000001 0.9999990737505127 0.9993462444221399 1.9115025524951101 6.678769588470459 0.0015334190246090492 -1.1377575493563723
 | 26.6420 26.6464 -5.5282 0.3299719 CCC1CCN(C(=O)C(Cc2cccc(C(=N)N)c2)NS(=O)(=O)c2cccc3c(N(C)C)cccc23)CC1 1 O=C(C(Cc1ccccc1)NS(=O)(=O)c1cccc2ccccc12)N1CCCCC1 0.3299719 0.3300 0.8198195868970847 6.377323969952475e-07 4.739654368954101 14.378707885742188 0.34248153377289814 0 54.8487434387207 0.0957381145689665 3.7280700000000024 0.36396965587805674 0.9982048792056852 1.2603456310458991 16.7911376953125 0.039065688059584096 -6.195361520163624
 | 37.2014 37.2601 -4.4820 0.5121580 CCn1cncc1CNC(C)(C(=O)NC1CCCCC1)c1ccccc1 1 O=C(NC1CCCCC1)C(NCc1cnc[nH]1)c1ccccc1 0.5121580 0.5122 0.8050075079813694 1.865096906495276e-05 5.037568644644885 1.7239242792129517 0.6000998341107846 0 55.82109451293945 0.25848735832710484 3.3569000000000013 0.9741832377275255 0.9129097248755589 0.962431355355115 56.503082275390625 0.008288941919617793 -4.729298598245218
15:04:20 <INFO> Sampled SMILES c1cccc2c3c(n4c5c(cccc5CN(CC=C)CCC)cc4n3COC(C)=O)nc12 failed to sanitize.
15:04:26 <INFO> Score: 0.37 Agent NLL: 29.97 Valid:  97% Step: 8
 | Agent Prior Target Score SMILES SMILES_state Scaffold REINVENT_RL_ADME REINVENT_RL_ADME (raw) microsome_score (REINVENT_RL_ADME) pred_Solubility_ESOL_mol_per_L (REINVENT_RL_ADME) pred_pic50 (REINVENT_RL_ADME) pred_MetStab_Half_Life_Obach (REINVENT_RL_ADME) clogp_score (REINVENT_RL_ADME) disallowed_smarts (REINVENT_RL_ADME) pred_MetStab_Clearance_Microsome_AZ (REINVENT_RL_ADME) qsar_score (REINVENT_RL_ADME) pred_cLogP (REINVENT_RL_ADME) solubility_score (REINVENT_RL_ADME) hepatocyte_score (REINVENT_RL_ADME) pred_log_ic50_uM (REINVENT_RL_ADME) pred_MetStab_Clearance_Hepatocyte_AZ (REINVENT_RL_ADME) half_life_score (REINVENT_RL_ADME) pred_logS_ESOL (REINVENT_RL_ADME)
 | 36.2961 36.2303 -12.5380 0.3701914 CC1(C)OCC(COc2cc(OCCCC(=O)O)c3c(=O)cc(C=Cc4ccccc4)oc3c2)O1 1 O=c1cc(C=Cc2ccccc2)oc2cc(OCC3COCO3)ccc12 0.3701914 0.3702 0.9921219457309367 2.5661383956848227e-07 5.1420171116851385 17.556116104125977 0.02832802777187177 0 21.642349243164062 0.3461396357281934 4.737300000000004 0.1560691719826646 0.9916092375488462 0.8579828883148612 32.27802276611328 0.05702846932725844 -6.590719925177986
 | 47.1433 46.9764 -32.7193 0.2227682 Cc1ccccc1OC(CO)c1ccc2ccccc2c1C=Cc1ccc(Cl)cc1Cl 1 C(=Cc1c(COc2ccccc2)ccc2ccccc12)c1ccccc1 0.2227682 0.2228 0.02116324739073097 1.855042342885974e-09 5.043494512675837 133.0841064453125 5.51486898257244e-06 0 108.34098815917969 0.2630565852601108 7.7378200000000055 0.0004076461333549515 0.15368199596806512 0.9565054873241632 97.06009674072266 0.9999911537963041 -8.731646172802655
 | 22.8725 22.7447 -5.3622 0.2716007 O=C(ON=Cc1ccccc1O)c1ccc(Br)cc1 1 O=C(ON=Cc1ccccc1)c1ccccc1 0.2716007 0.2716 0.13854863804727777 2.5329645126114826e-05 4.042912014250765 25.322582244873047 0.6077844692790277 0 88.27397155761719 0.006480397490179908 3.345600000000001 0.9821960199745938 0.028884386216000122 1.9570879857492347 115.15144348144531 0.13768202546894986 -4.596370894727799
 | 31.3547 31.3592 -2.2016 0.4555877 Cc1nc2ccccc2n1CC(=O)NN=Cc1ccc(C=NNC(=O)COc2ccccc2)cc1 1 O=C(COc1ccccc1)NN=Cc1ccc(C=NNC(=O)Cn2cnc3ccccc32)cc1 0.4555877 0.4556 0.7748916209663033 4.953327502494415e-06 4.734497862418776 -0.9809516668319702 0.7932616373331448 0 57.638587951660156 0.09396729986156892 3.0241200000000017 0.8792577655891454 0.8904115347593963 1.2655021375812239 59.05048370361328 0.005925076634799308 -5.305102956527136
 | 39.8299 39.7591 -8.3576 0.4906482 O=C1NC(=O)C(C#Cc2cnc(CN3CCCC(O)C3)nc2)(C(=O)Nc2ccc(F)c(Cl)c2)N1 1 O=C1NC(=O)C(C#Cc2cnc(CN3CCCCC3)nc2)(C(=O)Nc2ccccc2)N1 0.4906482 0.4906 0.9985079845190256 0.00020667969212451846 4.52163723544856 46.99103927612305 0.3569371590926593 0 4.938657283782959 0.042388256698849165 0.7942000000000002 0.9986618612501997 0.9994697172129369 1.4783627645514392 4.58430290222168 0.7055523846232175 -3.684702194062327
 | 18.1353 18.1096 -2.4089 0.2453234 CCCCCCCCCCCCCCCCCCNc1ccc(C(=O)O)cc1 1 c1ccccc1 0.2453234 0.2453 0.6260884568308622 4.808014839885104e-09 4.716849295226697 54.128746032714844 2.207983767703079e-06 0 64.84527587890625 0.08812691570076911 8.058200000000008 0.001327731446498319 0.6186719054772893 1.2831507047733028 75.16085052490234 0.8539711559858167 -8.31803420055809
 | 21.1996 21.1600 -9.5403 0.1815586 CCCCCCCCCCCC(=O)Nc1cccc(Cl)c1 1 c1ccccc1 0.1815586 0.1816 0.022518098776420036 3.387986541377613e-07 4.7985267665250895 89.01329803466797 0.000446970101668356 0 107.70660400390625 0.11815563015652873 6.199400000000005 0.2070132385639657 0.01143453334055167 1.201473233474911 124.5961685180664 0.9978209008709695 -6.470058323552974
 | 28.2176 28.1855 -8.0980 0.3138671 COc1ccc(CN(CC(=O)N2CCc3ccccc32)S(C)(=O)=O)cc1 1 O=C(CNCc1ccccc1)N1CCc2ccccc21 0.3138671 0.3139 0.0025506833667395647 0.0001233111386108556 4.604076753370132 -16.245849609375 0.9373503906560476 0 129.6884002685547 0.057986303044021456 2.0461 0.9974631506489338 0.0010713628951498164 1.3959232466298679 148.3775177001953 0.0008835036849344867 -3.9089976921087057
 | 31.9086 31.7443 -6.0253 0.4018585 COC(=O)Cn1c(C)nc(Cl)c1C=NOCc1ccccc1C(F)(F)F 1 C(=NOCc1ccccc1)c1cnc[nH]1 0.4018585 0.4019 0.8890581961218178 7.295478096783193e-06 4.315332561361526 21.69939613342285 0.4376102895621956 0 49.18843078613281 0.01902506190056608 3.5874200000000025 0.9217141217341884 0.9222823752913438 1.6846674386384741 55.262306213378906 0.09215719481247443 -5.136946242085662
 | 33.7993 33.7477 -7.2717 0.4136877 O=C(CSc1ccccc1)NCCCOc1nc(N2CCCCC2)nc(N2CCOCC2)n1 1 O=C(CSc1ccccc1)NCCCOc1nc(N2CCCCC2)nc(N2CCOCC2)n1 0.4136877 0.4137 0.3270876911320843 1.7896264979638183e-05 4.4898690371067875 0.8173419833183289 0.9427743372768249 0 77.2138671875 0.03751983067054869 2.3759000000000006 0.9728623660306435 0.7788478073629019 1.510130962893213 67.41035461425781 0.007407462903581049 -4.747237598516773
15:04:26 <INFO> Sampled SMILES CCCC1(CN)CCC(N(c2c3c(nc(C)n2)nn(-c2c(-c4ncc(Cl)cc4)nc(C)s2)c3CO)=O)CC1 failed to sanitize.
15:04:33 <INFO> Score: 0.38 Agent NLL: 30.65 Valid:  98% Step: 9
 | Agent Prior Target Score SMILES SMILES_state Scaffold REINVENT_RL_ADME REINVENT_RL_ADME (raw) microsome_score (REINVENT_RL_ADME) pred_Solubility_ESOL_mol_per_L (REINVENT_RL_ADME) pred_pic50 (REINVENT_RL_ADME) pred_MetStab_Half_Life_Obach (REINVENT_RL_ADME) clogp_score (REINVENT_RL_ADME) disallowed_smarts (REINVENT_RL_ADME) pred_MetStab_Clearance_Microsome_AZ (REINVENT_RL_ADME) qsar_score (REINVENT_RL_ADME) pred_cLogP (REINVENT_RL_ADME) solubility_score (REINVENT_RL_ADME) hepatocyte_score (REINVENT_RL_ADME) pred_log_ic50_uM (REINVENT_RL_ADME) pred_MetStab_Clearance_Hepatocyte_AZ (REINVENT_RL_ADME) half_life_score (REINVENT_RL_ADME) pred_logS_ESOL (REINVENT_RL_ADME)
 | 23.9644 24.0737 5.7631 0.4661994 CC1CCCN(CC(=O)N=c2[nH]nc(Br)s2)C1 1 O=C(CN1CCCCC1)N=c1[nH]ncs1 0.4661994 0.4662 0.9972415199024001 0.0009961660071740456 4.114514955358519 -0.05732250213623047 0.752637241047039 0 11.096868515014648 0.008611054258892883 1.3929 0.9998096892660965 0.9949920466260703 1.8854850446414813 27.08292579650879 0.006645383505120884 -3.0016682820662086
 | 44.1048 44.0502 -22.8377 0.3314468 CSc1ccc(CNC(=N)NN=Nc2c(Cl)cccc2Cl)cc1-c1ccccc1 1 N=C(NCc1cccc(-c2ccccc2)c1)NN=Nc1ccccc1 0.3314468 0.3314 0.9680781478132948 1.2958892749948263e-08 5.029685400895413 34.39818572998047 0.00010845603325944139 0 35.87977981567383 0.2524895550886777 6.695170000000004 0.004529232968290422 0.9977131022946147 0.9703145991045874 19.217304229736328 0.33176194887243227 -7.887432104416863
 | 35.1658 35.1406 -6.5730 0.4463680 COC(=O)C1=CN(C)CCN=C1COc1ccccc1F 1 C1=CC(COc2ccccc2)=NCCN1 0.4463680 0.4464 0.8848955220491723 0.0009949393057960578 4.7103601561144455 -9.508183479309082 0.8599009576608742 0 49.60370635986328 0.08606321076280242 1.6477999999999993 0.9998093981250182 0.4429179110441887 1.2896398438855545 82.29328155517578 0.002048651130746702 -3.0022034116782264
 | 21.4740 21.4611 9.9799 0.4912660 O=C(O)CCCSCCCS 1  0.4912660 0.4913 0.9993423299101147 0.00387066040395885 4.1808494704371695 -9.81199836730957 0.9201709380171756 0 -3.2614924907684326 0.011198407481146944 1.9042999999999997 0.9999646725336534 0.9863483278843669 1.8191505295628307 37.198524475097656 0.0019724591742032254 -2.412214930245605
 | 22.0081 21.9517 5.2678 0.4253042 CCCCCCCCCCCC(=O)NC(CO)C(O)c1ccc([N+](=O)[O-])cc1 1 c1ccccc1 0.4253042 0.4253 0.608403037892011 4.229220456930289e-06 5.086974937882764 24.97048568725586 0.18188275013578994 0 65.59395599365234 0.29812964851125356 4.026200000000003 0.8568432990042625 0.761492213726541 0.913025062117236 68.39122009277344 0.13253949705016754 -5.373739675758072
 | 29.2912 29.2122 -2.5985 0.4158390 COc1ccc2ccccc2c1NS(=O)(=O)CCCCCCCCN 1 c1ccc2ccccc2c1 0.4158390 0.4158 0.9944493335077341 6.810482444744873e-06 4.775052168095614 5.051943778991699 0.2473275390461472 0 18.11728858947754 0.10871724170457744 3.889400000000002 0.9153288308079003 0.9725755071205983 1.2249478319043854 44.31488800048828 0.012511618634685187 -5.16682212220334
 | 28.5563 28.4500 -17.2584 0.1748688 CCN(CC)CCNC(=O)c1c(Cl)c2ccccc2n1Cc1cc(C)ccc1C 1 c1ccc(Cn2ccc3ccccc32)cc1 0.1748688 0.1749 0.016869731666448663 4.091601366951776e-07 4.636927244290484 93.7170181274414 0.012424864332506289 0 110.65220642089844 0.06559496731380592 5.031440000000005 0.24808045099750844 0.07989186718229142 1.3630727557095164 104.43817138671875 0.9987884316102935 -6.388106684971209
 | 42.6164 42.8316 -19.6222 0.3626467 CC(NC(=O)N=c1cc(C(N)=O)cc(CN(CC(N)=O)S(C)(=O)=O)[nH]1)c1ccccc1 1 O=C(N=c1cccc[nH]1)NCc1ccccc1 0.3626467 0.3626 0.9628141126067974 0.0022710770691227898 4.457227965406851 -18.96773338317871 0.026011042232755407 0 37.460689544677734 0.0330793204193931 -0.26799999999999735 0.9999315428379802 0.9917928423447148 1.542772034593149 32.05492401123047 0.0006288638781669273 -2.643768127723536
 | 30.4955 30.5387 1.9388 0.5074602 COc1cc(CN)c(O)c2c(O)c3c(O)c(C)ccc3c(O)c12 1 c1ccc2cc3ccccc3cc2c1 0.5074602 0.5075 0.9750591709024903 0.00010031566911615086 4.672021489906166 -4.251583576202393 0.9208857169251834 0 33.34008026123047 0.07474175062747448 2.5911200000000014 0.9967251288143018 0.9202151578534741 1.327978510093834 55.54726028442383 0.003944628982729984 -3.998631225711505
 | 41.4716 41.5021 -7.4403 0.5322144 O=C(NC(=O)c1ccc(F)cc1F)Nc1ccc(C(=O)NCc2nsc(N3CCOCC3)n2)cc1 1 O=C(NC(=O)c1ccccc1)Nc1ccc(C(=O)NCc2nsc(N3CCOCC3)n2)cc1 0.5322144 0.5322 0.9537839275035817 7.3109898514006115e-06 4.640834456279183 34.904903411865234 0.9274925119010652 0 39.728904724121094 0.06655942314503167 2.5448000000000013 0.9219040804139205 0.9820773516179369 1.3591655437208165 39.963951110839844 0.3459505592620989 -5.1360238189521
15:04:39 <INFO> Score: 0.39 Agent NLL: 28.59 Valid: 100% Step: 10
 | Agent Prior Target Score SMILES SMILES_state Scaffold REINVENT_RL_ADME REINVENT_RL_ADME (raw) microsome_score (REINVENT_RL_ADME) pred_Solubility_ESOL_mol_per_L (REINVENT_RL_ADME) pred_pic50 (REINVENT_RL_ADME) pred_MetStab_Half_Life_Obach (REINVENT_RL_ADME) clogp_score (REINVENT_RL_ADME) disallowed_smarts (REINVENT_RL_ADME) pred_MetStab_Clearance_Microsome_AZ (REINVENT_RL_ADME) qsar_score (REINVENT_RL_ADME) pred_cLogP (REINVENT_RL_ADME) solubility_score (REINVENT_RL_ADME) hepatocyte_score (REINVENT_RL_ADME) pred_log_ic50_uM (REINVENT_RL_ADME) pred_MetStab_Clearance_Hepatocyte_AZ (REINVENT_RL_ADME) half_life_score (REINVENT_RL_ADME) pred_logS_ESOL (REINVENT_RL_ADME)
 | 35.2005 35.1788 -5.4939 0.4638269 CC(C)C(NC(=O)C(Cc1c[nH]c2ccccc12)NC(=O)CNC(=O)C1CCCN1C(=O)OCc1ccccc1)C(=O)O 1 O=C(CNC(=O)C1CCCN1C(=O)OCc1ccccc1)NCCc1c[nH]c2ccccc12 0.4638269 0.4638 0.9800969495929738 3.211441897381557e-06 4.029060593103953 -6.340384483337402 0.9444577956161183 0 31.032215118408203 0.006133254430687842 2.3380000000000005 0.8096464414421602 0.9994415226934562 1.9709394068960466 5.102620601654053 0.003040924742630158 -5.493299930998422
 | 30.8134 30.9048 0.4687 0.4902116 CNC(=O)COc1ccc(CCNC(=O)C(C)c2ccc(NS(C)(=O)=O)c(F)c2)cc1Br 1 O=C(Cc1ccccc1)NCCc1ccccc1 0.4902116 0.4902 0.9947567278049589 5.480286584548095e-06 4.404774920352333 19.583934783935547 0.9272169846280721 0 17.544475555419922 0.026987573907524286 2.5469 0.8919548660154082 0.9983595752017645 1.5952250796476675 15.88841724395752 0.07229169170673136 -5.261196730049666
 | 22.9428 22.7939 10.1121 0.5141572 CCN(CC)CCC(O)c1ccc2ccccc2c1 1 c1ccc2ccccc2c1 0.5141572 0.5142 0.9885822542201528 4.802950184967672e-05 4.405670537600286 75.87825012207031 0.4252386867099849 0 25.38896942138672 0.027081806418773953 3.605100000000003 0.9918722388765684 0.9301499233749865 1.5943294623997142 54.11005401611328 0.9888464504015538 -4.318491917734523
 | 36.1684 36.2012 1.1443 0.5835227 COc1n[nH]c2cc(=NC(=O)NC(CN3CCOCC3)C(C)(C)OC(C)(C)C)[nH]c(C)c12 1 O=C(N=c1cc2[nH]ncc2c[nH]1)NCCN1CCOCC1 0.5835227 0.5835 0.9456335800370449 4.248512944411199e-05 4.666748751810951 46.74235916137695 0.9421549901579278 0 41.43891525268555 0.0732962156630713 2.1128199999999997 0.9905486890053308 0.9982992847129278 1.3332512481890488 16.249958038330078 0.6990535265166768 -4.371763054196183
 | 34.3082 34.0524 -19.5474 0.2266412 CCCOc1ccc(-c2nnn(CCOc3ccc(Oc4ccc(-c5ncco5)cc4)cc3)n2)cc1 1 c1ccc(-c2nnn(CCOc3ccc(Oc4ccc(-c5ncco5)cc4)cc3)n2)cc1 0.2266412 0.2266 0.18296527849926528 3.761301209366928e-08 4.897138332793095 56.64533233642578 0.0021126106779415462 0 84.96385192871094 0.16581718857464472 5.655200000000005 0.016783013972437033 0.502824562543365 1.102861667206905 79.88701629638672 0.8890098189552075 -7.424661886378727
 | 28.4427 28.5948 3.5548 0.5023383 O=C(NCc1ccc(F)cc1Cl)N1CCN(CCn2ccnc2)CC1 1 O=C(NCc1ccccc1)N1CCN(CCn2ccnc2)CC1 0.5023383 0.5023 0.9916113289329916 0.00010899028007163781 3.941498996174095 23.560466766357422 0.9456000346331143 0 22.275508880615234 0.004328811636969978 2.2030000000000003 0.9970444420915683 0.9869356010614151 2.058501003825905 36.75286102294922 0.11355400614471589 -3.962612231412388
 | 24.9506 24.8492 -8.9146 0.2489785 CCOC(=O)c1cc2cc(C(C)(C)C)cc(C)c2oc1=O 1 O=c1ccc2ccccc2o1 0.2489785 0.2490 0.0008928587525837429 3.207205049575321e-05 4.54441635980138 26.4008846282959 0.4459108607474356 0 140.20188903808594 0.04624495211141952 3.5756200000000025 0.9866555341532394 0.0005833678868313194 1.4555836401986197 154.46109008789062 0.1544797078277805 -4.493873272983223
 | 23.1278 22.9681 13.1810 0.5648298 COc1ccc(C=NN=c2nc(N3CCCCC3)cc(C)[nH]2)cc1 1 C(=NN=c1nc(N2CCCCC2)cc[nH]1)c1ccccc1 0.5648298 0.5648 0.518133789557163 8.766836226552979e-05 5.15748903674586 8.82949161529541 0.9104710305658285 0 69.27433013916016 0.3602765936966014 2.6518200000000007 0.9961313738098256 0.8092424112693102 0.8425109632541403 65.5490493774414 0.01991212198008887 -4.057157106433991
 | 36.1431 36.1499 0.9826 0.5801951 Cc1cccc(C)c1NC([O-])C(=O)n1cnc(Cc2ccccc2)c1 1 O=C(CNc1ccccc1)n1cnc(Cc2ccccc2)c1 0.5801951 0.5802 0.9856566583559061 7.960186769730019e-05 5.005834231601566 -5.5029683113098145 0.9294402295104073 0 27.699777603149414 0.23491142673325563 2.529440000000001 0.9956412830895621 0.9856511536870199 0.9941657683984342 37.703670501708984 0.003375363987605293 -4.0990767422985686
 | 31.2910 31.1417 -10.2949 0.3257324 O=C1N=C(Cc2ccc(-c3ccc(F)c(C(F)(F)F)c3)s2)C(=O)N1c1ccc(Cl)cc1 1 O=C1N=C(Cc2ccc(-c3ccccc3)s2)C(=O)N1c1ccccc1 0.3257324 0.3257 0.8393748377321846 1.6756743323072147e-08 4.77543695011289 116.8671875 0.00026937328067738124 0 53.46416091918945 0.10886646967384149 6.376700000000003 0.006220012342624975 0.9728163465540365 1.22456304988711 44.224205017089844 0.9999328422076332 -7.7758103827373946
15:04:45 <INFO> Score: 0.38 Agent NLL: 29.33 Valid: 100% Step: 11
 | Agent Prior Target Score SMILES SMILES_state Scaffold REINVENT_RL_ADME REINVENT_RL_ADME (raw) microsome_score (REINVENT_RL_ADME) pred_Solubility_ESOL_mol_per_L (REINVENT_RL_ADME) pred_pic50 (REINVENT_RL_ADME) pred_MetStab_Half_Life_Obach (REINVENT_RL_ADME) clogp_score (REINVENT_RL_ADME) disallowed_smarts (REINVENT_RL_ADME) pred_MetStab_Clearance_Microsome_AZ (REINVENT_RL_ADME) qsar_score (REINVENT_RL_ADME) pred_cLogP (REINVENT_RL_ADME) solubility_score (REINVENT_RL_ADME) hepatocyte_score (REINVENT_RL_ADME) pred_log_ic50_uM (REINVENT_RL_ADME) pred_MetStab_Clearance_Hepatocyte_AZ (REINVENT_RL_ADME) half_life_score (REINVENT_RL_ADME) pred_logS_ESOL (REINVENT_RL_ADME)
 | 41.0297 40.9085 -32.6713 0.1287066 CCC(C)C(NC(=O)OCc1cccc(Cl)c1)C(=O)NC(CC1CCCCC1)C(=O)C(CSc1ccc(C)cc1)OCc1ccccc1 1 O=C(CNC(=O)OCc1ccccc1)NC(CC1CCCCC1)C(=O)C(CSc1ccccc1)OCc1ccccc1 0.1287066 0.1287 0.000435227682813698 1.343325073139239e-11 4.356665510487172 92.82728576660156 3.617388771786081e-07 0 147.39205932617188 0.022368962132277057 8.691320000000005 9.012497615765234e-07 0.198506978734635 1.643334489512828 93.9565200805664 0.998646099426335 -10.871818879075633
 | 24.7997 24.9745 3.3640 0.4427896 CN(C)S(=O)(=O)N1CCCC(C(=O)NCCCc2ccccc2)C1 1 O=C(NCCCc1ccccc1)C1CCCNC1 0.4427896 0.4428 0.8707459338124778 0.0008146474020170282 4.4481717735867345 -9.1602783203125 0.6726404953663807 0 50.92429733276367 0.03194006247008925 1.2538000000000007 0.9997557456612742 0.9186561857366445 1.551828226413265 55.757728576660156 0.002139513962585063 -3.089030323153186
 | 24.1741 24.1975 -10.2217 0.2183719 Cc1cc(C)c(C#N)c(SCC(=O)N2CCCc3ccccc32)n1 1 O=C(CSc1ccccn1)N1CCCc2ccccc21 0.2183719 0.2184 0.000734285345385824 1.335685490806953e-05 4.456440289934833 2.068263530731201 0.3999898171255928 0 142.15878295898438 0.03297869308957311 3.6416200000000023 0.9614430045669418 0.00027003757111685123 1.543559710065167 162.1667938232422 0.008650353913174601 -4.874295791626135
 | 44.4231 44.2611 -34.4451 0.1533761 CC(=O)c1cc(C(=O)OCC(=O)Nc2ccc(Cl)cc2)c2c(c1)c(C)nn2-c1ccc(C(F)(F)F)cc1 1 O=C(COC(=O)c1cccc2cnn(-c3ccccc3)c12)Nc1ccccc1 0.1533761 0.1534 0.006569614717570339 1.2081220673158803e-08 4.698211375166721 117.62318420410156 0.0007804065042343243 0 120.18708801269531 0.08231699003123907 6.004220000000004 0.004153327924579542 0.19058346131974932 1.3017886248332786 94.46223449707031 0.9999388975827146 -7.917889182864372
 | 34.2844 34.3030 -18.5011 0.2469045 CCC1C(C)N(C(=O)OC(C)(C)C)C(C)CN1S(=O)(=O)c1ccc(C#N)cc1 1 O=S(=O)(c1ccccc1)N1CCNCC1 0.2469045 0.2469 0.01931918421412161 9.915313045281538e-06 4.107601618501811 9.693289756774902 0.601204782011453 0 109.271484375 0.008378159825172688 3.3552800000000023 0.9451421373155771 0.0745607243146767 1.8923983814981888 105.1865463256836 0.0221322464226354 -5.003693569739851
 | 26.0473 25.9533 4.5007 0.4758442 CCc1cnc(N2CCC3(C2)C(c2cnn(C)c2)CC(=O)N3C)nc1 1 O=C1CC(c2cn[nH]c2)C2(CCN(c3ncccn3)C2)N1 0.4758442 0.4758 0.9800028192920704 0.000658193816064954 4.522627350884147 -6.071667671203613 0.7389967543254565 0 31.080358505249023 0.042549309425544704 1.3673 0.9996817768512465 0.9970792596198087 1.477372649115853 21.670068740844727 0.003144476398814655 -3.1816462023538348
 | 41.9581 41.9381 -29.7064 0.1911205 Cc1cc(C(N)=O)cn1CCCNC(=O)CC1CCC2C3CCc4cc(O)ccc4C3CCC12C 1 O=C(CC1CCC2C1CCC1c3ccccc3CCC12)NCCCn1cccc1 0.1911205 0.1911 0.41032978477571025 3.378580135088475e-07 4.7870662924623915 2.7629363536834717 0.034136428429071 0 73.62602233886719 0.11346211874912139 4.669920000000004 0.20644748566417928 0.6767227222541224 1.212933707537609 72.61248779296875 0.009427678863153445 -6.471265775772897
 | 31.0675 31.0326 3.0734 0.5329052 CN1C2CCC1c1cc(C#CCn3c(O)ccc3O)ccc1C2 1 C(#Cc1ccc2c(c1)C1CCC(C2)N1)Cn1cccc1 0.5329052 0.5329 0.9968200515217153 0.00011518836722790062 4.798725549598788 5.925511837005615 0.9122235522496683 0 12.522947311401367 0.1182385040258894 2.6424000000000003 0.9972399398250517 0.9811477579048395 1.2012744504012118 40.479087829589844 0.013935104348724123 -3.938591377716838
 | 29.4559 29.5347 -8.0694 0.3353959 COc1ccc(NC(=O)Cn2c(=O)oc3ccc(S(=O)(=O)N4CCN(c5ccc(OC)cc5)CC4)cc32)cc1 1 O=C(Cn1c(=O)oc2ccc(S(=O)(=O)N3CCN(c4ccccc4)CC3)cc21)Nc1ccccc1 0.3353959 0.3354 0.23375937472357097 2.272103541895365e-06 4.499477431938079 14.060785293579102 0.8861453203604429 0 81.87203979492188 0.038932686942146896 2.7613000000000003 0.734654204309314 0.49566890105557276 1.5005225680619216 80.17324829101562 0.037600878465648364 -5.64357188130205
 | 38.7378 38.7287 -14.2121 0.3830725 CC(C)(O)CN1CN(c2ccccc2)C2(CCN(C(=O)c3ccc(C(C)(C)C)cc3)CC2)C1=N 1 N=C1NCN(c2ccccc2)C12CCN(C(=O)c1ccccc1)CC2 0.3830725 0.3831 0.8804850819275263 5.457847128806369e-07 5.141028032707908 -2.732611656188965 0.05628517671972935 0 50.02968215942383 0.3452447605595847 4.486770000000004 0.32052339758346793 0.999282665671316 0.8589719672920925 7.607490539550781 0.004765497473818064 -6.262978632837177
15:04:52 <INFO> Score: 0.38 Agent NLL: 29.69 Valid: 100% Step: 12
 | Agent Prior Target Score SMILES SMILES_state Scaffold REINVENT_RL_ADME REINVENT_RL_ADME (raw) microsome_score (REINVENT_RL_ADME) pred_Solubility_ESOL_mol_per_L (REINVENT_RL_ADME) pred_pic50 (REINVENT_RL_ADME) pred_MetStab_Half_Life_Obach (REINVENT_RL_ADME) clogp_score (REINVENT_RL_ADME) disallowed_smarts (REINVENT_RL_ADME) pred_MetStab_Clearance_Microsome_AZ (REINVENT_RL_ADME) qsar_score (REINVENT_RL_ADME) pred_cLogP (REINVENT_RL_ADME) solubility_score (REINVENT_RL_ADME) hepatocyte_score (REINVENT_RL_ADME) pred_log_ic50_uM (REINVENT_RL_ADME) pred_MetStab_Clearance_Hepatocyte_AZ (REINVENT_RL_ADME) half_life_score (REINVENT_RL_ADME) pred_logS_ESOL (REINVENT_RL_ADME)
 | 28.2237 28.2539 -7.9318 0.3175320 CN(C)CC(=O)Nc1ccc(Br)cc1OCc1ccc(Cl)cc1Cl 1 c1ccc(COc2ccccc2)cc1 0.3175320 0.3175 0.8517873561758111 4.21351881345704e-07 4.511137925358961 111.48477935791016 0.02157722436655668 0 52.51311111450195 0.040715911677855196 4.835000000000003 0.254938763965959 0.7460264012234736 1.4888620746410397 69.22469329833984 0.9998683980906328 -6.3753550626037025
 | 40.5084 40.4314 -32.7379 0.1202105 CCOC(=O)c1c(NC(=O)OCc2ccc(C(=O)CCC(=O)OC)cc2)sc(C(=O)OC)c1C 1 O=C(Nc1cccs1)OCc1ccccc1 0.1202105 0.1202 6.359187140342325e-06 1.0260586647605295e-06 4.318406214734837 -4.249204635620117 0.23942892104284538 0 189.65603637695312 0.019255879621577886 3.9044200000000036 0.507979459768807 1.646679850403187e-05 1.681593785265163 190.1414794921875 0.003945797532772713 -5.988827807788119
 | 30.2588 30.2274 -0.9538 0.4573996 CN(C)C(=O)OCON(C#N)c1ccccc1 1 c1ccccc1 0.4573996 0.4574 0.8882048076632552 0.0025743717365226872 4.33191993820485 -8.65317440032959 0.8293088916701264 0 49.274662017822266 0.020303684943112795 1.56138 0.9999414033847532 0.85842199164245 1.6680800617951506 61.9775505065918 0.002279204942350344 -2.5893287412452075
 | 37.3885 37.5453 -7.2166 0.4738855 CCC(C)(C)NC(=O)Cn1c(C)nc(=O)c(Cn2cccn2)c1C 1 O=c1nc[nH]cc1Cn1cccn1 0.4738855 0.4739 0.9956273482506478 0.0007063418742750798 4.398131954177948 -4.142303466796875 0.7613285405650879 0 15.719965934753418 0.02629851797282073 1.4097399999999993 0.9997084602816192 0.9924791452652164 1.6018680458220511 31.17473793029785 0.003998665434838798 -3.1509850465769027
 | 23.3162 23.3128 -0.9980 0.3486687 CC1CN(C(C)CO)C(=O)c2cc(NC(=O)Nc3ccc(C(F)(F)F)cc3)ccc2OC1CN(C)CC1CCCCC1 1 O=C(Nc1ccccc1)Nc1ccc2c(c1)C(=O)NCCC(CNCC1CCCCC1)O2 0.3486687 0.3487 0.9641416127137199 5.6200179609051215e-09 4.8260609140364314 113.10877990722656 0.0006257082190413524 0 37.08339309692383 0.13012247043778413 6.081600000000006 0.0016109469696115595 0.9988077384205817 1.1739390859635683 12.692896842956543 0.9998925736348598 -8.250262296475508
 | 24.3556 24.5450 6.1639 0.4798255 CCCCC(CC(=O)O)NC(=O)c1ccc(O)[nH]1 1 c1cc[nH]c1 0.4798255 0.4798 0.99867232211975 0.0024255116586493325 4.398131954177948 -16.296489715576172 0.7967583740835034 0 3.770047426223755 0.02629851797282073 1.4836 0.9999369088375525 0.9984678470880602 1.6018680458220511 15.204519271850586 0.0008779336525913833 -2.61519663351992
 | 34.2933 34.2882 -12.5910 0.3390174 CC(C)=CCN1CC(=Cc2cnc3ccccn23)C(=O)c2ncccc21 1 O=C1C(=Cc2cnc3ccccn23)CNc2cccnc21 0.3390174 0.3390 0.0172782629538914 8.766964299892734e-06 5.087879114236275 29.053430557250977 0.30881736181629044 0 110.40876770019531 0.29888699030599103 3.781800000000003 0.9366630642717937 0.10623560656358787 0.9121208857637256 101.2978286743164 0.20289122042231147 -5.057150761940148
 | 23.7812 23.6799 5.7547 0.4599168 COc1cc2ccccc2cc1C(=O)NNC(=O)CCc1ccccc1 1 O=C(CCc1ccccc1)NNC(=O)c1ccc2ccccc2c1 0.4599168 0.4599 0.8733952620875017 2.0286900891741305e-05 4.784795904493169 0.4946708679199219 0.6751309278543044 0 50.68681716918945 0.11255182110594639 3.2422000000000013 0.9766812371217598 0.7907304921028544 1.2152040955068306 66.70665740966797 0.00711672019575301 -4.692784292464674
 | 36.9176 36.9694 -4.5670 0.5062867 CNC(=NC(=O)OCCC(=O)O)c1ccc2cc(OC)ccc2c1 1 c1ccc2ccccc2c1 0.5062867 0.5063 0.994524302790534 0.00013090483420533387 4.526117208695387 -19.836334228515625 0.939622563159516 0 17.98055076599121 0.04312164632735129 2.425700000000001 0.9976440319206734 0.9893915219273877 1.4738827913046122 34.645633697509766 0.0005641975311121817 -3.883044315023464
 | 35.6446 35.7007 -1.8724 0.5285672 C=C(C)CN(CCOC)CC(=O)N1CCC2(CCN(C)CC2)CC1 1 C1CC2(CCN1)CCNCC2 0.5285672 0.5286 0.9963214631094592 0.00048363922194645753 4.747857859714462 16.165889739990234 0.9099249526726703 0 13.984451293945312 0.09861682478080928 1.8453 0.9995336284614118 0.982324015698805 1.2521421402855382 39.82285690307617 0.04837150680010088 -3.315478486173146
15:04:58 <INFO> Score: 0.39 Agent NLL: 27.89 Valid: 100% Step: 13
 | Agent Prior Target Score SMILES SMILES_state Scaffold REINVENT_RL_ADME REINVENT_RL_ADME (raw) microsome_score (REINVENT_RL_ADME) pred_Solubility_ESOL_mol_per_L (REINVENT_RL_ADME) pred_pic50 (REINVENT_RL_ADME) pred_MetStab_Half_Life_Obach (REINVENT_RL_ADME) clogp_score (REINVENT_RL_ADME) disallowed_smarts (REINVENT_RL_ADME) pred_MetStab_Clearance_Microsome_AZ (REINVENT_RL_ADME) qsar_score (REINVENT_RL_ADME) pred_cLogP (REINVENT_RL_ADME) solubility_score (REINVENT_RL_ADME) hepatocyte_score (REINVENT_RL_ADME) pred_log_ic50_uM (REINVENT_RL_ADME) pred_MetStab_Clearance_Hepatocyte_AZ (REINVENT_RL_ADME) half_life_score (REINVENT_RL_ADME) pred_logS_ESOL (REINVENT_RL_ADME)
 | 28.4822 28.6894 4.2087 0.5140340 NS(=O)(=O)c1cccc(NC(=O)CN2CCN(CC(=O)Nc3cccc(Br)c3)CC2)c1 1 O=C(CN1CCN(CC(=O)Nc2ccccc2)CC1)Nc1ccccc1 0.5140340 0.5140 0.9699368261005591 6.12109528914839e-05 4.276456447613019 42.63867950439453 0.6955741605305686 0 35.26070022583008 0.016329877251233554 1.2913000000000001 0.993971594703365 0.9890455284309869 1.7235435523869806 34.97007369995117 0.581719214184653 -4.213170859639971
 | 35.3897 35.2814 -25.1975 0.1575608 CCN(C(=O)Nc1cccc(F)c1)C1(C)c2ccccc2-c2ccccc21 1 O=C(Nc1ccccc1)NC1c2ccccc2-c2ccccc21 0.1575608 0.1576 0.008749594120165443 2.708110243637603e-07 4.784795904493169 54.340545654296875 0.0023117629896034827 0 117.29959869384766 0.11255182110594639 5.623600000000004 0.16507343843293634 0.008331951077133788 1.2152040955068306 127.79290771484375 0.8572418576315344 -6.567333660064835
 | 28.2111 28.3478 4.5260 0.5136532 CN1CCC(Nc2cc(N3CCN(C(=O)c4ccccc4)CC3)ccc2[N+](=O)[O-])CC1 1 O=C(c1ccccc1)N1CCN(c2cccc(NC3CCNCC3)c2)CC1 0.5136532 0.5137 0.9785207544039709 1.0975051096824611e-05 4.830093712844784 15.896867752075195 0.7747711653783259 0 31.81045150756836 0.1319592899924094 3.0633000000000017 0.951320366758434 0.9941900581192668 1.1699062871552162 28.5764217376709 0.04684686304873853 -4.959593449125266
 | 51.4899 51.5708 -33.7574 0.2783349 CCOC(=O)C1(CC)CCN(C(=O)C2CCCN2C(=O)C(CCCN=C(N)N)NC(=O)C(NC(=O)C(N)CCCNC(=N)N)C(C)C)CC1 1 O=C(C1CCCN1)N1CCCCC1 0.2783349 0.2783 0.24763431288701526 0.00040035493609095 4.112351998116128 -39.6181526184082 0.0020199535911092103 0 81.1126937866211 0.008537507561690975 -1.1709300000000027 0.9994104478660506 0.9993715266296982 1.887648001883872 6.284117698669434 4.761719151614059e-05 -3.3975548125824475
 | 32.3842 32.6804 -1.0086 0.4948729 CNC(C)C(=O)N=c1[nH]nc(CSc2n[nH]c(=Nc3ccccc3)s2)s1 1 N=c1[nH]nc(CSc2n[nH]c(=Nc3ccccc3)s2)s1 0.4948729 0.4949 0.9950736152971484 9.494390487429934e-05 4.375209399692251 6.6678643226623535 0.9040284214221287 0 16.91788673400879 0.02404985818055269 1.8157000000000003 0.996494484327239 0.9914020078019704 1.6247906003077488 32.524085998535156 0.015269404748904963 -4.02253291048909
 | 29.9327 29.9289 -6.6114 0.3643360 CON=C(Cn1ccnc1)c1ccc(C)c(Br)c1 1 N=C(Cn1ccnc1)c1ccccc1 0.3643360 0.3643 0.6901069840483086 5.594338665664606e-05 3.8989977601876458 26.224822998046875 0.8019570291371174 0 61.993804931640625 0.0036545212672428125 3.0047200000000016 0.9932642519323683 0.0941764684055073 2.1010022398123542 102.6367416381836 0.15162696330198272 -4.25225124619164
 | 23.9302 23.9778 10.2905 0.5354421 COc1ccc(C=CC=NNC(=O)c2ccncc2)cc1OC 1 O=C(NN=CC=Cc1ccccc1)c1ccncc1 0.5354421 0.5354 0.9748619305999648 0.00013352191325912335 4.8368584474704 2.819448947906494 0.9296412188843914 0 33.420875549316406 0.1350897689098338 2.527800000000001 0.9977010639710949 0.9386925468097962 1.1631415525296005 52.714134216308594 0.009493877957676167 -3.874447453201739
 | 32.7668 32.9485 -5.6153 0.4270807 O=C1CC(NS(=O)(=O)c2ccccc2F)CCN1CCN1CCN(c2ccccc2Cl)CC1 1 O=C1CC(NS(=O)(=O)c2ccccc2)CCN1CCN1CCN(c2ccccc2)CC1 0.4270807 0.4271 0.6279018417957309 8.908811254564882e-06 4.429663037973991 15.190266609191895 0.9239507746318524 0 64.76773834228516 0.029728554790195292 2.5705999999999998 0.9378343499420233 0.6882558215050527 1.5703369620260093 72.0802230834961 0.043057096226553286 -5.050180242093902
 | 34.5400 34.3709 -14.3477 0.3128626 CN(C)CCOc1c(Br)cc(Br)c2c1C(NC(=O)Nc1ccc3c(c1)NC(=O)CC3)CCC2 1 O=C1CCc2ccc(NC(=O)NC3CCCc4ccccc43)cc2N1 0.3128626 0.3129 0.998566961354087 2.543828387518927e-08 4.395837754643503 135.4916534423828 0.006968003407135338 0 4.534759044647217 0.02606454729342404 5.235800000000004 0.010397385159702175 0.9997592853942527 1.6041622453564977 -3.316577911376953 0.9999934527354898 -7.594512190534431
 | 37.6059 37.8529 -14.0928 0.3712502 Cn1nnnc1S(=O)(=O)C(C)(C)C(=O)N=c1[nH]c2ccc(C#N)cc2s1 1 O=C(CS(=O)(=O)c1nnn[nH]1)N=c1[nH]c2ccccc2s1 0.3712502 0.3713 0.9786939076087696 0.0016879919872723303 4.095665055666275 10.760420799255371 0.12051006110794357 0 31.727741241455078 0.007990655129828769 0.3043800000000006 0.9999010758496676 0.9960181154406774 1.9043349443337252 24.779897689819336 0.025210833625439497 -2.7726296192575624
15:05:06 <INFO> Score: 0.40 Agent NLL: 29.68 Valid: 100% Step: 14
 | Agent Prior Target Score SMILES SMILES_state Scaffold REINVENT_RL_ADME REINVENT_RL_ADME (raw) microsome_score (REINVENT_RL_ADME) pred_Solubility_ESOL_mol_per_L (REINVENT_RL_ADME) pred_pic50 (REINVENT_RL_ADME) pred_MetStab_Half_Life_Obach (REINVENT_RL_ADME) clogp_score (REINVENT_RL_ADME) disallowed_smarts (REINVENT_RL_ADME) pred_MetStab_Clearance_Microsome_AZ (REINVENT_RL_ADME) qsar_score (REINVENT_RL_ADME) pred_cLogP (REINVENT_RL_ADME) solubility_score (REINVENT_RL_ADME) hepatocyte_score (REINVENT_RL_ADME) pred_log_ic50_uM (REINVENT_RL_ADME) pred_MetStab_Clearance_Hepatocyte_AZ (REINVENT_RL_ADME) half_life_score (REINVENT_RL_ADME) pred_logS_ESOL (REINVENT_RL_ADME)
 | 29.7125 29.5997 2.9331 0.5083242 O=C(Cc1ccccc1)Nc1ccc(-c2cn(CN3CCOCC3)oc2=O)cc1 1 O=C(Cc1ccccc1)Nc1ccc(-c2cn(CN3CCOCC3)oc2=O)cc1 0.5083242 0.5083 0.9579045662968588 3.2880472929687217e-05 4.6728054001788 11.312407493591309 0.9226933528656992 0 38.75191116333008 0.07495888657184945 2.5792 0.9870561828924335 0.9339139856527543 1.3271945998212005 53.51572799682617 0.02696319648379628 -4.483061944499494
 | 27.1475 27.0626 -5.3377 0.3394527 Cc1cccc(OC(=O)Nc2cc(S(=O)(=O)N3CCOCC3)ccc2N2CCOCC2)c1 1 O=C(Nc1cc(S(=O)(=O)N2CCOCC2)ccc1N1CCOCC1)Oc1ccccc1 0.3394527 0.3395 0.1846390641762647 1.7337976554948177e-05 4.392352861364802 5.480493545532227 0.9365016591227172 0 84.85227966308594 0.025713016692141853 2.463420000000001 0.9718045876593169 0.2313853802677592 1.6076471386351976 92.00505065917969 0.013191044509451584 -4.761001588653197
 | 43.4878 43.6790 -24.0228 0.3071290 CC(C)OC(=O)NS(=O)(=O)c1ccc(Cl)cc1-c1cc(Cl)c(CN2CCC3CCC3C2)c(Cl)c1 1 c1ccc(-c2ccc(CN3CCC4CCC4C3)cc2)cc1 0.3071290 0.3071 0.988255109564362 6.268049229594146e-09 4.332917214519859 132.45541381835938 0.00027536351062444305 0 25.674774169921875 0.02038318603688805 6.369000000000006 0.0018441196788115195 0.9983324739738526 1.6670827854801413 16.052547454833984 0.9999904305640801 -8.202867601217946
 | 26.8150 26.7464 5.4022 0.5023219 CC(=O)N1CCCC(n2nc(-c3ccc(C(=O)c4ccccc4)cc3)c3c(=N)[nH]cnc32)C1 1 N=c1[nH]cnc2c1c(-c1ccc(C(=O)c3ccccc3)cc1)nn2C1CCCNC1 0.5023219 0.5023 0.9926923608570963 4.243728048852352e-06 4.606992842160389 42.38691329956055 0.6248045569212106 0 20.884994506835938 0.058626750276571236 3.3202700000000016 0.8573637284527048 0.9987250346340043 1.393007157839611 13.364395141601562 0.5740425741105978 -5.372252454805338
 | 27.6793 27.8449 5.2636 0.5173194 COCC(=O)Nc1cccc(S(=O)(=O)Nc2ccc(OC)c(Cl)c2)c1 1 O=S(=O)(Nc1ccccc1)c1ccccc1 0.5173194 0.5173 0.8949388714509725 3.2175042414048554e-05 4.573632179098535 38.406917572021484 0.8928488403902299 0 48.5778694152832 0.05168146318658768 2.734300000000001 0.986707812575706 0.8018147383499832 1.4263678209014645 66.02324676513672 0.4503800386120492 -4.492480871923961
 | 25.9738 26.0769 -4.9349 0.3303426 CCCC(=O)N(C)C(C)c1nc(-c2ccccc2)no1 1 c1ccc(-c2ncon2)cc1 0.3303426 0.3303 0.43609006747472107 9.323719349618387e-05 4.305779931245669 4.09810209274292 0.7782622337453349 0 72.5704574584961 0.018324887991621935 3.0561000000000016 0.9964149725993332 0.1208992824676277 1.694220068754331 99.83941650390625 0.0111209947992589 -4.030410807518092
 | 33.2025 33.1815 -31.4030 0.0277892 CCCCCCCCCCCCOc1ccc(C(=NO)C(C)=NC(=O)CCc2ccc(O)c(O)c2)cc1 1 N=C(C=NC(=O)CCc1ccccc1)c1ccccc1 0.0277892 0.0278 0.00938907258043397 2.9304794140523227e-09 4.616156166381211 2.4603271484375 2.5924770408235048e-05 0 116.58775329589844 0.06068266301369968 7.196100000000009 0.0007187211891752897 0.015574311632676035 1.3838438336187884 121.46435546875 0.009080904348009865 -8.533061325091058
 | 30.2059 30.3209 -6.9605 0.3650073 CC1CCN(c2cc3nc(C4CCCCC4)[nH]c3cc2NC(=O)c2c[nH]cn2)CC1 1 O=C(Nc1cc2[nH]c(C3CCCCC3)nc2cc1N1CCCCC1)c1c[nH]cn1 0.3650073 0.3650 0.6839562050004799 6.46781499010815e-07 4.794370396890539 62.21894073486328 0.022356707359151833 0 62.279869079589844 0.1164343076597984 4.822300000000003 0.3680264796021237 0.9733638097599892 1.2056296031094609 44.01512908935547 0.9414404875487677 -6.189242411450283
 | 23.8957 23.8422 -0.2058 0.3693188 Cc1cc(O)ccc1NC(=O)c1ccccc1[N+](=O)[O-] 1 O=C(Nc1ccccc1)c1ccccc1 0.3693188 0.3693 0.5919646725185528 0.0001239087022293604 4.588709356504752 -2.1261913776397705 0.8570057344742834 0 66.27906799316406 0.054718413728663824 2.8611200000000006 0.9974782843147401 0.0954850530031598 1.4112906434952484 102.48429107666016 0.0051388496853354455 -3.906898191626557
 | 26.0638 25.7990 -3.9681 0.3411071 CC(C)(C)C1CCC2(CC1)NC(=O)N(CC(=O)Nc1cccc(S(=O)(=O)N3CCOCC3)c1)C2=O 1 O=C(CN1C(=O)NC2(CCCCC2)C1=O)Nc1cccc(S(=O)(=O)N2CCOCC2)c1 0.3411071 0.3411 0.1113851314300724 1.7500664113500482e-05 4.466092636438958 0.7383871078491211 0.9448298089837395 0 90.7667007446289 0.03423243991384694 2.1728999999999994 0.9721203984732498 0.27999534269020493 1.5339073635610416 89.4448471069336 0.007335249184857073 -4.756945470436216
15:05:13 <INFO> Score: 0.40 Agent NLL: 29.45 Valid: 100% Step: 15
 | Agent Prior Target Score SMILES SMILES_state Scaffold REINVENT_RL_ADME REINVENT_RL_ADME (raw) microsome_score (REINVENT_RL_ADME) pred_Solubility_ESOL_mol_per_L (REINVENT_RL_ADME) pred_pic50 (REINVENT_RL_ADME) pred_MetStab_Half_Life_Obach (REINVENT_RL_ADME) clogp_score (REINVENT_RL_ADME) disallowed_smarts (REINVENT_RL_ADME) pred_MetStab_Clearance_Microsome_AZ (REINVENT_RL_ADME) qsar_score (REINVENT_RL_ADME) pred_cLogP (REINVENT_RL_ADME) solubility_score (REINVENT_RL_ADME) hepatocyte_score (REINVENT_RL_ADME) pred_log_ic50_uM (REINVENT_RL_ADME) pred_MetStab_Clearance_Hepatocyte_AZ (REINVENT_RL_ADME) half_life_score (REINVENT_RL_ADME) pred_logS_ESOL (REINVENT_RL_ADME)
 | 30.1747 30.1000 -6.2386 0.3728340 CC(CCCc1ccccc1)CC(N)C(=O)Nc1ccccc1 1 O=C(CCCCCCc1ccccc1)Nc1ccccc1 0.3728340 0.3728 0.7162921828829654 1.1102051322687085e-05 4.958175216352478 12.690693855285645 0.1926175648285329 0 60.73856735229492 0.20239066064827957 4.001500000000002 0.9519772542439183 0.45372151266141986 1.0418247836475225 81.85645294189453 0.031871171844483084 -4.954596769338127
 | 36.5157 36.5944 -3.2736 0.5206374 NC(=O)c1ccc(Oc2ccc3[nH]cc(CCN4CCC(C(O)=NO)CC4)c3c2)nc1 1 c1ccc(Oc2ccc3[nH]cc(CCN4CCCCC4)c3c2)nc1 0.5206374 0.5206 0.9993511563056605 1.0304475071095827e-05 4.868125948151025 6.858819007873535 0.7791284597373022 0 -3.3966965675354004 0.1503809658299435 3.0543000000000005 0.9475669082912054 0.9998233565726808 1.1318740518489747 -6.4120073318481445 0.015632493821087824 -4.986974127080603
 | 24.5913 24.5675 -14.2476 0.1612477 CCCCCCCCC=CCCCCCCC(=O)Nc1ccc(F)cc1 1 c1ccccc1 0.1612477 0.1612 0.0015855611095265348 2.1203677625906396e-08 4.873105637686458 73.45046997070312 1.400615030494193e-05 0 134.45230102539062 0.15294367839920908 7.411600000000007 0.008312214165043269 0.0016759048640797387 1.126894362313542 143.89724731445312 0.9849514209006364 -7.673588807273108
 | 24.5521 24.5995 -16.6302 0.1245191 CC(C)=CCCC(C)=CCCN=c1c2ccccc2[nH]c2ccccc12 1 N=c1c2ccccc2[nH]c2ccccc12 0.1245191 0.1245 0.00020357506495268868 1.252989497784048e-07 4.47527524691228 81.1053695678711 0.00033097287102303193 0 154.9927215576172 0.035467764490043685 6.304600000000005 0.07061417544128525 0.0025330652248436807 1.5247247530877204 139.7578887939453 0.9941658252601532 -6.902052569128396
 | 54.7610 54.7385 -34.9914 0.3085493 CCC(=O)NCCN(C(=O)c1ccc(-c2ccccc2)cc1)C(C(=O)NC)C(CCCN=C(N)NC)c1ccccc1 1 O=C(NCCc1ccccc1)c1ccc(-c2ccccc2)cc1 0.3085493 0.3085 0.8126027454183469 5.3760602133358e-07 4.344580859820152 -1.7679020166397095 0.4748946011081625 0 55.32988357543945 0.021335917075663888 3.5347000000000017 0.31645693343316683 0.9951466909719049 1.6554191401798488 26.7677059173584 0.005372965950924026 -6.269535875710736
 | 38.7049 38.9635 -6.8121 0.5023663 CNC(=O)c1cc2c(nc(C)n2C(C)C)c(=NC(CO)c2ccc(S(C)(=O)=O)cc2)[nH]1 1 c1ccc(CN=c2[nH]ccc3[nH]cnc23)cc1 0.5023663 0.5024 0.9901127849498208 8.022222793742053e-05 4.246285161301229 28.449926376342773 0.8609635184813562 0 23.934236526489258 0.014500301836498596 1.6511199999999997 0.9956828875414347 0.9996154343473762 1.7537148386987713 1.369886040687561 0.19096388936287575 -4.095705280929643
 | 30.5868 30.6309 5.3565 0.5623044 NC(=O)c1ccc2[nH]c(C(=O)NCc3ccc(C(F)(F)F)cc3)nc2c1 1 O=C(NCc1ccccc1)c1nc2ccccc2[nH]1 0.5623044 0.5623 0.9848372398455992 4.9728696590898295e-05 4.652216499915044 40.013023376464844 0.9177667859930245 0 28.263660430908203 0.06944449010740368 2.6106000000000007 0.9922127424311725 0.9950527413907148 1.3477835000849558 26.960378646850586 0.5004069804246472 -4.303392923651323
 | 30.4858 30.4161 -12.0956 0.2862567 C=C1CCC2C(C)(CCC3C(C)(C)C(=O)CCC32C)C1C=CC1OC(Br)C(O)C(O)C1O 1 C=C1CCC2C3CCC(=O)CC3CCC2C1C=CC1CCCCO1 0.2862567 0.2863 0.8935873994597794 6.534234386599626e-07 4.485722885689373 18.0102481842041 0.1386636963914338 0 48.72079849243164 0.0369254980328971 4.139200000000005 0.37097994917323734 0.9966527678566605 1.5142771143106262 23.03731346130371 0.06015903832745002 -6.184805291198025
 | 31.5402 31.4499 -4.5166 0.4208333 CC1=[N+](C)CCc2c1n(C(=O)c1ccc(Cl)c(Cl)c1)c1ccccc21 1 O=C(c1ccccc1)n1c2c(c3ccccc31)CC[NH+]=C2 0.4208333 0.4208 0.9975787330831131 1.2658882694711383e-06 4.6741483779668265 89.78517150878906 0.036664150233765125 0 9.78959846496582 0.07533222671334794 4.644000000000004 0.5726223107760243 0.9974745578874915 1.3258516220331735 20.211894989013672 0.9980209284750977 -5.8976046245662985
 | 20.2817 20.0915 -15.7768 0.0674165 CC12CCC3c4ccc(O)cc4CCC3C1CC=C2c1ccccc1 1 C1=C(c2ccccc2)C2CCC3c4ccccc4CCC3C2C1 0.0674165 0.0674 0.011074340752202741 2.9341855075150523e-07 4.587205768841427 26.827930450439453 0.0009326269937960897 0 114.91988372802734 0.054408157423779906 5.941800000000006 0.17924602554721444 0.013609144839211789 1.4127942311585728 122.8331069946289 0.16158136806734896 -6.532512432298014
15:05:13 <INFO> Sampled SMILES N(C)(CCC12OC3(C(=O)O)ON=C(C(CN4CCOCC4)(c4ccccc4)C)(O3)C1CO2)O failed to sanitize.
15:05:19 <INFO> Score: 0.37 Agent NLL: 31.16 Valid:  98% Step: 16
 | Agent Prior Target Score SMILES SMILES_state Scaffold REINVENT_RL_ADME REINVENT_RL_ADME (raw) microsome_score (REINVENT_RL_ADME) pred_Solubility_ESOL_mol_per_L (REINVENT_RL_ADME) pred_pic50 (REINVENT_RL_ADME) pred_MetStab_Half_Life_Obach (REINVENT_RL_ADME) clogp_score (REINVENT_RL_ADME) disallowed_smarts (REINVENT_RL_ADME) pred_MetStab_Clearance_Microsome_AZ (REINVENT_RL_ADME) qsar_score (REINVENT_RL_ADME) pred_cLogP (REINVENT_RL_ADME) solubility_score (REINVENT_RL_ADME) hepatocyte_score (REINVENT_RL_ADME) pred_log_ic50_uM (REINVENT_RL_ADME) pred_MetStab_Clearance_Hepatocyte_AZ (REINVENT_RL_ADME) half_life_score (REINVENT_RL_ADME) pred_logS_ESOL (REINVENT_RL_ADME)
 | 23.5964 23.6699 -7.6793 0.2498533 C=CCOC(=O)C1=C(C)N=C(C)C(C(=O)OC)C1CCCCC 1 C1=CN=CCC1 0.2498533 0.2499 0.008236166423057134 4.021436567958717e-05 4.525268696248165 8.153043746948242 0.5353073825229424 0 117.90950012207031 0.04298181743056882 3.4498000000000024 0.9898887745521853 0.012247974470623898 1.4747313037518341 123.90071105957031 0.018327240093817896 -4.395618777241874
 | 32.4668 32.4335 -1.8708 0.4775428 CC(C)C(=O)NC1CCCC1C(=O)N=Cc1nc(-c2ccccc2)c[nH]1 1 O=C(N=Cc1nc(-c2ccccc2)c[nH]1)C1CCCC1 0.4775428 0.4775 0.9566919902740841 3.711027013412057e-05 4.426407719693287 9.224529266357422 0.8195868129821757 0 39.048561096191406 0.029355250406505187 2.9631000000000016 0.988840798055426 0.9677741817030543 1.5735922803067128 45.977691650390625 0.020898992859996007 -4.430505884311121
 | 30.2883 30.5013 7.2222 0.5894306 CNC(C)(C)C(=O)NCCCNCc1cc(Cl)cc(Cl)c1 1 c1ccccc1 0.5894306 0.5894 0.9994996555253733 0.00011232493795503786 4.261809359529279 64.57279968261719 0.9214732645544631 0 -5.997132778167725 0.015414948539273055 2.587300000000001 0.9971526166730336 0.9995015937383612 1.7381906404707217 3.9640350341796875 0.9557059514727076 -3.9495238126262535
 | 29.8202 29.7556 9.9727 0.6207549 N#Cc1ccc(OCCOCC(O)COCCN2CCCC2)cc1 1 c1ccc(OCCOCCCOCCN2CCCC2)cc1 0.6207549 0.6208 0.9986071977398343 0.000836513153819943 5.136628324266063 29.457468032836914 0.7699919274835794 0 4.2495622634887695 0.3412774372754363 1.4269799999999997 0.9997636409710116 0.9780169577764314 0.8633716757339374 42.04744338989258 0.21118180104493264 -3.077527225548565
 | 48.0474 48.0254 -18.6152 0.4595349 NC(CCC(=O)O)C(=O)NC(Cc1ccccc1)C(=O)NC(Cc1ccccc1)C(=O)CCC(=O)NC(CCCCNCC1CC1)C(=O)O 1 O=C(CCC(=O)C(Cc1ccccc1)NC(=O)CCc1ccccc1)NCCCCCNCC1CC1 0.4595349 0.4595 0.9875375701171059 2.9255370311875864e-06 4.376047513088784 -9.930793762207031 0.8817827344578215 0 26.275039672851562 0.024128670848928724 1.7221000000000044 0.7911739091799863 0.9999186062860375 1.6239524869112167 -14.161311149597168 0.0019434421900373629 -5.5337944002575385
 | 25.8302 25.6307 -3.5946 0.3443145 CC1(C)Oc2c(c(O)c3ccccc3c2O)C(c2ccc(C(F)(F)F)cc2)C1=O 1 O=C1COc2cc3ccccc3cc2C1c1ccccc1 0.3443145 0.3443 0.9928170636383417 3.587037827804702e-07 4.631163454725471 54.08415603637695 0.009095264873007398 0 20.711618423461914 0.0641959380197936 5.1418000000000035 0.2188837907591316 0.9983007542851279 1.3688365452745288 16.24129867553711 0.8532747125351562 -6.445264043363002
 | 28.3731 28.2840 -2.3919 0.4045632 CCCC=CCC1Oc2ccccc2N(CCCN(C)C)C1=O 1 O=C1COc2ccccc2N1 0.4045632 0.4046 0.7741589534551135 3.196213964936332e-05 4.948718302356909 11.79632568359375 0.5147771320452422 0 57.6805419921875 0.19635288444755822 3.4787000000000017 0.9865993333354873 0.2054001591843764 1.0512816976430908 93.5287857055664 0.028596453073046105 -4.49536415530273
 | 22.6369 22.5215 6.6992 0.4565742 OCC12CCC(O)CC1C1CCc3cc(O)ccc3C1CC2 1 c1ccc2c(c1)CCC1C2CCC2CCCCC21 0.4565742 0.4566 0.9670348930792901 8.795262543673776e-05 4.587205768841427 5.40645694732666 0.8160580432939034 0 36.21215057373047 0.054408157423779906 2.971700000000001 0.996146822760216 0.6496963551994321 1.4127942311585728 73.82295227050781 0.013071118479386 -4.055751192071561
 | 35.8359 35.6101 -20.5502 0.2353106 Cc1nc(N2CCC(O)C2)c2c(n1)c(CCc1ccccc1)cn2CCC(C)C 1 c1ccc(CCc2c[nH]c3c(N4CCCC4)ncnc23)cc1 0.2353106 0.2353 0.061063919264343194 2.4923509594783696e-06 4.89105399429397 25.10936164855957 0.13770434168397397 0 97.32826232910156 0.16247812263403133 4.142020000000003 0.756423277468645 0.16639022757428068 1.10894600570603 96.11429595947266 0.13454812892503107 -5.6033908026898915
 | 27.5357 27.4104 -11.1538 0.2540092 Cc1cccc2c1C1CCCCC1C2=NNc1ccccc1 1 c1ccc(NN=C2c3ccccc3C3CCCCC23)cc1 0.2540092 0.2540 0.08865760377932859 2.15458037009607e-06 4.890112425908935 43.28437042236328 0.01027723098845001 0 93.3013687133789 0.1619662632441915 5.098620000000004 0.7216106097277579 0.10451916037835139 1.1098875740910645 101.47990417480469 0.6012188647735766 -5.66663730123297
15:05:25 <INFO> Score: 0.36 Agent NLL: 29.77 Valid: 100% Step: 17
 | Agent Prior Target Score SMILES SMILES_state Scaffold REINVENT_RL_ADME REINVENT_RL_ADME (raw) microsome_score (REINVENT_RL_ADME) pred_Solubility_ESOL_mol_per_L (REINVENT_RL_ADME) pred_pic50 (REINVENT_RL_ADME) pred_MetStab_Half_Life_Obach (REINVENT_RL_ADME) clogp_score (REINVENT_RL_ADME) disallowed_smarts (REINVENT_RL_ADME) pred_MetStab_Clearance_Microsome_AZ (REINVENT_RL_ADME) qsar_score (REINVENT_RL_ADME) pred_cLogP (REINVENT_RL_ADME) solubility_score (REINVENT_RL_ADME) hepatocyte_score (REINVENT_RL_ADME) pred_log_ic50_uM (REINVENT_RL_ADME) pred_MetStab_Clearance_Hepatocyte_AZ (REINVENT_RL_ADME) half_life_score (REINVENT_RL_ADME) pred_logS_ESOL (REINVENT_RL_ADME)
 | 41.3274 41.3184 -26.7440 0.2277248 COC(=O)C(=CC(C)OCC(=O)Nc1ccc(OC(F)F)cc1)c1cccs1 1 O=C(COCC=Cc1cccs1)Nc1ccccc1 0.2277248 0.2277 0.010419156228035461 2.9806163171405013e-06 4.869144784743277 23.43035316467285 0.21667717293177785 0 115.5363540649414 0.15090240092668597 3.9497000000000027 0.7949719795454419 0.0338180999874217 1.1308552152567235 113.5235595703125 0.11192712120051358 -5.525693925367274
 | 33.4645 33.7247 -22.0276 0.1827680 CC(C)N(C(=O)C(Cc1ccc(NC(=O)c2c(Cl)cccc2Cl)cc1)NC(=O)c1cc(Br)c[nH]1)C(C)C 1 O=C(Nc1ccc(CCNC(=O)c2ccc[nH]2)cc1)c1ccccc1 0.1827680 0.1828 0.0193202249739021 2.4172704751766965e-09 4.611350159832438 118.51263427734375 0.00031420737427194763 0 109.27093505859375 0.059596098176866216 6.322800000000005 0.000566077356944013 0.5687100111273574 1.388649840167562 77.23410034179688 0.9999453266384826 -8.616674752445187
 | 24.6786 24.8164 2.3720 0.4248188 CC(=O)Nc1cccc(C(=O)N=c2[nH]c3c(s2)CCC3)c1 1 O=C(N=c1[nH]c2c(s1)CCC2)c1ccccc1 0.4248188 0.4248 0.8334525656449671 0.0002355923655608162 4.456440289934833 4.209902763366699 0.946011673020001 0 53.89703369140625 0.03297869308957311 2.2644 0.9988622945619375 0.3542339104288864 1.543559710065167 86.00479888916016 0.011275737950106937 -3.6278387870960174
 | 31.8646 31.8960 -17.1146 0.2309596 CCOC(=O)CCCCc1ccc(CO)c2ccccc12 1 c1ccc2ccccc2c1 0.2309596 0.2310 0.026043664242458534 3.253955677329084e-05 4.498871072979787 4.385097026824951 0.4232177500692051 0 106.2159194946289 0.03884203599091255 3.6080000000000023 0.9868899069460554 0.0015002608041990056 1.5011289270202126 145.0061492919922 0.011522515527996083 -4.4875883669561665
 | 40.6728 40.6900 -11.9845 0.4485229 COC(=O)N(C)C(=O)C(C)Cc1ccc(C(=O)NCc2nccs2)cc1 1 O=C(NCc1nccs1)c1ccccc1 0.4485229 0.4485 0.8164173551634736 6.0484694307894265e-05 4.3773767460554875 -15.442712783813477 0.935267179296395 0 55.077392578125 0.0242541831410822 2.4765000000000006 0.9938821972763333 0.6770939801149285 1.622623253944512 72.59551239013672 0.0009767143828484815 -4.218354509952302
 | 25.8532 26.0428 -2.4758 0.3682336 CCn1nc2c(-c3ccc(OC)cc3)nc3ccccc3n2c1=O 1 O=c1[nH]nc2c(-c3ccccc3)nc3ccccc3n12 0.3682336 0.3682 0.10548068535134633 6.0727206302420354e-05 4.9011672893749 7.545080661773682 0.891546402868754 0 91.3775863647461 0.16805838119549346 2.739700000000001 0.9939123135070486 0.059424681583359985 1.0988327106250995 107.6178207397461 0.01700887345660691 -4.21661669772398
 | 48.9085 48.8113 -35.6498 0.2056477 COC1CCC2(O1)OC1CC3C4CCC5=CC(=NNC(=O)c6ccc(O)cc6)CCC5(C)C4CCC3(C)C1(O)C2O 1 O=C(NN=C1C=C2CCC3C(CCC4C5CC6(CCCO6)OC5CC43)C2CC1)c1ccccc1 0.2056477 0.2056 0.3341056832599485 3.013586007377838e-07 4.276321001424085 24.554615020751953 0.18423215154040412 0 76.89673614501953 0.016321176727791004 4.020700000000005 0.1841721272385348 0.9778038137102619 1.7236789985759153 42.146114349365234 0.12667609437256233 -6.520916409307543
 | 28.1688 28.2837 -8.8376 0.3038466 Cc1ccc2c(c1)C(=O)C(=O)N2CCn1cc(CN2C(=O)C(=Cc3ccccc3)SC2=S)nn1 1 O=C1C(=O)N(CCn2cc(CN3C(=O)C(=Cc4ccccc4)SC3=S)nn2)c2ccccc21 0.3038466 0.3038 0.01468371988252147 2.78278843284623e-06 4.812926474810813 15.194786071777344 0.690325635357224 0 112.0622329711914 0.12429036357459293 3.2174200000000015 0.7807330585109874 0.27695216406583495 1.1870735251891869 89.59630584716797 0.043080379266587344 -5.555519810532691
 | 23.8432 23.6259 -9.6275 0.2187257 CC(C)C1CCC(C(=O)OCC=Cc2ccccc2)CC1 1 O=C(OCC=Cc1ccccc1)C1CCCCC1 0.2187257 0.2187 0.0017817131944207038 5.92235870206804e-06 4.913048292914901 21.310497283935547 0.030947515534831712 0 133.28396606445312 0.1748081484948686 4.7054000000000045 0.9008877604614498 0.0003198620869119489 1.0869517070850985 160.47300720214844 0.08816991643503554 -5.227505292047862
 | 28.2930 28.4915 -5.3929 0.3609169 O=S(=O)(c1ccccc1)N1CCN(N=Nc2ccc(F)cc2F)CC1 1 O=S(=O)(c1ccccc1)N1CCN(N=Nc2ccccc2)CC1 0.3609169 0.3609 0.3974221497183826 2.7820497187641214e-05 4.47673176445544 14.325345039367676 0.8167602852425755 0 74.16217803955078 0.03566761350365096 2.9700000000000015 0.9841210850866692 0.32893853900210235 1.5232682355445601 87.12989807128906 0.038816054285980325 -4.555635112880291
15:05:25 <INFO> Sampled SMILES n1c2c(c3c(c1=C(N(C(C)C)C(C)C)O)cccc3)CCCC=2 failed to sanitize.
15:05:32 <INFO> Score: 0.40 Agent NLL: 29.16 Valid:  98% Step: 18
 | Agent Prior Target Score SMILES SMILES_state Scaffold REINVENT_RL_ADME REINVENT_RL_ADME (raw) microsome_score (REINVENT_RL_ADME) pred_Solubility_ESOL_mol_per_L (REINVENT_RL_ADME) pred_pic50 (REINVENT_RL_ADME) pred_MetStab_Half_Life_Obach (REINVENT_RL_ADME) clogp_score (REINVENT_RL_ADME) disallowed_smarts (REINVENT_RL_ADME) pred_MetStab_Clearance_Microsome_AZ (REINVENT_RL_ADME) qsar_score (REINVENT_RL_ADME) pred_cLogP (REINVENT_RL_ADME) solubility_score (REINVENT_RL_ADME) hepatocyte_score (REINVENT_RL_ADME) pred_log_ic50_uM (REINVENT_RL_ADME) pred_MetStab_Clearance_Hepatocyte_AZ (REINVENT_RL_ADME) half_life_score (REINVENT_RL_ADME) pred_logS_ESOL (REINVENT_RL_ADME)
 | 25.5480 25.6512 6.6212 0.5042566 CC(C)N=C1NC(=O)C(=Cc2ccc(OC(F)F)cc2)O1 1 N=C1NC(=O)C(=Cc2ccccc2)O1 0.5042566 0.5043 0.9918637488897954 0.0002042145890964092 4.33191993820485 21.26435661315918 0.9281523595863532 0 21.967437744140625 0.020303684943112795 2.5397000000000007 0.9986418163270747 0.9915892592885736 1.6680800617951506 32.302005767822266 0.08770732592349982 -3.68991323512991
 | 39.8240 39.7176 -11.6336 0.4388123 CC=CC(C)(C(=O)O)C(=CCC(=O)CCc1ccc(O)cc1)OC 1 c1ccccc1 0.4388123 0.4388 0.9696855707479286 2.5426939915212037e-05 4.587772365086575 -30.873592376708984 0.5129262505834687 0 35.346519470214844 0.05452487601602242 3.481300000000002 0.9822790171591953 0.9573884633942076 1.4122276349134246 48.87915802001953 0.00014204862835154346 -4.594705903210228
 | 24.6901 24.9505 -6.3167 0.2911529 NC(=O)NC(=O)COC(=O)c1cccc([N+](=O)[O-])c1 1 c1ccccc1 0.2911529 0.2912 0.8064064220390474 0.025875066277143612 4.33191993820485 -26.923898696899414 0.04697431534310748 0 55.73173141479492 0.020303684943112795 -0.05349999999999988 0.9999966556430274 0.4532183626731465 1.6680800617951506 81.87675476074219 0.00023270940454133898 -1.5871185291191463
 | 22.4715 22.5717 8.4911 0.4853552 O=C1C(CCC(O)=NO)=CCCN1CCCc1ccccc1 1 O=C1C=CCCN1CCCc1ccccc1 0.4853552 0.4854 0.9960351854805611 0.00010365310067163652 4.398131954177948 -32.41273880004883 0.8423246526929201 0 14.736764907836914 0.02629851797282073 2.9038000000000013 0.9968550474432996 0.9934359423235795 1.6018680458220511 29.804393768310547 0.00011719052282061945 -3.9844177019209104
 | 31.6741 31.4688 -8.9871 0.3512756 C=CCn1c(N)c(C(=O)COC(=O)C(Cl)Cl)c(=O)n(C)c1=O 1 O=c1cc[nH]c(=O)[nH]1 0.3512756 0.3513 0.9586601745883435 0.009223027481483879 4.33191993820485 -12.998298645019531 0.03555055520212362 0 38.562896728515625 0.020303684943112795 -0.15520000000000023 0.9999879713834714 0.9182480175276857 1.6680800617951506 55.812225341796875 0.0013253038653662853 -2.035126497310504
 | 24.0676 24.2068 16.2473 0.6320959 CN(C)CCOC1CCN(Cc2ccc(Cl)cc2)CC1 1 c1ccc(CN2CCCCC2)cc1 0.6320959 0.6321 0.9995202421975217 0.00011293207148971106 4.893248183830719 57.565826416015625 0.8497897669377542 0 -6.417492866516113 0.1636759957780537 2.882600000000001 0.9971715452242731 0.9964277530002494 1.1067518161692802 23.690181732177734 0.8998652545985674 -3.947182705612207
 | 26.1500 25.9410 2.5228 0.4447472 O=C(Nc1cccc(C(F)(F)F)c1)c1ccc(-n2cccn2)c([N+](=O)[O-])c1 1 O=C(Nc1ccccc1)c1ccc(-n2cccn2)cc1 0.4447472 0.4447 0.9294865964974275 3.2576684083260835e-06 4.543465608538655 60.263343811035156 0.17133471700786126 0 44.21170425415039 0.04607750456958808 4.051600000000002 0.8123645514964015 0.931708744059689 1.456534391461345 53.86761474609375 0.9264175139836278 -5.487093123760826
 | 40.6257 40.4777 -8.4861 0.4998692 CN(C)C1CCN(CC(=O)N=c2cc3c(cs2)nc(Cc2ccc(Cl)cc2)n3C)CC1 1 O=C(CN1CCCCC1)N=c1cc2[nH]c(Cc3ccccc3)nc2cs1 0.4998692 0.4999 0.9944837429568619 3.7271321633530825e-06 4.508891939047924 45.60021209716797 0.616758224414428 0 18.054758071899414 0.0403664598631697 3.3323000000000027 0.8365117450756906 0.9946440588589285 1.4911080609520755 27.758214950561523 0.6681936502260214 -5.428625206978577
 | 23.8820 23.8912 -3.7927 0.3140395 O=S(=O)(NC1CCC(CCN2CCN(c3ccnc4cc(Cl)ccc34)CC2)CC1)c1ccccc1 1 O=S(=O)(NC1CCC(CCN2CCN(c3ccnc4ccccc34)CC2)CC1)c1ccccc1 0.3140395 0.3140 0.9203742338149022 1.083415850685503e-07 4.443052395900113 79.47248077392578 0.016183586015246 0 45.52557373046875 0.031312932756377684 4.937600000000005 0.0596516802778012 0.98816188821767 1.5569476040998866 35.75477600097656 0.9928542073983496 -6.965204814849156
 | 27.4267 27.6885 -2.1382 0.3992226 Cc1ccccc1-n1c(C)cc(CN2CCC2C)c1C 1 c1ccc(-n2ccc(CN3CCC3)c2)cc1 0.3992226 0.3992 0.846983454132465 1.9844618808606304e-05 4.696102992714129 31.53432273864746 0.1947318710202936 0 52.888648986816406 0.08168215357319329 3.9967600000000036 0.9760501228448288 0.8046889319010455 1.3038970072858702 65.84137725830078 0.25765174007408476 -4.702357238954289
15:05:32 <INFO> Sampled SMILES C(c1cc2c3c(C)[nH]c4c3c3c(c5c(cc(F)cc5)n2c3c2c(=O)[nH]c(=O)c4c2=N1)CCCC1C2(C)C(=O)N(CCCO)C(=O)CC23C=CC13)=CC(C)C failed to sanitize.
15:05:32 <INFO> Sampled SMILES c1c2nn3c(c2ccc1)c(N1CCC(C(c2ccc(F)cc2)=O)CC1)nc3 failed to sanitize.
15:05:34 <CRIT> Received exception ('Signal 2'): saving checkpoint and then terminate
