20:54:46 <INFO> Started REINVENT 4.7.15 (C) AstraZeneca 2017, 2023 on 2026-03-14
20:54:46 <INFO> Command line: /home/nbhatta1/Desktop/qsar-project-Tzu/.venv/bin/reinvent -l reinvent_integration/logs/reinvent_rl_sample.log /home/nbhatta1/Desktop/qsar-project-Tzu/reinvent_integration/configs_fast/sample_reinvent_rl.toml
20:54:46 <INFO> Reading run configuration from /home/nbhatta1/Desktop/qsar-project-Tzu/reinvent_integration/configs_fast/sample_reinvent_rl.toml using format toml
20:54:46 <INFO> User nbhatta1 on host panacea
20:54:46 <INFO> Python version 3.11.13
20:54:46 <INFO> PyTorch version 2.9.1+cu128, git 5811a8d7da873dd699ff6687092c225caffcf1bb
20:54:46 <INFO> PyTorch compiled with CUDA version 12.8
20:54:46 <INFO> RDKit version 2025.09.6
20:54:46 <INFO> Platform Linux-5.14.0-611.30.1.el9_7.x86_64-x86_64-with-glibc2.34
20:54:46 <INFO> CUDA driver version 590.48.01
20:54:46 <INFO> Number of PyTorch CUDA devices 1
20:54:46 <WARN> 'use_cuda' is deprecated, use 'device' instead
20:54:46 <INFO> Using CPU x86_64
20:54:46 <INFO> Starting Sampling
20:54:46 <INFO> /home/nbhatta1/Desktop/qsar-project-Tzu/reinvent_integration/results/reinvent_rl_adme/reinvent_rl.chkpt has valid hash:
{ 'comments': ['RL'],
  'creation_date': 0,
  'date_format': 'UNIX epoch',
  'hash_id': '62c5cc83b3f11d76a51c31a15d15a24a',
  'hash_id_format': 'xxhash.xxh3_128_hex 3.6.0',
  'model_id': '55d68f8a81c04f5a86304ebe1723a0ea',
  'model_id_format': 'uuid.uuid4 3.10.12',
  'origina_data_source': 'ChEMBL 25',
  'updates': [1773536084.4667876]}
20:54:46 <INFO> Number of network parameters: 5,805,602
20:54:46 <INFO> Network architecture:
RNN(
  (_embedding): Embedding(34, 256)
  (_rnn): LSTM(256, 512, num_layers=3, batch_first=True)
  (_linear): Linear(in_features=512, out_features=34, bias=True)
)
20:54:46 <INFO> Using generator Reinvent
20:54:46 <INFO> Writing sampled SMILES to CSV file reinvent_integration/results/reinvent_rl/samples.csv
20:54:46 <INFO> Sampling 100 SMILES from model reinvent_integration/results/reinvent_rl_adme/reinvent_rl.chkpt
20:54:47 <INFO> Sampled SMILES C(C(C)(OC1C(COC(C(C)(C)C)=O)OC(SSC2CC(O)C(O)C(CO)C2)=CC1(Br)Br)(c1ccccc1)c1ccccc1)c1ccccc1 failed to sanitize.
20:54:47 <INFO> Sampled SMILES c12ncnn1c(=O)c1cnn(CC(=O)C3CCC4C5CCC6C(C)(CCC(Br)C6)C5CCC43C)c1n2 failed to sanitize.
20:54:47 <INFO> Sampled SMILES n1c(C(Nc2cncc(C(=O)c3c4cn(C5COC5)c(=O)c4[nH]c3)c2)=O)ccc(C(=O)NC)c1 failed to sanitize.
20:54:47 <INFO> Peak main memory usage: 921.523 MiB
20:54:47 <INFO> Finished REINVENT on 2026-03-14
