23:01:36 <INFO> Started REINVENT 4.7.15 (C) AstraZeneca 2017, 2023 on 2026-03-14
23:01:36 <INFO> Command line: /home/nbhatta1/Desktop/qsar-project-Tzu/.venv/bin/reinvent -l reinvent_integration/logs/reinvent_pubchem_plain_strict.log /home/nbhatta1/Desktop/qsar-project-Tzu/reinvent_integration/configs_strict/sample_reinvent_pubchem_plain.toml
23:01:36 <INFO> Reading run configuration from /home/nbhatta1/Desktop/qsar-project-Tzu/reinvent_integration/configs_strict/sample_reinvent_pubchem_plain.toml using format toml
23:01:36 <INFO> User nbhatta1 on host panacea
23:01:36 <INFO> Python version 3.11.13
23:01:36 <INFO> PyTorch version 2.9.1+cu128, git 5811a8d7da873dd699ff6687092c225caffcf1bb
23:01:36 <INFO> PyTorch compiled with CUDA version 12.8
23:01:36 <INFO> RDKit version 2025.09.6
23:01:36 <INFO> Platform Linux-5.14.0-611.30.1.el9_7.x86_64-x86_64-with-glibc2.34
23:01:36 <INFO> CUDA driver version 590.48.01
23:01:36 <INFO> Number of PyTorch CUDA devices 1
23:01:36 <WARN> 'use_cuda' is deprecated, use 'device' instead
23:01:36 <INFO> Using GPU device:0 NVIDIA RTX PRO 5000 Blackwell
23:01:36 <INFO> GPU memory: 46414 MiB free, 48400 MiB total
23:01:36 <INFO> Starting Sampling
23:01:36 <WARN> /home/nbhatta1/Desktop/qsar-project-Tzu/reinvent_integration/priors/pubchem_ecfp4_with_count_with_rank_reinvent4_dict_voc.prior does not contain metadata
23:01:37 <INFO> Number of network parameters: 17,713,863
23:01:37 <INFO> Network architecture:
EncoderDecoder(
  (encoder): Encoder(
    (layers): ModuleList(
      (0-5): 6 x EncoderLayer(
        (self_attn): MultiHeadedAttention(
          (linears): ModuleList(
            (0-3): 4 x Linear(in_features=256, out_features=256, bias=True)
          )
          (dropout): Dropout(p=0.1, inplace=False)
        )
        (feed_forward): PositionwiseFeedForward(
          (w_1): Linear(in_features=256, out_features=2048, bias=True)
          (w_2): Linear(in_features=2048, out_features=256, bias=True)
          (dropout): Dropout(p=0.1, inplace=False)
        )
        (sublayer): ModuleList(
          (0-1): 2 x SublayerConnection(
            (norm): LayerNorm()
            (dropout): Dropout(p=0.1, inplace=False)
          )
        )
      )
    )
    (norm): LayerNorm()
  )
  (decoder): Decoder(
    (layers): ModuleList(
      (0-5): 6 x DecoderLayer(
        (self_attn): MultiHeadedAttention(
          (linears): ModuleList(
            (0-3): 4 x Linear(in_features=256, out_features=256, bias=True)
          )
          (dropout): Dropout(p=0.1, inplace=False)
        )
        (src_attn): MultiHeadedAttention(
          (linears): ModuleList(
            (0-3): 4 x Linear(in_features=256, out_features=256, bias=True)
          )
          (dropout): Dropout(p=0.1, inplace=False)
        )
        (feed_forward): PositionwiseFeedForward(
          (w_1): Linear(in_features=256, out_features=2048, bias=True)
          (w_2): Linear(in_features=2048, out_features=256, bias=True)
          (dropout): Dropout(p=0.1, inplace=False)
        )
        (sublayer): ModuleList(
          (0-2): 3 x SublayerConnection(
            (norm): LayerNorm()
            (dropout): Dropout(p=0.1, inplace=False)
          )
        )
      )
    )
    (norm): LayerNorm()
  )
  (src_embed): Sequential(
    (0): Embeddings(
      (lut): Embedding(455, 256)
    )
    (1): PositionalEncoding(
      (dropout): Dropout(p=0.1, inplace=False)
    )
  )
  (tgt_embed): Sequential(
    (0): Embeddings(
      (lut): Embedding(455, 256)
    )
    (1): PositionalEncoding(
      (dropout): Dropout(p=0.1, inplace=False)
    )
  )
  (generator): Generator(
    (proj): Linear(in_features=256, out_features=455, bias=True)
  )
)
23:01:37 <INFO> Using generator Mol2Mol
23:01:37 <INFO> Writing sampled SMILES to CSV file reinvent_integration/results/reinvent_pubchem_plain/samples.csv
23:01:37 <WARN> randomize_smiles was set to True but the model was not trained with randomized SMILES.  Setting randomize_smiles to False.
23:01:37 <INFO> Sampling 26000 SMILES from model reinvent_integration/priors/pubchem_ecfp4_with_count_with_rank_reinvent4_dict_voc.prior
23:01:37 <WARN> Sampling with beam search may be very slow
23:04:42 <INFO> Sampled SMILES C(#Cc1ccncc(N2CCC3(CNC3)C2)c1)c1ccccc1 failed to sanitize.
23:04:43 <INFO> Sampled SMILES C(#Cc1c[nH]cc(N2CCC3(CNC3)C2)c1)c1ccccc1 failed to sanitize.
23:04:43 <INFO> Sampled SMILES C(#Cc1ccccc1)#Cc1cncc(N2CCC3(CNC3)C2)c1 failed to sanitize.
23:04:43 <INFO> Sampled SMILES C(#Cc1ccc(N2CCC3(CNC3)C2)cnc1)c1ccccc1 failed to sanitize.
23:04:43 <INFO> Sampled SMILES CC(C)(C)OC(=O)N1CC2(CCN(c3ccc(Br)n3)C2)C1 failed to sanitize.
23:04:43 <INFO> Sampled SMILES CC(C)(C)OC(=O)N1CC2(CCN(c3cccc(=O)n3)C2)C1 failed to sanitize.
23:04:43 <INFO> Sampled SMILES CC(C)(C)OC(=O)N1CC2(CCN(c3ccccc(Br)n3)C2)C1 failed to sanitize.
23:04:43 <INFO> Sampled SMILES CC(C)(C)OC(=O)N1CC2(CCN(c3cccc(=N)n3)C2)C1 failed to sanitize.
23:04:43 <INFO> Sampled SMILES CN=c1cccc(N2CCC3(CN(C(=O)OC(C)(C)C)C3)C2)n1 failed to sanitize.
23:04:43 <INFO> Sampled SMILES CN=c1cccc(N2CCC3(C2)CN(C(=O)OC(C)(C)C)C3)n1 failed to sanitize.
23:04:43 <INFO> Sampled SMILES CC(C)(C)OC(=O)N1CC2(CCN(c3cccc(S(F)(F)(F)(F)(F)F)n3)C2)C1 failed to sanitize.
23:04:43 <INFO> Sampled SMILES CC(C)(C)OC(=O)N1CC2(CCN(c3cncc(-c4ccc(S(F)(F)(F)(F)(F)F)cc4)c3)C2)C1 failed to sanitize.
23:04:43 <INFO> Sampled SMILES CC(C)(C)OC(=O)N1CC2(CCN(c3ccncc(Br)c3)C2)C1 failed to sanitize.
23:04:43 <INFO> Sampled SMILES CC(C)(C)OC(=O)N1CC2(CCN(c3ccc(Br)cnc3)C2)C1 failed to sanitize.
23:04:44 <INFO> Sampled SMILES CC(C)(C)OC(=O)N1CC2(CCN(c3cnc(Br)c3)C2)C1 failed to sanitize.
23:04:44 <INFO> Sampled SMILES CC(C)(C)OC(=O)N1CC2(CCN(c3cnccc(Br)c3)C2)C1 failed to sanitize.
23:04:44 <INFO> Sampled SMILES CC(C)(C)OC(=O)N1CC2(CCN(c3cncc(S(F)(F)(F)(F)(F)F)c3)C2)C1 failed to sanitize.
23:04:53 <INFO> Peak main memory usage: 3199.930 MiB
23:04:53 <INFO> Finished REINVENT on 2026-03-14
