12:35:12 <INFO> Started REINVENT 4.7.15 (C) AstraZeneca 2017, 2023 on 2026-03-15
12:35:12 <INFO> Command line: /home/nbhatta1/Desktop/qsar-project-Tzu/.venv/bin/reinvent -l reinvent_integration/logs/reinvent_pubchem_cl_sample_manual.log /tmp/sample_reinvent_pubchem_cl_stage1.toml
12:35:12 <INFO> Reading run configuration from /tmp/sample_reinvent_pubchem_cl_stage1.toml using format toml
12:35:12 <INFO> User nbhatta1 on host panacea
12:35:12 <INFO> Python version 3.11.13
12:35:12 <INFO> PyTorch version 2.9.1+cu128, git 5811a8d7da873dd699ff6687092c225caffcf1bb
12:35:12 <INFO> PyTorch compiled with CUDA version 12.8
12:35:12 <INFO> RDKit version 2025.09.6
12:35:12 <INFO> Platform Linux-5.14.0-611.30.1.el9_7.x86_64-x86_64-with-glibc2.34
12:35:13 <INFO> CUDA driver version 590.48.01
12:35:13 <INFO> Number of PyTorch CUDA devices 1
12:35:13 <WARN> 'use_cuda' is deprecated, use 'device' instead
12:35:13 <INFO> Using GPU device:0 NVIDIA RTX PRO 5000 Blackwell
12:35:13 <INFO> GPU memory: 46062 MiB free, 48400 MiB total
12:35:13 <INFO> Starting Sampling
12:35:13 <INFO> /home/nbhatta1/Desktop/qsar-project-Tzu/reinvent_integration/results/reinvent_pubchem_cl_adme/reinvent_pubchem_cl_stage1.chkpt has valid hash:
{ 'comments': ['REINVENT4', 'RL'],
  'creation_date': 1773541769.059926,
  'date_format': 'UNIX epoch',
  'hash_id': '4ef940eddae5c54bd5b7dc2c07ee25d0',
  'hash_id_format': 'xxhash.xxh3_128_hex 3.6.0',
  'model_id': 'b8e8ba6355bf41ba9aa6a5d40dc6c949',
  'model_id_format': 'uuid.uuid4 3.11.13',
  'origina_data_source': 'unknown',
  'updates': [1773541878.9041986]}
12:35:13 <INFO> Number of network parameters: 17,713,863
12:35:13 <INFO> Network architecture:
EncoderDecoder(
  (encoder): Encoder(
    (layers): ModuleList(
      (0-5): 6 x EncoderLayer(
        (self_attn): MultiHeadedAttention(
          (linears): ModuleList(
            (0-3): 4 x Linear(in_features=256, out_features=256, bias=True)
          )
          (dropout): Dropout(p=0.1, inplace=False)
        )
        (feed_forward): PositionwiseFeedForward(
          (w_1): Linear(in_features=256, out_features=2048, bias=True)
          (w_2): Linear(in_features=2048, out_features=256, bias=True)
          (dropout): Dropout(p=0.1, inplace=False)
        )
        (sublayer): ModuleList(
          (0-1): 2 x SublayerConnection(
            (norm): LayerNorm()
            (dropout): Dropout(p=0.1, inplace=False)
          )
        )
      )
    )
    (norm): LayerNorm()
  )
  (decoder): Decoder(
    (layers): ModuleList(
      (0-5): 6 x DecoderLayer(
        (self_attn): MultiHeadedAttention(
          (linears): ModuleList(
            (0-3): 4 x Linear(in_features=256, out_features=256, bias=True)
          )
          (dropout): Dropout(p=0.1, inplace=False)
        )
        (src_attn): MultiHeadedAttention(
          (linears): ModuleList(
            (0-3): 4 x Linear(in_features=256, out_features=256, bias=True)
          )
          (dropout): Dropout(p=0.1, inplace=False)
        )
        (feed_forward): PositionwiseFeedForward(
          (w_1): Linear(in_features=256, out_features=2048, bias=True)
          (w_2): Linear(in_features=2048, out_features=256, bias=True)
          (dropout): Dropout(p=0.1, inplace=False)
        )
        (sublayer): ModuleList(
          (0-2): 3 x SublayerConnection(
            (norm): LayerNorm()
            (dropout): Dropout(p=0.1, inplace=False)
          )
        )
      )
    )
    (norm): LayerNorm()
  )
  (src_embed): Sequential(
    (0): Embeddings(
      (lut): Embedding(455, 256)
    )
    (1): PositionalEncoding(
      (dropout): Dropout(p=0.1, inplace=False)
    )
  )
  (tgt_embed): Sequential(
    (0): Embeddings(
      (lut): Embedding(455, 256)
    )
    (1): PositionalEncoding(
      (dropout): Dropout(p=0.1, inplace=False)
    )
  )
  (generator): Generator(
    (proj): Linear(in_features=256, out_features=455, bias=True)
  )
)
12:35:13 <INFO> Using generator Mol2Mol
12:35:13 <INFO> Writing sampled SMILES to CSV file reinvent_integration/results/reinvent_pubchem_cl/samples.csv
12:35:13 <WARN> randomize_smiles was set to True but the model was not trained with randomized SMILES.  Setting randomize_smiles to False.
12:35:13 <INFO> Sampling 650 SMILES from model reinvent_integration/results/reinvent_pubchem_cl_adme/reinvent_pubchem_cl_stage1.chkpt
12:35:16 <INFO> Peak main memory usage: 1875.000 MiB
12:35:16 <INFO> Finished REINVENT on 2026-03-15
