21:26:23 <INFO> Started REINVENT 4.7.15 (C) AstraZeneca 2017, 2023 on 2026-03-14
21:26:23 <INFO> Command line: /home/nbhatta1/Desktop/qsar-project-Tzu/.venv/bin/reinvent -l reinvent_integration/logs/reinvent_pubchem_plain.log /home/nbhatta1/Desktop/qsar-project-Tzu/reinvent_integration/configs_fast/sample_reinvent_pubchem_plain.toml
21:26:23 <INFO> Reading run configuration from /home/nbhatta1/Desktop/qsar-project-Tzu/reinvent_integration/configs_fast/sample_reinvent_pubchem_plain.toml using format toml
21:26:23 <INFO> User nbhatta1 on host panacea
21:26:23 <INFO> Python version 3.11.13
21:26:23 <INFO> PyTorch version 2.9.1+cu128, git 5811a8d7da873dd699ff6687092c225caffcf1bb
21:26:23 <INFO> PyTorch compiled with CUDA version 12.8
21:26:23 <INFO> RDKit version 2025.09.6
21:26:23 <INFO> Platform Linux-5.14.0-611.30.1.el9_7.x86_64-x86_64-with-glibc2.34
21:26:24 <INFO> CUDA driver version 590.48.01
21:26:24 <INFO> Number of PyTorch CUDA devices 1
21:26:24 <WARN> 'use_cuda' is deprecated, use 'device' instead
21:26:24 <INFO> Using CPU x86_64
21:26:24 <INFO> Starting Sampling
21:26:24 <WARN> /home/nbhatta1/Desktop/qsar-project-Tzu/reinvent_integration/priors/pubchem_ecfp4_with_count_with_rank_reinvent4_dict_voc.prior does not contain metadata
21:26:25 <INFO> Number of network parameters: 17,713,863
21:26:25 <INFO> Network architecture:
EncoderDecoder(
  (encoder): Encoder(
    (layers): ModuleList(
      (0-5): 6 x EncoderLayer(
        (self_attn): MultiHeadedAttention(
          (linears): ModuleList(
            (0-3): 4 x Linear(in_features=256, out_features=256, bias=True)
          )
          (dropout): Dropout(p=0.1, inplace=False)
        )
        (feed_forward): PositionwiseFeedForward(
          (w_1): Linear(in_features=256, out_features=2048, bias=True)
          (w_2): Linear(in_features=2048, out_features=256, bias=True)
          (dropout): Dropout(p=0.1, inplace=False)
        )
        (sublayer): ModuleList(
          (0-1): 2 x SublayerConnection(
            (norm): LayerNorm()
            (dropout): Dropout(p=0.1, inplace=False)
          )
        )
      )
    )
    (norm): LayerNorm()
  )
  (decoder): Decoder(
    (layers): ModuleList(
      (0-5): 6 x DecoderLayer(
        (self_attn): MultiHeadedAttention(
          (linears): ModuleList(
            (0-3): 4 x Linear(in_features=256, out_features=256, bias=True)
          )
          (dropout): Dropout(p=0.1, inplace=False)
        )
        (src_attn): MultiHeadedAttention(
          (linears): ModuleList(
            (0-3): 4 x Linear(in_features=256, out_features=256, bias=True)
          )
          (dropout): Dropout(p=0.1, inplace=False)
        )
        (feed_forward): PositionwiseFeedForward(
          (w_1): Linear(in_features=256, out_features=2048, bias=True)
          (w_2): Linear(in_features=2048, out_features=256, bias=True)
          (dropout): Dropout(p=0.1, inplace=False)
        )
        (sublayer): ModuleList(
          (0-2): 3 x SublayerConnection(
            (norm): LayerNorm()
            (dropout): Dropout(p=0.1, inplace=False)
          )
        )
      )
    )
    (norm): LayerNorm()
  )
  (src_embed): Sequential(
    (0): Embeddings(
      (lut): Embedding(455, 256)
    )
    (1): PositionalEncoding(
      (dropout): Dropout(p=0.1, inplace=False)
    )
  )
  (tgt_embed): Sequential(
    (0): Embeddings(
      (lut): Embedding(455, 256)
    )
    (1): PositionalEncoding(
      (dropout): Dropout(p=0.1, inplace=False)
    )
  )
  (generator): Generator(
    (proj): Linear(in_features=256, out_features=455, bias=True)
  )
)
21:26:25 <INFO> Using generator Mol2Mol
21:26:25 <INFO> Writing sampled SMILES to CSV file reinvent_integration/results/reinvent_pubchem_plain/samples.csv
21:26:25 <WARN> randomize_smiles was set to True but the model was not trained with randomized SMILES.  Setting randomize_smiles to False.
21:26:25 <INFO> Sampling 13 SMILES from model reinvent_integration/priors/pubchem_ecfp4_with_count_with_rank_reinvent4_dict_voc.prior
21:27:02 <INFO> Peak main memory usage: 1210.086 MiB
21:27:02 <INFO> Finished REINVENT on 2026-03-14
