[2026-03-15 19:45:46] === NITRO BIOISOSTERE CAMPAIGN START ===
[2026-03-15 19:45:46] ---- MODEL mol2mol_mmp ----
[2026-03-15 19:45:46] START sample_mol2mol_mmp_plain: /home/nbhatta1/Desktop/qsar-project-Tzu/.venv/bin/reinvent -l reinvent_integration/logs/mol2mol_mmp_plain_nitro.log /home/nbhatta1/Desktop/qsar-project-Tzu/reinvent_integration/configs_nitro_campaign/sample_mol2mol_mmp_plain.toml
[2026-03-15 19:46:20] DONE sample_mol2mol_mmp_plain
[2026-03-15 19:46:20] START score_mol2mol_mmp_plain: /home/nbhatta1/Desktop/qsar-project-Tzu/.venv/bin/python reinvent_integration/score_generated_smiles_adme.py --input-csv /home/nbhatta1/Desktop/qsar-project-Tzu/reinvent_integration/results/mol2mol_mmp_plain/samples.csv --output-dir /home/nbhatta1/Desktop/qsar-project-Tzu/outputs/generated/nitro_bioisostere_campaign/mol2mol_mmp/plain --label mol2mol_mmp_plain --qsar-model reinvent_integration/artifacts/qsar_best_model.joblib --exclude-smarts [N+](=O)[O-]
[2026-03-15 19:46:43] score_mol2mol_mmp_plain | mol2mol_mmp_plain valid_unique=699 optimal=7
[2026-03-15 19:46:43] score_mol2mol_mmp_plain | /home/nbhatta1/Desktop/qsar-project-Tzu/.venv/lib64/python3.11/site-packages/sklearn/utils/validation.py:2749: UserWarning: X does not have valid feature names, but LGBMRegressor was fitted with feature names
[2026-03-15 19:46:43] score_mol2mol_mmp_plain |   warnings.warn(
[2026-03-15 19:46:43] score_mol2mol_mmp_plain | GPU available: True (cuda), used: True
[2026-03-15 19:46:43] score_mol2mol_mmp_plain | TPU available: False, using: 0 TPU cores
[2026-03-15 19:46:43] score_mol2mol_mmp_plain | 💡 Tip: For seamless cloud logging and experiment tracking, try installing [litlogger](https://pypi.org/project/litlogger/) to enable LitLogger, which logs metrics and artifacts automatically to the Lightning Experiments platform.
[2026-03-15 19:46:43] score_mol2mol_mmp_plain | You are using a CUDA device ('NVIDIA RTX PRO 5000 Blackwell') that has Tensor Cores. To properly utilize them, you should set `torch.set_float32_matmul_precision('medium' | 'high')` which will trade-off precision for performance. For more details, read https://pytorch.org/docs/stable/generated/torch.set_float32_matmul_precision.html#torch.set_float32_matmul_precision
[2026-03-15 19:46:43] score_mol2mol_mmp_plain | LOCAL_RANK: 0 - CUDA_VISIBLE_DEVICES: [0]
[2026-03-15 19:46:43] score_mol2mol_mmp_plain | LOCAL_RANK: 0 - CUDA_VISIBLE_DEVICES: [0]
[2026-03-15 19:46:43] score_mol2mol_mmp_plain | LOCAL_RANK: 0 - CUDA_VISIBLE_DEVICES: [0]
[2026-03-15 19:46:43] score_mol2mol_mmp_plain | LOCAL_RANK: 0 - CUDA_VISIBLE_DEVICES: [0]
[2026-03-15 19:46:43] score_mol2mol_mmp_plain | LOCAL_RANK: 0 - CUDA_VISIBLE_DEVICES: [0]
[2026-03-15 19:46:43] score_mol2mol_mmp_plain | GPU available: True (cuda), used: True
[2026-03-15 19:46:43] score_mol2mol_mmp_plain | TPU available: False, using: 0 TPU cores
[2026-03-15 19:46:43] score_mol2mol_mmp_plain | 💡 Tip: For seamless cloud logging and experiment tracking, try installing [litlogger](https://pypi.org/project/litlogger/) to enable LitLogger, which logs metrics and artifacts automatically to the Lightning Experiments platform.
[2026-03-15 19:46:43] score_mol2mol_mmp_plain | LOCAL_RANK: 0 - CUDA_VISIBLE_DEVICES: [0]
[2026-03-15 19:46:43] score_mol2mol_mmp_plain | LOCAL_RANK: 0 - CUDA_VISIBLE_DEVICES: [0]
[2026-03-15 19:46:43] score_mol2mol_mmp_plain | LOCAL_RANK: 0 - CUDA_VISIBLE_DEVICES: [0]
[2026-03-15 19:46:43] score_mol2mol_mmp_plain | LOCAL_RANK: 0 - CUDA_VISIBLE_DEVICES: [0]
[2026-03-15 19:46:43] score_mol2mol_mmp_plain | LOCAL_RANK: 0 - CUDA_VISIBLE_DEVICES: [0]
[2026-03-15 19:46:43] DONE score_mol2mol_mmp_plain
[2026-03-15 19:46:43] START train_mol2mol_mmp_rl: /home/nbhatta1/Desktop/qsar-project-Tzu/.venv/bin/reinvent -l reinvent_integration/logs/mol2mol_mmp_rl_train_nitro.log /home/nbhatta1/Desktop/qsar-project-Tzu/reinvent_integration/configs_nitro_campaign/rl_mol2mol_mmp.toml
[2026-03-15 19:53:34] DONE train_mol2mol_mmp_rl
[2026-03-15 19:53:34] START sample_mol2mol_mmp_rl: /home/nbhatta1/Desktop/qsar-project-Tzu/.venv/bin/reinvent -l reinvent_integration/logs/mol2mol_mmp_rl_sample_nitro.log /home/nbhatta1/Desktop/qsar-project-Tzu/reinvent_integration/configs_nitro_campaign/sample_mol2mol_mmp_rl.toml
[2026-03-15 19:54:03] DONE sample_mol2mol_mmp_rl
[2026-03-15 19:54:03] START score_mol2mol_mmp_rl: /home/nbhatta1/Desktop/qsar-project-Tzu/.venv/bin/python reinvent_integration/score_generated_smiles_adme.py --input-csv /home/nbhatta1/Desktop/qsar-project-Tzu/reinvent_integration/results/mol2mol_mmp_rl/samples.csv --output-dir /home/nbhatta1/Desktop/qsar-project-Tzu/outputs/generated/nitro_bioisostere_campaign/mol2mol_mmp/reinforcement_learning --label mol2mol_mmp_rl --qsar-model reinvent_integration/artifacts/qsar_best_model.joblib --exclude-smarts [N+](=O)[O-]
[2026-03-15 19:55:55] score_mol2mol_mmp_rl | mol2mol_mmp_rl valid_unique=4257 optimal=64
[2026-03-15 19:55:55] score_mol2mol_mmp_rl | /home/nbhatta1/Desktop/qsar-project-Tzu/.venv/lib64/python3.11/site-packages/sklearn/utils/validation.py:2749: UserWarning: X does not have valid feature names, but LGBMRegressor was fitted with feature names
[2026-03-15 19:55:55] score_mol2mol_mmp_rl |   warnings.warn(
[2026-03-15 19:55:55] score_mol2mol_mmp_rl | GPU available: True (cuda), used: True
[2026-03-15 19:55:55] score_mol2mol_mmp_rl | TPU available: False, using: 0 TPU cores
[2026-03-15 19:55:55] score_mol2mol_mmp_rl | 💡 Tip: For seamless cloud logging and experiment tracking, try installing [litlogger](https://pypi.org/project/litlogger/) to enable LitLogger, which logs metrics and artifacts automatically to the Lightning Experiments platform.
[2026-03-15 19:55:55] score_mol2mol_mmp_rl | You are using a CUDA device ('NVIDIA RTX PRO 5000 Blackwell') that has Tensor Cores. To properly utilize them, you should set `torch.set_float32_matmul_precision('medium' | 'high')` which will trade-off precision for performance. For more details, read https://pytorch.org/docs/stable/generated/torch.set_float32_matmul_precision.html#torch.set_float32_matmul_precision
[2026-03-15 19:55:55] score_mol2mol_mmp_rl | LOCAL_RANK: 0 - CUDA_VISIBLE_DEVICES: [0]
[2026-03-15 19:55:55] score_mol2mol_mmp_rl | LOCAL_RANK: 0 - CUDA_VISIBLE_DEVICES: [0]
[2026-03-15 19:55:55] score_mol2mol_mmp_rl | LOCAL_RANK: 0 - CUDA_VISIBLE_DEVICES: [0]
[2026-03-15 19:55:55] score_mol2mol_mmp_rl | LOCAL_RANK: 0 - CUDA_VISIBLE_DEVICES: [0]
[2026-03-15 19:55:55] score_mol2mol_mmp_rl | LOCAL_RANK: 0 - CUDA_VISIBLE_DEVICES: [0]
[2026-03-15 19:55:55] score_mol2mol_mmp_rl | GPU available: True (cuda), used: True
[2026-03-15 19:55:55] score_mol2mol_mmp_rl | TPU available: False, using: 0 TPU cores
[2026-03-15 19:55:55] score_mol2mol_mmp_rl | 💡 Tip: For seamless cloud logging and experiment tracking, try installing [litlogger](https://pypi.org/project/litlogger/) to enable LitLogger, which logs metrics and artifacts automatically to the Lightning Experiments platform.
[2026-03-15 19:55:55] score_mol2mol_mmp_rl | LOCAL_RANK: 0 - CUDA_VISIBLE_DEVICES: [0]
[2026-03-15 19:55:55] score_mol2mol_mmp_rl | LOCAL_RANK: 0 - CUDA_VISIBLE_DEVICES: [0]
[2026-03-15 19:55:55] score_mol2mol_mmp_rl | LOCAL_RANK: 0 - CUDA_VISIBLE_DEVICES: [0]
[2026-03-15 19:55:55] score_mol2mol_mmp_rl | LOCAL_RANK: 0 - CUDA_VISIBLE_DEVICES: [0]
[2026-03-15 19:55:55] score_mol2mol_mmp_rl | LOCAL_RANK: 0 - CUDA_VISIBLE_DEVICES: [0]
[2026-03-15 19:55:55] DONE score_mol2mol_mmp_rl
[2026-03-15 19:55:55] START train_mol2mol_mmp_cl: /home/nbhatta1/Desktop/qsar-project-Tzu/.venv/bin/reinvent -l reinvent_integration/logs/mol2mol_mmp_cl_train_nitro.log /home/nbhatta1/Desktop/qsar-project-Tzu/reinvent_integration/configs_nitro_campaign/cl_mol2mol_mmp.toml
[2026-03-15 20:06:01] DONE train_mol2mol_mmp_cl
[2026-03-15 20:06:01] START sample_mol2mol_mmp_cl: /home/nbhatta1/Desktop/qsar-project-Tzu/.venv/bin/reinvent -l reinvent_integration/logs/mol2mol_mmp_cl_sample_nitro.log /home/nbhatta1/Desktop/qsar-project-Tzu/reinvent_integration/configs_nitro_campaign/sample_mol2mol_mmp_cl.toml
[2026-03-15 20:06:03] sample_mol2mol_mmp_cl | Traceback (most recent call last):
[2026-03-15 20:06:03] sample_mol2mol_mmp_cl |   File "/home/nbhatta1/Desktop/qsar-project-Tzu/.venv/bin/reinvent", line 6, in <module>
[2026-03-15 20:06:03] sample_mol2mol_mmp_cl |     sys.exit(main_script())
[2026-03-15 20:06:03] sample_mol2mol_mmp_cl |              ^^^^^^^^^^^^^
[2026-03-15 20:06:03] sample_mol2mol_mmp_cl |   File "/home/nbhatta1/Desktop/qsar-project-Tzu/.venv/lib64/python3.11/site-packages/reinvent/Reinvent.py", line 196, in main_script
[2026-03-15 20:06:03] sample_mol2mol_mmp_cl |     main(args)
[2026-03-15 20:06:03] sample_mol2mol_mmp_cl |   File "/home/nbhatta1/Desktop/qsar-project-Tzu/.venv/lib64/python3.11/site-packages/reinvent/Reinvent.py", line 165, in main
[2026-03-15 20:06:03] sample_mol2mol_mmp_cl |     runner(
[2026-03-15 20:06:03] sample_mol2mol_mmp_cl |   File "/home/nbhatta1/Desktop/qsar-project-Tzu/.venv/lib64/python3.11/site-packages/reinvent/runmodes/samplers/run_sampling.py", line 62, in run_sampling
[2026-03-15 20:06:03] sample_mol2mol_mmp_cl |     adapter, _, model_type = create_adapter(agent_model_filename, "inference", device)
[2026-03-15 20:06:03] sample_mol2mol_mmp_cl |                              ^^^^^^^^^^^^^^^^^^^^^^^^^^^^^^^^^^^^^^^^^^^^^^^^^^^^^^^^^
[2026-03-15 20:06:03] sample_mol2mol_mmp_cl |   File "/home/nbhatta1/Desktop/qsar-project-Tzu/.venv/lib64/python3.11/site-packages/reinvent/runmodes/create_adapter.py", line 30, in create_adapter
[2026-03-15 20:06:03] sample_mol2mol_mmp_cl |     dict_filename = resolve_model_filename(dict_filename)
[2026-03-15 20:06:03] sample_mol2mol_mmp_cl |                     ^^^^^^^^^^^^^^^^^^^^^^^^^^^^^^^^^^^^^
[2026-03-15 20:06:03] sample_mol2mol_mmp_cl |   File "/home/nbhatta1/Desktop/qsar-project-Tzu/.venv/lib64/python3.11/site-packages/reinvent/runmodes/create_adapter.py", line 81, in resolve_model_filename
[2026-03-15 20:06:03] sample_mol2mol_mmp_cl |     raise RuntimeError(msg)
[2026-03-15 20:06:03] sample_mol2mol_mmp_cl | RuntimeError: model file /home/nbhatta1/Desktop/qsar-project-Tzu/reinvent_integration/results/mol2mol_mmp_cl_adme/mol2mol_mmp_cl_stage2.chkpt is not accessible
[2026-03-15 20:06:03] FAIL sample_mol2mol_mmp_cl (exit=1)
[2026-03-15 20:06:03] SKIP score_mol2mol_mmp_cl: missing source /home/nbhatta1/Desktop/qsar-project-Tzu/reinvent_integration/results/mol2mol_mmp_cl/samples.csv
[2026-03-15 20:06:03] ---- MODEL mol2mol_similarity ----
[2026-03-15 20:06:03] START sample_mol2mol_similarity_plain: /home/nbhatta1/Desktop/qsar-project-Tzu/.venv/bin/reinvent -l reinvent_integration/logs/mol2mol_similarity_plain_nitro.log /home/nbhatta1/Desktop/qsar-project-Tzu/reinvent_integration/configs_nitro_campaign/sample_mol2mol_similarity_plain.toml
[2026-03-15 20:06:35] DONE sample_mol2mol_similarity_plain
[2026-03-15 20:06:35] START score_mol2mol_similarity_plain: /home/nbhatta1/Desktop/qsar-project-Tzu/.venv/bin/python reinvent_integration/score_generated_smiles_adme.py --input-csv /home/nbhatta1/Desktop/qsar-project-Tzu/reinvent_integration/results/mol2mol_similarity_plain/samples.csv --output-dir /home/nbhatta1/Desktop/qsar-project-Tzu/outputs/generated/nitro_bioisostere_campaign/mol2mol_similarity/plain --label mol2mol_similarity_plain --qsar-model reinvent_integration/artifacts/qsar_best_model.joblib --exclude-smarts [N+](=O)[O-]
[2026-03-15 20:07:39] score_mol2mol_similarity_plain | mol2mol_similarity_plain valid_unique=2317 optimal=6
[2026-03-15 20:07:39] score_mol2mol_similarity_plain | /home/nbhatta1/Desktop/qsar-project-Tzu/.venv/lib64/python3.11/site-packages/sklearn/utils/validation.py:2749: UserWarning: X does not have valid feature names, but LGBMRegressor was fitted with feature names
[2026-03-15 20:07:39] score_mol2mol_similarity_plain |   warnings.warn(
[2026-03-15 20:07:39] score_mol2mol_similarity_plain | GPU available: True (cuda), used: True
[2026-03-15 20:07:39] score_mol2mol_similarity_plain | TPU available: False, using: 0 TPU cores
[2026-03-15 20:07:39] score_mol2mol_similarity_plain | 💡 Tip: For seamless cloud logging and experiment tracking, try installing [litlogger](https://pypi.org/project/litlogger/) to enable LitLogger, which logs metrics and artifacts automatically to the Lightning Experiments platform.
[2026-03-15 20:07:39] score_mol2mol_similarity_plain | You are using a CUDA device ('NVIDIA RTX PRO 5000 Blackwell') that has Tensor Cores. To properly utilize them, you should set `torch.set_float32_matmul_precision('medium' | 'high')` which will trade-off precision for performance. For more details, read https://pytorch.org/docs/stable/generated/torch.set_float32_matmul_precision.html#torch.set_float32_matmul_precision
[2026-03-15 20:07:39] score_mol2mol_similarity_plain | LOCAL_RANK: 0 - CUDA_VISIBLE_DEVICES: [0]
[2026-03-15 20:07:39] score_mol2mol_similarity_plain | LOCAL_RANK: 0 - CUDA_VISIBLE_DEVICES: [0]
[2026-03-15 20:07:39] score_mol2mol_similarity_plain | LOCAL_RANK: 0 - CUDA_VISIBLE_DEVICES: [0]
[2026-03-15 20:07:39] score_mol2mol_similarity_plain | LOCAL_RANK: 0 - CUDA_VISIBLE_DEVICES: [0]
[2026-03-15 20:07:39] score_mol2mol_similarity_plain | LOCAL_RANK: 0 - CUDA_VISIBLE_DEVICES: [0]
[2026-03-15 20:07:39] score_mol2mol_similarity_plain | GPU available: True (cuda), used: True
[2026-03-15 20:07:39] score_mol2mol_similarity_plain | TPU available: False, using: 0 TPU cores
[2026-03-15 20:07:39] score_mol2mol_similarity_plain | 💡 Tip: For seamless cloud logging and experiment tracking, try installing [litlogger](https://pypi.org/project/litlogger/) to enable LitLogger, which logs metrics and artifacts automatically to the Lightning Experiments platform.
[2026-03-15 20:07:39] score_mol2mol_similarity_plain | LOCAL_RANK: 0 - CUDA_VISIBLE_DEVICES: [0]
[2026-03-15 20:07:39] score_mol2mol_similarity_plain | LOCAL_RANK: 0 - CUDA_VISIBLE_DEVICES: [0]
[2026-03-15 20:07:39] score_mol2mol_similarity_plain | LOCAL_RANK: 0 - CUDA_VISIBLE_DEVICES: [0]
[2026-03-15 20:07:39] score_mol2mol_similarity_plain | LOCAL_RANK: 0 - CUDA_VISIBLE_DEVICES: [0]
[2026-03-15 20:07:39] score_mol2mol_similarity_plain | LOCAL_RANK: 0 - CUDA_VISIBLE_DEVICES: [0]
[2026-03-15 20:07:39] DONE score_mol2mol_similarity_plain
[2026-03-15 20:07:39] START train_mol2mol_similarity_rl: /home/nbhatta1/Desktop/qsar-project-Tzu/.venv/bin/reinvent -l reinvent_integration/logs/mol2mol_similarity_rl_train_nitro.log /home/nbhatta1/Desktop/qsar-project-Tzu/reinvent_integration/configs_nitro_campaign/rl_mol2mol_similarity.toml
[2026-03-15 20:19:34] DONE train_mol2mol_similarity_rl
[2026-03-15 20:19:34] START sample_mol2mol_similarity_rl: /home/nbhatta1/Desktop/qsar-project-Tzu/.venv/bin/reinvent -l reinvent_integration/logs/mol2mol_similarity_rl_sample_nitro.log /home/nbhatta1/Desktop/qsar-project-Tzu/reinvent_integration/configs_nitro_campaign/sample_mol2mol_similarity_rl.toml
[2026-03-15 20:20:01] DONE sample_mol2mol_similarity_rl
[2026-03-15 20:20:01] START score_mol2mol_similarity_rl: /home/nbhatta1/Desktop/qsar-project-Tzu/.venv/bin/python reinvent_integration/score_generated_smiles_adme.py --input-csv /home/nbhatta1/Desktop/qsar-project-Tzu/reinvent_integration/results/mol2mol_similarity_rl/samples.csv --output-dir /home/nbhatta1/Desktop/qsar-project-Tzu/outputs/generated/nitro_bioisostere_campaign/mol2mol_similarity/reinforcement_learning --label mol2mol_similarity_rl --qsar-model reinvent_integration/artifacts/qsar_best_model.joblib --exclude-smarts [N+](=O)[O-]
[2026-03-15 20:21:53] score_mol2mol_similarity_rl | mol2mol_similarity_rl valid_unique=4316 optimal=52
[2026-03-15 20:21:53] score_mol2mol_similarity_rl | /home/nbhatta1/Desktop/qsar-project-Tzu/.venv/lib64/python3.11/site-packages/sklearn/utils/validation.py:2749: UserWarning: X does not have valid feature names, but LGBMRegressor was fitted with feature names
[2026-03-15 20:21:53] score_mol2mol_similarity_rl |   warnings.warn(
[2026-03-15 20:21:53] score_mol2mol_similarity_rl | GPU available: True (cuda), used: True
[2026-03-15 20:21:53] score_mol2mol_similarity_rl | TPU available: False, using: 0 TPU cores
[2026-03-15 20:21:53] score_mol2mol_similarity_rl | 💡 Tip: For seamless cloud logging and experiment tracking, try installing [litlogger](https://pypi.org/project/litlogger/) to enable LitLogger, which logs metrics and artifacts automatically to the Lightning Experiments platform.
[2026-03-15 20:21:53] score_mol2mol_similarity_rl | You are using a CUDA device ('NVIDIA RTX PRO 5000 Blackwell') that has Tensor Cores. To properly utilize them, you should set `torch.set_float32_matmul_precision('medium' | 'high')` which will trade-off precision for performance. For more details, read https://pytorch.org/docs/stable/generated/torch.set_float32_matmul_precision.html#torch.set_float32_matmul_precision
[2026-03-15 20:21:53] score_mol2mol_similarity_rl | LOCAL_RANK: 0 - CUDA_VISIBLE_DEVICES: [0]
[2026-03-15 20:21:53] score_mol2mol_similarity_rl | LOCAL_RANK: 0 - CUDA_VISIBLE_DEVICES: [0]
[2026-03-15 20:21:53] score_mol2mol_similarity_rl | LOCAL_RANK: 0 - CUDA_VISIBLE_DEVICES: [0]
[2026-03-15 20:21:53] score_mol2mol_similarity_rl | LOCAL_RANK: 0 - CUDA_VISIBLE_DEVICES: [0]
[2026-03-15 20:21:53] score_mol2mol_similarity_rl | LOCAL_RANK: 0 - CUDA_VISIBLE_DEVICES: [0]
[2026-03-15 20:21:53] score_mol2mol_similarity_rl | GPU available: True (cuda), used: True
[2026-03-15 20:21:53] score_mol2mol_similarity_rl | TPU available: False, using: 0 TPU cores
[2026-03-15 20:21:53] score_mol2mol_similarity_rl | 💡 Tip: For seamless cloud logging and experiment tracking, try installing [litlogger](https://pypi.org/project/litlogger/) to enable LitLogger, which logs metrics and artifacts automatically to the Lightning Experiments platform.
[2026-03-15 20:21:53] score_mol2mol_similarity_rl | LOCAL_RANK: 0 - CUDA_VISIBLE_DEVICES: [0]
[2026-03-15 20:21:53] score_mol2mol_similarity_rl | LOCAL_RANK: 0 - CUDA_VISIBLE_DEVICES: [0]
[2026-03-15 20:21:53] score_mol2mol_similarity_rl | LOCAL_RANK: 0 - CUDA_VISIBLE_DEVICES: [0]
[2026-03-15 20:21:53] score_mol2mol_similarity_rl | LOCAL_RANK: 0 - CUDA_VISIBLE_DEVICES: [0]
[2026-03-15 20:21:53] score_mol2mol_similarity_rl | LOCAL_RANK: 0 - CUDA_VISIBLE_DEVICES: [0]
[2026-03-15 20:21:53] DONE score_mol2mol_similarity_rl
[2026-03-15 20:21:53] START train_mol2mol_similarity_cl: /home/nbhatta1/Desktop/qsar-project-Tzu/.venv/bin/reinvent -l reinvent_integration/logs/mol2mol_similarity_cl_train_nitro.log /home/nbhatta1/Desktop/qsar-project-Tzu/reinvent_integration/configs_nitro_campaign/cl_mol2mol_similarity.toml
[2026-03-15 20:48:44] DONE train_mol2mol_similarity_cl
[2026-03-15 20:48:44] START sample_mol2mol_similarity_cl: /home/nbhatta1/Desktop/qsar-project-Tzu/.venv/bin/reinvent -l reinvent_integration/logs/mol2mol_similarity_cl_sample_nitro.log /home/nbhatta1/Desktop/qsar-project-Tzu/reinvent_integration/configs_nitro_campaign/sample_mol2mol_similarity_cl.toml
[2026-03-15 20:48:47] sample_mol2mol_similarity_cl | Traceback (most recent call last):
[2026-03-15 20:48:47] sample_mol2mol_similarity_cl |   File "/home/nbhatta1/Desktop/qsar-project-Tzu/.venv/bin/reinvent", line 6, in <module>
[2026-03-15 20:48:47] sample_mol2mol_similarity_cl |     sys.exit(main_script())
[2026-03-15 20:48:47] sample_mol2mol_similarity_cl |              ^^^^^^^^^^^^^
[2026-03-15 20:48:47] sample_mol2mol_similarity_cl |   File "/home/nbhatta1/Desktop/qsar-project-Tzu/.venv/lib64/python3.11/site-packages/reinvent/Reinvent.py", line 196, in main_script
[2026-03-15 20:48:47] sample_mol2mol_similarity_cl |     main(args)
[2026-03-15 20:48:47] sample_mol2mol_similarity_cl |   File "/home/nbhatta1/Desktop/qsar-project-Tzu/.venv/lib64/python3.11/site-packages/reinvent/Reinvent.py", line 165, in main
[2026-03-15 20:48:47] sample_mol2mol_similarity_cl |     runner(
[2026-03-15 20:48:47] sample_mol2mol_similarity_cl |   File "/home/nbhatta1/Desktop/qsar-project-Tzu/.venv/lib64/python3.11/site-packages/reinvent/runmodes/samplers/run_sampling.py", line 62, in run_sampling
[2026-03-15 20:48:47] sample_mol2mol_similarity_cl |     adapter, _, model_type = create_adapter(agent_model_filename, "inference", device)
[2026-03-15 20:48:47] sample_mol2mol_similarity_cl |                              ^^^^^^^^^^^^^^^^^^^^^^^^^^^^^^^^^^^^^^^^^^^^^^^^^^^^^^^^^
[2026-03-15 20:48:47] sample_mol2mol_similarity_cl |   File "/home/nbhatta1/Desktop/qsar-project-Tzu/.venv/lib64/python3.11/site-packages/reinvent/runmodes/create_adapter.py", line 30, in create_adapter
[2026-03-15 20:48:47] sample_mol2mol_similarity_cl |     dict_filename = resolve_model_filename(dict_filename)
[2026-03-15 20:48:47] sample_mol2mol_similarity_cl |                     ^^^^^^^^^^^^^^^^^^^^^^^^^^^^^^^^^^^^^
[2026-03-15 20:48:47] sample_mol2mol_similarity_cl |   File "/home/nbhatta1/Desktop/qsar-project-Tzu/.venv/lib64/python3.11/site-packages/reinvent/runmodes/create_adapter.py", line 81, in resolve_model_filename
[2026-03-15 20:48:47] sample_mol2mol_similarity_cl |     raise RuntimeError(msg)
[2026-03-15 20:48:47] sample_mol2mol_similarity_cl | RuntimeError: model file /home/nbhatta1/Desktop/qsar-project-Tzu/reinvent_integration/results/mol2mol_similarity_cl_adme/mol2mol_similarity_cl_stage2.chkpt is not accessible
[2026-03-15 20:48:47] FAIL sample_mol2mol_similarity_cl (exit=1)
[2026-03-15 20:48:47] SKIP score_mol2mol_similarity_cl: missing source /home/nbhatta1/Desktop/qsar-project-Tzu/reinvent_integration/results/mol2mol_similarity_cl/samples.csv
[2026-03-15 20:48:47] ---- MODEL mol2mol_scaffold ----
[2026-03-15 20:48:47] START sample_mol2mol_scaffold_plain: /home/nbhatta1/Desktop/qsar-project-Tzu/.venv/bin/reinvent -l reinvent_integration/logs/mol2mol_scaffold_plain_nitro.log /home/nbhatta1/Desktop/qsar-project-Tzu/reinvent_integration/configs_nitro_campaign/sample_mol2mol_scaffold_plain.toml
[2026-03-15 20:49:16] DONE sample_mol2mol_scaffold_plain
[2026-03-15 20:49:16] START score_mol2mol_scaffold_plain: /home/nbhatta1/Desktop/qsar-project-Tzu/.venv/bin/python reinvent_integration/score_generated_smiles_adme.py --input-csv /home/nbhatta1/Desktop/qsar-project-Tzu/reinvent_integration/results/mol2mol_scaffold_plain/samples.csv --output-dir /home/nbhatta1/Desktop/qsar-project-Tzu/outputs/generated/nitro_bioisostere_campaign/mol2mol_scaffold/plain --label mol2mol_scaffold_plain --qsar-model reinvent_integration/artifacts/qsar_best_model.joblib --exclude-smarts [N+](=O)[O-]
[2026-03-15 20:50:54] score_mol2mol_scaffold_plain | mol2mol_scaffold_plain valid_unique=3693 optimal=21
[2026-03-15 20:50:54] score_mol2mol_scaffold_plain | /home/nbhatta1/Desktop/qsar-project-Tzu/.venv/lib64/python3.11/site-packages/sklearn/utils/validation.py:2749: UserWarning: X does not have valid feature names, but LGBMRegressor was fitted with feature names
[2026-03-15 20:50:54] score_mol2mol_scaffold_plain |   warnings.warn(
[2026-03-15 20:50:54] score_mol2mol_scaffold_plain | GPU available: True (cuda), used: True
[2026-03-15 20:50:54] score_mol2mol_scaffold_plain | TPU available: False, using: 0 TPU cores
[2026-03-15 20:50:54] score_mol2mol_scaffold_plain | 💡 Tip: For seamless cloud logging and experiment tracking, try installing [litlogger](https://pypi.org/project/litlogger/) to enable LitLogger, which logs metrics and artifacts automatically to the Lightning Experiments platform.
[2026-03-15 20:50:54] score_mol2mol_scaffold_plain | You are using a CUDA device ('NVIDIA RTX PRO 5000 Blackwell') that has Tensor Cores. To properly utilize them, you should set `torch.set_float32_matmul_precision('medium' | 'high')` which will trade-off precision for performance. For more details, read https://pytorch.org/docs/stable/generated/torch.set_float32_matmul_precision.html#torch.set_float32_matmul_precision
[2026-03-15 20:50:54] score_mol2mol_scaffold_plain | LOCAL_RANK: 0 - CUDA_VISIBLE_DEVICES: [0]
[2026-03-15 20:50:54] score_mol2mol_scaffold_plain | LOCAL_RANK: 0 - CUDA_VISIBLE_DEVICES: [0]
[2026-03-15 20:50:54] score_mol2mol_scaffold_plain | LOCAL_RANK: 0 - CUDA_VISIBLE_DEVICES: [0]
[2026-03-15 20:50:54] score_mol2mol_scaffold_plain | LOCAL_RANK: 0 - CUDA_VISIBLE_DEVICES: [0]
[2026-03-15 20:50:54] score_mol2mol_scaffold_plain | LOCAL_RANK: 0 - CUDA_VISIBLE_DEVICES: [0]
[2026-03-15 20:50:54] score_mol2mol_scaffold_plain | GPU available: True (cuda), used: True
[2026-03-15 20:50:54] score_mol2mol_scaffold_plain | TPU available: False, using: 0 TPU cores
[2026-03-15 20:50:54] score_mol2mol_scaffold_plain | 💡 Tip: For seamless cloud logging and experiment tracking, try installing [litlogger](https://pypi.org/project/litlogger/) to enable LitLogger, which logs metrics and artifacts automatically to the Lightning Experiments platform.
[2026-03-15 20:50:54] score_mol2mol_scaffold_plain | LOCAL_RANK: 0 - CUDA_VISIBLE_DEVICES: [0]
[2026-03-15 20:50:54] score_mol2mol_scaffold_plain | LOCAL_RANK: 0 - CUDA_VISIBLE_DEVICES: [0]
[2026-03-15 20:50:54] score_mol2mol_scaffold_plain | LOCAL_RANK: 0 - CUDA_VISIBLE_DEVICES: [0]
[2026-03-15 20:50:54] score_mol2mol_scaffold_plain | LOCAL_RANK: 0 - CUDA_VISIBLE_DEVICES: [0]
[2026-03-15 20:50:54] score_mol2mol_scaffold_plain | LOCAL_RANK: 0 - CUDA_VISIBLE_DEVICES: [0]
[2026-03-15 20:50:54] DONE score_mol2mol_scaffold_plain
[2026-03-15 20:50:54] START train_mol2mol_scaffold_rl: /home/nbhatta1/Desktop/qsar-project-Tzu/.venv/bin/reinvent -l reinvent_integration/logs/mol2mol_scaffold_rl_train_nitro.log /home/nbhatta1/Desktop/qsar-project-Tzu/reinvent_integration/configs_nitro_campaign/rl_mol2mol_scaffold.toml
[2026-03-15 20:57:46] DONE train_mol2mol_scaffold_rl
[2026-03-15 20:57:46] START sample_mol2mol_scaffold_rl: /home/nbhatta1/Desktop/qsar-project-Tzu/.venv/bin/reinvent -l reinvent_integration/logs/mol2mol_scaffold_rl_sample_nitro.log /home/nbhatta1/Desktop/qsar-project-Tzu/reinvent_integration/configs_nitro_campaign/sample_mol2mol_scaffold_rl.toml
[2026-03-15 20:58:15] DONE sample_mol2mol_scaffold_rl
[2026-03-15 20:58:15] START score_mol2mol_scaffold_rl: /home/nbhatta1/Desktop/qsar-project-Tzu/.venv/bin/python reinvent_integration/score_generated_smiles_adme.py --input-csv /home/nbhatta1/Desktop/qsar-project-Tzu/reinvent_integration/results/mol2mol_scaffold_rl/samples.csv --output-dir /home/nbhatta1/Desktop/qsar-project-Tzu/outputs/generated/nitro_bioisostere_campaign/mol2mol_scaffold/reinforcement_learning --label mol2mol_scaffold_rl --qsar-model reinvent_integration/artifacts/qsar_best_model.joblib --exclude-smarts [N+](=O)[O-]
[2026-03-15 21:00:26] score_mol2mol_scaffold_rl | mol2mol_scaffold_rl valid_unique=5000 optimal=24
[2026-03-15 21:00:26] score_mol2mol_scaffold_rl | /home/nbhatta1/Desktop/qsar-project-Tzu/.venv/lib64/python3.11/site-packages/sklearn/utils/validation.py:2749: UserWarning: X does not have valid feature names, but LGBMRegressor was fitted with feature names
[2026-03-15 21:00:26] score_mol2mol_scaffold_rl |   warnings.warn(
[2026-03-15 21:00:26] score_mol2mol_scaffold_rl | GPU available: True (cuda), used: True
[2026-03-15 21:00:26] score_mol2mol_scaffold_rl | TPU available: False, using: 0 TPU cores
[2026-03-15 21:00:26] score_mol2mol_scaffold_rl | 💡 Tip: For seamless cloud logging and experiment tracking, try installing [litlogger](https://pypi.org/project/litlogger/) to enable LitLogger, which logs metrics and artifacts automatically to the Lightning Experiments platform.
[2026-03-15 21:00:26] score_mol2mol_scaffold_rl | You are using a CUDA device ('NVIDIA RTX PRO 5000 Blackwell') that has Tensor Cores. To properly utilize them, you should set `torch.set_float32_matmul_precision('medium' | 'high')` which will trade-off precision for performance. For more details, read https://pytorch.org/docs/stable/generated/torch.set_float32_matmul_precision.html#torch.set_float32_matmul_precision
[2026-03-15 21:00:26] score_mol2mol_scaffold_rl | LOCAL_RANK: 0 - CUDA_VISIBLE_DEVICES: [0]
[2026-03-15 21:00:26] score_mol2mol_scaffold_rl | LOCAL_RANK: 0 - CUDA_VISIBLE_DEVICES: [0]
[2026-03-15 21:00:26] score_mol2mol_scaffold_rl | LOCAL_RANK: 0 - CUDA_VISIBLE_DEVICES: [0]
[2026-03-15 21:00:26] score_mol2mol_scaffold_rl | LOCAL_RANK: 0 - CUDA_VISIBLE_DEVICES: [0]
[2026-03-15 21:00:26] score_mol2mol_scaffold_rl | LOCAL_RANK: 0 - CUDA_VISIBLE_DEVICES: [0]
[2026-03-15 21:00:26] score_mol2mol_scaffold_rl | GPU available: True (cuda), used: True
[2026-03-15 21:00:26] score_mol2mol_scaffold_rl | TPU available: False, using: 0 TPU cores
[2026-03-15 21:00:26] score_mol2mol_scaffold_rl | 💡 Tip: For seamless cloud logging and experiment tracking, try installing [litlogger](https://pypi.org/project/litlogger/) to enable LitLogger, which logs metrics and artifacts automatically to the Lightning Experiments platform.
[2026-03-15 21:00:26] score_mol2mol_scaffold_rl | LOCAL_RANK: 0 - CUDA_VISIBLE_DEVICES: [0]
[2026-03-15 21:00:26] score_mol2mol_scaffold_rl | LOCAL_RANK: 0 - CUDA_VISIBLE_DEVICES: [0]
[2026-03-15 21:00:26] score_mol2mol_scaffold_rl | LOCAL_RANK: 0 - CUDA_VISIBLE_DEVICES: [0]
[2026-03-15 21:00:26] score_mol2mol_scaffold_rl | LOCAL_RANK: 0 - CUDA_VISIBLE_DEVICES: [0]
[2026-03-15 21:00:26] score_mol2mol_scaffold_rl | LOCAL_RANK: 0 - CUDA_VISIBLE_DEVICES: [0]
[2026-03-15 21:00:26] DONE score_mol2mol_scaffold_rl
[2026-03-15 21:00:26] START train_mol2mol_scaffold_cl: /home/nbhatta1/Desktop/qsar-project-Tzu/.venv/bin/reinvent -l reinvent_integration/logs/mol2mol_scaffold_cl_train_nitro.log /home/nbhatta1/Desktop/qsar-project-Tzu/reinvent_integration/configs_nitro_campaign/cl_mol2mol_scaffold.toml
[2026-03-15 21:11:11] DONE train_mol2mol_scaffold_cl
[2026-03-15 21:11:11] START sample_mol2mol_scaffold_cl: /home/nbhatta1/Desktop/qsar-project-Tzu/.venv/bin/reinvent -l reinvent_integration/logs/mol2mol_scaffold_cl_sample_nitro.log /home/nbhatta1/Desktop/qsar-project-Tzu/reinvent_integration/configs_nitro_campaign/sample_mol2mol_scaffold_cl.toml
[2026-03-15 21:11:13] sample_mol2mol_scaffold_cl | Traceback (most recent call last):
[2026-03-15 21:11:13] sample_mol2mol_scaffold_cl |   File "/home/nbhatta1/Desktop/qsar-project-Tzu/.venv/bin/reinvent", line 6, in <module>
[2026-03-15 21:11:13] sample_mol2mol_scaffold_cl |     sys.exit(main_script())
[2026-03-15 21:11:13] sample_mol2mol_scaffold_cl |              ^^^^^^^^^^^^^
[2026-03-15 21:11:13] sample_mol2mol_scaffold_cl |   File "/home/nbhatta1/Desktop/qsar-project-Tzu/.venv/lib64/python3.11/site-packages/reinvent/Reinvent.py", line 196, in main_script
[2026-03-15 21:11:13] sample_mol2mol_scaffold_cl |     main(args)
[2026-03-15 21:11:13] sample_mol2mol_scaffold_cl |   File "/home/nbhatta1/Desktop/qsar-project-Tzu/.venv/lib64/python3.11/site-packages/reinvent/Reinvent.py", line 165, in main
[2026-03-15 21:11:13] sample_mol2mol_scaffold_cl |     runner(
[2026-03-15 21:11:13] sample_mol2mol_scaffold_cl |   File "/home/nbhatta1/Desktop/qsar-project-Tzu/.venv/lib64/python3.11/site-packages/reinvent/runmodes/samplers/run_sampling.py", line 62, in run_sampling
[2026-03-15 21:11:13] sample_mol2mol_scaffold_cl |     adapter, _, model_type = create_adapter(agent_model_filename, "inference", device)
[2026-03-15 21:11:13] sample_mol2mol_scaffold_cl |                              ^^^^^^^^^^^^^^^^^^^^^^^^^^^^^^^^^^^^^^^^^^^^^^^^^^^^^^^^^
[2026-03-15 21:11:13] sample_mol2mol_scaffold_cl |   File "/home/nbhatta1/Desktop/qsar-project-Tzu/.venv/lib64/python3.11/site-packages/reinvent/runmodes/create_adapter.py", line 30, in create_adapter
[2026-03-15 21:11:13] sample_mol2mol_scaffold_cl |     dict_filename = resolve_model_filename(dict_filename)
[2026-03-15 21:11:13] sample_mol2mol_scaffold_cl |                     ^^^^^^^^^^^^^^^^^^^^^^^^^^^^^^^^^^^^^
[2026-03-15 21:11:13] sample_mol2mol_scaffold_cl |   File "/home/nbhatta1/Desktop/qsar-project-Tzu/.venv/lib64/python3.11/site-packages/reinvent/runmodes/create_adapter.py", line 81, in resolve_model_filename
[2026-03-15 21:11:13] sample_mol2mol_scaffold_cl |     raise RuntimeError(msg)
[2026-03-15 21:11:13] sample_mol2mol_scaffold_cl | RuntimeError: model file /home/nbhatta1/Desktop/qsar-project-Tzu/reinvent_integration/results/mol2mol_scaffold_cl_adme/mol2mol_scaffold_cl_stage2.chkpt is not accessible
[2026-03-15 21:11:13] FAIL sample_mol2mol_scaffold_cl (exit=1)
[2026-03-15 21:11:13] SKIP score_mol2mol_scaffold_cl: missing source /home/nbhatta1/Desktop/qsar-project-Tzu/reinvent_integration/results/mol2mol_scaffold_cl/samples.csv
[2026-03-15 21:11:13] ---- MODEL mol2mol_scaffold_generic ----
[2026-03-15 21:11:13] START sample_mol2mol_scaffold_generic_plain: /home/nbhatta1/Desktop/qsar-project-Tzu/.venv/bin/reinvent -l reinvent_integration/logs/mol2mol_scaffold_generic_plain_nitro.log /home/nbhatta1/Desktop/qsar-project-Tzu/reinvent_integration/configs_nitro_campaign/sample_mol2mol_scaffold_generic_plain.toml
[2026-03-15 21:11:46] DONE sample_mol2mol_scaffold_generic_plain
[2026-03-15 21:11:46] START score_mol2mol_scaffold_generic_plain: /home/nbhatta1/Desktop/qsar-project-Tzu/.venv/bin/python reinvent_integration/score_generated_smiles_adme.py --input-csv /home/nbhatta1/Desktop/qsar-project-Tzu/reinvent_integration/results/mol2mol_scaffold_generic_plain/samples.csv --output-dir /home/nbhatta1/Desktop/qsar-project-Tzu/outputs/generated/nitro_bioisostere_campaign/mol2mol_scaffold_generic/plain --label mol2mol_scaffold_generic_plain --qsar-model reinvent_integration/artifacts/qsar_best_model.joblib --exclude-smarts [N+](=O)[O-]
[2026-03-15 21:12:42] score_mol2mol_scaffold_generic_plain | mol2mol_scaffold_generic_plain valid_unique=2003 optimal=18
[2026-03-15 21:12:42] score_mol2mol_scaffold_generic_plain | /home/nbhatta1/Desktop/qsar-project-Tzu/.venv/lib64/python3.11/site-packages/sklearn/utils/validation.py:2749: UserWarning: X does not have valid feature names, but LGBMRegressor was fitted with feature names
[2026-03-15 21:12:42] score_mol2mol_scaffold_generic_plain |   warnings.warn(
[2026-03-15 21:12:42] score_mol2mol_scaffold_generic_plain | GPU available: True (cuda), used: True
[2026-03-15 21:12:42] score_mol2mol_scaffold_generic_plain | TPU available: False, using: 0 TPU cores
[2026-03-15 21:12:42] score_mol2mol_scaffold_generic_plain | 💡 Tip: For seamless cloud logging and experiment tracking, try installing [litlogger](https://pypi.org/project/litlogger/) to enable LitLogger, which logs metrics and artifacts automatically to the Lightning Experiments platform.
[2026-03-15 21:12:42] score_mol2mol_scaffold_generic_plain | You are using a CUDA device ('NVIDIA RTX PRO 5000 Blackwell') that has Tensor Cores. To properly utilize them, you should set `torch.set_float32_matmul_precision('medium' | 'high')` which will trade-off precision for performance. For more details, read https://pytorch.org/docs/stable/generated/torch.set_float32_matmul_precision.html#torch.set_float32_matmul_precision
[2026-03-15 21:12:42] score_mol2mol_scaffold_generic_plain | LOCAL_RANK: 0 - CUDA_VISIBLE_DEVICES: [0]
[2026-03-15 21:12:42] score_mol2mol_scaffold_generic_plain | LOCAL_RANK: 0 - CUDA_VISIBLE_DEVICES: [0]
[2026-03-15 21:12:42] score_mol2mol_scaffold_generic_plain | LOCAL_RANK: 0 - CUDA_VISIBLE_DEVICES: [0]
[2026-03-15 21:12:42] score_mol2mol_scaffold_generic_plain | LOCAL_RANK: 0 - CUDA_VISIBLE_DEVICES: [0]
[2026-03-15 21:12:42] score_mol2mol_scaffold_generic_plain | LOCAL_RANK: 0 - CUDA_VISIBLE_DEVICES: [0]
[2026-03-15 21:12:42] score_mol2mol_scaffold_generic_plain | GPU available: True (cuda), used: True
[2026-03-15 21:12:42] score_mol2mol_scaffold_generic_plain | TPU available: False, using: 0 TPU cores
[2026-03-15 21:12:42] score_mol2mol_scaffold_generic_plain | 💡 Tip: For seamless cloud logging and experiment tracking, try installing [litlogger](https://pypi.org/project/litlogger/) to enable LitLogger, which logs metrics and artifacts automatically to the Lightning Experiments platform.
[2026-03-15 21:12:42] score_mol2mol_scaffold_generic_plain | LOCAL_RANK: 0 - CUDA_VISIBLE_DEVICES: [0]
[2026-03-15 21:12:42] score_mol2mol_scaffold_generic_plain | LOCAL_RANK: 0 - CUDA_VISIBLE_DEVICES: [0]
[2026-03-15 21:12:42] score_mol2mol_scaffold_generic_plain | LOCAL_RANK: 0 - CUDA_VISIBLE_DEVICES: [0]
[2026-03-15 21:12:42] score_mol2mol_scaffold_generic_plain | LOCAL_RANK: 0 - CUDA_VISIBLE_DEVICES: [0]
[2026-03-15 21:12:42] score_mol2mol_scaffold_generic_plain | LOCAL_RANK: 0 - CUDA_VISIBLE_DEVICES: [0]
[2026-03-15 21:12:42] DONE score_mol2mol_scaffold_generic_plain
[2026-03-15 21:12:42] START train_mol2mol_scaffold_generic_rl: /home/nbhatta1/Desktop/qsar-project-Tzu/.venv/bin/reinvent -l reinvent_integration/logs/mol2mol_scaffold_generic_rl_train_nitro.log /home/nbhatta1/Desktop/qsar-project-Tzu/reinvent_integration/configs_nitro_campaign/rl_mol2mol_scaffold_generic.toml
[2026-03-15 21:22:29] DONE train_mol2mol_scaffold_generic_rl
[2026-03-15 21:22:29] START sample_mol2mol_scaffold_generic_rl: /home/nbhatta1/Desktop/qsar-project-Tzu/.venv/bin/reinvent -l reinvent_integration/logs/mol2mol_scaffold_generic_rl_sample_nitro.log /home/nbhatta1/Desktop/qsar-project-Tzu/reinvent_integration/configs_nitro_campaign/sample_mol2mol_scaffold_generic_rl.toml
[2026-03-15 21:22:56] DONE sample_mol2mol_scaffold_generic_rl
[2026-03-15 21:22:56] START score_mol2mol_scaffold_generic_rl: /home/nbhatta1/Desktop/qsar-project-Tzu/.venv/bin/python reinvent_integration/score_generated_smiles_adme.py --input-csv /home/nbhatta1/Desktop/qsar-project-Tzu/reinvent_integration/results/mol2mol_scaffold_generic_rl/samples.csv --output-dir /home/nbhatta1/Desktop/qsar-project-Tzu/outputs/generated/nitro_bioisostere_campaign/mol2mol_scaffold_generic/reinforcement_learning --label mol2mol_scaffold_generic_rl --qsar-model reinvent_integration/artifacts/qsar_best_model.joblib --exclude-smarts [N+](=O)[O-]
[2026-03-15 21:25:25] score_mol2mol_scaffold_generic_rl | mol2mol_scaffold_generic_rl valid_unique=5857 optimal=20
[2026-03-15 21:25:25] score_mol2mol_scaffold_generic_rl | /home/nbhatta1/Desktop/qsar-project-Tzu/.venv/lib64/python3.11/site-packages/sklearn/utils/validation.py:2749: UserWarning: X does not have valid feature names, but LGBMRegressor was fitted with feature names
[2026-03-15 21:25:25] score_mol2mol_scaffold_generic_rl |   warnings.warn(
[2026-03-15 21:25:25] score_mol2mol_scaffold_generic_rl | GPU available: True (cuda), used: True
[2026-03-15 21:25:25] score_mol2mol_scaffold_generic_rl | TPU available: False, using: 0 TPU cores
[2026-03-15 21:25:25] score_mol2mol_scaffold_generic_rl | 💡 Tip: For seamless cloud logging and experiment tracking, try installing [litlogger](https://pypi.org/project/litlogger/) to enable LitLogger, which logs metrics and artifacts automatically to the Lightning Experiments platform.
[2026-03-15 21:25:25] score_mol2mol_scaffold_generic_rl | You are using a CUDA device ('NVIDIA RTX PRO 5000 Blackwell') that has Tensor Cores. To properly utilize them, you should set `torch.set_float32_matmul_precision('medium' | 'high')` which will trade-off precision for performance. For more details, read https://pytorch.org/docs/stable/generated/torch.set_float32_matmul_precision.html#torch.set_float32_matmul_precision
[2026-03-15 21:25:25] score_mol2mol_scaffold_generic_rl | LOCAL_RANK: 0 - CUDA_VISIBLE_DEVICES: [0]
[2026-03-15 21:25:25] score_mol2mol_scaffold_generic_rl | LOCAL_RANK: 0 - CUDA_VISIBLE_DEVICES: [0]
[2026-03-15 21:25:25] score_mol2mol_scaffold_generic_rl | LOCAL_RANK: 0 - CUDA_VISIBLE_DEVICES: [0]
[2026-03-15 21:25:25] score_mol2mol_scaffold_generic_rl | LOCAL_RANK: 0 - CUDA_VISIBLE_DEVICES: [0]
[2026-03-15 21:25:25] score_mol2mol_scaffold_generic_rl | LOCAL_RANK: 0 - CUDA_VISIBLE_DEVICES: [0]
[2026-03-15 21:25:25] score_mol2mol_scaffold_generic_rl | GPU available: True (cuda), used: True
[2026-03-15 21:25:25] score_mol2mol_scaffold_generic_rl | TPU available: False, using: 0 TPU cores
[2026-03-15 21:25:25] score_mol2mol_scaffold_generic_rl | 💡 Tip: For seamless cloud logging and experiment tracking, try installing [litlogger](https://pypi.org/project/litlogger/) to enable LitLogger, which logs metrics and artifacts automatically to the Lightning Experiments platform.
[2026-03-15 21:25:25] score_mol2mol_scaffold_generic_rl | LOCAL_RANK: 0 - CUDA_VISIBLE_DEVICES: [0]
[2026-03-15 21:25:25] score_mol2mol_scaffold_generic_rl | LOCAL_RANK: 0 - CUDA_VISIBLE_DEVICES: [0]
[2026-03-15 21:25:25] score_mol2mol_scaffold_generic_rl | LOCAL_RANK: 0 - CUDA_VISIBLE_DEVICES: [0]
[2026-03-15 21:25:25] score_mol2mol_scaffold_generic_rl | LOCAL_RANK: 0 - CUDA_VISIBLE_DEVICES: [0]
[2026-03-15 21:25:25] score_mol2mol_scaffold_generic_rl | LOCAL_RANK: 0 - CUDA_VISIBLE_DEVICES: [0]
[2026-03-15 21:25:25] DONE score_mol2mol_scaffold_generic_rl
[2026-03-15 21:25:25] START train_mol2mol_scaffold_generic_cl: /home/nbhatta1/Desktop/qsar-project-Tzu/.venv/bin/reinvent -l reinvent_integration/logs/mol2mol_scaffold_generic_cl_train_nitro.log /home/nbhatta1/Desktop/qsar-project-Tzu/reinvent_integration/configs_nitro_campaign/cl_mol2mol_scaffold_generic.toml
[2026-03-15 21:42:03] DONE train_mol2mol_scaffold_generic_cl
[2026-03-15 21:42:03] START sample_mol2mol_scaffold_generic_cl: /home/nbhatta1/Desktop/qsar-project-Tzu/.venv/bin/reinvent -l reinvent_integration/logs/mol2mol_scaffold_generic_cl_sample_nitro.log /home/nbhatta1/Desktop/qsar-project-Tzu/reinvent_integration/configs_nitro_campaign/sample_mol2mol_scaffold_generic_cl.toml
[2026-03-15 21:42:05] sample_mol2mol_scaffold_generic_cl | Traceback (most recent call last):
[2026-03-15 21:42:05] sample_mol2mol_scaffold_generic_cl |   File "/home/nbhatta1/Desktop/qsar-project-Tzu/.venv/bin/reinvent", line 6, in <module>
[2026-03-15 21:42:05] sample_mol2mol_scaffold_generic_cl |     sys.exit(main_script())
[2026-03-15 21:42:05] sample_mol2mol_scaffold_generic_cl |              ^^^^^^^^^^^^^
[2026-03-15 21:42:05] sample_mol2mol_scaffold_generic_cl |   File "/home/nbhatta1/Desktop/qsar-project-Tzu/.venv/lib64/python3.11/site-packages/reinvent/Reinvent.py", line 196, in main_script
[2026-03-15 21:42:05] sample_mol2mol_scaffold_generic_cl |     main(args)
[2026-03-15 21:42:05] sample_mol2mol_scaffold_generic_cl |   File "/home/nbhatta1/Desktop/qsar-project-Tzu/.venv/lib64/python3.11/site-packages/reinvent/Reinvent.py", line 165, in main
[2026-03-15 21:42:05] sample_mol2mol_scaffold_generic_cl |     runner(
[2026-03-15 21:42:05] sample_mol2mol_scaffold_generic_cl |   File "/home/nbhatta1/Desktop/qsar-project-Tzu/.venv/lib64/python3.11/site-packages/reinvent/runmodes/samplers/run_sampling.py", line 62, in run_sampling
[2026-03-15 21:42:05] sample_mol2mol_scaffold_generic_cl |     adapter, _, model_type = create_adapter(agent_model_filename, "inference", device)
[2026-03-15 21:42:05] sample_mol2mol_scaffold_generic_cl |                              ^^^^^^^^^^^^^^^^^^^^^^^^^^^^^^^^^^^^^^^^^^^^^^^^^^^^^^^^^
[2026-03-15 21:42:05] sample_mol2mol_scaffold_generic_cl |   File "/home/nbhatta1/Desktop/qsar-project-Tzu/.venv/lib64/python3.11/site-packages/reinvent/runmodes/create_adapter.py", line 30, in create_adapter
[2026-03-15 21:42:05] sample_mol2mol_scaffold_generic_cl |     dict_filename = resolve_model_filename(dict_filename)
[2026-03-15 21:42:05] sample_mol2mol_scaffold_generic_cl |                     ^^^^^^^^^^^^^^^^^^^^^^^^^^^^^^^^^^^^^
[2026-03-15 21:42:05] sample_mol2mol_scaffold_generic_cl |   File "/home/nbhatta1/Desktop/qsar-project-Tzu/.venv/lib64/python3.11/site-packages/reinvent/runmodes/create_adapter.py", line 81, in resolve_model_filename
[2026-03-15 21:42:05] sample_mol2mol_scaffold_generic_cl |     raise RuntimeError(msg)
[2026-03-15 21:42:05] sample_mol2mol_scaffold_generic_cl | RuntimeError: model file /home/nbhatta1/Desktop/qsar-project-Tzu/reinvent_integration/results/mol2mol_scaffold_generic_cl_adme/mol2mol_scaffold_generic_cl_stage2.chkpt is not accessible
[2026-03-15 21:42:05] FAIL sample_mol2mol_scaffold_generic_cl (exit=1)
[2026-03-15 21:42:05] SKIP score_mol2mol_scaffold_generic_cl: missing source /home/nbhatta1/Desktop/qsar-project-Tzu/reinvent_integration/results/mol2mol_scaffold_generic_cl/samples.csv
[2026-03-15 21:42:05] === NITRO BIOISOSTERE CAMPAIGN END: total=32 failed=8 ===
