18:50:06 <INFO> Started REINVENT 4.7.15 (C) AstraZeneca 2017, 2023 on 2026-03-13
18:50:06 <INFO> Command line: .venv/bin/reinvent -l reinvent_integration/results/mol2mol_plain/sample.log reinvent_integration/configs/sample_series_ce_mol2mol_plain.toml
18:50:06 <INFO> Reading run configuration from /home/nbhatta1/Desktop/qsar-project-Tzu/reinvent_integration/configs/sample_series_ce_mol2mol_plain.toml using format toml
18:50:06 <INFO> User nbhatta1 on host panacea
18:50:06 <INFO> Python version 3.11.13
18:50:06 <INFO> PyTorch version 2.9.1+cu128, git 5811a8d7da873dd699ff6687092c225caffcf1bb
18:50:06 <INFO> PyTorch compiled with CUDA version 12.8
18:50:06 <INFO> RDKit version 2025.09.6
18:50:06 <INFO> Platform Linux-5.14.0-611.30.1.el9_7.x86_64-x86_64-with-glibc2.34
18:50:06 <INFO> CUDA driver version 590.48.01
18:50:06 <INFO> Number of PyTorch CUDA devices 1
18:50:06 <WARN> 'use_cuda' is deprecated, use 'device' instead
18:50:06 <INFO> Using GPU device:0 NVIDIA RTX PRO 5000 Blackwell
18:50:06 <INFO> GPU memory: 46202 MiB free, 48400 MiB total
18:50:06 <INFO> Starting Sampling
18:50:06 <ERRO> /home/nbhatta1/Desktop/qsar-project-Tzu/reinvent_integration/priors/mol2mol_similarity.prior has invalid hash:
{ 'comments': [],
  'creation_date': 0,
  'date_format': 'UNIX epoch',
  'hash_id': '3c6a77904318ad22c299806d686463f5',
  'hash_id_format': 'xxhash.xxh3_128_hex 3.4.1',
  'model_id': '595a7122492447e0b10b11b6cf47b2ae',
  'model_id_format': 'uuid.uuid4 3.10.12',
  'origina_data_source': 'ChEMBL 28',
  'updates': []}
18:50:06 <INFO> Number of network parameters: 17,462,400
18:50:06 <INFO> Network architecture:
EncoderDecoder(
  (encoder): Encoder(
    (layers): ModuleList(
      (0-5): 6 x EncoderLayer(
        (self_attn): MultiHeadedAttention(
          (linears): ModuleList(
            (0-3): 4 x Linear(in_features=256, out_features=256, bias=True)
          )
          (dropout): Dropout(p=0.1, inplace=False)
        )
        (feed_forward): PositionwiseFeedForward(
          (w_1): Linear(in_features=256, out_features=2048, bias=True)
          (w_2): Linear(in_features=2048, out_features=256, bias=True)
          (dropout): Dropout(p=0.1, inplace=False)
        )
        (sublayer): ModuleList(
          (0-1): 2 x SublayerConnection(
            (norm): LayerNorm()
            (dropout): Dropout(p=0.1, inplace=False)
          )
        )
      )
    )
    (norm): LayerNorm()
  )
  (decoder): Decoder(
    (layers): ModuleList(
      (0-5): 6 x DecoderLayer(
        (self_attn): MultiHeadedAttention(
          (linears): ModuleList(
            (0-3): 4 x Linear(in_features=256, out_features=256, bias=True)
          )
          (dropout): Dropout(p=0.1, inplace=False)
        )
        (src_attn): MultiHeadedAttention(
          (linears): ModuleList(
            (0-3): 4 x Linear(in_features=256, out_features=256, bias=True)
          )
          (dropout): Dropout(p=0.1, inplace=False)
        )
        (feed_forward): PositionwiseFeedForward(
          (w_1): Linear(in_features=256, out_features=2048, bias=True)
          (w_2): Linear(in_features=2048, out_features=256, bias=True)
          (dropout): Dropout(p=0.1, inplace=False)
        )
        (sublayer): ModuleList(
          (0-2): 3 x SublayerConnection(
            (norm): LayerNorm()
            (dropout): Dropout(p=0.1, inplace=False)
          )
        )
      )
    )
    (norm): LayerNorm()
  )
  (src_embed): Sequential(
    (0): Embeddings(
      (lut): Embedding(128, 256)
    )
    (1): PositionalEncoding(
      (dropout): Dropout(p=0.1, inplace=False)
    )
  )
  (tgt_embed): Sequential(
    (0): Embeddings(
      (lut): Embedding(128, 256)
    )
    (1): PositionalEncoding(
      (dropout): Dropout(p=0.1, inplace=False)
    )
  )
  (generator): Generator(
    (proj): Linear(in_features=256, out_features=128, bias=True)
  )
)
18:50:06 <INFO> Using generator Mol2Mol
18:50:06 <INFO> Writing sampled SMILES to CSV file reinvent_integration/results/mol2mol_plain/samples.csv
18:50:06 <INFO> Sampling 1950 SMILES from model reinvent_integration/priors/mol2mol_similarity.prior
18:50:17 <INFO> Sampled SMILES C=C(C)c1cncc(N2CCC3(CCN(C(=O)c4cc(#N)cc(C(F)(F)F)c4)C3)C2)c1 failed to sanitize.
18:50:17 <INFO> Sampled SMILES n1cc(N2CCC3(CCCNC3)C2)cc1C#Cc1ccccc1 failed to sanitize.
18:50:18 <INFO> Sampled SMILES CC(C)(C)(CC1CCN(c2cncc(C#Cc3ccccc3)c2)CC1)C(=O)O failed to sanitize.
18:50:18 <INFO> Peak main memory usage: 1823.617 MiB
18:50:18 <INFO> Finished REINVENT on 2026-03-13
