16:47:31 <INFO> Started REINVENT 4.7.15 (C) AstraZeneca 2017, 2023 on 2026-03-13
16:47:31 <INFO> Command line: .venv/bin/reinvent -l reinvent_integration/results/generated_similarity/sampling.log reinvent_integration/configs/sample_series_ce_similarity.toml
16:47:31 <INFO> Reading run configuration from /home/nbhatta1/Desktop/qsar-project-Tzu/reinvent_integration/configs/sample_series_ce_similarity.toml using format toml
16:47:31 <INFO> User nbhatta1 on host panacea
16:47:31 <INFO> Python version 3.11.13
16:47:31 <INFO> PyTorch version 2.9.1+cu128, git 5811a8d7da873dd699ff6687092c225caffcf1bb
16:47:31 <INFO> PyTorch compiled with CUDA version 12.8
16:47:31 <INFO> RDKit version 2025.09.6
16:47:31 <INFO> Platform Linux-5.14.0-611.30.1.el9_7.x86_64-x86_64-with-glibc2.34
16:47:31 <INFO> CUDA driver version 590.48.01
16:47:31 <INFO> Number of PyTorch CUDA devices 1
16:47:31 <WARN> 'use_cuda' is deprecated, use 'device' instead
16:47:31 <INFO> Using CPU x86_64
16:47:31 <INFO> Starting Sampling
16:47:31 <INFO> /home/nbhatta1/Desktop/qsar-project-Tzu/reinvent_integration/results/reinvent_series_ce_similarity.chkpt has valid hash:
{ 'comments': [ 'Seed prior created for initial generation preview',
                'TL',
                'RL',
                'RL'],
  'creation_date': 1773362251.738379,
  'date_format': 'UNIX epoch',
  'hash_id': '460584b828e659f1aa6747b465f767d2',
  'hash_id_format': 'xxhash.xxh3_128_hex 3.6.0',
  'model_id': UUID('a741a011-321f-4c53-95c6-aeadc7aa23a4'),
  'model_id_format': 'uuid.uuid4 3.11.13',
  'origina_data_source': 'TB Project QSAR Series C/E',
  'updates': [1773364863.6984305, 1773368707.8321142, 1773368707.8521419]}
16:47:31 <INFO> Number of network parameters: 5,796,374
16:47:31 <INFO> Network architecture:
RNN(
  (_embedding): Embedding(22, 256)
  (_rnn): LSTM(256, 512, num_layers=3, batch_first=True)
  (_linear): Linear(in_features=512, out_features=22, bias=True)
)
16:47:31 <INFO> Using generator Reinvent
16:47:31 <INFO> Writing sampled SMILES to CSV file reinvent_integration/results/generated_similarity/samples_similarity.csv
16:47:31 <INFO> Sampling 2000 SMILES from model reinvent_integration/results/reinvent_series_ce_similarity.chkpt
16:47:36 <INFO> Sampled SMILES [nH]n failed to sanitize.
16:47:36 <INFO> Sampled SMILES c failed to sanitize.
16:47:36 <INFO> Sampled SMILES Brn failed to sanitize.
16:47:36 <INFO> Sampled SMILES [nH][O-] failed to sanitize.
16:47:36 <INFO> Sampled SMILES F[nH]n failed to sanitize.
16:47:36 <INFO> Sampled SMILES c=[O-] failed to sanitize.
16:47:36 <INFO> Sampled SMILES cnnc failed to sanitize.
16:47:36 <INFO> Sampled SMILES [nH] failed to sanitize.
16:47:36 <INFO> Sampled SMILES [nH][O-] failed to sanitize.
16:47:36 <INFO> Sampled SMILES [N+][nH] failed to sanitize.
16:47:36 <INFO> Sampled SMILES [N+][nH] failed to sanitize.
16:47:36 <INFO> Sampled SMILES Nc failed to sanitize.
16:47:36 <INFO> Sampled SMILES nNn failed to sanitize.
16:47:36 <INFO> Sampled SMILES n[nH][N+] failed to sanitize.
16:47:36 <INFO> Sampled SMILES NBrc failed to sanitize.
16:47:36 <INFO> Sampled SMILES n failed to sanitize.
16:47:36 <INFO> Sampled SMILES c4nN41CCccnCCC[O-](C1-CCc) failed to sanitize.
16:47:36 <INFO> Sampled SMILES [nH] failed to sanitize.
16:47:36 <INFO> Sampled SMILES [N+][nH]Nc[nH] failed to sanitize.
16:47:36 <INFO> Sampled SMILES n failed to sanitize.
16:47:36 <INFO> Sampled SMILES [nH] failed to sanitize.
16:47:36 <INFO> Sampled SMILES [N+]F[nH] failed to sanitize.
16:47:36 <INFO> Sampled SMILES nc[nH]c failed to sanitize.
16:47:36 <INFO> Sampled SMILES [nH]F failed to sanitize.
16:47:36 <INFO> Sampled SMILES [nH]F-cBr failed to sanitize.
16:47:36 <INFO> Sampled SMILES [N+][nH]-BrO failed to sanitize.
16:47:36 <INFO> Sampled SMILES n failed to sanitize.
16:47:36 <INFO> Sampled SMILES [O-][N+]Br[nH] failed to sanitize.
16:47:36 <INFO> Sampled SMILES n failed to sanitize.
16:47:36 <INFO> Sampled SMILES O[nH]CNN failed to sanitize.
16:47:36 <INFO> Sampled SMILES n failed to sanitize.
16:47:36 <INFO> Sampled SMILES NBrO[nH]c failed to sanitize.
16:47:36 <INFO> Sampled SMILES [N+]FBrO failed to sanitize.
16:47:36 <INFO> Sampled SMILES [nH] failed to sanitize.
16:47:36 <INFO> Sampled SMILES On-C failed to sanitize.
16:47:36 <INFO> Sampled SMILES Brn[N+] failed to sanitize.
16:47:36 <INFO> Sampled SMILES c[nH][O-]F failed to sanitize.
16:47:36 <INFO> Sampled SMILES [nH]O failed to sanitize.
16:47:36 <INFO> Sampled SMILES c failed to sanitize.
16:47:36 <INFO> Sampled SMILES [N+]C[O-]n failed to sanitize.
16:47:36 <INFO> Sampled SMILES [O-]O#Br#Br failed to sanitize.
16:47:36 <INFO> Sampled SMILES OBrn failed to sanitize.
16:47:36 <INFO> Sampled SMILES cNN failed to sanitize.
16:47:36 <INFO> Sampled SMILES [N+]=[nH] failed to sanitize.
16:47:36 <INFO> Sampled SMILES [O-]N[O-]n failed to sanitize.
16:47:36 <INFO> Sampled SMILES [nH]O failed to sanitize.
16:47:36 <INFO> Sampled SMILES Fc failed to sanitize.
16:47:36 <INFO> Sampled SMILES [nH][O-]O failed to sanitize.
16:47:36 <INFO> Sampled SMILES O[nH] failed to sanitize.
16:47:36 <INFO> Sampled SMILES OBrC failed to sanitize.
16:47:36 <INFO> Sampled SMILES c failed to sanitize.
16:47:36 <INFO> Sampled SMILES n[O-] failed to sanitize.
16:47:36 <INFO> Sampled SMILES [N+]3n[N+]=51BrcN-3O1(NCC)NC5C failed to sanitize.
16:47:36 <INFO> Sampled SMILES n[N+]NBr[nH]FOCCcC failed to sanitize.
16:47:36 <INFO> Sampled SMILES nF failed to sanitize.
16:47:36 <INFO> Sampled SMILES O[O-]Br failed to sanitize.
16:47:36 <INFO> Sampled SMILES [O-]NnF[N+]Br failed to sanitize.
16:47:36 <INFO> Sampled SMILES [nH]N[O-] failed to sanitize.
16:47:36 <INFO> Sampled SMILES nc failed to sanitize.
16:47:36 <INFO> Sampled SMILES C[O-]O failed to sanitize.
16:47:36 <INFO> Peak main memory usage: 970.770 MiB
16:47:36 <INFO> Finished REINVENT on 2026-03-13
