Traceback (most recent call last):
  File "/home/nbhatta1/Desktop/qsar-project-Tzu/main.py", line 91, in <module>
    main()
  File "/home/nbhatta1/Desktop/qsar-project-Tzu/main.py", line 45, in main
    umap_result = run_umap(descriptor_matrix)
                  ^^^^^^^^^^^^^^^^^^^^^^^^^^^
  File "/home/nbhatta1/Desktop/qsar-project-Tzu/clustering.py", line 21, in run_umap
    return umap_model.fit_transform(descriptor_matrix)
           ^^^^^^^^^^^^^^^^^^^^^^^^^^^^^^^^^^^^^^^^^^^
  File "/home/nbhatta1/anaconda3/envs/qsar-env/lib/python3.11/site-packages/umap/umap_.py", line 2887, in fit_transform
    self.fit(X, y, force_all_finite)
  File "/home/nbhatta1/anaconda3/envs/qsar-env/lib/python3.11/site-packages/umap/umap_.py", line 2354, in fit
    X = check_array(X, dtype=np.float32, accept_sparse="csr", order="C", force_all_finite=force_all_finite)
        ^^^^^^^^^^^^^^^^^^^^^^^^^^^^^^^^^^^^^^^^^^^^^^^^^^^^^^^^^^^^^^^^^^^^^^^^^^^^^^^^^^^^^^^^^^^^^^^^^^^
TypeError: check_array() got an unexpected keyword argument 'force_all_finite'

ERROR conda.cli.main_run:execute(127): `conda run python main.py` failed. (See above for error)
[1/7] Loading data...
[2/7] Cleaning SMILES and deduplicating...
[3/7] Setting up output directory and univariate analysis...
[4/7] Calculating descriptors...
[5/7] Running UMAP dimensionality reduction...

